<!DOCTYPE html>
<html>
  <head>
    <meta charset="utf-8"/>
    <title id="head-title">Contact_Page.html</title>
      <link href="assets\style.css" rel="stylesheet" type="text/css"/>
  </head>
  <body>
    <h1 id="title">Contact_Page.html</h1>
    <p>Report generated on 10-Feb-2024 at 00:32:49 by <a href="https://pypi.python.org/pypi/pytest-html">pytest-html</a>
        v4.1.1</p>
    <div id="environment-header">
      <h2>Environment</h2>
    </div>
    <table id="environment"></table>
    <!-- TEMPLATES -->
      <template id="template_environment_row">
      <tr>
        <td></td>
        <td></td>
      </tr>
    </template>
    <template id="template_results-table__body--empty">
      <tbody class="results-table-row">
        <tr id="not-found-message">
          <td colspan="4">No results found. Check the filters.</th>
        </tr>
    </template>
    <template id="template_results-table__tbody">
      <tbody class="results-table-row">
        <tr class="collapsible">
        </tr>
        <tr class="extras-row">
          <td class="extra" colspan="4">
            <div class="extraHTML"></div>
            <div class="media">
              <div class="media-container">
                  <div class="media-container__nav--left"><</div>
                  <div class="media-container__viewport">
                    <img src="" />
                    <video controls>
                      <source src="" type="video/mp4">
                    </video>
                  </div>
                  <div class="media-container__nav--right">></div>
                </div>
                <div class="media__name"></div>
                <div class="media__counter"></div>
            </div>
            <div class="logwrapper">
              <div class="logexpander"></div>
              <div class="log"></div>
            </div>
          </td>
        </tr>
      </tbody>
    </template>
    <!-- END TEMPLATES -->
    <div class="summary">
      <div class="summary__data">
        <h2>Summary</h2>
        <div class="additional-summary prefix">
        </div>
        <p class="run-count">39 tests took 00:06:15.</p>
        <p class="filter">(Un)check the boxes to filter the results.</p>
        <div class="summary__reload">
          <div class="summary__reload__button hidden" onclick="location.reload()">
            <div>There are still tests running. <br />Reload this page to get the latest results!</div>
          </div>
        </div>
        <div class="summary__spacer"></div>
        <div class="controls">
          <div class="filters">
            <input checked="true" class="filter" name="filter_checkbox" type="checkbox" data-test-result="failed" />
            <span class="failed">36 Failed,</span>
            <input checked="true" class="filter" name="filter_checkbox" type="checkbox" data-test-result="passed" />
            <span class="passed">3 Passed,</span>
            <input checked="true" class="filter" name="filter_checkbox" type="checkbox" data-test-result="skipped" disabled/>
            <span class="skipped">0 Skipped,</span>
            <input checked="true" class="filter" name="filter_checkbox" type="checkbox" data-test-result="xfailed" disabled/>
            <span class="xfailed">0 Expected failures,</span>
            <input checked="true" class="filter" name="filter_checkbox" type="checkbox" data-test-result="xpassed" disabled/>
            <span class="xpassed">0 Unexpected passes,</span>
            <input checked="true" class="filter" name="filter_checkbox" type="checkbox" data-test-result="error" disabled/>
            <span class="error">0 Errors,</span>
            <input checked="true" class="filter" name="filter_checkbox" type="checkbox" data-test-result="rerun" disabled/>
            <span class="rerun">0 Reruns</span>
          </div>
          <div class="collapse">
            <button id="show_all_details">Show all details</button>&nbsp;/&nbsp;<button id="hide_all_details">Hide all details</button>
          </div>
        </div>
      </div>
      <div class="additional-summary summary">
      </div>
      <div class="additional-summary postfix">
      </div>
    </div>
    <table id="results-table">
      <thead id="results-table-head">
        <tr>
          <th class="sortable" data-column-type="result">Result</th>
          <th class="sortable" data-column-type="testId">Test</th>
          <th class="sortable" data-column-type="duration">Duration</th>
          <th>Links</th>
        </tr>
      </thead>
    </table>
  </body>
  <footer>
    <div id="data-container" data-jsonblob="{&#34;environment&#34;: {&#34;Python&#34;: &#34;3.12.0&#34;, &#34;Platform&#34;: &#34;Windows-11-10.0.22621-SP0&#34;, &#34;Packages&#34;: {&#34;pytest&#34;: &#34;8.0.0&#34;, &#34;pluggy&#34;: &#34;1.4.0&#34;}, &#34;Plugins&#34;: {&#34;html&#34;: &#34;4.1.1&#34;, &#34;metadata&#34;: &#34;3.1.0&#34;}}, &#34;tests&#34;: {&#34;testCases/test_Contact_Page.py::TestCase003ContactPage::test_case_001_validate_contact_with_valid_email_valid_name_valid_message&#34;: [{&#34;extras&#34;: [], &#34;result&#34;: &#34;Passed&#34;, &#34;testId&#34;: &#34;testCases/test_Contact_Page.py::TestCase003ContactPage::test_case_001_validate_contact_with_valid_email_valid_name_valid_message&#34;, &#34;duration&#34;: &#34;00:00:08&#34;, &#34;resultsTableRow&#34;: [&#34;&lt;td class=\&#34;col-result\&#34;&gt;Passed&lt;/td&gt;&#34;, &#34;&lt;td class=\&#34;col-testId\&#34;&gt;testCases/test_Contact_Page.py::TestCase003ContactPage::test_case_001_validate_contact_with_valid_email_valid_name_valid_message&lt;/td&gt;&#34;, &#34;&lt;td class=\&#34;col-duration\&#34;&gt;00:00:08&lt;/td&gt;&#34;, &#34;&lt;td class=\&#34;col-links\&#34;&gt;&lt;/td&gt;&#34;], &#34;log&#34;: &#34;------------------------------ Captured log call -------------------------------\nINFO     root:test_Contact_Page.py:31 -----test_case_001_validate_contact_with_valid_email_valid_name_valid_message-----\nINFO     root:test_Contact_Page.py:32 -----Verifying Contact Page-----\nINFO     root:test_Contact_Page.py:43 -----test case 001 is Passed-----\n\n&#34;}], &#34;testCases/test_Contact_Page.py::TestCase003ContactPage::test_case_002_validate_contact_with_valid_email_valid_name_invalid_message&#34;: [{&#34;extras&#34;: [], &#34;result&#34;: &#34;Failed&#34;, &#34;testId&#34;: &#34;testCases/test_Contact_Page.py::TestCase003ContactPage::test_case_002_validate_contact_with_valid_email_valid_name_invalid_message&#34;, &#34;duration&#34;: &#34;00:00:11&#34;, &#34;resultsTableRow&#34;: [&#34;&lt;td class=\&#34;col-result\&#34;&gt;Failed&lt;/td&gt;&#34;, &#34;&lt;td class=\&#34;col-testId\&#34;&gt;testCases/test_Contact_Page.py::TestCase003ContactPage::test_case_002_validate_contact_with_valid_email_valid_name_invalid_message&lt;/td&gt;&#34;, &#34;&lt;td class=\&#34;col-duration\&#34;&gt;00:00:11&lt;/td&gt;&#34;, &#34;&lt;td class=\&#34;col-links\&#34;&gt;&lt;/td&gt;&#34;], &#34;log&#34;: &#34;self = &amp;lt;testCases.test_Contact_Page.TestCase003ContactPage object at 0x000001E17855E9C0&amp;gt;\nsetup_and_teardown = &amp;lt;selenium.webdriver.chrome.webdriver.WebDriver (session=&amp;quot;3894849b3658153fa6be10f4afe23b9a&amp;quot;)&amp;gt;\n\n    def test_case_002_validate_contact_with_valid_email_valid_name_invalid_message(self, setup_and_teardown):\n        self.logger.info(&amp;quot;-----test_case_002_validate_contact_with_valid_email_valid_name_invalid_message-----&amp;quot;)\n        self.logger.info(&amp;quot;-----Verifying Contact Page-----&amp;quot;)\n        self.driver = setup_and_teardown\n        self.cnt_page = Contact_page(self.driver)\n        self.cnt_page.set_all_the_fields(self.valid_email, self.valid_name, self.invalid_message)\n        WebDriverWait(self.driver, 10).until(EC.alert_is_present())\n        al_msg = self.driver.switch_to.alert\n        alert_text = al_msg.text\n        self.driver.switch_to.alert.accept()\n        print(alert_text)\n        try:\n            if alert_text != &amp;quot;Thanks for the message!!&amp;quot;:\n                self.logger.info(&amp;quot;-----test case 002 is Passed-----&amp;quot;)\n                assert True\n            else:\n                time.sleep(5)\n                self.driver.save_screenshot(&amp;quot;.\\\\ScreenShots\\\\Contact_Page\\\\&amp;quot; + &amp;quot;test_case_002_contact.png&amp;quot;)\n                self.logger.error(&amp;quot;-----test case 002 is Failed-----&amp;quot;)\n&amp;gt;               assert False\nE               assert False\n\ntestCases\\test_Contact_Page.py:73: AssertionError\n\n------------------------------ Captured log call -------------------------------\nINFO     root:test_Contact_Page.py:55 -----test_case_002_validate_contact_with_valid_email_valid_name_invalid_message-----\nINFO     root:test_Contact_Page.py:56 -----Verifying Contact Page-----\nERROR    root:test_Contact_Page.py:72 -----test case 002 is Failed-----\n\n&#34;}], &#34;testCases/test_Contact_Page.py::TestCase003ContactPage::test_case_003_validate_contact_with_valid_email_valid_name_no_message&#34;: [{&#34;extras&#34;: [], &#34;result&#34;: &#34;Failed&#34;, &#34;testId&#34;: &#34;testCases/test_Contact_Page.py::TestCase003ContactPage::test_case_003_validate_contact_with_valid_email_valid_name_no_message&#34;, &#34;duration&#34;: &#34;00:00:11&#34;, &#34;resultsTableRow&#34;: [&#34;&lt;td class=\&#34;col-result\&#34;&gt;Failed&lt;/td&gt;&#34;, &#34;&lt;td class=\&#34;col-testId\&#34;&gt;testCases/test_Contact_Page.py::TestCase003ContactPage::test_case_003_validate_contact_with_valid_email_valid_name_no_message&lt;/td&gt;&#34;, &#34;&lt;td class=\&#34;col-duration\&#34;&gt;00:00:11&lt;/td&gt;&#34;, &#34;&lt;td class=\&#34;col-links\&#34;&gt;&lt;/td&gt;&#34;], &#34;log&#34;: &#34;self = &amp;lt;testCases.test_Contact_Page.TestCase003ContactPage object at 0x000001E17855EBD0&amp;gt;\nsetup_and_teardown = &amp;lt;selenium.webdriver.chrome.webdriver.WebDriver (session=&amp;quot;cdff722a7d939bc411a2735032c39138&amp;quot;)&amp;gt;\n\n    def test_case_003_validate_contact_with_valid_email_valid_name_no_message(self, setup_and_teardown):\n        self.logger.info(&amp;quot;-----test_case_003_validate_contact_with_valid_email_valid_name_no_message-----&amp;quot;)\n        self.logger.info(&amp;quot;-----Verifying Contact Page-----&amp;quot;)\n        self.driver = setup_and_teardown\n        self.cnt_page = Contact_page(self.driver)\n        self.cnt_page.set_all_the_fields(self.valid_email, self.valid_name, self.no_message)\n        WebDriverWait(self.driver, 10).until(EC.alert_is_present())\n        al_msg = self.driver.switch_to.alert\n        alert_text = al_msg.text\n        self.driver.switch_to.alert.accept()\n        print(alert_text)\n        try:\n            if alert_text != &amp;quot;Thanks for the message!!&amp;quot;:\n                self.logger.info(&amp;quot;-----test case 003 is Passed-----&amp;quot;)\n                assert True\n            else:\n                time.sleep(5)\n                self.driver.save_screenshot(&amp;quot;.\\\\ScreenShots\\\\Contact_Page\\\\&amp;quot; + &amp;quot;test_case_003_contact.png&amp;quot;)\n                self.logger.error(&amp;quot;-----test case 003 is Passed-----&amp;quot;)\n&amp;gt;               assert False\nE               assert False\n\ntestCases\\test_Contact_Page.py:97: AssertionError\n\n------------------------------ Captured log call -------------------------------\nINFO     root:test_Contact_Page.py:79 -----test_case_003_validate_contact_with_valid_email_valid_name_no_message-----\nINFO     root:test_Contact_Page.py:80 -----Verifying Contact Page-----\nERROR    root:test_Contact_Page.py:96 -----test case 003 is Passed-----\n\n&#34;}], &#34;testCases/test_Contact_Page.py::TestCase003ContactPage::test_case_004_validate_contact_with_valid_email_invalid_name_valid_message&#34;: [{&#34;extras&#34;: [], &#34;result&#34;: &#34;Failed&#34;, &#34;testId&#34;: &#34;testCases/test_Contact_Page.py::TestCase003ContactPage::test_case_004_validate_contact_with_valid_email_invalid_name_valid_message&#34;, &#34;duration&#34;: &#34;00:00:12&#34;, &#34;resultsTableRow&#34;: [&#34;&lt;td class=\&#34;col-result\&#34;&gt;Failed&lt;/td&gt;&#34;, &#34;&lt;td class=\&#34;col-testId\&#34;&gt;testCases/test_Contact_Page.py::TestCase003ContactPage::test_case_004_validate_contact_with_valid_email_invalid_name_valid_message&lt;/td&gt;&#34;, &#34;&lt;td class=\&#34;col-duration\&#34;&gt;00:00:12&lt;/td&gt;&#34;, &#34;&lt;td class=\&#34;col-links\&#34;&gt;&lt;/td&gt;&#34;], &#34;log&#34;: &#34;self = &amp;lt;testCases.test_Contact_Page.TestCase003ContactPage object at 0x000001E1786C1790&amp;gt;\nsetup_and_teardown = &amp;lt;selenium.webdriver.chrome.webdriver.WebDriver (session=&amp;quot;ed05bf0bd899a58f7351ba185081de0f&amp;quot;)&amp;gt;\n\n    def test_case_004_validate_contact_with_valid_email_invalid_name_valid_message(self, setup_and_teardown):\n        self.logger.info(&amp;quot;-----test_case_004_validate_contact_with_valid_email_invalid_name_valid_message-----&amp;quot;)\n        self.logger.info(&amp;quot;-----Verifying Contact Page-----&amp;quot;)\n        self.driver = setup_and_teardown\n        self.cnt_page = Contact_page(self.driver)\n        self.cnt_page.set_all_the_fields(self.valid_email, self.invalid_name, self.valid_message)\n        WebDriverWait(self.driver, 10).until(EC.alert_is_present())\n        al_msg = self.driver.switch_to.alert\n        alert_text = al_msg.text\n        self.driver.switch_to.alert.accept()\n        print(alert_text)\n        try:\n            if alert_text != &amp;quot;Thanks for the message!!&amp;quot;:\n                self.logger.info(&amp;quot;-----test case 004 is Passed-----&amp;quot;)\n                assert True\n            else:\n                time.sleep(5)\n                self.driver.save_screenshot(&amp;quot;.\\\\ScreenShots\\\\Contact_Page\\\\&amp;quot; + &amp;quot;test_case_004_contact.png&amp;quot;)\n                self.logger.error(&amp;quot;-----test case 004 is Passed-----&amp;quot;)\n&amp;gt;               assert False\nE               assert False\n\ntestCases\\test_Contact_Page.py:121: AssertionError\n\n------------------------------ Captured log call -------------------------------\nINFO     root:test_Contact_Page.py:103 -----test_case_004_validate_contact_with_valid_email_invalid_name_valid_message-----\nINFO     root:test_Contact_Page.py:104 -----Verifying Contact Page-----\nERROR    root:test_Contact_Page.py:120 -----test case 004 is Passed-----\n\n&#34;}], &#34;testCases/test_Contact_Page.py::TestCase003ContactPage::test_case_005_validate_contact_with_valid_email_invalid_name_invalid_message&#34;: [{&#34;extras&#34;: [], &#34;result&#34;: &#34;Failed&#34;, &#34;testId&#34;: &#34;testCases/test_Contact_Page.py::TestCase003ContactPage::test_case_005_validate_contact_with_valid_email_invalid_name_invalid_message&#34;, &#34;duration&#34;: &#34;00:00:11&#34;, &#34;resultsTableRow&#34;: [&#34;&lt;td class=\&#34;col-result\&#34;&gt;Failed&lt;/td&gt;&#34;, &#34;&lt;td class=\&#34;col-testId\&#34;&gt;testCases/test_Contact_Page.py::TestCase003ContactPage::test_case_005_validate_contact_with_valid_email_invalid_name_invalid_message&lt;/td&gt;&#34;, &#34;&lt;td class=\&#34;col-duration\&#34;&gt;00:00:11&lt;/td&gt;&#34;, &#34;&lt;td class=\&#34;col-links\&#34;&gt;&lt;/td&gt;&#34;], &#34;log&#34;: &#34;self = &amp;lt;testCases.test_Contact_Page.TestCase003ContactPage object at 0x000001E1786C17C0&amp;gt;\nsetup_and_teardown = &amp;lt;selenium.webdriver.chrome.webdriver.WebDriver (session=&amp;quot;e6b304a6591d28984b158a644578c2be&amp;quot;)&amp;gt;\n\n    def test_case_005_validate_contact_with_valid_email_invalid_name_invalid_message(self, setup_and_teardown):\n        self.logger.info(&amp;quot;-----test_case_005_validate_contact_with_valid_email_invalid_name_invalid_message-----&amp;quot;)\n        self.logger.info(&amp;quot;-----Verifying Contact Page-----&amp;quot;)\n        self.driver = setup_and_teardown\n        self.cnt_page = Contact_page(self.driver)\n        self.cnt_page.set_all_the_fields(self.valid_email, self.invalid_name, self.invalid_message)\n        WebDriverWait(self.driver, 10).until(EC.alert_is_present())\n        al_msg = self.driver.switch_to.alert\n        alert_text = al_msg.text\n        self.driver.switch_to.alert.accept()\n        print(alert_text)\n        try:\n            if alert_text != &amp;quot;Thanks for the message!!&amp;quot;:\n                self.logger.info(&amp;quot;-----test case 005 is Passed-----&amp;quot;)\n                assert True\n            else:\n                time.sleep(5)\n                self.driver.save_screenshot(&amp;quot;.\\\\ScreenShots\\\\Contact_Page\\\\&amp;quot; + &amp;quot;test_case_005_contact.png&amp;quot;)\n                self.logger.error(&amp;quot;-----test case 005 is Passed-----&amp;quot;)\n&amp;gt;               assert False\nE               assert False\n\ntestCases\\test_Contact_Page.py:145: AssertionError\n\n------------------------------ Captured log call -------------------------------\nINFO     root:test_Contact_Page.py:127 -----test_case_005_validate_contact_with_valid_email_invalid_name_invalid_message-----\nINFO     root:test_Contact_Page.py:128 -----Verifying Contact Page-----\nERROR    root:test_Contact_Page.py:144 -----test case 005 is Passed-----\n\n&#34;}], &#34;testCases/test_Contact_Page.py::TestCase003ContactPage::test_case_006_validate_contact_with_valid_email_invalid_name_no_message&#34;: [{&#34;extras&#34;: [], &#34;result&#34;: &#34;Failed&#34;, &#34;testId&#34;: &#34;testCases/test_Contact_Page.py::TestCase003ContactPage::test_case_006_validate_contact_with_valid_email_invalid_name_no_message&#34;, &#34;duration&#34;: &#34;00:00:11&#34;, &#34;resultsTableRow&#34;: [&#34;&lt;td class=\&#34;col-result\&#34;&gt;Failed&lt;/td&gt;&#34;, &#34;&lt;td class=\&#34;col-testId\&#34;&gt;testCases/test_Contact_Page.py::TestCase003ContactPage::test_case_006_validate_contact_with_valid_email_invalid_name_no_message&lt;/td&gt;&#34;, &#34;&lt;td class=\&#34;col-duration\&#34;&gt;00:00:11&lt;/td&gt;&#34;, &#34;&lt;td class=\&#34;col-links\&#34;&gt;&lt;/td&gt;&#34;], &#34;log&#34;: &#34;self = &amp;lt;testCases.test_Contact_Page.TestCase003ContactPage object at 0x000001E1786C18E0&amp;gt;\nsetup_and_teardown = &amp;lt;selenium.webdriver.chrome.webdriver.WebDriver (session=&amp;quot;a2856e575a5744a418692fe727f01d6d&amp;quot;)&amp;gt;\n\n    def test_case_006_validate_contact_with_valid_email_invalid_name_no_message(self, setup_and_teardown):\n        self.logger.info(&amp;quot;-----test_case_006_validate_contact_with_valid_email_invalid_name_no_message-----&amp;quot;)\n        self.logger.info(&amp;quot;-----Verifying Contact Page-----&amp;quot;)\n        self.driver = setup_and_teardown\n        self.cnt_page = Contact_page(self.driver)\n        self.cnt_page.set_all_the_fields(self.valid_email, self.invalid_name, self.no_message)\n        WebDriverWait(self.driver, 10).until(EC.alert_is_present())\n        al_msg = self.driver.switch_to.alert\n        alert_text = al_msg.text\n        self.driver.switch_to.alert.accept()\n        print(alert_text)\n        try:\n            if alert_text != &amp;quot;Thanks for the message!!&amp;quot;:\n                self.logger.info(&amp;quot;-----test case 006 is Passed-----&amp;quot;)\n                assert True\n            else:\n                time.sleep(5)\n                self.driver.save_screenshot(&amp;quot;.\\\\ScreenShots\\\\Contact_Page\\\\&amp;quot; + &amp;quot;test_case_006_contact.png&amp;quot;)\n                self.logger.error(&amp;quot;-----test case 006 is Passed-----&amp;quot;)\n&amp;gt;               assert False\nE               assert False\n\ntestCases\\test_Contact_Page.py:169: AssertionError\n\n------------------------------ Captured log call -------------------------------\nINFO     root:test_Contact_Page.py:151 -----test_case_006_validate_contact_with_valid_email_invalid_name_no_message-----\nINFO     root:test_Contact_Page.py:152 -----Verifying Contact Page-----\nERROR    root:test_Contact_Page.py:168 -----test case 006 is Passed-----\n\n&#34;}], &#34;testCases/test_Contact_Page.py::TestCase003ContactPage::test_case_007_validate_contact_with_valid_email_no_name_valid_message&#34;: [{&#34;extras&#34;: [], &#34;result&#34;: &#34;Failed&#34;, &#34;testId&#34;: &#34;testCases/test_Contact_Page.py::TestCase003ContactPage::test_case_007_validate_contact_with_valid_email_no_name_valid_message&#34;, &#34;duration&#34;: &#34;00:00:11&#34;, &#34;resultsTableRow&#34;: [&#34;&lt;td class=\&#34;col-result\&#34;&gt;Failed&lt;/td&gt;&#34;, &#34;&lt;td class=\&#34;col-testId\&#34;&gt;testCases/test_Contact_Page.py::TestCase003ContactPage::test_case_007_validate_contact_with_valid_email_no_name_valid_message&lt;/td&gt;&#34;, &#34;&lt;td class=\&#34;col-duration\&#34;&gt;00:00:11&lt;/td&gt;&#34;, &#34;&lt;td class=\&#34;col-links\&#34;&gt;&lt;/td&gt;&#34;], &#34;log&#34;: &#34;self = &amp;lt;testCases.test_Contact_Page.TestCase003ContactPage object at 0x000001E17855EB40&amp;gt;\nsetup_and_teardown = &amp;lt;selenium.webdriver.chrome.webdriver.WebDriver (session=&amp;quot;fcee348e36e5679edf01d9b7238d7986&amp;quot;)&amp;gt;\n\n    def test_case_007_validate_contact_with_valid_email_no_name_valid_message(self, setup_and_teardown):\n        self.logger.info(&amp;quot;-----test_case_007_validate_contact_with_valid_email_no_name_valid_message-----&amp;quot;)\n        self.logger.info(&amp;quot;-----Verifying Contact Page-----&amp;quot;)\n        self.driver = setup_and_teardown\n        self.cnt_page = Contact_page(self.driver)\n        self.cnt_page.set_all_the_fields(self.valid_email, self.no_name, self.valid_message)\n        WebDriverWait(self.driver, 10).until(EC.alert_is_present())\n        al_msg = self.driver.switch_to.alert\n        alert_text = al_msg.text\n        self.driver.switch_to.alert.accept()\n        print(alert_text)\n        try:\n            if alert_text != &amp;quot;Thanks for the message!!&amp;quot;:\n                self.logger.info(&amp;quot;-----test case 007 is Passed-----&amp;quot;)\n                assert True\n            else:\n                time.sleep(5)\n                self.driver.save_screenshot(&amp;quot;.\\\\ScreenShots\\\\Contact_Page\\\\&amp;quot; + &amp;quot;test_case_007_contact.png&amp;quot;)\n                self.logger.error(&amp;quot;-----test case 007 is Passed-----&amp;quot;)\n&amp;gt;               assert False\nE               assert False\n\ntestCases\\test_Contact_Page.py:193: AssertionError\n\n------------------------------ Captured log call -------------------------------\nINFO     root:test_Contact_Page.py:175 -----test_case_007_validate_contact_with_valid_email_no_name_valid_message-----\nINFO     root:test_Contact_Page.py:176 -----Verifying Contact Page-----\nERROR    root:test_Contact_Page.py:192 -----test case 007 is Passed-----\n\n&#34;}], &#34;testCases/test_Contact_Page.py::TestCase003ContactPage::test_case_008_validate_contact_with_valid_email_no_name_invalid_message&#34;: [{&#34;extras&#34;: [], &#34;result&#34;: &#34;Failed&#34;, &#34;testId&#34;: &#34;testCases/test_Contact_Page.py::TestCase003ContactPage::test_case_008_validate_contact_with_valid_email_no_name_invalid_message&#34;, &#34;duration&#34;: &#34;00:00:11&#34;, &#34;resultsTableRow&#34;: [&#34;&lt;td class=\&#34;col-result\&#34;&gt;Failed&lt;/td&gt;&#34;, &#34;&lt;td class=\&#34;col-testId\&#34;&gt;testCases/test_Contact_Page.py::TestCase003ContactPage::test_case_008_validate_contact_with_valid_email_no_name_invalid_message&lt;/td&gt;&#34;, &#34;&lt;td class=\&#34;col-duration\&#34;&gt;00:00:11&lt;/td&gt;&#34;, &#34;&lt;td class=\&#34;col-links\&#34;&gt;&lt;/td&gt;&#34;], &#34;log&#34;: &#34;self = &amp;lt;testCases.test_Contact_Page.TestCase003ContactPage object at 0x000001E1786C1670&amp;gt;\nsetup_and_teardown = &amp;lt;selenium.webdriver.chrome.webdriver.WebDriver (session=&amp;quot;4b285f29d6db4813b0a2f5b9a16d5e8e&amp;quot;)&amp;gt;\n\n    def test_case_008_validate_contact_with_valid_email_no_name_invalid_message(self, setup_and_teardown):\n        self.logger.info(&amp;quot;-----test_case_008_validate_contact_with_valid_email_no_name_invalid_message-----&amp;quot;)\n        self.logger.info(&amp;quot;-----Verifying Contact Page-----&amp;quot;)\n        self.driver = setup_and_teardown\n        self.cnt_page = Contact_page(self.driver)\n        self.cnt_page.set_all_the_fields(self.valid_email, self.no_name, self.invalid_message)\n        WebDriverWait(self.driver, 10).until(EC.alert_is_present())\n        al_msg = self.driver.switch_to.alert\n        alert_text = al_msg.text\n        self.driver.switch_to.alert.accept()\n        print(alert_text)\n        try:\n            if alert_text != &amp;quot;Thanks for the message!!&amp;quot;:\n                self.logger.info(&amp;quot;-----test case 008 is Passed-----&amp;quot;)\n                assert True\n            else:\n                time.sleep(5)\n                self.driver.save_screenshot(&amp;quot;.\\\\ScreenShots\\\\Contact_Page\\\\&amp;quot; + &amp;quot;test_case_008_contact.png&amp;quot;)\n                self.logger.error(&amp;quot;-----test case 008 is Passed-----&amp;quot;)\n&amp;gt;               assert False\nE               assert False\n\ntestCases\\test_Contact_Page.py:217: AssertionError\n\n------------------------------ Captured log call -------------------------------\nINFO     root:test_Contact_Page.py:199 -----test_case_008_validate_contact_with_valid_email_no_name_invalid_message-----\nINFO     root:test_Contact_Page.py:200 -----Verifying Contact Page-----\nERROR    root:test_Contact_Page.py:216 -----test case 008 is Passed-----\n\n&#34;}], &#34;testCases/test_Contact_Page.py::TestCase003ContactPage::test_case_009_validate_contact_with_valid_email_no_name_no_message&#34;: [{&#34;extras&#34;: [], &#34;result&#34;: &#34;Failed&#34;, &#34;testId&#34;: &#34;testCases/test_Contact_Page.py::TestCase003ContactPage::test_case_009_validate_contact_with_valid_email_no_name_no_message&#34;, &#34;duration&#34;: &#34;00:00:11&#34;, &#34;resultsTableRow&#34;: [&#34;&lt;td class=\&#34;col-result\&#34;&gt;Failed&lt;/td&gt;&#34;, &#34;&lt;td class=\&#34;col-testId\&#34;&gt;testCases/test_Contact_Page.py::TestCase003ContactPage::test_case_009_validate_contact_with_valid_email_no_name_no_message&lt;/td&gt;&#34;, &#34;&lt;td class=\&#34;col-duration\&#34;&gt;00:00:11&lt;/td&gt;&#34;, &#34;&lt;td class=\&#34;col-links\&#34;&gt;&lt;/td&gt;&#34;], &#34;log&#34;: &#34;self = &amp;lt;testCases.test_Contact_Page.TestCase003ContactPage object at 0x000001E1786C1BB0&amp;gt;\nsetup_and_teardown = &amp;lt;selenium.webdriver.chrome.webdriver.WebDriver (session=&amp;quot;27f2b2e3266e5f124c8cbdeb30dc6b8f&amp;quot;)&amp;gt;\n\n    def test_case_009_validate_contact_with_valid_email_no_name_no_message(self, setup_and_teardown):\n        self.logger.info(&amp;quot;-----test_case_009_validate_contact_with_valid_email_no_name_no_message-----&amp;quot;)\n        self.logger.info(&amp;quot;-----Verifying Contact Page-----&amp;quot;)\n        self.driver = setup_and_teardown\n        self.cnt_page = Contact_page(self.driver)\n        self.cnt_page.set_all_the_fields(self.valid_email, self.no_name, self.no_message)\n        WebDriverWait(self.driver, 10).until(EC.alert_is_present())\n        al_msg = self.driver.switch_to.alert\n        alert_text = al_msg.text\n        self.driver.switch_to.alert.accept()\n        print(alert_text)\n        try:\n            if alert_text != &amp;quot;Thanks for the message!!&amp;quot;:\n                self.logger.info(&amp;quot;-----test case 009 is Passed-----&amp;quot;)\n                assert True\n            else:\n                time.sleep(5)\n                self.driver.save_screenshot(&amp;quot;.\\\\ScreenShots\\\\Contact_Page\\\\&amp;quot; + &amp;quot;test_case_009_contact.png&amp;quot;)\n                self.logger.error(&amp;quot;-----test case 009 is Passed-----&amp;quot;)\n&amp;gt;               assert False\nE               assert False\n\ntestCases\\test_Contact_Page.py:241: AssertionError\n\n------------------------------ Captured log call -------------------------------\nINFO     root:test_Contact_Page.py:223 -----test_case_009_validate_contact_with_valid_email_no_name_no_message-----\nINFO     root:test_Contact_Page.py:224 -----Verifying Contact Page-----\nERROR    root:test_Contact_Page.py:240 -----test case 009 is Passed-----\n\n&#34;}], &#34;testCases/test_Contact_Page.py::TestCase003ContactPage::test_case_010_validate_contact_with_invalid_email_valid_name_valid_message&#34;: [{&#34;extras&#34;: [], &#34;result&#34;: &#34;Failed&#34;, &#34;testId&#34;: &#34;testCases/test_Contact_Page.py::TestCase003ContactPage::test_case_010_validate_contact_with_invalid_email_valid_name_valid_message&#34;, &#34;duration&#34;: &#34;00:00:11&#34;, &#34;resultsTableRow&#34;: [&#34;&lt;td class=\&#34;col-result\&#34;&gt;Failed&lt;/td&gt;&#34;, &#34;&lt;td class=\&#34;col-testId\&#34;&gt;testCases/test_Contact_Page.py::TestCase003ContactPage::test_case_010_validate_contact_with_invalid_email_valid_name_valid_message&lt;/td&gt;&#34;, &#34;&lt;td class=\&#34;col-duration\&#34;&gt;00:00:11&lt;/td&gt;&#34;, &#34;&lt;td class=\&#34;col-links\&#34;&gt;&lt;/td&gt;&#34;], &#34;log&#34;: &#34;self = &amp;lt;testCases.test_Contact_Page.TestCase003ContactPage object at 0x000001E1786C1D30&amp;gt;\nsetup_and_teardown = &amp;lt;selenium.webdriver.chrome.webdriver.WebDriver (session=&amp;quot;280f92c877f375a300373c5ab919e917&amp;quot;)&amp;gt;\n\n    def test_case_010_validate_contact_with_invalid_email_valid_name_valid_message(self, setup_and_teardown):\n        self.logger.info(&amp;quot;-----test_case_010_validate_contact_with_invalid_email_valid_name_valid_message-----&amp;quot;)\n        self.logger.info(&amp;quot;-----Verifying Contact Page-----&amp;quot;)\n        self.driver = setup_and_teardown\n        self.cnt_page = Contact_page(self.driver)\n        self.cnt_page.set_all_the_fields(self.invalid_email, self.valid_name, self.valid_message)\n        WebDriverWait(self.driver, 10).until(EC.alert_is_present())\n        al_msg = self.driver.switch_to.alert\n        alert_text = al_msg.text\n        self.driver.switch_to.alert.accept()\n        print(alert_text)\n        try:\n            if alert_text != &amp;quot;Thanks for the message!!&amp;quot;:\n                self.logger.info(&amp;quot;-----test case 010 is Passed-----&amp;quot;)\n                assert True\n            else:\n                time.sleep(5)\n                self.driver.save_screenshot(&amp;quot;.\\\\ScreenShots\\\\Contact_Page\\\\&amp;quot; + &amp;quot;test_case_010_contact.png&amp;quot;)\n                self.logger.error(&amp;quot;-----test case 010 is Passed-----&amp;quot;)\n&amp;gt;               assert False\nE               assert False\n\ntestCases\\test_Contact_Page.py:265: AssertionError\n\n------------------------------ Captured log call -------------------------------\nINFO     root:test_Contact_Page.py:247 -----test_case_010_validate_contact_with_invalid_email_valid_name_valid_message-----\nINFO     root:test_Contact_Page.py:248 -----Verifying Contact Page-----\nERROR    root:test_Contact_Page.py:264 -----test case 010 is Passed-----\n\n&#34;}], &#34;testCases/test_Contact_Page.py::TestCase003ContactPage::test_case_011_validate_contact_with_invalid_email_valid_name_invalid_message&#34;: [{&#34;extras&#34;: [], &#34;result&#34;: &#34;Failed&#34;, &#34;testId&#34;: &#34;testCases/test_Contact_Page.py::TestCase003ContactPage::test_case_011_validate_contact_with_invalid_email_valid_name_invalid_message&#34;, &#34;duration&#34;: &#34;00:00:11&#34;, &#34;resultsTableRow&#34;: [&#34;&lt;td class=\&#34;col-result\&#34;&gt;Failed&lt;/td&gt;&#34;, &#34;&lt;td class=\&#34;col-testId\&#34;&gt;testCases/test_Contact_Page.py::TestCase003ContactPage::test_case_011_validate_contact_with_invalid_email_valid_name_invalid_message&lt;/td&gt;&#34;, &#34;&lt;td class=\&#34;col-duration\&#34;&gt;00:00:11&lt;/td&gt;&#34;, &#34;&lt;td class=\&#34;col-links\&#34;&gt;&lt;/td&gt;&#34;], &#34;log&#34;: &#34;self = &amp;lt;testCases.test_Contact_Page.TestCase003ContactPage object at 0x000001E1786C1EB0&amp;gt;\nsetup_and_teardown = &amp;lt;selenium.webdriver.chrome.webdriver.WebDriver (session=&amp;quot;b8109014fe94fd4b29e874ec1494a5fa&amp;quot;)&amp;gt;\n\n    def test_case_011_validate_contact_with_invalid_email_valid_name_invalid_message(self, setup_and_teardown):\n        self.logger.info(&amp;quot;-----test_case_011_validate_contact_with_invalid_email_valid_name_invalid_message-----&amp;quot;)\n        self.logger.info(&amp;quot;-----Verifying Contact Page-----&amp;quot;)\n        self.driver = setup_and_teardown\n        self.cnt_page = Contact_page(self.driver)\n        self.cnt_page.set_all_the_fields(self.invalid_email, self.valid_name, self.invalid_message)\n        WebDriverWait(self.driver, 10).until(EC.alert_is_present())\n        al_msg = self.driver.switch_to.alert\n        alert_text = al_msg.text\n        self.driver.switch_to.alert.accept()\n        print(alert_text)\n        try:\n            if alert_text != &amp;quot;Thanks for the message!!&amp;quot;:\n                self.logger.info(&amp;quot;-----test case 011 is Passed-----&amp;quot;)\n                assert True\n            else:\n                time.sleep(5)\n                self.driver.save_screenshot(&amp;quot;.\\\\ScreenShots\\\\Contact_Page\\\\&amp;quot; + &amp;quot;test_case_011_contact.png&amp;quot;)\n                self.logger.error(&amp;quot;-----test case 011 is Passed-----&amp;quot;)\n&amp;gt;               assert False\nE               assert False\n\ntestCases\\test_Contact_Page.py:289: AssertionError\n\n------------------------------ Captured log call -------------------------------\nINFO     root:test_Contact_Page.py:271 -----test_case_011_validate_contact_with_invalid_email_valid_name_invalid_message-----\nINFO     root:test_Contact_Page.py:272 -----Verifying Contact Page-----\nERROR    root:test_Contact_Page.py:288 -----test case 011 is Passed-----\n\n&#34;}], &#34;testCases/test_Contact_Page.py::TestCase003ContactPage::test_case_012_validate_contact_with_invalid_email_valid_name_no_message&#34;: [{&#34;extras&#34;: [], &#34;result&#34;: &#34;Failed&#34;, &#34;testId&#34;: &#34;testCases/test_Contact_Page.py::TestCase003ContactPage::test_case_012_validate_contact_with_invalid_email_valid_name_no_message&#34;, &#34;duration&#34;: &#34;00:00:11&#34;, &#34;resultsTableRow&#34;: [&#34;&lt;td class=\&#34;col-result\&#34;&gt;Failed&lt;/td&gt;&#34;, &#34;&lt;td class=\&#34;col-testId\&#34;&gt;testCases/test_Contact_Page.py::TestCase003ContactPage::test_case_012_validate_contact_with_invalid_email_valid_name_no_message&lt;/td&gt;&#34;, &#34;&lt;td class=\&#34;col-duration\&#34;&gt;00:00:11&lt;/td&gt;&#34;, &#34;&lt;td class=\&#34;col-links\&#34;&gt;&lt;/td&gt;&#34;], &#34;log&#34;: &#34;self = &amp;lt;testCases.test_Contact_Page.TestCase003ContactPage object at 0x000001E1786C2090&amp;gt;\nsetup_and_teardown = &amp;lt;selenium.webdriver.chrome.webdriver.WebDriver (session=&amp;quot;b57796fd8d96e0c481574100de2170a7&amp;quot;)&amp;gt;\n\n    def test_case_012_validate_contact_with_invalid_email_valid_name_no_message(self, setup_and_teardown):\n        self.logger.info(&amp;quot;-----test_case_012_validate_contact_with_invalid_email_valid_name_no_message-----&amp;quot;)\n        self.logger.info(&amp;quot;-----Verifying Contact Page-----&amp;quot;)\n        self.driver = setup_and_teardown\n        self.cnt_page = Contact_page(self.driver)\n        self.cnt_page.set_all_the_fields(self.invalid_email, self.valid_name, self.no_message)\n        WebDriverWait(self.driver, 10).until(EC.alert_is_present())\n        al_msg = self.driver.switch_to.alert\n        alert_text = al_msg.text\n        self.driver.switch_to.alert.accept()\n        print(alert_text)\n        try:\n            if alert_text != &amp;quot;Thanks for the message!!&amp;quot;:\n                self.logger.info(&amp;quot;-----test case 012 is Passed-----&amp;quot;)\n                assert True\n            else:\n                time.sleep(5)\n                self.driver.save_screenshot(&amp;quot;.\\\\ScreenShots\\\\Contact_Page\\\\&amp;quot; + &amp;quot;test_case_012_contact.png&amp;quot;)\n                self.logger.error(&amp;quot;-----test case 012 is Passed-----&amp;quot;)\n&amp;gt;               assert False\nE               assert False\n\ntestCases\\test_Contact_Page.py:313: AssertionError\n\n------------------------------ Captured log call -------------------------------\nINFO     root:test_Contact_Page.py:295 -----test_case_012_validate_contact_with_invalid_email_valid_name_no_message-----\nINFO     root:test_Contact_Page.py:296 -----Verifying Contact Page-----\nERROR    root:test_Contact_Page.py:312 -----test case 012 is Passed-----\n\n&#34;}], &#34;testCases/test_Contact_Page.py::TestCase003ContactPage::test_case_013_validate_contact_with_invalid_email_invalid_name_valid_message&#34;: [{&#34;extras&#34;: [], &#34;result&#34;: &#34;Failed&#34;, &#34;testId&#34;: &#34;testCases/test_Contact_Page.py::TestCase003ContactPage::test_case_013_validate_contact_with_invalid_email_invalid_name_valid_message&#34;, &#34;duration&#34;: &#34;00:00:13&#34;, &#34;resultsTableRow&#34;: [&#34;&lt;td class=\&#34;col-result\&#34;&gt;Failed&lt;/td&gt;&#34;, &#34;&lt;td class=\&#34;col-testId\&#34;&gt;testCases/test_Contact_Page.py::TestCase003ContactPage::test_case_013_validate_contact_with_invalid_email_invalid_name_valid_message&lt;/td&gt;&#34;, &#34;&lt;td class=\&#34;col-duration\&#34;&gt;00:00:13&lt;/td&gt;&#34;, &#34;&lt;td class=\&#34;col-links\&#34;&gt;&lt;/td&gt;&#34;], &#34;log&#34;: &#34;self = &amp;lt;testCases.test_Contact_Page.TestCase003ContactPage object at 0x000001E1786C2210&amp;gt;\nsetup_and_teardown = &amp;lt;selenium.webdriver.chrome.webdriver.WebDriver (session=&amp;quot;67758bb5798367e0563a4cd461a9d4a2&amp;quot;)&amp;gt;\n\n    def test_case_013_validate_contact_with_invalid_email_invalid_name_valid_message(self, setup_and_teardown):\n        self.logger.info(&amp;quot;-----test_case_013_validate_contact_with_invalid_email_invalid_name_valid_message-----&amp;quot;)\n        self.logger.info(&amp;quot;-----Verifying Contact Page-----&amp;quot;)\n        self.driver = setup_and_teardown\n        self.cnt_page = Contact_page(self.driver)\n        self.cnt_page.set_all_the_fields(self.invalid_email, self.invalid_name, self.valid_message)\n        WebDriverWait(self.driver, 10).until(EC.alert_is_present())\n        al_msg = self.driver.switch_to.alert\n        alert_text = al_msg.text\n        self.driver.switch_to.alert.accept()\n        print(alert_text)\n        try:\n            if alert_text != &amp;quot;Thanks for the message!!&amp;quot;:\n                self.logger.info(&amp;quot;-----test case 013 is Passed-----&amp;quot;)\n                assert True\n            else:\n                time.sleep(5)\n                self.driver.save_screenshot(&amp;quot;.\\\\ScreenShots\\\\Contact_Page\\\\&amp;quot; + &amp;quot;test_case_013_contact.png&amp;quot;)\n                self.logger.error(&amp;quot;-----test case 013 is Passed-----&amp;quot;)\n&amp;gt;               assert False\nE               assert False\n\ntestCases\\test_Contact_Page.py:337: AssertionError\n\n------------------------------ Captured log call -------------------------------\nINFO     root:test_Contact_Page.py:319 -----test_case_013_validate_contact_with_invalid_email_invalid_name_valid_message-----\nINFO     root:test_Contact_Page.py:320 -----Verifying Contact Page-----\nERROR    root:test_Contact_Page.py:336 -----test case 013 is Passed-----\n\n&#34;}], &#34;testCases/test_Contact_Page.py::TestCase003ContactPage::test_case_014_validate_contact_with_invalid_email_invalid_name_invalid_message&#34;: [{&#34;extras&#34;: [], &#34;result&#34;: &#34;Failed&#34;, &#34;testId&#34;: &#34;testCases/test_Contact_Page.py::TestCase003ContactPage::test_case_014_validate_contact_with_invalid_email_invalid_name_invalid_message&#34;, &#34;duration&#34;: &#34;00:00:11&#34;, &#34;resultsTableRow&#34;: [&#34;&lt;td class=\&#34;col-result\&#34;&gt;Failed&lt;/td&gt;&#34;, &#34;&lt;td class=\&#34;col-testId\&#34;&gt;testCases/test_Contact_Page.py::TestCase003ContactPage::test_case_014_validate_contact_with_invalid_email_invalid_name_invalid_message&lt;/td&gt;&#34;, &#34;&lt;td class=\&#34;col-duration\&#34;&gt;00:00:11&lt;/td&gt;&#34;, &#34;&lt;td class=\&#34;col-links\&#34;&gt;&lt;/td&gt;&#34;], &#34;log&#34;: &#34;self = &amp;lt;testCases.test_Contact_Page.TestCase003ContactPage object at 0x000001E1786C2390&amp;gt;\nsetup_and_teardown = &amp;lt;selenium.webdriver.chrome.webdriver.WebDriver (session=&amp;quot;a8c993cb86776d9d28644940777d7e0d&amp;quot;)&amp;gt;\n\n    def test_case_014_validate_contact_with_invalid_email_invalid_name_invalid_message(self, setup_and_teardown):\n        self.logger.info(&amp;quot;-----test_case_014_validate_contact_with_invalid_email_invalid_name_invalid_message-----&amp;quot;)\n        self.logger.info(&amp;quot;-----Verifying Contact Page-----&amp;quot;)\n        self.driver = setup_and_teardown\n        self.cnt_page = Contact_page(self.driver)\n        self.cnt_page.set_all_the_fields(self.invalid_email, self.invalid_name, self.invalid_message)\n        WebDriverWait(self.driver, 10).until(EC.alert_is_present())\n        al_msg = self.driver.switch_to.alert\n        alert_text = al_msg.text\n        self.driver.switch_to.alert.accept()\n        print(alert_text)\n        try:\n            if alert_text != &amp;quot;Thanks for the message!!&amp;quot;:\n                self.logger.info(&amp;quot;-----test case 013 is Passed-----&amp;quot;)\n                assert True\n            else:\n                time.sleep(5)\n                self.driver.save_screenshot(&amp;quot;.\\\\ScreenShots\\\\Contact_Page\\\\&amp;quot; + &amp;quot;test_case_013_contact.png&amp;quot;)\n                self.logger.error(&amp;quot;-----test case 013 is Passed-----&amp;quot;)\n&amp;gt;               assert False\nE               assert False\n\ntestCases\\test_Contact_Page.py:361: AssertionError\n\n------------------------------ Captured log call -------------------------------\nINFO     root:test_Contact_Page.py:343 -----test_case_014_validate_contact_with_invalid_email_invalid_name_invalid_message-----\nINFO     root:test_Contact_Page.py:344 -----Verifying Contact Page-----\nERROR    root:test_Contact_Page.py:360 -----test case 013 is Passed-----\n\n&#34;}], &#34;testCases/test_Contact_Page.py::TestCase003ContactPage::test_case_015_validate_contact_with_invalid_email_invalid_name_no_message&#34;: [{&#34;extras&#34;: [], &#34;result&#34;: &#34;Failed&#34;, &#34;testId&#34;: &#34;testCases/test_Contact_Page.py::TestCase003ContactPage::test_case_015_validate_contact_with_invalid_email_invalid_name_no_message&#34;, &#34;duration&#34;: &#34;00:00:11&#34;, &#34;resultsTableRow&#34;: [&#34;&lt;td class=\&#34;col-result\&#34;&gt;Failed&lt;/td&gt;&#34;, &#34;&lt;td class=\&#34;col-testId\&#34;&gt;testCases/test_Contact_Page.py::TestCase003ContactPage::test_case_015_validate_contact_with_invalid_email_invalid_name_no_message&lt;/td&gt;&#34;, &#34;&lt;td class=\&#34;col-duration\&#34;&gt;00:00:11&lt;/td&gt;&#34;, &#34;&lt;td class=\&#34;col-links\&#34;&gt;&lt;/td&gt;&#34;], &#34;log&#34;: &#34;self = &amp;lt;testCases.test_Contact_Page.TestCase003ContactPage object at 0x000001E1786C2510&amp;gt;\nsetup_and_teardown = &amp;lt;selenium.webdriver.chrome.webdriver.WebDriver (session=&amp;quot;7f2f5bfc0631f8e7d48dd1db3acd3681&amp;quot;)&amp;gt;\n\n    def test_case_015_validate_contact_with_invalid_email_invalid_name_no_message(self, setup_and_teardown):\n        self.logger.info(&amp;quot;-----test_case_015_validate_contact_with_invalid_email_invalid_name_no_message-----&amp;quot;)\n        self.logger.info(&amp;quot;-----Verifying Contact Page-----&amp;quot;)\n        self.driver = setup_and_teardown\n        self.cnt_page = Contact_page(self.driver)\n        self.cnt_page.set_all_the_fields(self.invalid_email, self.invalid_name, self.no_message)\n        WebDriverWait(self.driver, 10).until(EC.alert_is_present())\n        al_msg = self.driver.switch_to.alert\n        alert_text = al_msg.text\n        self.driver.switch_to.alert.accept()\n        print(alert_text)\n        try:\n            if alert_text != &amp;quot;Thanks for the message!!&amp;quot;:\n                self.logger.info(&amp;quot;-----test case 015 is Passed-----&amp;quot;)\n                assert True\n            else:\n                time.sleep(5)\n                self.driver.save_screenshot(&amp;quot;.\\\\ScreenShots\\\\Contact_Page\\\\&amp;quot; + &amp;quot;test_case_015_contact.png&amp;quot;)\n                self.logger.error(&amp;quot;-----test case 015 is Passed-----&amp;quot;)\n&amp;gt;               assert False\nE               assert False\n\ntestCases\\test_Contact_Page.py:385: AssertionError\n\n------------------------------ Captured log call -------------------------------\nINFO     root:test_Contact_Page.py:367 -----test_case_015_validate_contact_with_invalid_email_invalid_name_no_message-----\nINFO     root:test_Contact_Page.py:368 -----Verifying Contact Page-----\nERROR    root:test_Contact_Page.py:384 -----test case 015 is Passed-----\n\n&#34;}], &#34;testCases/test_Contact_Page.py::TestCase003ContactPage::test_case_016_validate_contact_with_invalid_email_no_name_valid_message&#34;: [{&#34;extras&#34;: [], &#34;result&#34;: &#34;Failed&#34;, &#34;testId&#34;: &#34;testCases/test_Contact_Page.py::TestCase003ContactPage::test_case_016_validate_contact_with_invalid_email_no_name_valid_message&#34;, &#34;duration&#34;: &#34;00:00:12&#34;, &#34;resultsTableRow&#34;: [&#34;&lt;td class=\&#34;col-result\&#34;&gt;Failed&lt;/td&gt;&#34;, &#34;&lt;td class=\&#34;col-testId\&#34;&gt;testCases/test_Contact_Page.py::TestCase003ContactPage::test_case_016_validate_contact_with_invalid_email_no_name_valid_message&lt;/td&gt;&#34;, &#34;&lt;td class=\&#34;col-duration\&#34;&gt;00:00:12&lt;/td&gt;&#34;, &#34;&lt;td class=\&#34;col-links\&#34;&gt;&lt;/td&gt;&#34;], &#34;log&#34;: &#34;self = &amp;lt;testCases.test_Contact_Page.TestCase003ContactPage object at 0x000001E1786C2690&amp;gt;\nsetup_and_teardown = &amp;lt;selenium.webdriver.chrome.webdriver.WebDriver (session=&amp;quot;db9d1e24c7f8dbba5a1adfa522eee9e2&amp;quot;)&amp;gt;\n\n    def test_case_016_validate_contact_with_invalid_email_no_name_valid_message(self, setup_and_teardown):\n        self.logger.info(&amp;quot;-----test_case_016_validate_contact_with_invalid_email_no_name_valid_message-----&amp;quot;)\n        self.logger.info(&amp;quot;-----Verifying Contact Page-----&amp;quot;)\n        self.driver = setup_and_teardown\n        self.cnt_page = Contact_page(self.driver)\n        self.cnt_page.set_all_the_fields(self.invalid_email, self.no_name, self.valid_message)\n        WebDriverWait(self.driver, 10).until(EC.alert_is_present())\n        al_msg = self.driver.switch_to.alert\n        alert_text = al_msg.text\n        self.driver.switch_to.alert.accept()\n        print(alert_text)\n        try:\n            if alert_text != &amp;quot;Thanks for the message!!&amp;quot;:\n                self.logger.info(&amp;quot;-----test case 016 is Passed-----&amp;quot;)\n                assert True\n            else:\n                time.sleep(5)\n                self.driver.save_screenshot(&amp;quot;.\\\\ScreenShots\\\\Contact_Page\\\\&amp;quot; + &amp;quot;test_case_016_contact.png&amp;quot;)\n                self.logger.error(&amp;quot;-----test case 016 is Passed-----&amp;quot;)\n&amp;gt;               assert False\nE               assert False\n\ntestCases\\test_Contact_Page.py:409: AssertionError\n\n------------------------------ Captured log call -------------------------------\nINFO     root:test_Contact_Page.py:391 -----test_case_016_validate_contact_with_invalid_email_no_name_valid_message-----\nINFO     root:test_Contact_Page.py:392 -----Verifying Contact Page-----\nERROR    root:test_Contact_Page.py:408 -----test case 016 is Passed-----\n\n&#34;}], &#34;testCases/test_Contact_Page.py::TestCase003ContactPage::test_case_017_validate_contact_with_invalid_email_no_name_invalid_message&#34;: [{&#34;extras&#34;: [], &#34;result&#34;: &#34;Failed&#34;, &#34;testId&#34;: &#34;testCases/test_Contact_Page.py::TestCase003ContactPage::test_case_017_validate_contact_with_invalid_email_no_name_invalid_message&#34;, &#34;duration&#34;: &#34;00:00:11&#34;, &#34;resultsTableRow&#34;: [&#34;&lt;td class=\&#34;col-result\&#34;&gt;Failed&lt;/td&gt;&#34;, &#34;&lt;td class=\&#34;col-testId\&#34;&gt;testCases/test_Contact_Page.py::TestCase003ContactPage::test_case_017_validate_contact_with_invalid_email_no_name_invalid_message&lt;/td&gt;&#34;, &#34;&lt;td class=\&#34;col-duration\&#34;&gt;00:00:11&lt;/td&gt;&#34;, &#34;&lt;td class=\&#34;col-links\&#34;&gt;&lt;/td&gt;&#34;], &#34;log&#34;: &#34;self = &amp;lt;testCases.test_Contact_Page.TestCase003ContactPage object at 0x000001E1786C2810&amp;gt;\nsetup_and_teardown = &amp;lt;selenium.webdriver.chrome.webdriver.WebDriver (session=&amp;quot;806cb2bdf7729d3bce6b89adbe39729f&amp;quot;)&amp;gt;\n\n    def test_case_017_validate_contact_with_invalid_email_no_name_invalid_message(self, setup_and_teardown):\n        self.logger.info(&amp;quot;-----test_case_017_validate_contact_with_invalid_email_no_name_invalid_message-----&amp;quot;)\n        self.logger.info(&amp;quot;-----Verifying Contact Page-----&amp;quot;)\n        self.driver = setup_and_teardown\n        self.cnt_page = Contact_page(self.driver)\n        self.cnt_page.set_all_the_fields(self.invalid_email, self.no_name, self.invalid_message)\n        WebDriverWait(self.driver, 10).until(EC.alert_is_present())\n        al_msg = self.driver.switch_to.alert\n        alert_text = al_msg.text\n        self.driver.switch_to.alert.accept()\n        print(alert_text)\n        try:\n            if alert_text != &amp;quot;Thanks for the message!!&amp;quot;:\n                self.logger.info(&amp;quot;-----test case 017 is Passed-----&amp;quot;)\n                assert True\n            else:\n                time.sleep(5)\n                self.driver.save_screenshot(&amp;quot;.\\\\ScreenShots\\\\Contact_Page\\\\&amp;quot; + &amp;quot;test_case_017_contact.png&amp;quot;)\n                self.logger.error(&amp;quot;-----test case 017 is Passed-----&amp;quot;)\n&amp;gt;               assert False\nE               assert False\n\ntestCases\\test_Contact_Page.py:433: AssertionError\n\n------------------------------ Captured log call -------------------------------\nINFO     root:test_Contact_Page.py:415 -----test_case_017_validate_contact_with_invalid_email_no_name_invalid_message-----\nINFO     root:test_Contact_Page.py:416 -----Verifying Contact Page-----\nERROR    root:test_Contact_Page.py:432 -----test case 017 is Passed-----\n\n&#34;}], &#34;testCases/test_Contact_Page.py::TestCase003ContactPage::test_case_018_validate_contact_with_invalid_email_no_name_no_message&#34;: [{&#34;extras&#34;: [], &#34;result&#34;: &#34;Failed&#34;, &#34;testId&#34;: &#34;testCases/test_Contact_Page.py::TestCase003ContactPage::test_case_018_validate_contact_with_invalid_email_no_name_no_message&#34;, &#34;duration&#34;: &#34;00:00:12&#34;, &#34;resultsTableRow&#34;: [&#34;&lt;td class=\&#34;col-result\&#34;&gt;Failed&lt;/td&gt;&#34;, &#34;&lt;td class=\&#34;col-testId\&#34;&gt;testCases/test_Contact_Page.py::TestCase003ContactPage::test_case_018_validate_contact_with_invalid_email_no_name_no_message&lt;/td&gt;&#34;, &#34;&lt;td class=\&#34;col-duration\&#34;&gt;00:00:12&lt;/td&gt;&#34;, &#34;&lt;td class=\&#34;col-links\&#34;&gt;&lt;/td&gt;&#34;], &#34;log&#34;: &#34;self = &amp;lt;testCases.test_Contact_Page.TestCase003ContactPage object at 0x000001E1786C2990&amp;gt;\nsetup_and_teardown = &amp;lt;selenium.webdriver.chrome.webdriver.WebDriver (session=&amp;quot;dfb7c76ada3065c69464d583ccb75999&amp;quot;)&amp;gt;\n\n    def test_case_018_validate_contact_with_invalid_email_no_name_no_message(self, setup_and_teardown):\n        self.logger.info(&amp;quot;-----test_case_018_validate_contact_with_invalid_email_no_name_no_message-----&amp;quot;)\n        self.logger.info(&amp;quot;-----Verifying Contact Page-----&amp;quot;)\n        self.driver = setup_and_teardown\n        self.cnt_page = Contact_page(self.driver)\n        self.cnt_page.set_all_the_fields(self.invalid_email, self.no_name, self.no_message)\n        WebDriverWait(self.driver, 10).until(EC.alert_is_present())\n        al_msg = self.driver.switch_to.alert\n        alert_text = al_msg.text\n        self.driver.switch_to.alert.accept()\n        print(alert_text)\n        try:\n            if alert_text != &amp;quot;Thanks for the message!!&amp;quot;:\n                self.logger.info(&amp;quot;-----test case 018 is Passed-----&amp;quot;)\n                assert True\n            else:\n                time.sleep(5)\n                self.driver.save_screenshot(&amp;quot;.\\\\ScreenShots\\\\Contact_Page\\\\&amp;quot; + &amp;quot;test_case_018_contact.png&amp;quot;)\n                self.logger.error(&amp;quot;-----test case 018 is Passed-----&amp;quot;)\n&amp;gt;               assert False\nE               assert False\n\ntestCases\\test_Contact_Page.py:457: AssertionError\n\n------------------------------ Captured log call -------------------------------\nINFO     root:test_Contact_Page.py:439 -----test_case_018_validate_contact_with_invalid_email_no_name_no_message-----\nINFO     root:test_Contact_Page.py:440 -----Verifying Contact Page-----\nERROR    root:test_Contact_Page.py:456 -----test case 018 is Passed-----\n\n&#34;}], &#34;testCases/test_Contact_Page.py::TestCase003ContactPage::test_case_019_validate_contact_with_email_with_spl_chars_valid_name_valid_message&#34;: [{&#34;extras&#34;: [], &#34;result&#34;: &#34;Failed&#34;, &#34;testId&#34;: &#34;testCases/test_Contact_Page.py::TestCase003ContactPage::test_case_019_validate_contact_with_email_with_spl_chars_valid_name_valid_message&#34;, &#34;duration&#34;: &#34;00:00:05&#34;, &#34;resultsTableRow&#34;: [&#34;&lt;td class=\&#34;col-result\&#34;&gt;Failed&lt;/td&gt;&#34;, &#34;&lt;td class=\&#34;col-testId\&#34;&gt;testCases/test_Contact_Page.py::TestCase003ContactPage::test_case_019_validate_contact_with_email_with_spl_chars_valid_name_valid_message&lt;/td&gt;&#34;, &#34;&lt;td class=\&#34;col-duration\&#34;&gt;00:00:05&lt;/td&gt;&#34;, &#34;&lt;td class=\&#34;col-links\&#34;&gt;&lt;/td&gt;&#34;], &#34;log&#34;: &#34;self = &amp;lt;testCases.test_Contact_Page.TestCase003ContactPage object at 0x000001E1786C2B40&amp;gt;\nsetup_and_teardown = &amp;lt;selenium.webdriver.chrome.webdriver.WebDriver (session=&amp;quot;be8a9d3e8ce00c699544e68f1c531310&amp;quot;)&amp;gt;\n\n    def test_case_019_validate_contact_with_email_with_spl_chars_valid_name_valid_message(self, setup_and_teardown):\n        self.logger.info(&amp;quot;-----test_case_019_validate_contact_with_email_with_spl_chars_valid_name_valid_message-----&amp;quot;)\n        self.logger.info(&amp;quot;-----Verifying Contact Page-----&amp;quot;)\n        self.driver = setup_and_teardown\n        self.cnt_page = Contact_page(self.driver)\n&amp;gt;       self.cnt_page.set_all_the_fields(self.email_with_spl_chars, self.valid_name, self.valid_message)\n\ntestCases\\test_Contact_Page.py:467: \n_ _ _ _ _ _ _ _ _ _ _ _ _ _ _ _ _ _ _ _ _ _ _ _ _ _ _ _ _ _ _ _ _ _ _ _ _ _ _ _ _ _ _ _ _ _ _ _ _ _ _ _ _ _ _ _ _ _ _ _ _ _ _ _ _ _ _ _ _ _ _ _ _ \npageObjects\\Contact_Page.py:32: in set_all_the_fields\n    self.driver.find_element(By.XPATH, self.CONTACT_EMAIL_TEXT).send_keys(contact_email_text)\n..\\..\\..\\Demo_blaze_Application\\venv\\Lib\\site-packages\\selenium\\webdriver\\remote\\webelement.py:232: in send_keys\n    Command.SEND_KEYS_TO_ELEMENT, {&amp;quot;text&amp;quot;: &amp;quot;&amp;quot;.join(keys_to_typing(value)), &amp;quot;value&amp;quot;: keys_to_typing(value)}\n_ _ _ _ _ _ _ _ _ _ _ _ _ _ _ _ _ _ _ _ _ _ _ _ _ _ _ _ _ _ _ _ _ _ _ _ _ _ _ _ _ _ _ _ _ _ _ _ _ _ _ _ _ _ _ _ _ _ _ _ _ _ _ _ _ _ _ _ _ _ _ _ _ \n\nvalue = (None,)\n\n    def keys_to_typing(value: Iterable[AnyKey]) -&amp;gt; List[str]:\n        &amp;quot;&amp;quot;&amp;quot;Processes the values that will be typed in the element.&amp;quot;&amp;quot;&amp;quot;\n        characters: List[str] = []\n        for val in value:\n            if isinstance(val, Keys):\n                # Todo: Does this even work?\n                characters.append(val)\n            elif isinstance(val, (int, float)):\n                characters.extend(str(val))\n            else:\n&amp;gt;               characters.extend(val)\nE               TypeError: &amp;#x27;NoneType&amp;#x27; object is not iterable\n\n..\\..\\..\\Demo_blaze_Application\\venv\\Lib\\site-packages\\selenium\\webdriver\\common\\utils.py:137: TypeError\n\n------------------------------ Captured log call -------------------------------\nINFO     root:test_Contact_Page.py:463 -----test_case_019_validate_contact_with_email_with_spl_chars_valid_name_valid_message-----\nINFO     root:test_Contact_Page.py:464 -----Verifying Contact Page-----\n\n&#34;}], &#34;testCases/test_Contact_Page.py::TestCase003ContactPage::test_case_020_validate_contact_with_email_with_spl_chars_valid_name_invalid_message&#34;: [{&#34;extras&#34;: [], &#34;result&#34;: &#34;Failed&#34;, &#34;testId&#34;: &#34;testCases/test_Contact_Page.py::TestCase003ContactPage::test_case_020_validate_contact_with_email_with_spl_chars_valid_name_invalid_message&#34;, &#34;duration&#34;: &#34;00:00:05&#34;, &#34;resultsTableRow&#34;: [&#34;&lt;td class=\&#34;col-result\&#34;&gt;Failed&lt;/td&gt;&#34;, &#34;&lt;td class=\&#34;col-testId\&#34;&gt;testCases/test_Contact_Page.py::TestCase003ContactPage::test_case_020_validate_contact_with_email_with_spl_chars_valid_name_invalid_message&lt;/td&gt;&#34;, &#34;&lt;td class=\&#34;col-duration\&#34;&gt;00:00:05&lt;/td&gt;&#34;, &#34;&lt;td class=\&#34;col-links\&#34;&gt;&lt;/td&gt;&#34;], &#34;log&#34;: &#34;self = &amp;lt;testCases.test_Contact_Page.TestCase003ContactPage object at 0x000001E1786C2CC0&amp;gt;\nsetup_and_teardown = &amp;lt;selenium.webdriver.chrome.webdriver.WebDriver (session=&amp;quot;5fae40e397819a77c52fa224db133eb3&amp;quot;)&amp;gt;\n\n    def test_case_020_validate_contact_with_email_with_spl_chars_valid_name_invalid_message(self, setup_and_teardown):\n        self.logger.info(&amp;quot;-----test_case_020_validate_contact_with_email_with_spl_chars_valid_name_invalid_message-----&amp;quot;)\n        self.logger.info(&amp;quot;-----Verifying Contact Page-----&amp;quot;)\n        self.driver = setup_and_teardown\n        self.cnt_page = Contact_page(self.driver)\n&amp;gt;       self.cnt_page.set_all_the_fields(self.email_with_spl_chars, self.valid_name, self.invalid_message)\n\ntestCases\\test_Contact_Page.py:491: \n_ _ _ _ _ _ _ _ _ _ _ _ _ _ _ _ _ _ _ _ _ _ _ _ _ _ _ _ _ _ _ _ _ _ _ _ _ _ _ _ _ _ _ _ _ _ _ _ _ _ _ _ _ _ _ _ _ _ _ _ _ _ _ _ _ _ _ _ _ _ _ _ _ \npageObjects\\Contact_Page.py:32: in set_all_the_fields\n    self.driver.find_element(By.XPATH, self.CONTACT_EMAIL_TEXT).send_keys(contact_email_text)\n..\\..\\..\\Demo_blaze_Application\\venv\\Lib\\site-packages\\selenium\\webdriver\\remote\\webelement.py:232: in send_keys\n    Command.SEND_KEYS_TO_ELEMENT, {&amp;quot;text&amp;quot;: &amp;quot;&amp;quot;.join(keys_to_typing(value)), &amp;quot;value&amp;quot;: keys_to_typing(value)}\n_ _ _ _ _ _ _ _ _ _ _ _ _ _ _ _ _ _ _ _ _ _ _ _ _ _ _ _ _ _ _ _ _ _ _ _ _ _ _ _ _ _ _ _ _ _ _ _ _ _ _ _ _ _ _ _ _ _ _ _ _ _ _ _ _ _ _ _ _ _ _ _ _ \n\nvalue = (None,)\n\n    def keys_to_typing(value: Iterable[AnyKey]) -&amp;gt; List[str]:\n        &amp;quot;&amp;quot;&amp;quot;Processes the values that will be typed in the element.&amp;quot;&amp;quot;&amp;quot;\n        characters: List[str] = []\n        for val in value:\n            if isinstance(val, Keys):\n                # Todo: Does this even work?\n                characters.append(val)\n            elif isinstance(val, (int, float)):\n                characters.extend(str(val))\n            else:\n&amp;gt;               characters.extend(val)\nE               TypeError: &amp;#x27;NoneType&amp;#x27; object is not iterable\n\n..\\..\\..\\Demo_blaze_Application\\venv\\Lib\\site-packages\\selenium\\webdriver\\common\\utils.py:137: TypeError\n\n------------------------------ Captured log call -------------------------------\nINFO     root:test_Contact_Page.py:487 -----test_case_020_validate_contact_with_email_with_spl_chars_valid_name_invalid_message-----\nINFO     root:test_Contact_Page.py:488 -----Verifying Contact Page-----\n\n&#34;}], &#34;testCases/test_Contact_Page.py::TestCase003ContactPage::test_case_021_validate_contact_with_email_with_spl_chars_valid_name_no_message&#34;: [{&#34;extras&#34;: [], &#34;result&#34;: &#34;Failed&#34;, &#34;testId&#34;: &#34;testCases/test_Contact_Page.py::TestCase003ContactPage::test_case_021_validate_contact_with_email_with_spl_chars_valid_name_no_message&#34;, &#34;duration&#34;: &#34;00:00:05&#34;, &#34;resultsTableRow&#34;: [&#34;&lt;td class=\&#34;col-result\&#34;&gt;Failed&lt;/td&gt;&#34;, &#34;&lt;td class=\&#34;col-testId\&#34;&gt;testCases/test_Contact_Page.py::TestCase003ContactPage::test_case_021_validate_contact_with_email_with_spl_chars_valid_name_no_message&lt;/td&gt;&#34;, &#34;&lt;td class=\&#34;col-duration\&#34;&gt;00:00:05&lt;/td&gt;&#34;, &#34;&lt;td class=\&#34;col-links\&#34;&gt;&lt;/td&gt;&#34;], &#34;log&#34;: &#34;self = &amp;lt;testCases.test_Contact_Page.TestCase003ContactPage object at 0x000001E1786C2E40&amp;gt;\nsetup_and_teardown = &amp;lt;selenium.webdriver.chrome.webdriver.WebDriver (session=&amp;quot;d001f6b0f3bd0de0adce47851bd06d59&amp;quot;)&amp;gt;\n\n    def test_case_021_validate_contact_with_email_with_spl_chars_valid_name_no_message(self, setup_and_teardown):\n        self.logger.info(&amp;quot;-----test_case_021_validate_contact_with_email_with_spl_chars_valid_name_no_message-----&amp;quot;)\n        self.logger.info(&amp;quot;-----Verifying Contact Page-----&amp;quot;)\n        self.driver = setup_and_teardown\n        self.cnt_page = Contact_page(self.driver)\n&amp;gt;       self.cnt_page.set_all_the_fields(self.email_with_spl_chars, self.valid_name, self.no_message)\n\ntestCases\\test_Contact_Page.py:515: \n_ _ _ _ _ _ _ _ _ _ _ _ _ _ _ _ _ _ _ _ _ _ _ _ _ _ _ _ _ _ _ _ _ _ _ _ _ _ _ _ _ _ _ _ _ _ _ _ _ _ _ _ _ _ _ _ _ _ _ _ _ _ _ _ _ _ _ _ _ _ _ _ _ \npageObjects\\Contact_Page.py:32: in set_all_the_fields\n    self.driver.find_element(By.XPATH, self.CONTACT_EMAIL_TEXT).send_keys(contact_email_text)\n..\\..\\..\\Demo_blaze_Application\\venv\\Lib\\site-packages\\selenium\\webdriver\\remote\\webelement.py:232: in send_keys\n    Command.SEND_KEYS_TO_ELEMENT, {&amp;quot;text&amp;quot;: &amp;quot;&amp;quot;.join(keys_to_typing(value)), &amp;quot;value&amp;quot;: keys_to_typing(value)}\n_ _ _ _ _ _ _ _ _ _ _ _ _ _ _ _ _ _ _ _ _ _ _ _ _ _ _ _ _ _ _ _ _ _ _ _ _ _ _ _ _ _ _ _ _ _ _ _ _ _ _ _ _ _ _ _ _ _ _ _ _ _ _ _ _ _ _ _ _ _ _ _ _ \n\nvalue = (None,)\n\n    def keys_to_typing(value: Iterable[AnyKey]) -&amp;gt; List[str]:\n        &amp;quot;&amp;quot;&amp;quot;Processes the values that will be typed in the element.&amp;quot;&amp;quot;&amp;quot;\n        characters: List[str] = []\n        for val in value:\n            if isinstance(val, Keys):\n                # Todo: Does this even work?\n                characters.append(val)\n            elif isinstance(val, (int, float)):\n                characters.extend(str(val))\n            else:\n&amp;gt;               characters.extend(val)\nE               TypeError: &amp;#x27;NoneType&amp;#x27; object is not iterable\n\n..\\..\\..\\Demo_blaze_Application\\venv\\Lib\\site-packages\\selenium\\webdriver\\common\\utils.py:137: TypeError\n\n------------------------------ Captured log call -------------------------------\nINFO     root:test_Contact_Page.py:511 -----test_case_021_validate_contact_with_email_with_spl_chars_valid_name_no_message-----\nINFO     root:test_Contact_Page.py:512 -----Verifying Contact Page-----\n\n&#34;}], &#34;testCases/test_Contact_Page.py::TestCase003ContactPage::test_case_022_validate_contact_with_email_with_spl_chars_invalid_name_valid_message&#34;: [{&#34;extras&#34;: [], &#34;result&#34;: &#34;Failed&#34;, &#34;testId&#34;: &#34;testCases/test_Contact_Page.py::TestCase003ContactPage::test_case_022_validate_contact_with_email_with_spl_chars_invalid_name_valid_message&#34;, &#34;duration&#34;: &#34;00:00:05&#34;, &#34;resultsTableRow&#34;: [&#34;&lt;td class=\&#34;col-result\&#34;&gt;Failed&lt;/td&gt;&#34;, &#34;&lt;td class=\&#34;col-testId\&#34;&gt;testCases/test_Contact_Page.py::TestCase003ContactPage::test_case_022_validate_contact_with_email_with_spl_chars_invalid_name_valid_message&lt;/td&gt;&#34;, &#34;&lt;td class=\&#34;col-duration\&#34;&gt;00:00:05&lt;/td&gt;&#34;, &#34;&lt;td class=\&#34;col-links\&#34;&gt;&lt;/td&gt;&#34;], &#34;log&#34;: &#34;self = &amp;lt;testCases.test_Contact_Page.TestCase003ContactPage object at 0x000001E1786C2FC0&amp;gt;\nsetup_and_teardown = &amp;lt;selenium.webdriver.chrome.webdriver.WebDriver (session=&amp;quot;7ddb0d2b8e06c8f6a0f8ec997933ef13&amp;quot;)&amp;gt;\n\n    def test_case_022_validate_contact_with_email_with_spl_chars_invalid_name_valid_message(self, setup_and_teardown):\n        self.logger.info(&amp;quot;-----test_case_022_validate_contact_with_email_with_spl_chars_invalid_name_valid_message-----&amp;quot;)\n        self.logger.info(&amp;quot;-----Verifying Contact Page-----&amp;quot;)\n        self.driver = setup_and_teardown\n        self.cnt_page = Contact_page(self.driver)\n&amp;gt;       self.cnt_page.set_all_the_fields(self.email_with_spl_chars, self.invalid_name, self.valid_message)\n\ntestCases\\test_Contact_Page.py:539: \n_ _ _ _ _ _ _ _ _ _ _ _ _ _ _ _ _ _ _ _ _ _ _ _ _ _ _ _ _ _ _ _ _ _ _ _ _ _ _ _ _ _ _ _ _ _ _ _ _ _ _ _ _ _ _ _ _ _ _ _ _ _ _ _ _ _ _ _ _ _ _ _ _ \npageObjects\\Contact_Page.py:32: in set_all_the_fields\n    self.driver.find_element(By.XPATH, self.CONTACT_EMAIL_TEXT).send_keys(contact_email_text)\n..\\..\\..\\Demo_blaze_Application\\venv\\Lib\\site-packages\\selenium\\webdriver\\remote\\webelement.py:232: in send_keys\n    Command.SEND_KEYS_TO_ELEMENT, {&amp;quot;text&amp;quot;: &amp;quot;&amp;quot;.join(keys_to_typing(value)), &amp;quot;value&amp;quot;: keys_to_typing(value)}\n_ _ _ _ _ _ _ _ _ _ _ _ _ _ _ _ _ _ _ _ _ _ _ _ _ _ _ _ _ _ _ _ _ _ _ _ _ _ _ _ _ _ _ _ _ _ _ _ _ _ _ _ _ _ _ _ _ _ _ _ _ _ _ _ _ _ _ _ _ _ _ _ _ \n\nvalue = (None,)\n\n    def keys_to_typing(value: Iterable[AnyKey]) -&amp;gt; List[str]:\n        &amp;quot;&amp;quot;&amp;quot;Processes the values that will be typed in the element.&amp;quot;&amp;quot;&amp;quot;\n        characters: List[str] = []\n        for val in value:\n            if isinstance(val, Keys):\n                # Todo: Does this even work?\n                characters.append(val)\n            elif isinstance(val, (int, float)):\n                characters.extend(str(val))\n            else:\n&amp;gt;               characters.extend(val)\nE               TypeError: &amp;#x27;NoneType&amp;#x27; object is not iterable\n\n..\\..\\..\\Demo_blaze_Application\\venv\\Lib\\site-packages\\selenium\\webdriver\\common\\utils.py:137: TypeError\n\n------------------------------ Captured log call -------------------------------\nINFO     root:test_Contact_Page.py:535 -----test_case_022_validate_contact_with_email_with_spl_chars_invalid_name_valid_message-----\nINFO     root:test_Contact_Page.py:536 -----Verifying Contact Page-----\n\n&#34;}], &#34;testCases/test_Contact_Page.py::TestCase003ContactPage::test_case_023_validate_contact_with_email_with_spl_chars_invalid_name_invalid_message&#34;: [{&#34;extras&#34;: [], &#34;result&#34;: &#34;Failed&#34;, &#34;testId&#34;: &#34;testCases/test_Contact_Page.py::TestCase003ContactPage::test_case_023_validate_contact_with_email_with_spl_chars_invalid_name_invalid_message&#34;, &#34;duration&#34;: &#34;00:00:06&#34;, &#34;resultsTableRow&#34;: [&#34;&lt;td class=\&#34;col-result\&#34;&gt;Failed&lt;/td&gt;&#34;, &#34;&lt;td class=\&#34;col-testId\&#34;&gt;testCases/test_Contact_Page.py::TestCase003ContactPage::test_case_023_validate_contact_with_email_with_spl_chars_invalid_name_invalid_message&lt;/td&gt;&#34;, &#34;&lt;td class=\&#34;col-duration\&#34;&gt;00:00:06&lt;/td&gt;&#34;, &#34;&lt;td class=\&#34;col-links\&#34;&gt;&lt;/td&gt;&#34;], &#34;log&#34;: &#34;self = &amp;lt;testCases.test_Contact_Page.TestCase003ContactPage object at 0x000001E1786C3260&amp;gt;\nsetup_and_teardown = &amp;lt;selenium.webdriver.chrome.webdriver.WebDriver (session=&amp;quot;4162523aef8f4d952421b1a819899394&amp;quot;)&amp;gt;\n\n    def test_case_023_validate_contact_with_email_with_spl_chars_invalid_name_invalid_message(self, setup_and_teardown):\n        self.logger.info(&amp;quot;-----test_case_023_validate_contact_with_email_with_spl_chars_invalid_name_invalid_message-----&amp;quot;)\n        self.logger.info(&amp;quot;-----Verifying Contact Page-----&amp;quot;)\n        self.driver = setup_and_teardown\n        self.cnt_page = Contact_page(self.driver)\n&amp;gt;       self.cnt_page.set_all_the_fields(self.email_with_spl_chars, self.invalid_name, self.invalid_message)\n\ntestCases\\test_Contact_Page.py:563: \n_ _ _ _ _ _ _ _ _ _ _ _ _ _ _ _ _ _ _ _ _ _ _ _ _ _ _ _ _ _ _ _ _ _ _ _ _ _ _ _ _ _ _ _ _ _ _ _ _ _ _ _ _ _ _ _ _ _ _ _ _ _ _ _ _ _ _ _ _ _ _ _ _ \npageObjects\\Contact_Page.py:32: in set_all_the_fields\n    self.driver.find_element(By.XPATH, self.CONTACT_EMAIL_TEXT).send_keys(contact_email_text)\n..\\..\\..\\Demo_blaze_Application\\venv\\Lib\\site-packages\\selenium\\webdriver\\remote\\webelement.py:232: in send_keys\n    Command.SEND_KEYS_TO_ELEMENT, {&amp;quot;text&amp;quot;: &amp;quot;&amp;quot;.join(keys_to_typing(value)), &amp;quot;value&amp;quot;: keys_to_typing(value)}\n_ _ _ _ _ _ _ _ _ _ _ _ _ _ _ _ _ _ _ _ _ _ _ _ _ _ _ _ _ _ _ _ _ _ _ _ _ _ _ _ _ _ _ _ _ _ _ _ _ _ _ _ _ _ _ _ _ _ _ _ _ _ _ _ _ _ _ _ _ _ _ _ _ \n\nvalue = (None,)\n\n    def keys_to_typing(value: Iterable[AnyKey]) -&amp;gt; List[str]:\n        &amp;quot;&amp;quot;&amp;quot;Processes the values that will be typed in the element.&amp;quot;&amp;quot;&amp;quot;\n        characters: List[str] = []\n        for val in value:\n            if isinstance(val, Keys):\n                # Todo: Does this even work?\n                characters.append(val)\n            elif isinstance(val, (int, float)):\n                characters.extend(str(val))\n            else:\n&amp;gt;               characters.extend(val)\nE               TypeError: &amp;#x27;NoneType&amp;#x27; object is not iterable\n\n..\\..\\..\\Demo_blaze_Application\\venv\\Lib\\site-packages\\selenium\\webdriver\\common\\utils.py:137: TypeError\n\n------------------------------ Captured log call -------------------------------\nINFO     root:test_Contact_Page.py:559 -----test_case_023_validate_contact_with_email_with_spl_chars_invalid_name_invalid_message-----\nINFO     root:test_Contact_Page.py:560 -----Verifying Contact Page-----\n\n&#34;}], &#34;testCases/test_Contact_Page.py::TestCase003ContactPage::test_case_024_validate_contact_with_email_with_spl_chars_invalid_name_no_message&#34;: [{&#34;extras&#34;: [], &#34;result&#34;: &#34;Failed&#34;, &#34;testId&#34;: &#34;testCases/test_Contact_Page.py::TestCase003ContactPage::test_case_024_validate_contact_with_email_with_spl_chars_invalid_name_no_message&#34;, &#34;duration&#34;: &#34;00:00:05&#34;, &#34;resultsTableRow&#34;: [&#34;&lt;td class=\&#34;col-result\&#34;&gt;Failed&lt;/td&gt;&#34;, &#34;&lt;td class=\&#34;col-testId\&#34;&gt;testCases/test_Contact_Page.py::TestCase003ContactPage::test_case_024_validate_contact_with_email_with_spl_chars_invalid_name_no_message&lt;/td&gt;&#34;, &#34;&lt;td class=\&#34;col-duration\&#34;&gt;00:00:05&lt;/td&gt;&#34;, &#34;&lt;td class=\&#34;col-links\&#34;&gt;&lt;/td&gt;&#34;], &#34;log&#34;: &#34;self = &amp;lt;testCases.test_Contact_Page.TestCase003ContactPage object at 0x000001E1786C3410&amp;gt;\nsetup_and_teardown = &amp;lt;selenium.webdriver.chrome.webdriver.WebDriver (session=&amp;quot;b0d59132a43fdb55cd435d6f9fb06058&amp;quot;)&amp;gt;\n\n    def test_case_024_validate_contact_with_email_with_spl_chars_invalid_name_no_message(self, setup_and_teardown):\n        self.logger.info(&amp;quot;-----test_case_024_validate_contact_with_email_with_spl_chars_invalid_name_no_message-----&amp;quot;)\n        self.logger.info(&amp;quot;-----Verifying Contact Page-----&amp;quot;)\n        self.driver = setup_and_teardown\n        self.cnt_page = Contact_page(self.driver)\n&amp;gt;       self.cnt_page.set_all_the_fields(self.email_with_spl_chars, self.invalid_name, self.no_message)\n\ntestCases\\test_Contact_Page.py:587: \n_ _ _ _ _ _ _ _ _ _ _ _ _ _ _ _ _ _ _ _ _ _ _ _ _ _ _ _ _ _ _ _ _ _ _ _ _ _ _ _ _ _ _ _ _ _ _ _ _ _ _ _ _ _ _ _ _ _ _ _ _ _ _ _ _ _ _ _ _ _ _ _ _ \npageObjects\\Contact_Page.py:32: in set_all_the_fields\n    self.driver.find_element(By.XPATH, self.CONTACT_EMAIL_TEXT).send_keys(contact_email_text)\n..\\..\\..\\Demo_blaze_Application\\venv\\Lib\\site-packages\\selenium\\webdriver\\remote\\webelement.py:232: in send_keys\n    Command.SEND_KEYS_TO_ELEMENT, {&amp;quot;text&amp;quot;: &amp;quot;&amp;quot;.join(keys_to_typing(value)), &amp;quot;value&amp;quot;: keys_to_typing(value)}\n_ _ _ _ _ _ _ _ _ _ _ _ _ _ _ _ _ _ _ _ _ _ _ _ _ _ _ _ _ _ _ _ _ _ _ _ _ _ _ _ _ _ _ _ _ _ _ _ _ _ _ _ _ _ _ _ _ _ _ _ _ _ _ _ _ _ _ _ _ _ _ _ _ \n\nvalue = (None,)\n\n    def keys_to_typing(value: Iterable[AnyKey]) -&amp;gt; List[str]:\n        &amp;quot;&amp;quot;&amp;quot;Processes the values that will be typed in the element.&amp;quot;&amp;quot;&amp;quot;\n        characters: List[str] = []\n        for val in value:\n            if isinstance(val, Keys):\n                # Todo: Does this even work?\n                characters.append(val)\n            elif isinstance(val, (int, float)):\n                characters.extend(str(val))\n            else:\n&amp;gt;               characters.extend(val)\nE               TypeError: &amp;#x27;NoneType&amp;#x27; object is not iterable\n\n..\\..\\..\\Demo_blaze_Application\\venv\\Lib\\site-packages\\selenium\\webdriver\\common\\utils.py:137: TypeError\n\n------------------------------ Captured log call -------------------------------\nINFO     root:test_Contact_Page.py:583 -----test_case_024_validate_contact_with_email_with_spl_chars_invalid_name_no_message-----\nINFO     root:test_Contact_Page.py:584 -----Verifying Contact Page-----\n\n&#34;}], &#34;testCases/test_Contact_Page.py::TestCase003ContactPage::test_case_025_validate_contact_with_email_with_spl_chars_no_name_valid_message&#34;: [{&#34;extras&#34;: [], &#34;result&#34;: &#34;Failed&#34;, &#34;testId&#34;: &#34;testCases/test_Contact_Page.py::TestCase003ContactPage::test_case_025_validate_contact_with_email_with_spl_chars_no_name_valid_message&#34;, &#34;duration&#34;: &#34;00:00:05&#34;, &#34;resultsTableRow&#34;: [&#34;&lt;td class=\&#34;col-result\&#34;&gt;Failed&lt;/td&gt;&#34;, &#34;&lt;td class=\&#34;col-testId\&#34;&gt;testCases/test_Contact_Page.py::TestCase003ContactPage::test_case_025_validate_contact_with_email_with_spl_chars_no_name_valid_message&lt;/td&gt;&#34;, &#34;&lt;td class=\&#34;col-duration\&#34;&gt;00:00:05&lt;/td&gt;&#34;, &#34;&lt;td class=\&#34;col-links\&#34;&gt;&lt;/td&gt;&#34;], &#34;log&#34;: &#34;self = &amp;lt;testCases.test_Contact_Page.TestCase003ContactPage object at 0x000001E1786C35C0&amp;gt;\nsetup_and_teardown = &amp;lt;selenium.webdriver.chrome.webdriver.WebDriver (session=&amp;quot;60b35f3e694402b7c0be6a3d1ae49132&amp;quot;)&amp;gt;\n\n    def test_case_025_validate_contact_with_email_with_spl_chars_no_name_valid_message(self, setup_and_teardown):\n        self.logger.info(&amp;quot;-----test_case_025_validate_contact_with_email_with_spl_chars_no_name_valid_message-----&amp;quot;)\n        self.logger.info(&amp;quot;-----Verifying Contact Page-----&amp;quot;)\n        self.driver = setup_and_teardown\n        self.cnt_page = Contact_page(self.driver)\n&amp;gt;       self.cnt_page.set_all_the_fields(self.email_with_spl_chars, self.no_name, self.valid_message)\n\ntestCases\\test_Contact_Page.py:611: \n_ _ _ _ _ _ _ _ _ _ _ _ _ _ _ _ _ _ _ _ _ _ _ _ _ _ _ _ _ _ _ _ _ _ _ _ _ _ _ _ _ _ _ _ _ _ _ _ _ _ _ _ _ _ _ _ _ _ _ _ _ _ _ _ _ _ _ _ _ _ _ _ _ \npageObjects\\Contact_Page.py:32: in set_all_the_fields\n    self.driver.find_element(By.XPATH, self.CONTACT_EMAIL_TEXT).send_keys(contact_email_text)\n..\\..\\..\\Demo_blaze_Application\\venv\\Lib\\site-packages\\selenium\\webdriver\\remote\\webelement.py:232: in send_keys\n    Command.SEND_KEYS_TO_ELEMENT, {&amp;quot;text&amp;quot;: &amp;quot;&amp;quot;.join(keys_to_typing(value)), &amp;quot;value&amp;quot;: keys_to_typing(value)}\n_ _ _ _ _ _ _ _ _ _ _ _ _ _ _ _ _ _ _ _ _ _ _ _ _ _ _ _ _ _ _ _ _ _ _ _ _ _ _ _ _ _ _ _ _ _ _ _ _ _ _ _ _ _ _ _ _ _ _ _ _ _ _ _ _ _ _ _ _ _ _ _ _ \n\nvalue = (None,)\n\n    def keys_to_typing(value: Iterable[AnyKey]) -&amp;gt; List[str]:\n        &amp;quot;&amp;quot;&amp;quot;Processes the values that will be typed in the element.&amp;quot;&amp;quot;&amp;quot;\n        characters: List[str] = []\n        for val in value:\n            if isinstance(val, Keys):\n                # Todo: Does this even work?\n                characters.append(val)\n            elif isinstance(val, (int, float)):\n                characters.extend(str(val))\n            else:\n&amp;gt;               characters.extend(val)\nE               TypeError: &amp;#x27;NoneType&amp;#x27; object is not iterable\n\n..\\..\\..\\Demo_blaze_Application\\venv\\Lib\\site-packages\\selenium\\webdriver\\common\\utils.py:137: TypeError\n\n------------------------------ Captured log call -------------------------------\nINFO     root:test_Contact_Page.py:607 -----test_case_025_validate_contact_with_email_with_spl_chars_no_name_valid_message-----\nINFO     root:test_Contact_Page.py:608 -----Verifying Contact Page-----\n\n&#34;}], &#34;testCases/test_Contact_Page.py::TestCase003ContactPage::test_case_026_validate_contact_with_email_with_spl_chars_no_name_invalid_message&#34;: [{&#34;extras&#34;: [], &#34;result&#34;: &#34;Failed&#34;, &#34;testId&#34;: &#34;testCases/test_Contact_Page.py::TestCase003ContactPage::test_case_026_validate_contact_with_email_with_spl_chars_no_name_invalid_message&#34;, &#34;duration&#34;: &#34;00:00:05&#34;, &#34;resultsTableRow&#34;: [&#34;&lt;td class=\&#34;col-result\&#34;&gt;Failed&lt;/td&gt;&#34;, &#34;&lt;td class=\&#34;col-testId\&#34;&gt;testCases/test_Contact_Page.py::TestCase003ContactPage::test_case_026_validate_contact_with_email_with_spl_chars_no_name_invalid_message&lt;/td&gt;&#34;, &#34;&lt;td class=\&#34;col-duration\&#34;&gt;00:00:05&lt;/td&gt;&#34;, &#34;&lt;td class=\&#34;col-links\&#34;&gt;&lt;/td&gt;&#34;], &#34;log&#34;: &#34;self = &amp;lt;testCases.test_Contact_Page.TestCase003ContactPage object at 0x000001E1786C35F0&amp;gt;\nsetup_and_teardown = &amp;lt;selenium.webdriver.chrome.webdriver.WebDriver (session=&amp;quot;2926df025885491f8e9f6d50d91e3bbb&amp;quot;)&amp;gt;\n\n    def test_case_026_validate_contact_with_email_with_spl_chars_no_name_invalid_message(self, setup_and_teardown):\n        self.logger.info(&amp;quot;-----test_case_026_validate_contact_with_email_with_spl_chars_no_name_invalid_message-----&amp;quot;)\n        self.logger.info(&amp;quot;-----Verifying Contact Page-----&amp;quot;)\n        self.driver = setup_and_teardown\n        self.cnt_page = Contact_page(self.driver)\n&amp;gt;       self.cnt_page.set_all_the_fields(self.email_with_spl_chars, self.no_name, self.invalid_message)\n\ntestCases\\test_Contact_Page.py:635: \n_ _ _ _ _ _ _ _ _ _ _ _ _ _ _ _ _ _ _ _ _ _ _ _ _ _ _ _ _ _ _ _ _ _ _ _ _ _ _ _ _ _ _ _ _ _ _ _ _ _ _ _ _ _ _ _ _ _ _ _ _ _ _ _ _ _ _ _ _ _ _ _ _ \npageObjects\\Contact_Page.py:32: in set_all_the_fields\n    self.driver.find_element(By.XPATH, self.CONTACT_EMAIL_TEXT).send_keys(contact_email_text)\n..\\..\\..\\Demo_blaze_Application\\venv\\Lib\\site-packages\\selenium\\webdriver\\remote\\webelement.py:232: in send_keys\n    Command.SEND_KEYS_TO_ELEMENT, {&amp;quot;text&amp;quot;: &amp;quot;&amp;quot;.join(keys_to_typing(value)), &amp;quot;value&amp;quot;: keys_to_typing(value)}\n_ _ _ _ _ _ _ _ _ _ _ _ _ _ _ _ _ _ _ _ _ _ _ _ _ _ _ _ _ _ _ _ _ _ _ _ _ _ _ _ _ _ _ _ _ _ _ _ _ _ _ _ _ _ _ _ _ _ _ _ _ _ _ _ _ _ _ _ _ _ _ _ _ \n\nvalue = (None,)\n\n    def keys_to_typing(value: Iterable[AnyKey]) -&amp;gt; List[str]:\n        &amp;quot;&amp;quot;&amp;quot;Processes the values that will be typed in the element.&amp;quot;&amp;quot;&amp;quot;\n        characters: List[str] = []\n        for val in value:\n            if isinstance(val, Keys):\n                # Todo: Does this even work?\n                characters.append(val)\n            elif isinstance(val, (int, float)):\n                characters.extend(str(val))\n            else:\n&amp;gt;               characters.extend(val)\nE               TypeError: &amp;#x27;NoneType&amp;#x27; object is not iterable\n\n..\\..\\..\\Demo_blaze_Application\\venv\\Lib\\site-packages\\selenium\\webdriver\\common\\utils.py:137: TypeError\n\n------------------------------ Captured log call -------------------------------\nINFO     root:test_Contact_Page.py:631 -----test_case_026_validate_contact_with_email_with_spl_chars_no_name_invalid_message-----\nINFO     root:test_Contact_Page.py:632 -----Verifying Contact Page-----\n\n&#34;}], &#34;testCases/test_Contact_Page.py::TestCase003ContactPage::test_case_027_validate_contact_with_email_with_spl_chars_no_name_no_message&#34;: [{&#34;extras&#34;: [], &#34;result&#34;: &#34;Failed&#34;, &#34;testId&#34;: &#34;testCases/test_Contact_Page.py::TestCase003ContactPage::test_case_027_validate_contact_with_email_with_spl_chars_no_name_no_message&#34;, &#34;duration&#34;: &#34;00:00:06&#34;, &#34;resultsTableRow&#34;: [&#34;&lt;td class=\&#34;col-result\&#34;&gt;Failed&lt;/td&gt;&#34;, &#34;&lt;td class=\&#34;col-testId\&#34;&gt;testCases/test_Contact_Page.py::TestCase003ContactPage::test_case_027_validate_contact_with_email_with_spl_chars_no_name_no_message&lt;/td&gt;&#34;, &#34;&lt;td class=\&#34;col-duration\&#34;&gt;00:00:06&lt;/td&gt;&#34;, &#34;&lt;td class=\&#34;col-links\&#34;&gt;&lt;/td&gt;&#34;], &#34;log&#34;: &#34;self = &amp;lt;testCases.test_Contact_Page.TestCase003ContactPage object at 0x000001E1786C2F00&amp;gt;\nsetup_and_teardown = &amp;lt;selenium.webdriver.chrome.webdriver.WebDriver (session=&amp;quot;6451b93e071fcc231c77ccafd2671baa&amp;quot;)&amp;gt;\n\n    def test_case_027_validate_contact_with_email_with_spl_chars_no_name_no_message(self, setup_and_teardown):\n        self.logger.info(&amp;quot;-----test_case_027_validate_contact_with_email_with_spl_chars_no_name_no_message-----&amp;quot;)\n        self.logger.info(&amp;quot;-----Verifying Contact Page-----&amp;quot;)\n        self.driver = setup_and_teardown\n        self.cnt_page = Contact_page(self.driver)\n&amp;gt;       self.cnt_page.set_all_the_fields(self.email_with_spl_chars, self.no_name, self.no_message)\n\ntestCases\\test_Contact_Page.py:659: \n_ _ _ _ _ _ _ _ _ _ _ _ _ _ _ _ _ _ _ _ _ _ _ _ _ _ _ _ _ _ _ _ _ _ _ _ _ _ _ _ _ _ _ _ _ _ _ _ _ _ _ _ _ _ _ _ _ _ _ _ _ _ _ _ _ _ _ _ _ _ _ _ _ \npageObjects\\Contact_Page.py:32: in set_all_the_fields\n    self.driver.find_element(By.XPATH, self.CONTACT_EMAIL_TEXT).send_keys(contact_email_text)\n..\\..\\..\\Demo_blaze_Application\\venv\\Lib\\site-packages\\selenium\\webdriver\\remote\\webelement.py:232: in send_keys\n    Command.SEND_KEYS_TO_ELEMENT, {&amp;quot;text&amp;quot;: &amp;quot;&amp;quot;.join(keys_to_typing(value)), &amp;quot;value&amp;quot;: keys_to_typing(value)}\n_ _ _ _ _ _ _ _ _ _ _ _ _ _ _ _ _ _ _ _ _ _ _ _ _ _ _ _ _ _ _ _ _ _ _ _ _ _ _ _ _ _ _ _ _ _ _ _ _ _ _ _ _ _ _ _ _ _ _ _ _ _ _ _ _ _ _ _ _ _ _ _ _ \n\nvalue = (None,)\n\n    def keys_to_typing(value: Iterable[AnyKey]) -&amp;gt; List[str]:\n        &amp;quot;&amp;quot;&amp;quot;Processes the values that will be typed in the element.&amp;quot;&amp;quot;&amp;quot;\n        characters: List[str] = []\n        for val in value:\n            if isinstance(val, Keys):\n                # Todo: Does this even work?\n                characters.append(val)\n            elif isinstance(val, (int, float)):\n                characters.extend(str(val))\n            else:\n&amp;gt;               characters.extend(val)\nE               TypeError: &amp;#x27;NoneType&amp;#x27; object is not iterable\n\n..\\..\\..\\Demo_blaze_Application\\venv\\Lib\\site-packages\\selenium\\webdriver\\common\\utils.py:137: TypeError\n\n------------------------------ Captured log call -------------------------------\nINFO     root:test_Contact_Page.py:655 -----test_case_027_validate_contact_with_email_with_spl_chars_no_name_no_message-----\nINFO     root:test_Contact_Page.py:656 -----Verifying Contact Page-----\n\n&#34;}], &#34;testCases/test_Contact_Page.py::TestCase003ContactPage::test_case_028_validate_contact_with_no_email_valid_name_valid_message&#34;: [{&#34;extras&#34;: [], &#34;result&#34;: &#34;Failed&#34;, &#34;testId&#34;: &#34;testCases/test_Contact_Page.py::TestCase003ContactPage::test_case_028_validate_contact_with_no_email_valid_name_valid_message&#34;, &#34;duration&#34;: &#34;00:00:11&#34;, &#34;resultsTableRow&#34;: [&#34;&lt;td class=\&#34;col-result\&#34;&gt;Failed&lt;/td&gt;&#34;, &#34;&lt;td class=\&#34;col-testId\&#34;&gt;testCases/test_Contact_Page.py::TestCase003ContactPage::test_case_028_validate_contact_with_no_email_valid_name_valid_message&lt;/td&gt;&#34;, &#34;&lt;td class=\&#34;col-duration\&#34;&gt;00:00:11&lt;/td&gt;&#34;, &#34;&lt;td class=\&#34;col-links\&#34;&gt;&lt;/td&gt;&#34;], &#34;log&#34;: &#34;self = &amp;lt;testCases.test_Contact_Page.TestCase003ContactPage object at 0x000001E1786C28D0&amp;gt;\nsetup_and_teardown = &amp;lt;selenium.webdriver.chrome.webdriver.WebDriver (session=&amp;quot;da8f6fab6447e7c1d2de091ebecca604&amp;quot;)&amp;gt;\n\n    def test_case_028_validate_contact_with_no_email_valid_name_valid_message(self, setup_and_teardown):\n        self.logger.info(&amp;quot;-----test_case_028_validate_contact_with_no_email_valid_name_valid_message-----&amp;quot;)\n        self.logger.info(&amp;quot;-----Verifying Contact Page-----&amp;quot;)\n        self.driver = setup_and_teardown\n        self.cnt_page = Contact_page(self.driver)\n        self.cnt_page.set_all_the_fields(self.no_email, self.valid_name, self.valid_message)\n        WebDriverWait(self.driver, 10).until(EC.alert_is_present())\n        al_msg = self.driver.switch_to.alert\n        alert_text = al_msg.text\n        self.driver.switch_to.alert.accept()\n        print(alert_text)\n        try:\n            if alert_text != &amp;quot;Thanks for the message!!&amp;quot;:\n                self.logger.info(&amp;quot;-----test case 028 is Passed-----&amp;quot;)\n                assert True\n            else:\n                time.sleep(5)\n                self.driver.save_screenshot(&amp;quot;.\\\\ScreenShots\\\\Contact_Page\\\\&amp;quot; + &amp;quot;test_case_028_contact.png&amp;quot;)\n                self.logger.error(&amp;quot;-----test case 028 is Passed-----&amp;quot;)\n&amp;gt;               assert False\nE               assert False\n\ntestCases\\test_Contact_Page.py:697: AssertionError\n\n------------------------------ Captured log call -------------------------------\nINFO     root:test_Contact_Page.py:679 -----test_case_028_validate_contact_with_no_email_valid_name_valid_message-----\nINFO     root:test_Contact_Page.py:680 -----Verifying Contact Page-----\nERROR    root:test_Contact_Page.py:696 -----test case 028 is Passed-----\n\n&#34;}], &#34;testCases/test_Contact_Page.py::TestCase003ContactPage::test_case_029_validate_contact_with_no_email_valid_name_invalid_message&#34;: [{&#34;extras&#34;: [], &#34;result&#34;: &#34;Failed&#34;, &#34;testId&#34;: &#34;testCases/test_Contact_Page.py::TestCase003ContactPage::test_case_029_validate_contact_with_no_email_valid_name_invalid_message&#34;, &#34;duration&#34;: &#34;00:00:11&#34;, &#34;resultsTableRow&#34;: [&#34;&lt;td class=\&#34;col-result\&#34;&gt;Failed&lt;/td&gt;&#34;, &#34;&lt;td class=\&#34;col-testId\&#34;&gt;testCases/test_Contact_Page.py::TestCase003ContactPage::test_case_029_validate_contact_with_no_email_valid_name_invalid_message&lt;/td&gt;&#34;, &#34;&lt;td class=\&#34;col-duration\&#34;&gt;00:00:11&lt;/td&gt;&#34;, &#34;&lt;td class=\&#34;col-links\&#34;&gt;&lt;/td&gt;&#34;], &#34;log&#34;: &#34;self = &amp;lt;testCases.test_Contact_Page.TestCase003ContactPage object at 0x000001E1786C22D0&amp;gt;\nsetup_and_teardown = &amp;lt;selenium.webdriver.chrome.webdriver.WebDriver (session=&amp;quot;5190cac840bdf91f62c7e75361969b94&amp;quot;)&amp;gt;\n\n    def test_case_029_validate_contact_with_no_email_valid_name_invalid_message(self, setup_and_teardown):\n        self.logger.info(&amp;quot;-----test_case_029_validate_contact_with_no_email_valid_name_invalid_message-----&amp;quot;)\n        self.logger.info(&amp;quot;-----Verifying Contact Page-----&amp;quot;)\n        self.driver = setup_and_teardown\n        self.cnt_page = Contact_page(self.driver)\n        self.cnt_page.set_all_the_fields(self.no_email, self.valid_name, self.invalid_message)\n        WebDriverWait(self.driver, 10).until(EC.alert_is_present())\n        al_msg = self.driver.switch_to.alert\n        alert_text = al_msg.text\n        self.driver.switch_to.alert.accept()\n        print(alert_text)\n        try:\n            if alert_text != &amp;quot;Thanks for the message!!&amp;quot;:\n                self.logger.info(&amp;quot;-----test case 029 is Passed-----&amp;quot;)\n                assert True\n            else:\n                time.sleep(5)\n                self.driver.save_screenshot(&amp;quot;.\\\\ScreenShots\\\\Contact_Page\\\\&amp;quot; + &amp;quot;test_case_029_contact.png&amp;quot;)\n                self.logger.error(&amp;quot;-----test case 029 is Passed-----&amp;quot;)\n&amp;gt;               assert False\nE               assert False\n\ntestCases\\test_Contact_Page.py:721: AssertionError\n\n------------------------------ Captured log call -------------------------------\nINFO     root:test_Contact_Page.py:703 -----test_case_029_validate_contact_with_no_email_valid_name_invalid_message-----\nINFO     root:test_Contact_Page.py:704 -----Verifying Contact Page-----\nERROR    root:test_Contact_Page.py:720 -----test case 029 is Passed-----\n\n&#34;}], &#34;testCases/test_Contact_Page.py::TestCase003ContactPage::test_case_030_validate_contact_with_no_email_valid_name_no_message&#34;: [{&#34;extras&#34;: [], &#34;result&#34;: &#34;Failed&#34;, &#34;testId&#34;: &#34;testCases/test_Contact_Page.py::TestCase003ContactPage::test_case_030_validate_contact_with_no_email_valid_name_no_message&#34;, &#34;duration&#34;: &#34;00:00:11&#34;, &#34;resultsTableRow&#34;: [&#34;&lt;td class=\&#34;col-result\&#34;&gt;Failed&lt;/td&gt;&#34;, &#34;&lt;td class=\&#34;col-testId\&#34;&gt;testCases/test_Contact_Page.py::TestCase003ContactPage::test_case_030_validate_contact_with_no_email_valid_name_no_message&lt;/td&gt;&#34;, &#34;&lt;td class=\&#34;col-duration\&#34;&gt;00:00:11&lt;/td&gt;&#34;, &#34;&lt;td class=\&#34;col-links\&#34;&gt;&lt;/td&gt;&#34;], &#34;log&#34;: &#34;self = &amp;lt;testCases.test_Contact_Page.TestCase003ContactPage object at 0x000001E1786C1C70&amp;gt;\nsetup_and_teardown = &amp;lt;selenium.webdriver.chrome.webdriver.WebDriver (session=&amp;quot;f52e95dea612d217d94710028ea7bcca&amp;quot;)&amp;gt;\n\n    def test_case_030_validate_contact_with_no_email_valid_name_no_message(self, setup_and_teardown):\n        self.logger.info(&amp;quot;-----test_case_030_validate_contact_with_no_email_valid_name_no_message-----&amp;quot;)\n        self.logger.info(&amp;quot;-----Verifying Contact Page-----&amp;quot;)\n        self.driver = setup_and_teardown\n        self.cnt_page = Contact_page(self.driver)\n        self.cnt_page.set_all_the_fields(self.no_email, self.valid_name, self.no_message)\n        WebDriverWait(self.driver, 10).until(EC.alert_is_present())\n        al_msg = self.driver.switch_to.alert\n        alert_text = al_msg.text\n        self.driver.switch_to.alert.accept()\n        print(alert_text)\n        try:\n            if alert_text != &amp;quot;Thanks for the message!!&amp;quot;:\n                self.logger.info(&amp;quot;-----test case 030 is Passed-----&amp;quot;)\n                assert True\n            else:\n                time.sleep(5)\n                self.driver.save_screenshot(&amp;quot;.\\\\ScreenShots\\\\Contact_Page\\\\&amp;quot; + &amp;quot;test_case_030_contact.png&amp;quot;)\n                self.logger.error(&amp;quot;-----test case 030 is Passed-----&amp;quot;)\n&amp;gt;               assert False\nE               assert False\n\ntestCases\\test_Contact_Page.py:745: AssertionError\n\n------------------------------ Captured log call -------------------------------\nINFO     root:test_Contact_Page.py:727 -----test_case_030_validate_contact_with_no_email_valid_name_no_message-----\nINFO     root:test_Contact_Page.py:728 -----Verifying Contact Page-----\nERROR    root:test_Contact_Page.py:744 -----test case 030 is Passed-----\n\n&#34;}], &#34;testCases/test_Contact_Page.py::TestCase003ContactPage::test_case_031_validate_contact_with_no_email_invalid_name_valid_message&#34;: [{&#34;extras&#34;: [], &#34;result&#34;: &#34;Failed&#34;, &#34;testId&#34;: &#34;testCases/test_Contact_Page.py::TestCase003ContactPage::test_case_031_validate_contact_with_no_email_invalid_name_valid_message&#34;, &#34;duration&#34;: &#34;00:00:11&#34;, &#34;resultsTableRow&#34;: [&#34;&lt;td class=\&#34;col-result\&#34;&gt;Failed&lt;/td&gt;&#34;, &#34;&lt;td class=\&#34;col-testId\&#34;&gt;testCases/test_Contact_Page.py::TestCase003ContactPage::test_case_031_validate_contact_with_no_email_invalid_name_valid_message&lt;/td&gt;&#34;, &#34;&lt;td class=\&#34;col-duration\&#34;&gt;00:00:11&lt;/td&gt;&#34;, &#34;&lt;td class=\&#34;col-links\&#34;&gt;&lt;/td&gt;&#34;], &#34;log&#34;: &#34;self = &amp;lt;testCases.test_Contact_Page.TestCase003ContactPage object at 0x000001E1786C37D0&amp;gt;\nsetup_and_teardown = &amp;lt;selenium.webdriver.chrome.webdriver.WebDriver (session=&amp;quot;9ad026fba4939d5b942e60edbf288350&amp;quot;)&amp;gt;\n\n    def test_case_031_validate_contact_with_no_email_invalid_name_valid_message(self, setup_and_teardown):\n        self.logger.info(&amp;quot;-----test_case_031_validate_contact_with_no_email_invalid_name_valid_message-----&amp;quot;)\n        self.logger.info(&amp;quot;-----Verifying Contact Page-----&amp;quot;)\n        self.driver = setup_and_teardown\n        self.cnt_page = Contact_page(self.driver)\n        self.cnt_page.set_all_the_fields(self.no_email, self.invalid_name, self.valid_message)\n        WebDriverWait(self.driver, 10).until(EC.alert_is_present())\n        al_msg = self.driver.switch_to.alert\n        alert_text = al_msg.text\n        self.driver.switch_to.alert.accept()\n        print(alert_text)\n        try:\n            if alert_text != &amp;quot;Thanks for the message!!&amp;quot;:\n                self.logger.info(&amp;quot;-----test case 031 is Passed-----&amp;quot;)\n                assert True\n            else:\n                time.sleep(5)\n                self.driver.save_screenshot(&amp;quot;.\\\\ScreenShots\\\\Contact_Page\\\\&amp;quot; + &amp;quot;test_case_031_contact.png&amp;quot;)\n                self.logger.error(&amp;quot;-----test case 031 is Passed-----&amp;quot;)\n&amp;gt;               assert False\nE               assert False\n\ntestCases\\test_Contact_Page.py:769: AssertionError\n\n------------------------------ Captured log call -------------------------------\nINFO     root:test_Contact_Page.py:751 -----test_case_031_validate_contact_with_no_email_invalid_name_valid_message-----\nINFO     root:test_Contact_Page.py:752 -----Verifying Contact Page-----\nERROR    root:test_Contact_Page.py:768 -----test case 031 is Passed-----\n\n&#34;}], &#34;testCases/test_Contact_Page.py::TestCase003ContactPage::test_case_032_validate_contact_with_no_email_invalid_name_invalid_message&#34;: [{&#34;extras&#34;: [], &#34;result&#34;: &#34;Failed&#34;, &#34;testId&#34;: &#34;testCases/test_Contact_Page.py::TestCase003ContactPage::test_case_032_validate_contact_with_no_email_invalid_name_invalid_message&#34;, &#34;duration&#34;: &#34;00:00:11&#34;, &#34;resultsTableRow&#34;: [&#34;&lt;td class=\&#34;col-result\&#34;&gt;Failed&lt;/td&gt;&#34;, &#34;&lt;td class=\&#34;col-testId\&#34;&gt;testCases/test_Contact_Page.py::TestCase003ContactPage::test_case_032_validate_contact_with_no_email_invalid_name_invalid_message&lt;/td&gt;&#34;, &#34;&lt;td class=\&#34;col-duration\&#34;&gt;00:00:11&lt;/td&gt;&#34;, &#34;&lt;td class=\&#34;col-links\&#34;&gt;&lt;/td&gt;&#34;], &#34;log&#34;: &#34;self = &amp;lt;testCases.test_Contact_Page.TestCase003ContactPage object at 0x000001E1786C3950&amp;gt;\nsetup_and_teardown = &amp;lt;selenium.webdriver.chrome.webdriver.WebDriver (session=&amp;quot;9385a9cc6a39ea1da683a03198ab5372&amp;quot;)&amp;gt;\n\n    def test_case_032_validate_contact_with_no_email_invalid_name_invalid_message(self, setup_and_teardown):\n        self.logger.info(&amp;quot;-----test_case_032_validate_contact_with_no_email_invalid_name_invalid_message-----&amp;quot;)\n        self.logger.info(&amp;quot;-----Verifying Contact Page-----&amp;quot;)\n        self.driver = setup_and_teardown\n        self.cnt_page = Contact_page(self.driver)\n        self.cnt_page.set_all_the_fields(self.no_email, self.invalid_name, self.invalid_message)\n        WebDriverWait(self.driver, 10).until(EC.alert_is_present())\n        al_msg = self.driver.switch_to.alert\n        alert_text = al_msg.text\n        self.driver.switch_to.alert.accept()\n        print(alert_text)\n        try:\n            if alert_text != &amp;quot;Thanks for the message!!&amp;quot;:\n                self.logger.info(&amp;quot;-----test case 032 is Passed-----&amp;quot;)\n                assert True\n            else:\n                time.sleep(5)\n                self.driver.save_screenshot(&amp;quot;.\\\\ScreenShots\\\\Contact_Page\\\\&amp;quot; + &amp;quot;test_case_032_contact.png&amp;quot;)\n                self.logger.error(&amp;quot;-----test case 032 is Passed-----&amp;quot;)\n&amp;gt;               assert False\nE               assert False\n\ntestCases\\test_Contact_Page.py:793: AssertionError\n\n------------------------------ Captured log call -------------------------------\nINFO     root:test_Contact_Page.py:775 -----test_case_032_validate_contact_with_no_email_invalid_name_invalid_message-----\nINFO     root:test_Contact_Page.py:776 -----Verifying Contact Page-----\nERROR    root:test_Contact_Page.py:792 -----test case 032 is Passed-----\n\n&#34;}], &#34;testCases/test_Contact_Page.py::TestCase003ContactPage::test_case_033_validate_contact_with_no_email_invalid_name_no_message&#34;: [{&#34;extras&#34;: [], &#34;result&#34;: &#34;Failed&#34;, &#34;testId&#34;: &#34;testCases/test_Contact_Page.py::TestCase003ContactPage::test_case_033_validate_contact_with_no_email_invalid_name_no_message&#34;, &#34;duration&#34;: &#34;00:00:11&#34;, &#34;resultsTableRow&#34;: [&#34;&lt;td class=\&#34;col-result\&#34;&gt;Failed&lt;/td&gt;&#34;, &#34;&lt;td class=\&#34;col-testId\&#34;&gt;testCases/test_Contact_Page.py::TestCase003ContactPage::test_case_033_validate_contact_with_no_email_invalid_name_no_message&lt;/td&gt;&#34;, &#34;&lt;td class=\&#34;col-duration\&#34;&gt;00:00:11&lt;/td&gt;&#34;, &#34;&lt;td class=\&#34;col-links\&#34;&gt;&lt;/td&gt;&#34;], &#34;log&#34;: &#34;self = &amp;lt;testCases.test_Contact_Page.TestCase003ContactPage object at 0x000001E1786C3AD0&amp;gt;\nsetup_and_teardown = &amp;lt;selenium.webdriver.chrome.webdriver.WebDriver (session=&amp;quot;08900492fa87f42eb1440ec390c9a5de&amp;quot;)&amp;gt;\n\n    def test_case_033_validate_contact_with_no_email_invalid_name_no_message(self, setup_and_teardown):\n        self.logger.info(&amp;quot;-----test_case_033_validate_contact_with_no_email_invalid_name_no_message-----&amp;quot;)\n        self.logger.info(&amp;quot;-----Verifying Contact Page-----&amp;quot;)\n        self.driver = setup_and_teardown\n        self.cnt_page = Contact_page(self.driver)\n        self.cnt_page.set_all_the_fields(self.no_email, self.invalid_name, self.no_message)\n        WebDriverWait(self.driver, 10).until(EC.alert_is_present())\n        al_msg = self.driver.switch_to.alert\n        alert_text = al_msg.text\n        self.driver.switch_to.alert.accept()\n        print(alert_text)\n        try:\n            if alert_text != &amp;quot;Thanks for the message!!&amp;quot;:\n                self.logger.info(&amp;quot;-----test case 033 is Passed-----&amp;quot;)\n                assert True\n            else:\n                time.sleep(5)\n                self.driver.save_screenshot(&amp;quot;.\\\\ScreenShots\\\\Contact_Page\\\\&amp;quot; + &amp;quot;test_case_033_contact.png&amp;quot;)\n                self.logger.error(&amp;quot;-----test case 033 is Passed-----&amp;quot;)\n&amp;gt;               assert False\nE               assert False\n\ntestCases\\test_Contact_Page.py:817: AssertionError\n\n------------------------------ Captured log call -------------------------------\nINFO     root:test_Contact_Page.py:799 -----test_case_033_validate_contact_with_no_email_invalid_name_no_message-----\nINFO     root:test_Contact_Page.py:800 -----Verifying Contact Page-----\nERROR    root:test_Contact_Page.py:816 -----test case 033 is Passed-----\n\n&#34;}], &#34;testCases/test_Contact_Page.py::TestCase003ContactPage::test_case_034_validate_contact_with_no_email_no_name_valid_message&#34;: [{&#34;extras&#34;: [], &#34;result&#34;: &#34;Failed&#34;, &#34;testId&#34;: &#34;testCases/test_Contact_Page.py::TestCase003ContactPage::test_case_034_validate_contact_with_no_email_no_name_valid_message&#34;, &#34;duration&#34;: &#34;00:00:11&#34;, &#34;resultsTableRow&#34;: [&#34;&lt;td class=\&#34;col-result\&#34;&gt;Failed&lt;/td&gt;&#34;, &#34;&lt;td class=\&#34;col-testId\&#34;&gt;testCases/test_Contact_Page.py::TestCase003ContactPage::test_case_034_validate_contact_with_no_email_no_name_valid_message&lt;/td&gt;&#34;, &#34;&lt;td class=\&#34;col-duration\&#34;&gt;00:00:11&lt;/td&gt;&#34;, &#34;&lt;td class=\&#34;col-links\&#34;&gt;&lt;/td&gt;&#34;], &#34;log&#34;: &#34;self = &amp;lt;testCases.test_Contact_Page.TestCase003ContactPage object at 0x000001E1786C3C50&amp;gt;\nsetup_and_teardown = &amp;lt;selenium.webdriver.chrome.webdriver.WebDriver (session=&amp;quot;cc63bfbde1a9a8bdec5f97f043b50abd&amp;quot;)&amp;gt;\n\n    def test_case_034_validate_contact_with_no_email_no_name_valid_message(self, setup_and_teardown):\n        self.logger.info(&amp;quot;-----test_case_034_validate_contact_with_no_email_no_name_valid_message-----&amp;quot;)\n        self.logger.info(&amp;quot;-----Verifying Contact Page-----&amp;quot;)\n        self.driver = setup_and_teardown\n        self.cnt_page = Contact_page(self.driver)\n        self.cnt_page.set_all_the_fields(self.no_email, self.no_name, self.valid_message)\n        WebDriverWait(self.driver, 10).until(EC.alert_is_present())\n        al_msg = self.driver.switch_to.alert\n        alert_text = al_msg.text\n        self.driver.switch_to.alert.accept()\n        print(alert_text)\n        try:\n            if alert_text != &amp;quot;Thanks for the message!!&amp;quot;:\n                self.logger.info(&amp;quot;-----test case 034 is Passed-----&amp;quot;)\n                assert True\n            else:\n                time.sleep(5)\n                self.driver.save_screenshot(&amp;quot;.\\\\ScreenShots\\\\Contact_Page\\\\&amp;quot; + &amp;quot;test_case_034_contact.png&amp;quot;)\n                self.logger.error(&amp;quot;-----test case 034 is Passed-----&amp;quot;)\n&amp;gt;               assert False\nE               assert False\n\ntestCases\\test_Contact_Page.py:841: AssertionError\n\n------------------------------ Captured log call -------------------------------\nINFO     root:test_Contact_Page.py:823 -----test_case_034_validate_contact_with_no_email_no_name_valid_message-----\nINFO     root:test_Contact_Page.py:824 -----Verifying Contact Page-----\nERROR    root:test_Contact_Page.py:840 -----test case 034 is Passed-----\n\n&#34;}], &#34;testCases/test_Contact_Page.py::TestCase003ContactPage::test_case_035_validate_contact_with_no_email_no_name_invalid_message&#34;: [{&#34;extras&#34;: [], &#34;result&#34;: &#34;Failed&#34;, &#34;testId&#34;: &#34;testCases/test_Contact_Page.py::TestCase003ContactPage::test_case_035_validate_contact_with_no_email_no_name_invalid_message&#34;, &#34;duration&#34;: &#34;00:00:12&#34;, &#34;resultsTableRow&#34;: [&#34;&lt;td class=\&#34;col-result\&#34;&gt;Failed&lt;/td&gt;&#34;, &#34;&lt;td class=\&#34;col-testId\&#34;&gt;testCases/test_Contact_Page.py::TestCase003ContactPage::test_case_035_validate_contact_with_no_email_no_name_invalid_message&lt;/td&gt;&#34;, &#34;&lt;td class=\&#34;col-duration\&#34;&gt;00:00:12&lt;/td&gt;&#34;, &#34;&lt;td class=\&#34;col-links\&#34;&gt;&lt;/td&gt;&#34;], &#34;log&#34;: &#34;self = &amp;lt;testCases.test_Contact_Page.TestCase003ContactPage object at 0x000001E1786C3DD0&amp;gt;\nsetup_and_teardown = &amp;lt;selenium.webdriver.chrome.webdriver.WebDriver (session=&amp;quot;bafe2ba9654be27de229eb75bf0acc8b&amp;quot;)&amp;gt;\n\n    def test_case_035_validate_contact_with_no_email_no_name_invalid_message(self, setup_and_teardown):\n        self.logger.info(&amp;quot;-----test_case_035_validate_contact_with_no_email_no_name_invalid_message-----&amp;quot;)\n        self.logger.info(&amp;quot;-----Verifying Contact Page-----&amp;quot;)\n        self.driver = setup_and_teardown\n        self.cnt_page = Contact_page(self.driver)\n        self.cnt_page.set_all_the_fields(self.no_email, self.no_name, self.invalid_message)\n        WebDriverWait(self.driver, 10).until(EC.alert_is_present())\n        al_msg = self.driver.switch_to.alert\n        alert_text = al_msg.text\n        self.driver.switch_to.alert.accept()\n        print(alert_text)\n        try:\n            if alert_text != &amp;quot;Thanks for the message!!&amp;quot;:\n                self.logger.info(&amp;quot;-----test case 035 is Passed-----&amp;quot;)\n                assert True\n            else:\n                time.sleep(5)\n                self.driver.save_screenshot(&amp;quot;.\\\\ScreenShots\\\\Contact_Page\\\\&amp;quot; + &amp;quot;test_case_035_contact.png&amp;quot;)\n                self.logger.error(&amp;quot;-----test case 035 is Passed-----&amp;quot;)\n&amp;gt;               assert False\nE               assert False\n\ntestCases\\test_Contact_Page.py:865: AssertionError\n\n------------------------------ Captured log call -------------------------------\nINFO     root:test_Contact_Page.py:847 -----test_case_035_validate_contact_with_no_email_no_name_invalid_message-----\nINFO     root:test_Contact_Page.py:848 -----Verifying Contact Page-----\nERROR    root:test_Contact_Page.py:864 -----test case 035 is Passed-----\n\n&#34;}], &#34;testCases/test_Contact_Page.py::TestCase003ContactPage::test_case_036_validate_contact_with_no_email_no_name_no_message&#34;: [{&#34;extras&#34;: [], &#34;result&#34;: &#34;Failed&#34;, &#34;testId&#34;: &#34;testCases/test_Contact_Page.py::TestCase003ContactPage::test_case_036_validate_contact_with_no_email_no_name_no_message&#34;, &#34;duration&#34;: &#34;00:00:12&#34;, &#34;resultsTableRow&#34;: [&#34;&lt;td class=\&#34;col-result\&#34;&gt;Failed&lt;/td&gt;&#34;, &#34;&lt;td class=\&#34;col-testId\&#34;&gt;testCases/test_Contact_Page.py::TestCase003ContactPage::test_case_036_validate_contact_with_no_email_no_name_no_message&lt;/td&gt;&#34;, &#34;&lt;td class=\&#34;col-duration\&#34;&gt;00:00:12&lt;/td&gt;&#34;, &#34;&lt;td class=\&#34;col-links\&#34;&gt;&lt;/td&gt;&#34;], &#34;log&#34;: &#34;self = &amp;lt;testCases.test_Contact_Page.TestCase003ContactPage object at 0x000001E1786C3F50&amp;gt;\nsetup_and_teardown = &amp;lt;selenium.webdriver.chrome.webdriver.WebDriver (session=&amp;quot;8c68f36797f16196b9ca00f1c87dcdb2&amp;quot;)&amp;gt;\n\n    def test_case_036_validate_contact_with_no_email_no_name_no_message(self, setup_and_teardown):\n        self.logger.info(&amp;quot;-----test_case_036_validate_contact_with_no_email_no_name_no_message-----&amp;quot;)\n        self.logger.info(&amp;quot;-----Verifying Contact Page-----&amp;quot;)\n        self.driver = setup_and_teardown\n        self.cnt_page = Contact_page(self.driver)\n        self.cnt_page.set_all_the_fields(self.no_email, self.no_name, self.no_message)\n        WebDriverWait(self.driver, 10).until(EC.alert_is_present())\n        al_msg = self.driver.switch_to.alert\n        alert_text = al_msg.text\n        self.driver.switch_to.alert.accept()\n        print(alert_text)\n        try:\n            if alert_text != &amp;quot;Thanks for the message!!&amp;quot;:\n                self.logger.info(&amp;quot;-----test case 036 is Passed-----&amp;quot;)\n                assert True\n            else:\n                time.sleep(5)\n                self.driver.save_screenshot(&amp;quot;.\\\\ScreenShots\\\\Contact_Page\\\\&amp;quot; + &amp;quot;test_case_036_contact.png&amp;quot;)\n                self.logger.error(&amp;quot;-----test case 036 is Passed-----&amp;quot;)\n&amp;gt;               assert False\nE               assert False\n\ntestCases\\test_Contact_Page.py:889: AssertionError\n\n------------------------------ Captured log call -------------------------------\nINFO     root:test_Contact_Page.py:871 -----test_case_036_validate_contact_with_no_email_no_name_no_message-----\nINFO     root:test_Contact_Page.py:872 -----Verifying Contact Page-----\nERROR    root:test_Contact_Page.py:888 -----test case 036 is Passed-----\n\n&#34;}], &#34;testCases/test_Contact_Page.py::TestCase003ContactPage::test_case_037_click_on_contact_button&#34;: [{&#34;extras&#34;: [], &#34;result&#34;: &#34;Failed&#34;, &#34;testId&#34;: &#34;testCases/test_Contact_Page.py::TestCase003ContactPage::test_case_037_click_on_contact_button&#34;, &#34;duration&#34;: &#34;00:00:11&#34;, &#34;resultsTableRow&#34;: [&#34;&lt;td class=\&#34;col-result\&#34;&gt;Failed&lt;/td&gt;&#34;, &#34;&lt;td class=\&#34;col-testId\&#34;&gt;testCases/test_Contact_Page.py::TestCase003ContactPage::test_case_037_click_on_contact_button&lt;/td&gt;&#34;, &#34;&lt;td class=\&#34;col-duration\&#34;&gt;00:00:11&lt;/td&gt;&#34;, &#34;&lt;td class=\&#34;col-links\&#34;&gt;&lt;/td&gt;&#34;], &#34;log&#34;: &#34;self = &amp;lt;testCases.test_Contact_Page.TestCase003ContactPage object at 0x000001E17869C110&amp;gt;\nsetup_and_teardown = &amp;lt;selenium.webdriver.chrome.webdriver.WebDriver (session=&amp;quot;96752595beddb9106c46d2449f5f5d0f&amp;quot;)&amp;gt;\n\n    def test_case_037_click_on_contact_button(self, setup_and_teardown):\n        self.logger.info(&amp;quot;&amp;quot;)\n        self.logger.info(&amp;quot;-----Verifying Contact Page-----&amp;quot;)\n        self.driver = setup_and_teardown\n        self.cnt_page = Contact_page(self.driver)\n        self.cnt_page.click_on_contact_button()\n        try:\n            WebDriverWait(self.driver, 10).until(\n                EC.visibility_of_element_located((By.XPATH, self.Contact_page_text)))\n            actual_text = self.driver.find_element(By.XPATH, self.Contact_page_text).text\n            expected_text = &amp;quot;Sign up&amp;quot;\n            if actual_text == expected_text:\n                self.logger.info(&amp;quot;-----test case 037 is Passed------&amp;quot;)\n                assert True\n            else:\n                time.sleep(5)\n                self.logger.error(&amp;quot;------test case 037 is Failed-----&amp;quot;)\n                self.driver.save_screenshot(&amp;quot;.\\\\ScreenShots\\\\Contact_Page\\\\&amp;quot; + &amp;quot;test_case_037_contact.png&amp;quot;)\n&amp;gt;               assert False\nE               assert False\n\ntestCases\\test_Contact_Page.py:912: AssertionError\n\n------------------------------ Captured log call -------------------------------\nINFO     root:test_Contact_Page.py:895 \nINFO     root:test_Contact_Page.py:896 -----Verifying Contact Page-----\nERROR    root:test_Contact_Page.py:910 ------test case 037 is Failed-----\n\n&#34;}], &#34;testCases/test_Contact_Page.py::TestCase003ContactPage::test_case_038_click_on_contact_close_button&#34;: [{&#34;extras&#34;: [], &#34;result&#34;: &#34;Passed&#34;, &#34;testId&#34;: &#34;testCases/test_Contact_Page.py::TestCase003ContactPage::test_case_038_click_on_contact_close_button&#34;, &#34;duration&#34;: &#34;00:00:05&#34;, &#34;resultsTableRow&#34;: [&#34;&lt;td class=\&#34;col-result\&#34;&gt;Passed&lt;/td&gt;&#34;, &#34;&lt;td class=\&#34;col-testId\&#34;&gt;testCases/test_Contact_Page.py::TestCase003ContactPage::test_case_038_click_on_contact_close_button&lt;/td&gt;&#34;, &#34;&lt;td class=\&#34;col-duration\&#34;&gt;00:00:05&lt;/td&gt;&#34;, &#34;&lt;td class=\&#34;col-links\&#34;&gt;&lt;/td&gt;&#34;], &#34;log&#34;: &#34;------------------------------ Captured log call -------------------------------\nINFO     root:test_Contact_Page.py:919 \nINFO     root:test_Contact_Page.py:920 -----Verifying Contact Page-----\nINFO     root:test_Contact_Page.py:927 -----test case 038 is Passed------\n\n&#34;}], &#34;testCases/test_Contact_Page.py::TestCase003ContactPage::test_case_039_click_on_contact_x_mark&#34;: [{&#34;extras&#34;: [], &#34;result&#34;: &#34;Passed&#34;, &#34;testId&#34;: &#34;testCases/test_Contact_Page.py::TestCase003ContactPage::test_case_039_click_on_contact_x_mark&#34;, &#34;duration&#34;: &#34;00:00:05&#34;, &#34;resultsTableRow&#34;: [&#34;&lt;td class=\&#34;col-result\&#34;&gt;Passed&lt;/td&gt;&#34;, &#34;&lt;td class=\&#34;col-testId\&#34;&gt;testCases/test_Contact_Page.py::TestCase003ContactPage::test_case_039_click_on_contact_x_mark&lt;/td&gt;&#34;, &#34;&lt;td class=\&#34;col-duration\&#34;&gt;00:00:05&lt;/td&gt;&#34;, &#34;&lt;td class=\&#34;col-links\&#34;&gt;&lt;/td&gt;&#34;], &#34;log&#34;: &#34;------------------------------ Captured log call -------------------------------\nINFO     root:test_Contact_Page.py:939 \nINFO     root:test_Contact_Page.py:940 -----Verifying Contact Page-----\nINFO     root:test_Contact_Page.py:947 -----test case 039 is Passed------\n\n&#34;}]}, &#34;renderCollapsed&#34;: [&#34;passed&#34;], &#34;initialSort&#34;: &#34;result&#34;, &#34;title&#34;: &#34;Contact_Page.html&#34;}"></div>
    <script>
      (function(){function r(e,n,t){function o(i,f){if(!n[i]){if(!e[i]){var c="function"==typeof require&&require;if(!f&&c)return c(i,!0);if(u)return u(i,!0);var a=new Error("Cannot find module '"+i+"'");throw a.code="MODULE_NOT_FOUND",a}var p=n[i]={exports:{}};e[i][0].call(p.exports,function(r){var n=e[i][1][r];return o(n||r)},p,p.exports,r,e,n,t)}return n[i].exports}for(var u="function"==typeof require&&require,i=0;i<t.length;i++)o(t[i]);return o}return r})()({1:[function(require,module,exports){
const { getCollapsedCategory, setCollapsedIds } = require('./storage.js')

class DataManager {
    setManager(data) {
        const collapsedCategories = [...getCollapsedCategory(data.renderCollapsed)]
        const collapsedIds = []
        const tests = Object.values(data.tests).flat().map((test, index) => {
            const collapsed = collapsedCategories.includes(test.result.toLowerCase())
            const id = `test_${index}`
            if (collapsed) {
                collapsedIds.push(id)
            }
            return {
                ...test,
                id,
                collapsed,
            }
        })
        const dataBlob = { ...data, tests }
        this.data = { ...dataBlob }
        this.renderData = { ...dataBlob }
        setCollapsedIds(collapsedIds)
    }

    get allData() {
        return { ...this.data }
    }

    resetRender() {
        this.renderData = { ...this.data }
    }

    setRender(data) {
        this.renderData.tests = [...data]
    }

    toggleCollapsedItem(id) {
        this.renderData.tests = this.renderData.tests.map((test) =>
            test.id === id ? { ...test, collapsed: !test.collapsed } : test,
        )
    }

    set allCollapsed(collapsed) {
        this.renderData = { ...this.renderData, tests: [...this.renderData.tests.map((test) => (
            { ...test, collapsed }
        ))] }
    }

    get testSubset() {
        return [...this.renderData.tests]
    }

    get environment() {
        return this.renderData.environment
    }

    get initialSort() {
        return this.data.initialSort
    }
}

module.exports = {
    manager: new DataManager(),
}

},{"./storage.js":8}],2:[function(require,module,exports){
const mediaViewer = require('./mediaviewer.js')
const templateEnvRow = document.getElementById('template_environment_row')
const templateResult = document.getElementById('template_results-table__tbody')

function htmlToElements(html) {
    const temp = document.createElement('template')
    temp.innerHTML = html
    return temp.content.childNodes
}

const find = (selector, elem) => {
    if (!elem) {
        elem = document
    }
    return elem.querySelector(selector)
}

const findAll = (selector, elem) => {
    if (!elem) {
        elem = document
    }
    return [...elem.querySelectorAll(selector)]
}

const dom = {
    getStaticRow: (key, value) => {
        const envRow = templateEnvRow.content.cloneNode(true)
        const isObj = typeof value === 'object' && value !== null
        const values = isObj ? Object.keys(value).map((k) => `${k}: ${value[k]}`) : null

        const valuesElement = htmlToElements(
            values ? `<ul>${values.map((val) => `<li>${val}</li>`).join('')}<ul>` : `<div>${value}</div>`)[0]
        const td = findAll('td', envRow)
        td[0].textContent = key
        td[1].appendChild(valuesElement)

        return envRow
    },
    getResultTBody: ({ testId, id, log, extras, resultsTableRow, tableHtml, result, collapsed }) => {
        const resultBody = templateResult.content.cloneNode(true)
        resultBody.querySelector('tbody').classList.add(result.toLowerCase())
        resultBody.querySelector('tbody').id = testId
        resultBody.querySelector('.collapsible').dataset.id = id

        resultsTableRow.forEach((html) => {
            const t = document.createElement('template')
            t.innerHTML = html
            resultBody.querySelector('.collapsible').appendChild(t.content)
        })

        if (log) {
            // Wrap lines starting with "E" with span.error to color those lines red
            const wrappedLog = log.replace(/^E.*$/gm, (match) => `<span class="error">${match}</span>`)
            resultBody.querySelector('.log').innerHTML = wrappedLog
        } else {
            resultBody.querySelector('.log').remove()
        }

        if (collapsed) {
            resultBody.querySelector('.collapsible > td')?.classList.add('collapsed')
            resultBody.querySelector('.extras-row').classList.add('hidden')
        } else {
            resultBody.querySelector('.collapsible > td')?.classList.remove('collapsed')
        }

        const media = []
        extras?.forEach(({ name, format_type, content }) => {
            if (['image', 'video'].includes(format_type)) {
                media.push({ path: content, name, format_type })
            }

            if (format_type === 'html') {
                resultBody.querySelector('.extraHTML').insertAdjacentHTML('beforeend', `<div>${content}</div>`)
            }
        })
        mediaViewer.setup(resultBody, media)

        // Add custom html from the pytest_html_results_table_html hook
        tableHtml?.forEach((item) => {
            resultBody.querySelector('td[class="extra"]').insertAdjacentHTML('beforeend', item)
        })

        return resultBody
    },
}

module.exports = {
    dom,
    htmlToElements,
    find,
    findAll,
}

},{"./mediaviewer.js":6}],3:[function(require,module,exports){
const { manager } = require('./datamanager.js')
const { doSort } = require('./sort.js')
const storageModule = require('./storage.js')

const getFilteredSubSet = (filter) =>
    manager.allData.tests.filter(({ result }) => filter.includes(result.toLowerCase()))

const doInitFilter = () => {
    const currentFilter = storageModule.getVisible()
    const filteredSubset = getFilteredSubSet(currentFilter)
    manager.setRender(filteredSubset)
}

const doFilter = (type, show) => {
    if (show) {
        storageModule.showCategory(type)
    } else {
        storageModule.hideCategory(type)
    }

    const currentFilter = storageModule.getVisible()
    const filteredSubset = getFilteredSubSet(currentFilter)
    manager.setRender(filteredSubset)

    const sortColumn = storageModule.getSort()
    doSort(sortColumn, true)
}

module.exports = {
    doFilter,
    doInitFilter,
}

},{"./datamanager.js":1,"./sort.js":7,"./storage.js":8}],4:[function(require,module,exports){
const { redraw, bindEvents, renderStatic } = require('./main.js')
const { doInitFilter } = require('./filter.js')
const { doInitSort } = require('./sort.js')
const { manager } = require('./datamanager.js')
const data = JSON.parse(document.getElementById('data-container').dataset.jsonblob)

function init() {
    manager.setManager(data)
    doInitFilter()
    doInitSort()
    renderStatic()
    redraw()
    bindEvents()
}

init()

},{"./datamanager.js":1,"./filter.js":3,"./main.js":5,"./sort.js":7}],5:[function(require,module,exports){
const { dom, find, findAll } = require('./dom.js')
const { manager } = require('./datamanager.js')
const { doSort } = require('./sort.js')
const { doFilter } = require('./filter.js')
const {
    getVisible,
    getCollapsedIds,
    setCollapsedIds,
    getSort,
    getSortDirection,
    possibleFilters,
} = require('./storage.js')

const removeChildren = (node) => {
    while (node.firstChild) {
        node.removeChild(node.firstChild)
    }
}

const renderStatic = () => {
    const renderEnvironmentTable = () => {
        const environment = manager.environment
        const rows = Object.keys(environment).map((key) => dom.getStaticRow(key, environment[key]))
        const table = document.getElementById('environment')
        removeChildren(table)
        rows.forEach((row) => table.appendChild(row))
    }
    renderEnvironmentTable()
}

const addItemToggleListener = (elem) => {
    elem.addEventListener('click', ({ target }) => {
        const id = target.parentElement.dataset.id
        manager.toggleCollapsedItem(id)

        const collapsedIds = getCollapsedIds()
        if (collapsedIds.includes(id)) {
            const updated = collapsedIds.filter((item) => item !== id)
            setCollapsedIds(updated)
        } else {
            collapsedIds.push(id)
            setCollapsedIds(collapsedIds)
        }
        redraw()
    })
}

const renderContent = (tests) => {
    const sortAttr = getSort(manager.initialSort)
    const sortAsc = JSON.parse(getSortDirection())
    const rows = tests.map(dom.getResultTBody)
    const table = document.getElementById('results-table')
    const tableHeader = document.getElementById('results-table-head')

    const newTable = document.createElement('table')
    newTable.id = 'results-table'

    // remove all sorting classes and set the relevant
    findAll('.sortable', tableHeader).forEach((elem) => elem.classList.remove('asc', 'desc'))
    tableHeader.querySelector(`.sortable[data-column-type="${sortAttr}"]`)?.classList.add(sortAsc ? 'desc' : 'asc')
    newTable.appendChild(tableHeader)

    if (!rows.length) {
        const emptyTable = document.getElementById('template_results-table__body--empty').content.cloneNode(true)
        newTable.appendChild(emptyTable)
    } else {
        rows.forEach((row) => {
            if (!!row) {
                findAll('.collapsible td:not(.col-links', row).forEach(addItemToggleListener)
                find('.logexpander', row).addEventListener('click',
                    (evt) => evt.target.parentNode.classList.toggle('expanded'),
                )
                newTable.appendChild(row)
            }
        })
    }

    table.replaceWith(newTable)
}

const renderDerived = () => {
    const currentFilter = getVisible()
    possibleFilters.forEach((result) => {
        const input = document.querySelector(`input[data-test-result="${result}"]`)
        input.checked = currentFilter.includes(result)
    })
}

const bindEvents = () => {
    const filterColumn = (evt) => {
        const { target: element } = evt
        const { testResult } = element.dataset

        doFilter(testResult, element.checked)
        const collapsedIds = getCollapsedIds()
        const updated = manager.renderData.tests.map((test) => {
            return {
                ...test,
                collapsed: collapsedIds.includes(test.id),
            }
        })
        manager.setRender(updated)
        redraw()
    }

    const header = document.getElementById('environment-header')
    header.addEventListener('click', () => {
        const table = document.getElementById('environment')
        table.classList.toggle('hidden')
        header.classList.toggle('collapsed')
    })

    findAll('input[name="filter_checkbox"]').forEach((elem) => {
        elem.addEventListener('click', filterColumn)
    })

    findAll('.sortable').forEach((elem) => {
        elem.addEventListener('click', (evt) => {
            const { target: element } = evt
            const { columnType } = element.dataset
            doSort(columnType)
            redraw()
        })
    })

    document.getElementById('show_all_details').addEventListener('click', () => {
        manager.allCollapsed = false
        setCollapsedIds([])
        redraw()
    })
    document.getElementById('hide_all_details').addEventListener('click', () => {
        manager.allCollapsed = true
        const allIds = manager.renderData.tests.map((test) => test.id)
        setCollapsedIds(allIds)
        redraw()
    })
}

const redraw = () => {
    const { testSubset } = manager

    renderContent(testSubset)
    renderDerived()
}

module.exports = {
    redraw,
    bindEvents,
    renderStatic,
}

},{"./datamanager.js":1,"./dom.js":2,"./filter.js":3,"./sort.js":7,"./storage.js":8}],6:[function(require,module,exports){
class MediaViewer {
    constructor(assets) {
        this.assets = assets
        this.index = 0
    }

    nextActive() {
        this.index = this.index === this.assets.length - 1 ? 0 : this.index + 1
        return [this.activeFile, this.index]
    }

    prevActive() {
        this.index = this.index === 0 ? this.assets.length - 1 : this.index -1
        return [this.activeFile, this.index]
    }

    get currentIndex() {
        return this.index
    }

    get activeFile() {
        return this.assets[this.index]
    }
}


const setup = (resultBody, assets) => {
    if (!assets.length) {
        resultBody.querySelector('.media').classList.add('hidden')
        return
    }

    const mediaViewer = new MediaViewer(assets)
    const container = resultBody.querySelector('.media-container')
    const leftArrow = resultBody.querySelector('.media-container__nav--left')
    const rightArrow = resultBody.querySelector('.media-container__nav--right')
    const mediaName = resultBody.querySelector('.media__name')
    const counter = resultBody.querySelector('.media__counter')
    const imageEl = resultBody.querySelector('img')
    const sourceEl = resultBody.querySelector('source')
    const videoEl = resultBody.querySelector('video')

    const setImg = (media, index) => {
        if (media?.format_type === 'image') {
            imageEl.src = media.path

            imageEl.classList.remove('hidden')
            videoEl.classList.add('hidden')
        } else if (media?.format_type === 'video') {
            sourceEl.src = media.path

            videoEl.classList.remove('hidden')
            imageEl.classList.add('hidden')
        }

        mediaName.innerText = media?.name
        counter.innerText = `${index + 1} / ${assets.length}`
    }
    setImg(mediaViewer.activeFile, mediaViewer.currentIndex)

    const moveLeft = () => {
        const [media, index] = mediaViewer.prevActive()
        setImg(media, index)
    }
    const doRight = () => {
        const [media, index] = mediaViewer.nextActive()
        setImg(media, index)
    }
    const openImg = () => {
        window.open(mediaViewer.activeFile.path, '_blank')
    }
    if (assets.length === 1) {
        container.classList.add('media-container--fullscreen')
    } else {
        leftArrow.addEventListener('click', moveLeft)
        rightArrow.addEventListener('click', doRight)
    }
    imageEl.addEventListener('click', openImg)
}

module.exports = {
    setup,
}

},{}],7:[function(require,module,exports){
const { manager } = require('./datamanager.js')
const storageModule = require('./storage.js')

const genericSort = (list, key, ascending, customOrder) => {
    let sorted
    if (customOrder) {
        sorted = list.sort((a, b) => {
            const aValue = a.result.toLowerCase()
            const bValue = b.result.toLowerCase()

            const aIndex = customOrder.findIndex((item) => item.toLowerCase() === aValue)
            const bIndex = customOrder.findIndex((item) => item.toLowerCase() === bValue)

            // Compare the indices to determine the sort order
            return aIndex - bIndex
        })
    } else {
        sorted = list.sort((a, b) => a[key] === b[key] ? 0 : a[key] > b[key] ? 1 : -1)
    }

    if (ascending) {
        sorted.reverse()
    }
    return sorted
}

const durationSort = (list, ascending) => {
    const parseDuration = (duration) => {
        if (duration.includes(':')) {
            // If it's in the format "HH:mm:ss"
            const [hours, minutes, seconds] = duration.split(':').map(Number)
            return (hours * 3600 + minutes * 60 + seconds) * 1000
        } else {
            // If it's in the format "nnn ms"
            return parseInt(duration)
        }
    }
    const sorted = list.sort((a, b) => parseDuration(a['duration']) - parseDuration(b['duration']))
    if (ascending) {
        sorted.reverse()
    }
    return sorted
}

const doInitSort = () => {
    const type = storageModule.getSort(manager.initialSort)
    const ascending = storageModule.getSortDirection()
    const list = manager.testSubset
    const initialOrder = ['Error', 'Failed', 'Rerun', 'XFailed', 'XPassed', 'Skipped', 'Passed']

    storageModule.setSort(type)
    storageModule.setSortDirection(ascending)

    if (type?.toLowerCase() === 'original') {
        manager.setRender(list)
    } else {
        let sortedList
        switch (type) {
        case 'duration':
            sortedList = durationSort(list, ascending)
            break
        case 'result':
            sortedList = genericSort(list, type, ascending, initialOrder)
            break
        default:
            sortedList = genericSort(list, type, ascending)
            break
        }
        manager.setRender(sortedList)
    }
}

const doSort = (type, skipDirection) => {
    const newSortType = storageModule.getSort(manager.initialSort) !== type
    const currentAsc = storageModule.getSortDirection()
    let ascending
    if (skipDirection) {
        ascending = currentAsc
    } else {
        ascending = newSortType ? false : !currentAsc
    }
    storageModule.setSort(type)
    storageModule.setSortDirection(ascending)

    const list = manager.testSubset
    const sortedList = type === 'duration' ? durationSort(list, ascending) : genericSort(list, type, ascending)
    manager.setRender(sortedList)
}

module.exports = {
    doInitSort,
    doSort,
}

},{"./datamanager.js":1,"./storage.js":8}],8:[function(require,module,exports){
const possibleFilters = [
    'passed',
    'skipped',
    'failed',
    'error',
    'xfailed',
    'xpassed',
    'rerun',
]

const getVisible = () => {
    const url = new URL(window.location.href)
    const settings = new URLSearchParams(url.search).get('visible')
    const lower = (item) => {
        const lowerItem = item.toLowerCase()
        if (possibleFilters.includes(lowerItem)) {
            return lowerItem
        }
        return null
    }
    return settings === null ?
        possibleFilters :
        [...new Set(settings?.split(',').map(lower).filter((item) => item))]
}

const hideCategory = (categoryToHide) => {
    const url = new URL(window.location.href)
    const visibleParams = new URLSearchParams(url.search).get('visible')
    const currentVisible = visibleParams ? visibleParams.split(',') : [...possibleFilters]
    const settings = [...new Set(currentVisible)].filter((f) => f !== categoryToHide).join(',')

    url.searchParams.set('visible', settings)
    window.history.pushState({}, null, unescape(url.href))
}

const showCategory = (categoryToShow) => {
    if (typeof window === 'undefined') {
        return
    }
    const url = new URL(window.location.href)
    const currentVisible = new URLSearchParams(url.search).get('visible')?.split(',').filter(Boolean) ||
        [...possibleFilters]
    const settings = [...new Set([categoryToShow, ...currentVisible])]
    const noFilter = possibleFilters.length === settings.length || !settings.length

    noFilter ? url.searchParams.delete('visible') : url.searchParams.set('visible', settings.join(','))
    window.history.pushState({}, null, unescape(url.href))
}

const getSort = (initialSort) => {
    const url = new URL(window.location.href)
    let sort = new URLSearchParams(url.search).get('sort')
    if (!sort) {
        sort = initialSort || 'result'
    }
    return sort
}

const setSort = (type) => {
    const url = new URL(window.location.href)
    url.searchParams.set('sort', type)
    window.history.pushState({}, null, unescape(url.href))
}

const getCollapsedCategory = (renderCollapsed) => {
    let categories
    if (typeof window !== 'undefined') {
        const url = new URL(window.location.href)
        const collapsedItems = new URLSearchParams(url.search).get('collapsed')
        switch (true) {
        case !renderCollapsed && collapsedItems === null:
            categories = ['passed']
            break
        case collapsedItems?.length === 0 || /^["']{2}$/.test(collapsedItems):
            categories = []
            break
        case /^all$/.test(collapsedItems) || collapsedItems === null && /^all$/.test(renderCollapsed):
            categories = [...possibleFilters]
            break
        default:
            categories = collapsedItems?.split(',').map((item) => item.toLowerCase()) || renderCollapsed
            break
        }
    } else {
        categories = []
    }
    return categories
}

const getSortDirection = () => JSON.parse(sessionStorage.getItem('sortAsc')) || false
const setSortDirection = (ascending) => sessionStorage.setItem('sortAsc', ascending)

const getCollapsedIds = () => JSON.parse(sessionStorage.getItem('collapsedIds')) || []
const setCollapsedIds = (list) => sessionStorage.setItem('collapsedIds', JSON.stringify(list))

module.exports = {
    getVisible,
    hideCategory,
    showCategory,
    getCollapsedIds,
    setCollapsedIds,
    getSort,
    setSort,
    getSortDirection,
    setSortDirection,
    getCollapsedCategory,
    possibleFilters,
}

},{}]},{},[4]);
    </script>
  </footer>
</html>