<!DOCTYPE html>
<html>
  <head>
    <meta charset="utf-8"/>
    <title id="head-title">Contact_Page_Final.html</title>
      <link href="assets\style.css" rel="stylesheet" type="text/css"/>
  </head>
  <body>
    <h1 id="title">Contact_Page_Final.html</h1>
    <p>Report generated on 22-Feb-2024 at 12:11:14 by <a href="https://pypi.python.org/pypi/pytest-html">pytest-html</a>
        v4.1.1</p>
    <div id="environment-header">
      <h2>Environment</h2>
    </div>
    <table id="environment"></table>
    <!-- TEMPLATES -->
      <template id="template_environment_row">
      <tr>
        <td></td>
        <td></td>
      </tr>
    </template>
    <template id="template_results-table__body--empty">
      <tbody class="results-table-row">
        <tr id="not-found-message">
          <td colspan="4">No results found. Check the filters.</th>
        </tr>
    </template>
    <template id="template_results-table__tbody">
      <tbody class="results-table-row">
        <tr class="collapsible">
        </tr>
        <tr class="extras-row">
          <td class="extra" colspan="4">
            <div class="extraHTML"></div>
            <div class="media">
              <div class="media-container">
                  <div class="media-container__nav--left"><</div>
                  <div class="media-container__viewport">
                    <img src="" />
                    <video controls>
                      <source src="" type="video/mp4">
                    </video>
                  </div>
                  <div class="media-container__nav--right">></div>
                </div>
                <div class="media__name"></div>
                <div class="media__counter"></div>
            </div>
            <div class="logwrapper">
              <div class="logexpander"></div>
              <div class="log"></div>
            </div>
          </td>
        </tr>
      </tbody>
    </template>
    <!-- END TEMPLATES -->
    <div class="summary">
      <div class="summary__data">
        <h2>Summary</h2>
        <div class="additional-summary prefix">
        </div>
        <p class="run-count">39 tests took 00:06:56.</p>
        <p class="filter">(Un)check the boxes to filter the results.</p>
        <div class="summary__reload">
          <div class="summary__reload__button hidden" onclick="location.reload()">
            <div>There are still tests running. <br />Reload this page to get the latest results!</div>
          </div>
        </div>
        <div class="summary__spacer"></div>
        <div class="controls">
          <div class="filters">
            <input checked="true" class="filter" name="filter_checkbox" type="checkbox" data-test-result="failed" />
            <span class="failed">35 Failed,</span>
            <input checked="true" class="filter" name="filter_checkbox" type="checkbox" data-test-result="passed" />
            <span class="passed">4 Passed,</span>
            <input checked="true" class="filter" name="filter_checkbox" type="checkbox" data-test-result="skipped" disabled/>
            <span class="skipped">0 Skipped,</span>
            <input checked="true" class="filter" name="filter_checkbox" type="checkbox" data-test-result="xfailed" disabled/>
            <span class="xfailed">0 Expected failures,</span>
            <input checked="true" class="filter" name="filter_checkbox" type="checkbox" data-test-result="xpassed" disabled/>
            <span class="xpassed">0 Unexpected passes,</span>
            <input checked="true" class="filter" name="filter_checkbox" type="checkbox" data-test-result="error" disabled/>
            <span class="error">0 Errors,</span>
            <input checked="true" class="filter" name="filter_checkbox" type="checkbox" data-test-result="rerun" disabled/>
            <span class="rerun">0 Reruns</span>
          </div>
          <div class="collapse">
            <button id="show_all_details">Show all details</button>&nbsp;/&nbsp;<button id="hide_all_details">Hide all details</button>
          </div>
        </div>
      </div>
      <div class="additional-summary summary">
      </div>
      <div class="additional-summary postfix">
      </div>
    </div>
    <table id="results-table">
      <thead id="results-table-head">
        <tr>
          <th class="sortable" data-column-type="result">Result</th>
          <th class="sortable" data-column-type="testId">Test</th>
          <th class="sortable" data-column-type="duration">Duration</th>
          <th>Links</th>
        </tr>
      </thead>
    </table>
  </body>
  <footer>
    <div id="data-container" data-jsonblob="{&#34;environment&#34;: {&#34;Python&#34;: &#34;3.12.0&#34;, &#34;Platform&#34;: &#34;Windows-11-10.0.22621-SP0&#34;, &#34;Packages&#34;: {&#34;pytest&#34;: &#34;8.0.0&#34;, &#34;pluggy&#34;: &#34;1.4.0&#34;}, &#34;Plugins&#34;: {&#34;html&#34;: &#34;4.1.1&#34;, &#34;metadata&#34;: &#34;3.1.0&#34;, &#34;xdist&#34;: &#34;3.5.0&#34;}}, &#34;tests&#34;: {&#34;test_Contact_Page.py::TestCase003ContactPage::test_case_001_validate_contact_with_valid_email_valid_name_valid_message&#34;: [{&#34;extras&#34;: [], &#34;result&#34;: &#34;Passed&#34;, &#34;testId&#34;: &#34;test_Contact_Page.py::TestCase003ContactPage::test_case_001_validate_contact_with_valid_email_valid_name_valid_message&#34;, &#34;duration&#34;: &#34;00:00:08&#34;, &#34;resultsTableRow&#34;: [&#34;&lt;td class=\&#34;col-result\&#34;&gt;Passed&lt;/td&gt;&#34;, &#34;&lt;td class=\&#34;col-testId\&#34;&gt;test_Contact_Page.py::TestCase003ContactPage::test_case_001_validate_contact_with_valid_email_valid_name_valid_message&lt;/td&gt;&#34;, &#34;&lt;td class=\&#34;col-duration\&#34;&gt;00:00:08&lt;/td&gt;&#34;, &#34;&lt;td class=\&#34;col-links\&#34;&gt;&lt;/td&gt;&#34;], &#34;log&#34;: &#34;------------------------------ Captured log call -------------------------------\nINFO     root:test_Contact_Page.py:39 -----test_case_001_validate_contact_with_valid_email_valid_name_valid_message-----\nINFO     root:test_Contact_Page.py:40 -----Verifying Contact Page-----\nINFO     root:test_Contact_Page.py:51 -----test case 001 is Passed-----\n\n&#34;}], &#34;test_Contact_Page.py::TestCase003ContactPage::test_case_002_validate_contact_with_valid_email_valid_name_invalid_message&#34;: [{&#34;extras&#34;: [], &#34;result&#34;: &#34;Failed&#34;, &#34;testId&#34;: &#34;test_Contact_Page.py::TestCase003ContactPage::test_case_002_validate_contact_with_valid_email_valid_name_invalid_message&#34;, &#34;duration&#34;: &#34;00:00:13&#34;, &#34;resultsTableRow&#34;: [&#34;&lt;td class=\&#34;col-result\&#34;&gt;Failed&lt;/td&gt;&#34;, &#34;&lt;td class=\&#34;col-testId\&#34;&gt;test_Contact_Page.py::TestCase003ContactPage::test_case_002_validate_contact_with_valid_email_valid_name_invalid_message&lt;/td&gt;&#34;, &#34;&lt;td class=\&#34;col-duration\&#34;&gt;00:00:13&lt;/td&gt;&#34;, &#34;&lt;td class=\&#34;col-links\&#34;&gt;&lt;/td&gt;&#34;], &#34;log&#34;: &#34;self = &amp;lt;testCases.test_Contact_Page.TestCase003ContactPage object at 0x000001E9AFAF8BF0&amp;gt;\nsetup_and_teardown = &amp;lt;selenium.webdriver.chrome.webdriver.WebDriver (session=&amp;quot;db2fb5e09e8de0b012fb0869c7121e2b&amp;quot;)&amp;gt;\n\n    @pytest.mark.regression\n    @pytest.mark.sanity\n    def test_case_002_validate_contact_with_valid_email_valid_name_invalid_message(self, setup_and_teardown):\n        self.logger.info(&amp;quot;-----test_case_002_validate_contact_with_valid_email_valid_name_invalid_message-----&amp;quot;)\n        self.logger.info(&amp;quot;-----Verifying Contact Page-----&amp;quot;)\n        self.driver = setup_and_teardown\n        self.cnt_page = Contact_page(self.driver)\n        self.cnt_page.set_all_the_fields(self.valid_email, self.valid_name, self.invalid_message)\n        WebDriverWait(self.driver, 10).until(EC.alert_is_present())\n        al_msg = self.driver.switch_to.alert\n        alert_text = al_msg.text\n        self.driver.switch_to.alert.accept()\n        print(alert_text)\n        try:\n            if alert_text != &amp;quot;Thanks for the message!!&amp;quot;:\n                self.logger.info(&amp;quot;-----test case 002 is Passed-----&amp;quot;)\n                assert True\n            else:\n                time.sleep(5)\n                self.driver.save_screenshot(&amp;quot;.\\\\ScreenShots\\\\&amp;quot; + &amp;quot;test_case_002_contact.png&amp;quot;)\n                self.logger.error(&amp;quot;-----test case 002 is Failed-----&amp;quot;)\n&amp;gt;               assert False\nE               assert False\n\ntestCases\\test_Contact_Page.py:83: AssertionError\n\n------------------------------ Captured log call -------------------------------\nINFO     root:test_Contact_Page.py:65 -----test_case_002_validate_contact_with_valid_email_valid_name_invalid_message-----\nINFO     root:test_Contact_Page.py:66 -----Verifying Contact Page-----\nERROR    root:test_Contact_Page.py:82 -----test case 002 is Failed-----\n\n&#34;}], &#34;test_Contact_Page.py::TestCase003ContactPage::test_case_003_validate_contact_with_valid_email_valid_name_no_message&#34;: [{&#34;extras&#34;: [], &#34;result&#34;: &#34;Failed&#34;, &#34;testId&#34;: &#34;test_Contact_Page.py::TestCase003ContactPage::test_case_003_validate_contact_with_valid_email_valid_name_no_message&#34;, &#34;duration&#34;: &#34;00:00:14&#34;, &#34;resultsTableRow&#34;: [&#34;&lt;td class=\&#34;col-result\&#34;&gt;Failed&lt;/td&gt;&#34;, &#34;&lt;td class=\&#34;col-testId\&#34;&gt;test_Contact_Page.py::TestCase003ContactPage::test_case_003_validate_contact_with_valid_email_valid_name_no_message&lt;/td&gt;&#34;, &#34;&lt;td class=\&#34;col-duration\&#34;&gt;00:00:14&lt;/td&gt;&#34;, &#34;&lt;td class=\&#34;col-links\&#34;&gt;&lt;/td&gt;&#34;], &#34;log&#34;: &#34;self = &amp;lt;testCases.test_Contact_Page.TestCase003ContactPage object at 0x000001E9AFAF8C20&amp;gt;\nsetup_and_teardown = &amp;lt;selenium.webdriver.chrome.webdriver.WebDriver (session=&amp;quot;75a20ba04df6c48a7176f77b5902eed4&amp;quot;)&amp;gt;\n\n    @pytest.mark.regression\n    @pytest.mark.sanity\n    def test_case_003_validate_contact_with_valid_email_valid_name_no_message(self, setup_and_teardown):\n        self.logger.info(&amp;quot;-----test_case_003_validate_contact_with_valid_email_valid_name_no_message-----&amp;quot;)\n        self.logger.info(&amp;quot;-----Verifying Contact Page-----&amp;quot;)\n        self.driver = setup_and_teardown\n        self.cnt_page = Contact_page(self.driver)\n        self.cnt_page.set_all_the_fields(self.valid_email, self.valid_name, self.no_message)\n        WebDriverWait(self.driver, 10).until(EC.alert_is_present())\n        al_msg = self.driver.switch_to.alert\n        alert_text = al_msg.text\n        self.driver.switch_to.alert.accept()\n        print(alert_text)\n        try:\n            if alert_text != &amp;quot;Thanks for the message!!&amp;quot;:\n                self.logger.info(&amp;quot;-----test case 003 is Passed-----&amp;quot;)\n                assert True\n            else:\n                time.sleep(5)\n                self.driver.save_screenshot(&amp;quot;.\\\\ScreenShots\\\\&amp;quot; + &amp;quot;test_case_003_contact.png&amp;quot;)\n                self.logger.error(&amp;quot;-----test case 003 is Passed-----&amp;quot;)\n&amp;gt;               assert False\nE               assert False\n\ntestCases\\test_Contact_Page.py:109: AssertionError\n\n------------------------------ Captured log call -------------------------------\nINFO     root:test_Contact_Page.py:91 -----test_case_003_validate_contact_with_valid_email_valid_name_no_message-----\nINFO     root:test_Contact_Page.py:92 -----Verifying Contact Page-----\nERROR    root:test_Contact_Page.py:108 -----test case 003 is Passed-----\n\n&#34;}], &#34;test_Contact_Page.py::TestCase003ContactPage::test_case_004_validate_contact_with_valid_email_invalid_name_valid_message&#34;: [{&#34;extras&#34;: [], &#34;result&#34;: &#34;Failed&#34;, &#34;testId&#34;: &#34;test_Contact_Page.py::TestCase003ContactPage::test_case_004_validate_contact_with_valid_email_invalid_name_valid_message&#34;, &#34;duration&#34;: &#34;00:00:13&#34;, &#34;resultsTableRow&#34;: [&#34;&lt;td class=\&#34;col-result\&#34;&gt;Failed&lt;/td&gt;&#34;, &#34;&lt;td class=\&#34;col-testId\&#34;&gt;test_Contact_Page.py::TestCase003ContactPage::test_case_004_validate_contact_with_valid_email_invalid_name_valid_message&lt;/td&gt;&#34;, &#34;&lt;td class=\&#34;col-duration\&#34;&gt;00:00:13&lt;/td&gt;&#34;, &#34;&lt;td class=\&#34;col-links\&#34;&gt;&lt;/td&gt;&#34;], &#34;log&#34;: &#34;self = &amp;lt;testCases.test_Contact_Page.TestCase003ContactPage object at 0x000001E9AFAF8D40&amp;gt;\nsetup_and_teardown = &amp;lt;selenium.webdriver.chrome.webdriver.WebDriver (session=&amp;quot;68a95d7f04a886cc434deae5bb088520&amp;quot;)&amp;gt;\n\n    @pytest.mark.regression\n    @pytest.mark.sanity\n    def test_case_004_validate_contact_with_valid_email_invalid_name_valid_message(self, setup_and_teardown):\n        self.logger.info(&amp;quot;-----test_case_004_validate_contact_with_valid_email_invalid_name_valid_message-----&amp;quot;)\n        self.logger.info(&amp;quot;-----Verifying Contact Page-----&amp;quot;)\n        self.driver = setup_and_teardown\n        self.cnt_page = Contact_page(self.driver)\n        self.cnt_page.set_all_the_fields(self.valid_email, self.invalid_name, self.valid_message)\n        WebDriverWait(self.driver, 10).until(EC.alert_is_present())\n        al_msg = self.driver.switch_to.alert\n        alert_text = al_msg.text\n        self.driver.switch_to.alert.accept()\n        print(alert_text)\n        try:\n            if alert_text != &amp;quot;Thanks for the message!!&amp;quot;:\n                self.logger.info(&amp;quot;-----test case 004 is Passed-----&amp;quot;)\n                assert True\n            else:\n                time.sleep(5)\n                self.driver.save_screenshot(&amp;quot;.\\\\ScreenShots\\\\&amp;quot; + &amp;quot;test_case_004_contact.png&amp;quot;)\n                self.logger.error(&amp;quot;-----test case 004 is Passed-----&amp;quot;)\n&amp;gt;               assert False\nE               assert False\n\ntestCases\\test_Contact_Page.py:135: AssertionError\n\n------------------------------ Captured log call -------------------------------\nINFO     root:test_Contact_Page.py:117 -----test_case_004_validate_contact_with_valid_email_invalid_name_valid_message-----\nINFO     root:test_Contact_Page.py:118 -----Verifying Contact Page-----\nERROR    root:test_Contact_Page.py:134 -----test case 004 is Passed-----\n\n&#34;}], &#34;test_Contact_Page.py::TestCase003ContactPage::test_case_005_validate_contact_with_valid_email_invalid_name_invalid_message&#34;: [{&#34;extras&#34;: [], &#34;result&#34;: &#34;Failed&#34;, &#34;testId&#34;: &#34;test_Contact_Page.py::TestCase003ContactPage::test_case_005_validate_contact_with_valid_email_invalid_name_invalid_message&#34;, &#34;duration&#34;: &#34;00:00:13&#34;, &#34;resultsTableRow&#34;: [&#34;&lt;td class=\&#34;col-result\&#34;&gt;Failed&lt;/td&gt;&#34;, &#34;&lt;td class=\&#34;col-testId\&#34;&gt;test_Contact_Page.py::TestCase003ContactPage::test_case_005_validate_contact_with_valid_email_invalid_name_invalid_message&lt;/td&gt;&#34;, &#34;&lt;td class=\&#34;col-duration\&#34;&gt;00:00:13&lt;/td&gt;&#34;, &#34;&lt;td class=\&#34;col-links\&#34;&gt;&lt;/td&gt;&#34;], &#34;log&#34;: &#34;self = &amp;lt;testCases.test_Contact_Page.TestCase003ContactPage object at 0x000001E9AFAF8E60&amp;gt;\nsetup_and_teardown = &amp;lt;selenium.webdriver.chrome.webdriver.WebDriver (session=&amp;quot;c02078ddb2d902c66ca3cfda47073e29&amp;quot;)&amp;gt;\n\n    @pytest.mark.regression\n    @pytest.mark.sanity\n    def test_case_005_validate_contact_with_valid_email_invalid_name_invalid_message(self, setup_and_teardown):\n        self.logger.info(&amp;quot;-----test_case_005_validate_contact_with_valid_email_invalid_name_invalid_message-----&amp;quot;)\n        self.logger.info(&amp;quot;-----Verifying Contact Page-----&amp;quot;)\n        self.driver = setup_and_teardown\n        self.cnt_page = Contact_page(self.driver)\n        self.cnt_page.set_all_the_fields(self.valid_email, self.invalid_name, self.invalid_message)\n        WebDriverWait(self.driver, 10).until(EC.alert_is_present())\n        al_msg = self.driver.switch_to.alert\n        alert_text = al_msg.text\n        self.driver.switch_to.alert.accept()\n        print(alert_text)\n        try:\n            if alert_text != &amp;quot;Thanks for the message!!&amp;quot;:\n                self.logger.info(&amp;quot;-----test case 005 is Passed-----&amp;quot;)\n                assert True\n            else:\n                time.sleep(5)\n                self.driver.save_screenshot(&amp;quot;.\\\\ScreenShots\\\\&amp;quot; + &amp;quot;test_case_005_contact.png&amp;quot;)\n                self.logger.error(&amp;quot;-----test case 005 is Passed-----&amp;quot;)\n&amp;gt;               assert False\nE               assert False\n\ntestCases\\test_Contact_Page.py:161: AssertionError\n\n------------------------------ Captured log call -------------------------------\nINFO     root:test_Contact_Page.py:143 -----test_case_005_validate_contact_with_valid_email_invalid_name_invalid_message-----\nINFO     root:test_Contact_Page.py:144 -----Verifying Contact Page-----\nERROR    root:test_Contact_Page.py:160 -----test case 005 is Passed-----\n\n&#34;}], &#34;test_Contact_Page.py::TestCase003ContactPage::test_case_006_validate_contact_with_valid_email_invalid_name_no_message&#34;: [{&#34;extras&#34;: [], &#34;result&#34;: &#34;Failed&#34;, &#34;testId&#34;: &#34;test_Contact_Page.py::TestCase003ContactPage::test_case_006_validate_contact_with_valid_email_invalid_name_no_message&#34;, &#34;duration&#34;: &#34;00:00:14&#34;, &#34;resultsTableRow&#34;: [&#34;&lt;td class=\&#34;col-result\&#34;&gt;Failed&lt;/td&gt;&#34;, &#34;&lt;td class=\&#34;col-testId\&#34;&gt;test_Contact_Page.py::TestCase003ContactPage::test_case_006_validate_contact_with_valid_email_invalid_name_no_message&lt;/td&gt;&#34;, &#34;&lt;td class=\&#34;col-duration\&#34;&gt;00:00:14&lt;/td&gt;&#34;, &#34;&lt;td class=\&#34;col-links\&#34;&gt;&lt;/td&gt;&#34;], &#34;log&#34;: &#34;self = &amp;lt;testCases.test_Contact_Page.TestCase003ContactPage object at 0x000001E9AFAF8F80&amp;gt;\nsetup_and_teardown = &amp;lt;selenium.webdriver.chrome.webdriver.WebDriver (session=&amp;quot;96d1c72bbbb4cc9ac11810715a557844&amp;quot;)&amp;gt;\n\n    @pytest.mark.regression\n    @pytest.mark.sanity\n    def test_case_006_validate_contact_with_valid_email_invalid_name_no_message(self, setup_and_teardown):\n        self.logger.info(&amp;quot;-----test_case_006_validate_contact_with_valid_email_invalid_name_no_message-----&amp;quot;)\n        self.logger.info(&amp;quot;-----Verifying Contact Page-----&amp;quot;)\n        self.driver = setup_and_teardown\n        self.cnt_page = Contact_page(self.driver)\n        self.cnt_page.set_all_the_fields(self.valid_email, self.invalid_name, self.no_message)\n        WebDriverWait(self.driver, 10).until(EC.alert_is_present())\n        al_msg = self.driver.switch_to.alert\n        alert_text = al_msg.text\n        self.driver.switch_to.alert.accept()\n        print(alert_text)\n        try:\n            if alert_text != &amp;quot;Thanks for the message!!&amp;quot;:\n                self.logger.info(&amp;quot;-----test case 006 is Passed-----&amp;quot;)\n                assert True\n            else:\n                time.sleep(5)\n                self.driver.save_screenshot(&amp;quot;.\\\\ScreenShots\\\\&amp;quot; + &amp;quot;test_case_006_contact.png&amp;quot;)\n                self.logger.error(&amp;quot;-----test case 006 is Passed-----&amp;quot;)\n&amp;gt;               assert False\nE               assert False\n\ntestCases\\test_Contact_Page.py:187: AssertionError\n\n------------------------------ Captured log call -------------------------------\nINFO     root:test_Contact_Page.py:169 -----test_case_006_validate_contact_with_valid_email_invalid_name_no_message-----\nINFO     root:test_Contact_Page.py:170 -----Verifying Contact Page-----\nERROR    root:test_Contact_Page.py:186 -----test case 006 is Passed-----\n\n&#34;}], &#34;test_Contact_Page.py::TestCase003ContactPage::test_case_007_validate_contact_with_valid_email_no_name_valid_message&#34;: [{&#34;extras&#34;: [], &#34;result&#34;: &#34;Failed&#34;, &#34;testId&#34;: &#34;test_Contact_Page.py::TestCase003ContactPage::test_case_007_validate_contact_with_valid_email_no_name_valid_message&#34;, &#34;duration&#34;: &#34;00:00:14&#34;, &#34;resultsTableRow&#34;: [&#34;&lt;td class=\&#34;col-result\&#34;&gt;Failed&lt;/td&gt;&#34;, &#34;&lt;td class=\&#34;col-testId\&#34;&gt;test_Contact_Page.py::TestCase003ContactPage::test_case_007_validate_contact_with_valid_email_no_name_valid_message&lt;/td&gt;&#34;, &#34;&lt;td class=\&#34;col-duration\&#34;&gt;00:00:14&lt;/td&gt;&#34;, &#34;&lt;td class=\&#34;col-links\&#34;&gt;&lt;/td&gt;&#34;], &#34;log&#34;: &#34;self = &amp;lt;testCases.test_Contact_Page.TestCase003ContactPage object at 0x000001E9AFAF90A0&amp;gt;\nsetup_and_teardown = &amp;lt;selenium.webdriver.chrome.webdriver.WebDriver (session=&amp;quot;9a82ca967fae2fa417538be659a7415f&amp;quot;)&amp;gt;\n\n    @pytest.mark.regression\n    @pytest.mark.sanity\n    def test_case_007_validate_contact_with_valid_email_no_name_valid_message(self, setup_and_teardown):\n        self.logger.info(&amp;quot;-----test_case_007_validate_contact_with_valid_email_no_name_valid_message-----&amp;quot;)\n        self.logger.info(&amp;quot;-----Verifying Contact Page-----&amp;quot;)\n        self.driver = setup_and_teardown\n        self.cnt_page = Contact_page(self.driver)\n        self.cnt_page.set_all_the_fields(self.valid_email, self.no_name, self.valid_message)\n        WebDriverWait(self.driver, 10).until(EC.alert_is_present())\n        al_msg = self.driver.switch_to.alert\n        alert_text = al_msg.text\n        self.driver.switch_to.alert.accept()\n        print(alert_text)\n        try:\n            if alert_text != &amp;quot;Thanks for the message!!&amp;quot;:\n                self.logger.info(&amp;quot;-----test case 007 is Passed-----&amp;quot;)\n                assert True\n            else:\n                time.sleep(5)\n                self.driver.save_screenshot(&amp;quot;.\\\\ScreenShots\\\\&amp;quot; + &amp;quot;test_case_007_contact.png&amp;quot;)\n                self.logger.error(&amp;quot;-----test case 007 is Passed-----&amp;quot;)\n&amp;gt;               assert False\nE               assert False\n\ntestCases\\test_Contact_Page.py:213: AssertionError\n\n------------------------------ Captured log call -------------------------------\nINFO     root:test_Contact_Page.py:195 -----test_case_007_validate_contact_with_valid_email_no_name_valid_message-----\nINFO     root:test_Contact_Page.py:196 -----Verifying Contact Page-----\nERROR    root:test_Contact_Page.py:212 -----test case 007 is Passed-----\n\n&#34;}], &#34;test_Contact_Page.py::TestCase003ContactPage::test_case_008_validate_contact_with_valid_email_no_name_invalid_message&#34;: [{&#34;extras&#34;: [], &#34;result&#34;: &#34;Failed&#34;, &#34;testId&#34;: &#34;test_Contact_Page.py::TestCase003ContactPage::test_case_008_validate_contact_with_valid_email_no_name_invalid_message&#34;, &#34;duration&#34;: &#34;00:00:13&#34;, &#34;resultsTableRow&#34;: [&#34;&lt;td class=\&#34;col-result\&#34;&gt;Failed&lt;/td&gt;&#34;, &#34;&lt;td class=\&#34;col-testId\&#34;&gt;test_Contact_Page.py::TestCase003ContactPage::test_case_008_validate_contact_with_valid_email_no_name_invalid_message&lt;/td&gt;&#34;, &#34;&lt;td class=\&#34;col-duration\&#34;&gt;00:00:13&lt;/td&gt;&#34;, &#34;&lt;td class=\&#34;col-links\&#34;&gt;&lt;/td&gt;&#34;], &#34;log&#34;: &#34;self = &amp;lt;testCases.test_Contact_Page.TestCase003ContactPage object at 0x000001E9AFAF91C0&amp;gt;\nsetup_and_teardown = &amp;lt;selenium.webdriver.chrome.webdriver.WebDriver (session=&amp;quot;c791fad556c81f7104ca85693452b249&amp;quot;)&amp;gt;\n\n    @pytest.mark.regression\n    @pytest.mark.sanity\n    def test_case_008_validate_contact_with_valid_email_no_name_invalid_message(self, setup_and_teardown):\n        self.logger.info(&amp;quot;-----test_case_008_validate_contact_with_valid_email_no_name_invalid_message-----&amp;quot;)\n        self.logger.info(&amp;quot;-----Verifying Contact Page-----&amp;quot;)\n        self.driver = setup_and_teardown\n        self.cnt_page = Contact_page(self.driver)\n        self.cnt_page.set_all_the_fields(self.valid_email, self.no_name, self.invalid_message)\n        WebDriverWait(self.driver, 10).until(EC.alert_is_present())\n        al_msg = self.driver.switch_to.alert\n        alert_text = al_msg.text\n        self.driver.switch_to.alert.accept()\n        print(alert_text)\n        try:\n            if alert_text != &amp;quot;Thanks for the message!!&amp;quot;:\n                self.logger.info(&amp;quot;-----test case 008 is Passed-----&amp;quot;)\n                assert True\n            else:\n                time.sleep(5)\n                self.driver.save_screenshot(&amp;quot;.\\\\ScreenShots\\\\&amp;quot; + &amp;quot;test_case_008_contact.png&amp;quot;)\n                self.logger.error(&amp;quot;-----test case 008 is Passed-----&amp;quot;)\n&amp;gt;               assert False\nE               assert False\n\ntestCases\\test_Contact_Page.py:239: AssertionError\n\n------------------------------ Captured log call -------------------------------\nINFO     root:test_Contact_Page.py:221 -----test_case_008_validate_contact_with_valid_email_no_name_invalid_message-----\nINFO     root:test_Contact_Page.py:222 -----Verifying Contact Page-----\nERROR    root:test_Contact_Page.py:238 -----test case 008 is Passed-----\n\n&#34;}], &#34;test_Contact_Page.py::TestCase003ContactPage::test_case_009_validate_contact_with_valid_email_no_name_no_message&#34;: [{&#34;extras&#34;: [], &#34;result&#34;: &#34;Failed&#34;, &#34;testId&#34;: &#34;test_Contact_Page.py::TestCase003ContactPage::test_case_009_validate_contact_with_valid_email_no_name_no_message&#34;, &#34;duration&#34;: &#34;00:00:13&#34;, &#34;resultsTableRow&#34;: [&#34;&lt;td class=\&#34;col-result\&#34;&gt;Failed&lt;/td&gt;&#34;, &#34;&lt;td class=\&#34;col-testId\&#34;&gt;test_Contact_Page.py::TestCase003ContactPage::test_case_009_validate_contact_with_valid_email_no_name_no_message&lt;/td&gt;&#34;, &#34;&lt;td class=\&#34;col-duration\&#34;&gt;00:00:13&lt;/td&gt;&#34;, &#34;&lt;td class=\&#34;col-links\&#34;&gt;&lt;/td&gt;&#34;], &#34;log&#34;: &#34;self = &amp;lt;testCases.test_Contact_Page.TestCase003ContactPage object at 0x000001E9AFAF92E0&amp;gt;\nsetup_and_teardown = &amp;lt;selenium.webdriver.chrome.webdriver.WebDriver (session=&amp;quot;4d68cc83887f8b8bded575bf24befdae&amp;quot;)&amp;gt;\n\n    @pytest.mark.regression\n    @pytest.mark.sanity\n    def test_case_009_validate_contact_with_valid_email_no_name_no_message(self, setup_and_teardown):\n        self.logger.info(&amp;quot;-----test_case_009_validate_contact_with_valid_email_no_name_no_message-----&amp;quot;)\n        self.logger.info(&amp;quot;-----Verifying Contact Page-----&amp;quot;)\n        self.driver = setup_and_teardown\n        self.cnt_page = Contact_page(self.driver)\n        self.cnt_page.set_all_the_fields(self.valid_email, self.no_name, self.no_message)\n        WebDriverWait(self.driver, 10).until(EC.alert_is_present())\n        al_msg = self.driver.switch_to.alert\n        alert_text = al_msg.text\n        self.driver.switch_to.alert.accept()\n        print(alert_text)\n        try:\n            if alert_text != &amp;quot;Thanks for the message!!&amp;quot;:\n                self.logger.info(&amp;quot;-----test case 009 is Passed-----&amp;quot;)\n                assert True\n            else:\n                time.sleep(5)\n                self.driver.save_screenshot(&amp;quot;.\\\\ScreenShots\\\\&amp;quot; + &amp;quot;test_case_009_contact.png&amp;quot;)\n                self.logger.error(&amp;quot;-----test case 009 is Passed-----&amp;quot;)\n&amp;gt;               assert False\nE               assert False\n\ntestCases\\test_Contact_Page.py:265: AssertionError\n\n------------------------------ Captured log call -------------------------------\nINFO     root:test_Contact_Page.py:247 -----test_case_009_validate_contact_with_valid_email_no_name_no_message-----\nINFO     root:test_Contact_Page.py:248 -----Verifying Contact Page-----\nERROR    root:test_Contact_Page.py:264 -----test case 009 is Passed-----\n\n&#34;}], &#34;test_Contact_Page.py::TestCase003ContactPage::test_case_010_validate_contact_with_invalid_email_valid_name_valid_message&#34;: [{&#34;extras&#34;: [], &#34;result&#34;: &#34;Failed&#34;, &#34;testId&#34;: &#34;test_Contact_Page.py::TestCase003ContactPage::test_case_010_validate_contact_with_invalid_email_valid_name_valid_message&#34;, &#34;duration&#34;: &#34;00:00:13&#34;, &#34;resultsTableRow&#34;: [&#34;&lt;td class=\&#34;col-result\&#34;&gt;Failed&lt;/td&gt;&#34;, &#34;&lt;td class=\&#34;col-testId\&#34;&gt;test_Contact_Page.py::TestCase003ContactPage::test_case_010_validate_contact_with_invalid_email_valid_name_valid_message&lt;/td&gt;&#34;, &#34;&lt;td class=\&#34;col-duration\&#34;&gt;00:00:13&lt;/td&gt;&#34;, &#34;&lt;td class=\&#34;col-links\&#34;&gt;&lt;/td&gt;&#34;], &#34;log&#34;: &#34;self = &amp;lt;testCases.test_Contact_Page.TestCase003ContactPage object at 0x000001E9AFAF9550&amp;gt;\nsetup_and_teardown = &amp;lt;selenium.webdriver.chrome.webdriver.WebDriver (session=&amp;quot;e7235ce6d2df09e2bca7596e8248410f&amp;quot;)&amp;gt;\n\n    @pytest.mark.regression\n    @pytest.mark.sanity\n    def test_case_010_validate_contact_with_invalid_email_valid_name_valid_message(self, setup_and_teardown):\n        self.logger.info(&amp;quot;-----test_case_010_validate_contact_with_invalid_email_valid_name_valid_message-----&amp;quot;)\n        self.logger.info(&amp;quot;-----Verifying Contact Page-----&amp;quot;)\n        self.driver = setup_and_teardown\n        self.cnt_page = Contact_page(self.driver)\n        self.cnt_page.set_all_the_fields(self.invalid_email, self.valid_name, self.valid_message)\n        WebDriverWait(self.driver, 10).until(EC.alert_is_present())\n        al_msg = self.driver.switch_to.alert\n        alert_text = al_msg.text\n        self.driver.switch_to.alert.accept()\n        print(alert_text)\n        try:\n            if alert_text != &amp;quot;Thanks for the message!!&amp;quot;:\n                self.logger.info(&amp;quot;-----test case 010 is Passed-----&amp;quot;)\n                assert True\n            else:\n                time.sleep(5)\n                self.driver.save_screenshot(&amp;quot;.\\\\ScreenShots\\\\&amp;quot; + &amp;quot;test_case_010_contact.png&amp;quot;)\n                self.logger.error(&amp;quot;-----test case 010 is Passed-----&amp;quot;)\n&amp;gt;               assert False\nE               assert False\n\ntestCases\\test_Contact_Page.py:291: AssertionError\n\n------------------------------ Captured log call -------------------------------\nINFO     root:test_Contact_Page.py:273 -----test_case_010_validate_contact_with_invalid_email_valid_name_valid_message-----\nINFO     root:test_Contact_Page.py:274 -----Verifying Contact Page-----\nERROR    root:test_Contact_Page.py:290 -----test case 010 is Passed-----\n\n&#34;}], &#34;test_Contact_Page.py::TestCase003ContactPage::test_case_011_validate_contact_with_invalid_email_valid_name_invalid_message&#34;: [{&#34;extras&#34;: [], &#34;result&#34;: &#34;Failed&#34;, &#34;testId&#34;: &#34;test_Contact_Page.py::TestCase003ContactPage::test_case_011_validate_contact_with_invalid_email_valid_name_invalid_message&#34;, &#34;duration&#34;: &#34;00:00:13&#34;, &#34;resultsTableRow&#34;: [&#34;&lt;td class=\&#34;col-result\&#34;&gt;Failed&lt;/td&gt;&#34;, &#34;&lt;td class=\&#34;col-testId\&#34;&gt;test_Contact_Page.py::TestCase003ContactPage::test_case_011_validate_contact_with_invalid_email_valid_name_invalid_message&lt;/td&gt;&#34;, &#34;&lt;td class=\&#34;col-duration\&#34;&gt;00:00:13&lt;/td&gt;&#34;, &#34;&lt;td class=\&#34;col-links\&#34;&gt;&lt;/td&gt;&#34;], &#34;log&#34;: &#34;self = &amp;lt;testCases.test_Contact_Page.TestCase003ContactPage object at 0x000001E9AFAF9820&amp;gt;\nsetup_and_teardown = &amp;lt;selenium.webdriver.chrome.webdriver.WebDriver (session=&amp;quot;2633ef1f3f9182fcfd632cada563337e&amp;quot;)&amp;gt;\n\n    @pytest.mark.regression\n    @pytest.mark.sanity\n    def test_case_011_validate_contact_with_invalid_email_valid_name_invalid_message(self, setup_and_teardown):\n        self.logger.info(&amp;quot;-----test_case_011_validate_contact_with_invalid_email_valid_name_invalid_message-----&amp;quot;)\n        self.logger.info(&amp;quot;-----Verifying Contact Page-----&amp;quot;)\n        self.driver = setup_and_teardown\n        self.cnt_page = Contact_page(self.driver)\n        self.cnt_page.set_all_the_fields(self.invalid_email, self.valid_name, self.invalid_message)\n        WebDriverWait(self.driver, 10).until(EC.alert_is_present())\n        al_msg = self.driver.switch_to.alert\n        alert_text = al_msg.text\n        self.driver.switch_to.alert.accept()\n        print(alert_text)\n        try:\n            if alert_text != &amp;quot;Thanks for the message!!&amp;quot;:\n                self.logger.info(&amp;quot;-----test case 011 is Passed-----&amp;quot;)\n                assert True\n            else:\n                time.sleep(5)\n                self.driver.save_screenshot(&amp;quot;.\\\\ScreenShots\\\\&amp;quot; + &amp;quot;test_case_011_contact.png&amp;quot;)\n                self.logger.error(&amp;quot;-----test case 011 is Passed-----&amp;quot;)\n&amp;gt;               assert False\nE               assert False\n\ntestCases\\test_Contact_Page.py:317: AssertionError\n\n------------------------------ Captured log call -------------------------------\nINFO     root:test_Contact_Page.py:299 -----test_case_011_validate_contact_with_invalid_email_valid_name_invalid_message-----\nINFO     root:test_Contact_Page.py:300 -----Verifying Contact Page-----\nERROR    root:test_Contact_Page.py:316 -----test case 011 is Passed-----\n\n&#34;}], &#34;test_Contact_Page.py::TestCase003ContactPage::test_case_012_validate_contact_with_invalid_email_valid_name_no_message&#34;: [{&#34;extras&#34;: [], &#34;result&#34;: &#34;Failed&#34;, &#34;testId&#34;: &#34;test_Contact_Page.py::TestCase003ContactPage::test_case_012_validate_contact_with_invalid_email_valid_name_no_message&#34;, &#34;duration&#34;: &#34;00:00:13&#34;, &#34;resultsTableRow&#34;: [&#34;&lt;td class=\&#34;col-result\&#34;&gt;Failed&lt;/td&gt;&#34;, &#34;&lt;td class=\&#34;col-testId\&#34;&gt;test_Contact_Page.py::TestCase003ContactPage::test_case_012_validate_contact_with_invalid_email_valid_name_no_message&lt;/td&gt;&#34;, &#34;&lt;td class=\&#34;col-duration\&#34;&gt;00:00:13&lt;/td&gt;&#34;, &#34;&lt;td class=\&#34;col-links\&#34;&gt;&lt;/td&gt;&#34;], &#34;log&#34;: &#34;self = &amp;lt;testCases.test_Contact_Page.TestCase003ContactPage object at 0x000001E9AFAF99A0&amp;gt;\nsetup_and_teardown = &amp;lt;selenium.webdriver.chrome.webdriver.WebDriver (session=&amp;quot;d7ef02760dc9eb975305059e6a8153fa&amp;quot;)&amp;gt;\n\n    @pytest.mark.regression\n    @pytest.mark.sanity\n    def test_case_012_validate_contact_with_invalid_email_valid_name_no_message(self, setup_and_teardown):\n        self.logger.info(&amp;quot;-----test_case_012_validate_contact_with_invalid_email_valid_name_no_message-----&amp;quot;)\n        self.logger.info(&amp;quot;-----Verifying Contact Page-----&amp;quot;)\n        self.driver = setup_and_teardown\n        self.cnt_page = Contact_page(self.driver)\n        self.cnt_page.set_all_the_fields(self.invalid_email, self.valid_name, self.no_message)\n        WebDriverWait(self.driver, 10).until(EC.alert_is_present())\n        al_msg = self.driver.switch_to.alert\n        alert_text = al_msg.text\n        self.driver.switch_to.alert.accept()\n        print(alert_text)\n        try:\n            if alert_text != &amp;quot;Thanks for the message!!&amp;quot;:\n                self.logger.info(&amp;quot;-----test case 012 is Passed-----&amp;quot;)\n                assert True\n            else:\n                time.sleep(5)\n                self.driver.save_screenshot(&amp;quot;.\\\\ScreenShots\\\\&amp;quot; + &amp;quot;test_case_012_contact.png&amp;quot;)\n                self.logger.error(&amp;quot;-----test case 012 is Passed-----&amp;quot;)\n&amp;gt;               assert False\nE               assert False\n\ntestCases\\test_Contact_Page.py:343: AssertionError\n\n------------------------------ Captured log call -------------------------------\nINFO     root:test_Contact_Page.py:325 -----test_case_012_validate_contact_with_invalid_email_valid_name_no_message-----\nINFO     root:test_Contact_Page.py:326 -----Verifying Contact Page-----\nERROR    root:test_Contact_Page.py:342 -----test case 012 is Passed-----\n\n&#34;}], &#34;test_Contact_Page.py::TestCase003ContactPage::test_case_013_validate_contact_with_invalid_email_invalid_name_valid_message&#34;: [{&#34;extras&#34;: [], &#34;result&#34;: &#34;Failed&#34;, &#34;testId&#34;: &#34;test_Contact_Page.py::TestCase003ContactPage::test_case_013_validate_contact_with_invalid_email_invalid_name_valid_message&#34;, &#34;duration&#34;: &#34;00:00:13&#34;, &#34;resultsTableRow&#34;: [&#34;&lt;td class=\&#34;col-result\&#34;&gt;Failed&lt;/td&gt;&#34;, &#34;&lt;td class=\&#34;col-testId\&#34;&gt;test_Contact_Page.py::TestCase003ContactPage::test_case_013_validate_contact_with_invalid_email_invalid_name_valid_message&lt;/td&gt;&#34;, &#34;&lt;td class=\&#34;col-duration\&#34;&gt;00:00:13&lt;/td&gt;&#34;, &#34;&lt;td class=\&#34;col-links\&#34;&gt;&lt;/td&gt;&#34;], &#34;log&#34;: &#34;self = &amp;lt;testCases.test_Contact_Page.TestCase003ContactPage object at 0x000001E9AFAF9B20&amp;gt;\nsetup_and_teardown = &amp;lt;selenium.webdriver.chrome.webdriver.WebDriver (session=&amp;quot;80aedd8e401aa20196266f9cfcc8f412&amp;quot;)&amp;gt;\n\n    @pytest.mark.regression\n    @pytest.mark.sanity\n    def test_case_013_validate_contact_with_invalid_email_invalid_name_valid_message(self, setup_and_teardown):\n        self.logger.info(&amp;quot;-----test_case_013_validate_contact_with_invalid_email_invalid_name_valid_message-----&amp;quot;)\n        self.logger.info(&amp;quot;-----Verifying Contact Page-----&amp;quot;)\n        self.driver = setup_and_teardown\n        self.cnt_page = Contact_page(self.driver)\n        self.cnt_page.set_all_the_fields(self.invalid_email, self.invalid_name, self.valid_message)\n        WebDriverWait(self.driver, 10).until(EC.alert_is_present())\n        al_msg = self.driver.switch_to.alert\n        alert_text = al_msg.text\n        self.driver.switch_to.alert.accept()\n        print(alert_text)\n        try:\n            if alert_text != &amp;quot;Thanks for the message!!&amp;quot;:\n                self.logger.info(&amp;quot;-----test case 013 is Passed-----&amp;quot;)\n                assert True\n            else:\n                time.sleep(5)\n                self.driver.save_screenshot(&amp;quot;.\\\\ScreenShots\\\\&amp;quot; + &amp;quot;test_case_013_contact.png&amp;quot;)\n                self.logger.error(&amp;quot;-----test case 013 is Passed-----&amp;quot;)\n&amp;gt;               assert False\nE               assert False\n\ntestCases\\test_Contact_Page.py:369: AssertionError\n\n------------------------------ Captured log call -------------------------------\nINFO     root:test_Contact_Page.py:351 -----test_case_013_validate_contact_with_invalid_email_invalid_name_valid_message-----\nINFO     root:test_Contact_Page.py:352 -----Verifying Contact Page-----\nERROR    root:test_Contact_Page.py:368 -----test case 013 is Passed-----\n\n&#34;}], &#34;test_Contact_Page.py::TestCase003ContactPage::test_case_014_validate_contact_with_invalid_email_invalid_name_invalid_message&#34;: [{&#34;extras&#34;: [], &#34;result&#34;: &#34;Failed&#34;, &#34;testId&#34;: &#34;test_Contact_Page.py::TestCase003ContactPage::test_case_014_validate_contact_with_invalid_email_invalid_name_invalid_message&#34;, &#34;duration&#34;: &#34;00:00:12&#34;, &#34;resultsTableRow&#34;: [&#34;&lt;td class=\&#34;col-result\&#34;&gt;Failed&lt;/td&gt;&#34;, &#34;&lt;td class=\&#34;col-testId\&#34;&gt;test_Contact_Page.py::TestCase003ContactPage::test_case_014_validate_contact_with_invalid_email_invalid_name_invalid_message&lt;/td&gt;&#34;, &#34;&lt;td class=\&#34;col-duration\&#34;&gt;00:00:12&lt;/td&gt;&#34;, &#34;&lt;td class=\&#34;col-links\&#34;&gt;&lt;/td&gt;&#34;], &#34;log&#34;: &#34;self = &amp;lt;testCases.test_Contact_Page.TestCase003ContactPage object at 0x000001E9AFAF9CA0&amp;gt;\nsetup_and_teardown = &amp;lt;selenium.webdriver.chrome.webdriver.WebDriver (session=&amp;quot;2317444a6159bb203db73d40ab7354dd&amp;quot;)&amp;gt;\n\n    @pytest.mark.regression\n    @pytest.mark.sanity\n    def test_case_014_validate_contact_with_invalid_email_invalid_name_invalid_message(self, setup_and_teardown):\n        self.logger.info(&amp;quot;-----test_case_014_validate_contact_with_invalid_email_invalid_name_invalid_message-----&amp;quot;)\n        self.logger.info(&amp;quot;-----Verifying Contact Page-----&amp;quot;)\n        self.driver = setup_and_teardown\n        self.cnt_page = Contact_page(self.driver)\n        self.cnt_page.set_all_the_fields(self.invalid_email, self.invalid_name, self.invalid_message)\n        WebDriverWait(self.driver, 10).until(EC.alert_is_present())\n        al_msg = self.driver.switch_to.alert\n        alert_text = al_msg.text\n        self.driver.switch_to.alert.accept()\n        print(alert_text)\n        try:\n            if alert_text != &amp;quot;Thanks for the message!!&amp;quot;:\n                self.logger.info(&amp;quot;-----test case 013 is Passed-----&amp;quot;)\n                assert True\n            else:\n                time.sleep(5)\n                self.driver.save_screenshot(&amp;quot;.\\\\ScreenShots\\\\&amp;quot; + &amp;quot;test_case_013_contact.png&amp;quot;)\n                self.logger.error(&amp;quot;-----test case 013 is Passed-----&amp;quot;)\n&amp;gt;               assert False\nE               assert False\n\ntestCases\\test_Contact_Page.py:395: AssertionError\n\n------------------------------ Captured log call -------------------------------\nINFO     root:test_Contact_Page.py:377 -----test_case_014_validate_contact_with_invalid_email_invalid_name_invalid_message-----\nINFO     root:test_Contact_Page.py:378 -----Verifying Contact Page-----\nERROR    root:test_Contact_Page.py:394 -----test case 013 is Passed-----\n\n&#34;}], &#34;test_Contact_Page.py::TestCase003ContactPage::test_case_015_validate_contact_with_invalid_email_invalid_name_no_message&#34;: [{&#34;extras&#34;: [], &#34;result&#34;: &#34;Failed&#34;, &#34;testId&#34;: &#34;test_Contact_Page.py::TestCase003ContactPage::test_case_015_validate_contact_with_invalid_email_invalid_name_no_message&#34;, &#34;duration&#34;: &#34;00:00:13&#34;, &#34;resultsTableRow&#34;: [&#34;&lt;td class=\&#34;col-result\&#34;&gt;Failed&lt;/td&gt;&#34;, &#34;&lt;td class=\&#34;col-testId\&#34;&gt;test_Contact_Page.py::TestCase003ContactPage::test_case_015_validate_contact_with_invalid_email_invalid_name_no_message&lt;/td&gt;&#34;, &#34;&lt;td class=\&#34;col-duration\&#34;&gt;00:00:13&lt;/td&gt;&#34;, &#34;&lt;td class=\&#34;col-links\&#34;&gt;&lt;/td&gt;&#34;], &#34;log&#34;: &#34;self = &amp;lt;testCases.test_Contact_Page.TestCase003ContactPage object at 0x000001E9AFAF9E20&amp;gt;\nsetup_and_teardown = &amp;lt;selenium.webdriver.chrome.webdriver.WebDriver (session=&amp;quot;d4a631d92540ad1ba4eaa080beb2cc20&amp;quot;)&amp;gt;\n\n    @pytest.mark.regression\n    @pytest.mark.sanity\n    def test_case_015_validate_contact_with_invalid_email_invalid_name_no_message(self, setup_and_teardown):\n        self.logger.info(&amp;quot;-----test_case_015_validate_contact_with_invalid_email_invalid_name_no_message-----&amp;quot;)\n        self.logger.info(&amp;quot;-----Verifying Contact Page-----&amp;quot;)\n        self.driver = setup_and_teardown\n        self.cnt_page = Contact_page(self.driver)\n        self.cnt_page.set_all_the_fields(self.invalid_email, self.invalid_name, self.no_message)\n        WebDriverWait(self.driver, 10).until(EC.alert_is_present())\n        al_msg = self.driver.switch_to.alert\n        alert_text = al_msg.text\n        self.driver.switch_to.alert.accept()\n        print(alert_text)\n        try:\n            if alert_text != &amp;quot;Thanks for the message!!&amp;quot;:\n                self.logger.info(&amp;quot;-----test case 015 is Passed-----&amp;quot;)\n                assert True\n            else:\n                time.sleep(5)\n                self.driver.save_screenshot(&amp;quot;.\\\\ScreenShots\\\\&amp;quot; + &amp;quot;test_case_015_contact.png&amp;quot;)\n                self.logger.error(&amp;quot;-----test case 015 is Passed-----&amp;quot;)\n&amp;gt;               assert False\nE               assert False\n\ntestCases\\test_Contact_Page.py:421: AssertionError\n\n------------------------------ Captured log call -------------------------------\nINFO     root:test_Contact_Page.py:403 -----test_case_015_validate_contact_with_invalid_email_invalid_name_no_message-----\nINFO     root:test_Contact_Page.py:404 -----Verifying Contact Page-----\nERROR    root:test_Contact_Page.py:420 -----test case 015 is Passed-----\n\n&#34;}], &#34;test_Contact_Page.py::TestCase003ContactPage::test_case_016_validate_contact_with_invalid_email_no_name_valid_message&#34;: [{&#34;extras&#34;: [], &#34;result&#34;: &#34;Failed&#34;, &#34;testId&#34;: &#34;test_Contact_Page.py::TestCase003ContactPage::test_case_016_validate_contact_with_invalid_email_no_name_valid_message&#34;, &#34;duration&#34;: &#34;00:00:13&#34;, &#34;resultsTableRow&#34;: [&#34;&lt;td class=\&#34;col-result\&#34;&gt;Failed&lt;/td&gt;&#34;, &#34;&lt;td class=\&#34;col-testId\&#34;&gt;test_Contact_Page.py::TestCase003ContactPage::test_case_016_validate_contact_with_invalid_email_no_name_valid_message&lt;/td&gt;&#34;, &#34;&lt;td class=\&#34;col-duration\&#34;&gt;00:00:13&lt;/td&gt;&#34;, &#34;&lt;td class=\&#34;col-links\&#34;&gt;&lt;/td&gt;&#34;], &#34;log&#34;: &#34;self = &amp;lt;testCases.test_Contact_Page.TestCase003ContactPage object at 0x000001E9AFAF9FA0&amp;gt;\nsetup_and_teardown = &amp;lt;selenium.webdriver.chrome.webdriver.WebDriver (session=&amp;quot;a2a032cad496ee6622458887b3b9a2fe&amp;quot;)&amp;gt;\n\n    @pytest.mark.regression\n    @pytest.mark.sanity\n    def test_case_016_validate_contact_with_invalid_email_no_name_valid_message(self, setup_and_teardown):\n        self.logger.info(&amp;quot;-----test_case_016_validate_contact_with_invalid_email_no_name_valid_message-----&amp;quot;)\n        self.logger.info(&amp;quot;-----Verifying Contact Page-----&amp;quot;)\n        self.driver = setup_and_teardown\n        self.cnt_page = Contact_page(self.driver)\n        self.cnt_page.set_all_the_fields(self.invalid_email, self.no_name, self.valid_message)\n        WebDriverWait(self.driver, 10).until(EC.alert_is_present())\n        al_msg = self.driver.switch_to.alert\n        alert_text = al_msg.text\n        self.driver.switch_to.alert.accept()\n        print(alert_text)\n        try:\n            if alert_text != &amp;quot;Thanks for the message!!&amp;quot;:\n                self.logger.info(&amp;quot;-----test case 016 is Passed-----&amp;quot;)\n                assert True\n            else:\n                time.sleep(5)\n                self.driver.save_screenshot(&amp;quot;.\\\\ScreenShots\\\\&amp;quot; + &amp;quot;test_case_016_contact.png&amp;quot;)\n                self.logger.error(&amp;quot;-----test case 016 is Passed-----&amp;quot;)\n&amp;gt;               assert False\nE               assert False\n\ntestCases\\test_Contact_Page.py:447: AssertionError\n\n------------------------------ Captured log call -------------------------------\nINFO     root:test_Contact_Page.py:429 -----test_case_016_validate_contact_with_invalid_email_no_name_valid_message-----\nINFO     root:test_Contact_Page.py:430 -----Verifying Contact Page-----\nERROR    root:test_Contact_Page.py:446 -----test case 016 is Passed-----\n\n&#34;}], &#34;test_Contact_Page.py::TestCase003ContactPage::test_case_017_validate_contact_with_invalid_email_no_name_invalid_message&#34;: [{&#34;extras&#34;: [], &#34;result&#34;: &#34;Failed&#34;, &#34;testId&#34;: &#34;test_Contact_Page.py::TestCase003ContactPage::test_case_017_validate_contact_with_invalid_email_no_name_invalid_message&#34;, &#34;duration&#34;: &#34;00:00:13&#34;, &#34;resultsTableRow&#34;: [&#34;&lt;td class=\&#34;col-result\&#34;&gt;Failed&lt;/td&gt;&#34;, &#34;&lt;td class=\&#34;col-testId\&#34;&gt;test_Contact_Page.py::TestCase003ContactPage::test_case_017_validate_contact_with_invalid_email_no_name_invalid_message&lt;/td&gt;&#34;, &#34;&lt;td class=\&#34;col-duration\&#34;&gt;00:00:13&lt;/td&gt;&#34;, &#34;&lt;td class=\&#34;col-links\&#34;&gt;&lt;/td&gt;&#34;], &#34;log&#34;: &#34;self = &amp;lt;testCases.test_Contact_Page.TestCase003ContactPage object at 0x000001E9AFAFA120&amp;gt;\nsetup_and_teardown = &amp;lt;selenium.webdriver.chrome.webdriver.WebDriver (session=&amp;quot;0e0368198eafaab5fb266be2e517eb22&amp;quot;)&amp;gt;\n\n    @pytest.mark.regression\n    @pytest.mark.sanity\n    def test_case_017_validate_contact_with_invalid_email_no_name_invalid_message(self, setup_and_teardown):\n        self.logger.info(&amp;quot;-----test_case_017_validate_contact_with_invalid_email_no_name_invalid_message-----&amp;quot;)\n        self.logger.info(&amp;quot;-----Verifying Contact Page-----&amp;quot;)\n        self.driver = setup_and_teardown\n        self.cnt_page = Contact_page(self.driver)\n        self.cnt_page.set_all_the_fields(self.invalid_email, self.no_name, self.invalid_message)\n        WebDriverWait(self.driver, 10).until(EC.alert_is_present())\n        al_msg = self.driver.switch_to.alert\n        alert_text = al_msg.text\n        self.driver.switch_to.alert.accept()\n        print(alert_text)\n        try:\n            if alert_text != &amp;quot;Thanks for the message!!&amp;quot;:\n                self.logger.info(&amp;quot;-----test case 017 is Passed-----&amp;quot;)\n                assert True\n            else:\n                time.sleep(5)\n                self.driver.save_screenshot(&amp;quot;.\\\\ScreenShots\\\\&amp;quot; + &amp;quot;test_case_017_contact.png&amp;quot;)\n                self.logger.error(&amp;quot;-----test case 017 is Passed-----&amp;quot;)\n&amp;gt;               assert False\nE               assert False\n\ntestCases\\test_Contact_Page.py:473: AssertionError\n\n------------------------------ Captured log call -------------------------------\nINFO     root:test_Contact_Page.py:455 -----test_case_017_validate_contact_with_invalid_email_no_name_invalid_message-----\nINFO     root:test_Contact_Page.py:456 -----Verifying Contact Page-----\nERROR    root:test_Contact_Page.py:472 -----test case 017 is Passed-----\n\n&#34;}], &#34;test_Contact_Page.py::TestCase003ContactPage::test_case_018_validate_contact_with_invalid_email_no_name_no_message&#34;: [{&#34;extras&#34;: [], &#34;result&#34;: &#34;Failed&#34;, &#34;testId&#34;: &#34;test_Contact_Page.py::TestCase003ContactPage::test_case_018_validate_contact_with_invalid_email_no_name_no_message&#34;, &#34;duration&#34;: &#34;00:00:13&#34;, &#34;resultsTableRow&#34;: [&#34;&lt;td class=\&#34;col-result\&#34;&gt;Failed&lt;/td&gt;&#34;, &#34;&lt;td class=\&#34;col-testId\&#34;&gt;test_Contact_Page.py::TestCase003ContactPage::test_case_018_validate_contact_with_invalid_email_no_name_no_message&lt;/td&gt;&#34;, &#34;&lt;td class=\&#34;col-duration\&#34;&gt;00:00:13&lt;/td&gt;&#34;, &#34;&lt;td class=\&#34;col-links\&#34;&gt;&lt;/td&gt;&#34;], &#34;log&#34;: &#34;self = &amp;lt;testCases.test_Contact_Page.TestCase003ContactPage object at 0x000001E9AFAFA2A0&amp;gt;\nsetup_and_teardown = &amp;lt;selenium.webdriver.chrome.webdriver.WebDriver (session=&amp;quot;3ace9c20cf462edd5091950ac90ede4d&amp;quot;)&amp;gt;\n\n    @pytest.mark.regression\n    @pytest.mark.sanity\n    def test_case_018_validate_contact_with_invalid_email_no_name_no_message(self, setup_and_teardown):\n        self.logger.info(&amp;quot;-----test_case_018_validate_contact_with_invalid_email_no_name_no_message-----&amp;quot;)\n        self.logger.info(&amp;quot;-----Verifying Contact Page-----&amp;quot;)\n        self.driver = setup_and_teardown\n        self.cnt_page = Contact_page(self.driver)\n        self.cnt_page.set_all_the_fields(self.invalid_email, self.no_name, self.no_message)\n        WebDriverWait(self.driver, 10).until(EC.alert_is_present())\n        al_msg = self.driver.switch_to.alert\n        alert_text = al_msg.text\n        self.driver.switch_to.alert.accept()\n        print(alert_text)\n        try:\n            if alert_text != &amp;quot;Thanks for the message!!&amp;quot;:\n                self.logger.info(&amp;quot;-----test case 018 is Passed-----&amp;quot;)\n                assert True\n            else:\n                time.sleep(5)\n                self.driver.save_screenshot(&amp;quot;.\\\\ScreenShots\\\\&amp;quot; + &amp;quot;test_case_018_contact.png&amp;quot;)\n                self.logger.error(&amp;quot;-----test case 018 is Passed-----&amp;quot;)\n&amp;gt;               assert False\nE               assert False\n\ntestCases\\test_Contact_Page.py:499: AssertionError\n\n------------------------------ Captured log call -------------------------------\nINFO     root:test_Contact_Page.py:481 -----test_case_018_validate_contact_with_invalid_email_no_name_no_message-----\nINFO     root:test_Contact_Page.py:482 -----Verifying Contact Page-----\nERROR    root:test_Contact_Page.py:498 -----test case 018 is Passed-----\n\n&#34;}], &#34;test_Contact_Page.py::TestCase003ContactPage::test_case_019_validate_contact_with_email_with_spl_chars_valid_name_valid_message&#34;: [{&#34;extras&#34;: [], &#34;result&#34;: &#34;Failed&#34;, &#34;testId&#34;: &#34;test_Contact_Page.py::TestCase003ContactPage::test_case_019_validate_contact_with_email_with_spl_chars_valid_name_valid_message&#34;, &#34;duration&#34;: &#34;00:00:06&#34;, &#34;resultsTableRow&#34;: [&#34;&lt;td class=\&#34;col-result\&#34;&gt;Failed&lt;/td&gt;&#34;, &#34;&lt;td class=\&#34;col-testId\&#34;&gt;test_Contact_Page.py::TestCase003ContactPage::test_case_019_validate_contact_with_email_with_spl_chars_valid_name_valid_message&lt;/td&gt;&#34;, &#34;&lt;td class=\&#34;col-duration\&#34;&gt;00:00:06&lt;/td&gt;&#34;, &#34;&lt;td class=\&#34;col-links\&#34;&gt;&lt;/td&gt;&#34;], &#34;log&#34;: &#34;self = &amp;lt;testCases.test_Contact_Page.TestCase003ContactPage object at 0x000001E9AFAFA420&amp;gt;\nsetup_and_teardown = &amp;lt;selenium.webdriver.chrome.webdriver.WebDriver (session=&amp;quot;4b2c42b9e11f7abad7d8897b781602c3&amp;quot;)&amp;gt;\n\n    @pytest.mark.regression\n    @pytest.mark.sanity\n    def test_case_019_validate_contact_with_email_with_spl_chars_valid_name_valid_message(self, setup_and_teardown):\n        self.logger.info(&amp;quot;-----test_case_019_validate_contact_with_email_with_spl_chars_valid_name_valid_message-----&amp;quot;)\n        self.logger.info(&amp;quot;-----Verifying Contact Page-----&amp;quot;)\n        self.driver = setup_and_teardown\n        self.cnt_page = Contact_page(self.driver)\n&amp;gt;       self.cnt_page.set_all_the_fields(self.email_with_spl_chars, self.valid_name, self.valid_message)\n\ntestCases\\test_Contact_Page.py:511: \n_ _ _ _ _ _ _ _ _ _ _ _ _ _ _ _ _ _ _ _ _ _ _ _ _ _ _ _ _ _ _ _ _ _ _ _ _ _ _ _ _ _ _ _ _ _ _ _ _ _ _ _ _ _ _ _ _ _ _ _ _ _ _ _ _ _ _ _ _ _ _ _ _ \npageObjects\\Contact_Page.py:36: in set_all_the_fields\n    self.driver.find_element(By.XPATH, self.CONTACT_EMAIL_TEXT).send_keys(contact_email_text)\n..\\..\\..\\Demo_blaze_Application\\venv\\Lib\\site-packages\\selenium\\webdriver\\remote\\webelement.py:232: in send_keys\n    Command.SEND_KEYS_TO_ELEMENT, {&amp;quot;text&amp;quot;: &amp;quot;&amp;quot;.join(keys_to_typing(value)), &amp;quot;value&amp;quot;: keys_to_typing(value)}\n_ _ _ _ _ _ _ _ _ _ _ _ _ _ _ _ _ _ _ _ _ _ _ _ _ _ _ _ _ _ _ _ _ _ _ _ _ _ _ _ _ _ _ _ _ _ _ _ _ _ _ _ _ _ _ _ _ _ _ _ _ _ _ _ _ _ _ _ _ _ _ _ _ \n\nvalue = (None,)\n\n    def keys_to_typing(value: Iterable[AnyKey]) -&amp;gt; List[str]:\n        &amp;quot;&amp;quot;&amp;quot;Processes the values that will be typed in the element.&amp;quot;&amp;quot;&amp;quot;\n        characters: List[str] = []\n        for val in value:\n            if isinstance(val, Keys):\n                # Todo: Does this even work?\n                characters.append(val)\n            elif isinstance(val, (int, float)):\n                characters.extend(str(val))\n            else:\n&amp;gt;               characters.extend(val)\nE               TypeError: &amp;#x27;NoneType&amp;#x27; object is not iterable\n\n..\\..\\..\\Demo_blaze_Application\\venv\\Lib\\site-packages\\selenium\\webdriver\\common\\utils.py:137: TypeError\n\n------------------------------ Captured log call -------------------------------\nINFO     root:test_Contact_Page.py:507 -----test_case_019_validate_contact_with_email_with_spl_chars_valid_name_valid_message-----\nINFO     root:test_Contact_Page.py:508 -----Verifying Contact Page-----\n\n&#34;}], &#34;test_Contact_Page.py::TestCase003ContactPage::test_case_020_validate_contact_with_email_with_spl_chars_valid_name_invalid_message&#34;: [{&#34;extras&#34;: [], &#34;result&#34;: &#34;Failed&#34;, &#34;testId&#34;: &#34;test_Contact_Page.py::TestCase003ContactPage::test_case_020_validate_contact_with_email_with_spl_chars_valid_name_invalid_message&#34;, &#34;duration&#34;: &#34;00:00:06&#34;, &#34;resultsTableRow&#34;: [&#34;&lt;td class=\&#34;col-result\&#34;&gt;Failed&lt;/td&gt;&#34;, &#34;&lt;td class=\&#34;col-testId\&#34;&gt;test_Contact_Page.py::TestCase003ContactPage::test_case_020_validate_contact_with_email_with_spl_chars_valid_name_invalid_message&lt;/td&gt;&#34;, &#34;&lt;td class=\&#34;col-duration\&#34;&gt;00:00:06&lt;/td&gt;&#34;, &#34;&lt;td class=\&#34;col-links\&#34;&gt;&lt;/td&gt;&#34;], &#34;log&#34;: &#34;self = &amp;lt;testCases.test_Contact_Page.TestCase003ContactPage object at 0x000001E9AFAF9F40&amp;gt;\nsetup_and_teardown = &amp;lt;selenium.webdriver.chrome.webdriver.WebDriver (session=&amp;quot;bf83d202043921809facebb50bcf4071&amp;quot;)&amp;gt;\n\n    @pytest.mark.regression\n    @pytest.mark.sanity\n    def test_case_020_validate_contact_with_email_with_spl_chars_valid_name_invalid_message(self, setup_and_teardown):\n        self.logger.info(\n            &amp;quot;-----test_case_020_validate_contact_with_email_with_spl_chars_valid_name_invalid_message-----&amp;quot;)\n        self.logger.info(&amp;quot;-----Verifying Contact Page-----&amp;quot;)\n        self.driver = setup_and_teardown\n        self.cnt_page = Contact_page(self.driver)\n&amp;gt;       self.cnt_page.set_all_the_fields(self.email_with_spl_chars, self.valid_name, self.invalid_message)\n\ntestCases\\test_Contact_Page.py:538: \n_ _ _ _ _ _ _ _ _ _ _ _ _ _ _ _ _ _ _ _ _ _ _ _ _ _ _ _ _ _ _ _ _ _ _ _ _ _ _ _ _ _ _ _ _ _ _ _ _ _ _ _ _ _ _ _ _ _ _ _ _ _ _ _ _ _ _ _ _ _ _ _ _ \npageObjects\\Contact_Page.py:36: in set_all_the_fields\n    self.driver.find_element(By.XPATH, self.CONTACT_EMAIL_TEXT).send_keys(contact_email_text)\n..\\..\\..\\Demo_blaze_Application\\venv\\Lib\\site-packages\\selenium\\webdriver\\remote\\webelement.py:232: in send_keys\n    Command.SEND_KEYS_TO_ELEMENT, {&amp;quot;text&amp;quot;: &amp;quot;&amp;quot;.join(keys_to_typing(value)), &amp;quot;value&amp;quot;: keys_to_typing(value)}\n_ _ _ _ _ _ _ _ _ _ _ _ _ _ _ _ _ _ _ _ _ _ _ _ _ _ _ _ _ _ _ _ _ _ _ _ _ _ _ _ _ _ _ _ _ _ _ _ _ _ _ _ _ _ _ _ _ _ _ _ _ _ _ _ _ _ _ _ _ _ _ _ _ \n\nvalue = (None,)\n\n    def keys_to_typing(value: Iterable[AnyKey]) -&amp;gt; List[str]:\n        &amp;quot;&amp;quot;&amp;quot;Processes the values that will be typed in the element.&amp;quot;&amp;quot;&amp;quot;\n        characters: List[str] = []\n        for val in value:\n            if isinstance(val, Keys):\n                # Todo: Does this even work?\n                characters.append(val)\n            elif isinstance(val, (int, float)):\n                characters.extend(str(val))\n            else:\n&amp;gt;               characters.extend(val)\nE               TypeError: &amp;#x27;NoneType&amp;#x27; object is not iterable\n\n..\\..\\..\\Demo_blaze_Application\\venv\\Lib\\site-packages\\selenium\\webdriver\\common\\utils.py:137: TypeError\n\n------------------------------ Captured log call -------------------------------\nINFO     root:test_Contact_Page.py:533 -----test_case_020_validate_contact_with_email_with_spl_chars_valid_name_invalid_message-----\nINFO     root:test_Contact_Page.py:535 -----Verifying Contact Page-----\n\n&#34;}], &#34;test_Contact_Page.py::TestCase003ContactPage::test_case_021_validate_contact_with_email_with_spl_chars_valid_name_no_message&#34;: [{&#34;extras&#34;: [], &#34;result&#34;: &#34;Failed&#34;, &#34;testId&#34;: &#34;test_Contact_Page.py::TestCase003ContactPage::test_case_021_validate_contact_with_email_with_spl_chars_valid_name_no_message&#34;, &#34;duration&#34;: &#34;00:00:06&#34;, &#34;resultsTableRow&#34;: [&#34;&lt;td class=\&#34;col-result\&#34;&gt;Failed&lt;/td&gt;&#34;, &#34;&lt;td class=\&#34;col-testId\&#34;&gt;test_Contact_Page.py::TestCase003ContactPage::test_case_021_validate_contact_with_email_with_spl_chars_valid_name_no_message&lt;/td&gt;&#34;, &#34;&lt;td class=\&#34;col-duration\&#34;&gt;00:00:06&lt;/td&gt;&#34;, &#34;&lt;td class=\&#34;col-links\&#34;&gt;&lt;/td&gt;&#34;], &#34;log&#34;: &#34;self = &amp;lt;testCases.test_Contact_Page.TestCase003ContactPage object at 0x000001E9AFAF9940&amp;gt;\nsetup_and_teardown = &amp;lt;selenium.webdriver.chrome.webdriver.WebDriver (session=&amp;quot;2ee9b65504110fa538c26f879a43d56e&amp;quot;)&amp;gt;\n\n    @pytest.mark.regression\n    @pytest.mark.sanity\n    def test_case_021_validate_contact_with_email_with_spl_chars_valid_name_no_message(self, setup_and_teardown):\n        self.logger.info(&amp;quot;-----test_case_021_validate_contact_with_email_with_spl_chars_valid_name_no_message-----&amp;quot;)\n        self.logger.info(&amp;quot;-----Verifying Contact Page-----&amp;quot;)\n        self.driver = setup_and_teardown\n        self.cnt_page = Contact_page(self.driver)\n&amp;gt;       self.cnt_page.set_all_the_fields(self.email_with_spl_chars, self.valid_name, self.no_message)\n\ntestCases\\test_Contact_Page.py:564: \n_ _ _ _ _ _ _ _ _ _ _ _ _ _ _ _ _ _ _ _ _ _ _ _ _ _ _ _ _ _ _ _ _ _ _ _ _ _ _ _ _ _ _ _ _ _ _ _ _ _ _ _ _ _ _ _ _ _ _ _ _ _ _ _ _ _ _ _ _ _ _ _ _ \npageObjects\\Contact_Page.py:36: in set_all_the_fields\n    self.driver.find_element(By.XPATH, self.CONTACT_EMAIL_TEXT).send_keys(contact_email_text)\n..\\..\\..\\Demo_blaze_Application\\venv\\Lib\\site-packages\\selenium\\webdriver\\remote\\webelement.py:232: in send_keys\n    Command.SEND_KEYS_TO_ELEMENT, {&amp;quot;text&amp;quot;: &amp;quot;&amp;quot;.join(keys_to_typing(value)), &amp;quot;value&amp;quot;: keys_to_typing(value)}\n_ _ _ _ _ _ _ _ _ _ _ _ _ _ _ _ _ _ _ _ _ _ _ _ _ _ _ _ _ _ _ _ _ _ _ _ _ _ _ _ _ _ _ _ _ _ _ _ _ _ _ _ _ _ _ _ _ _ _ _ _ _ _ _ _ _ _ _ _ _ _ _ _ \n\nvalue = (None,)\n\n    def keys_to_typing(value: Iterable[AnyKey]) -&amp;gt; List[str]:\n        &amp;quot;&amp;quot;&amp;quot;Processes the values that will be typed in the element.&amp;quot;&amp;quot;&amp;quot;\n        characters: List[str] = []\n        for val in value:\n            if isinstance(val, Keys):\n                # Todo: Does this even work?\n                characters.append(val)\n            elif isinstance(val, (int, float)):\n                characters.extend(str(val))\n            else:\n&amp;gt;               characters.extend(val)\nE               TypeError: &amp;#x27;NoneType&amp;#x27; object is not iterable\n\n..\\..\\..\\Demo_blaze_Application\\venv\\Lib\\site-packages\\selenium\\webdriver\\common\\utils.py:137: TypeError\n\n------------------------------ Captured log call -------------------------------\nINFO     root:test_Contact_Page.py:560 -----test_case_021_validate_contact_with_email_with_spl_chars_valid_name_no_message-----\nINFO     root:test_Contact_Page.py:561 -----Verifying Contact Page-----\n\n&#34;}], &#34;test_Contact_Page.py::TestCase003ContactPage::test_case_022_validate_contact_with_email_with_spl_chars_invalid_name_valid_message&#34;: [{&#34;extras&#34;: [], &#34;result&#34;: &#34;Failed&#34;, &#34;testId&#34;: &#34;test_Contact_Page.py::TestCase003ContactPage::test_case_022_validate_contact_with_email_with_spl_chars_invalid_name_valid_message&#34;, &#34;duration&#34;: &#34;00:00:06&#34;, &#34;resultsTableRow&#34;: [&#34;&lt;td class=\&#34;col-result\&#34;&gt;Failed&lt;/td&gt;&#34;, &#34;&lt;td class=\&#34;col-testId\&#34;&gt;test_Contact_Page.py::TestCase003ContactPage::test_case_022_validate_contact_with_email_with_spl_chars_invalid_name_valid_message&lt;/td&gt;&#34;, &#34;&lt;td class=\&#34;col-duration\&#34;&gt;00:00:06&lt;/td&gt;&#34;, &#34;&lt;td class=\&#34;col-links\&#34;&gt;&lt;/td&gt;&#34;], &#34;log&#34;: &#34;self = &amp;lt;testCases.test_Contact_Page.TestCase003ContactPage object at 0x000001E9AFAF92B0&amp;gt;\nsetup_and_teardown = &amp;lt;selenium.webdriver.chrome.webdriver.WebDriver (session=&amp;quot;735e14ec983d8ba10299f605af91d929&amp;quot;)&amp;gt;\n\n    @pytest.mark.regression\n    @pytest.mark.sanity\n    def test_case_022_validate_contact_with_email_with_spl_chars_invalid_name_valid_message(self, setup_and_teardown):\n        self.logger.info(\n            &amp;quot;-----test_case_022_validate_contact_with_email_with_spl_chars_invalid_name_valid_message-----&amp;quot;)\n        self.logger.info(&amp;quot;-----Verifying Contact Page-----&amp;quot;)\n        self.driver = setup_and_teardown\n        self.cnt_page = Contact_page(self.driver)\n&amp;gt;       self.cnt_page.set_all_the_fields(self.email_with_spl_chars, self.invalid_name, self.valid_message)\n\ntestCases\\test_Contact_Page.py:591: \n_ _ _ _ _ _ _ _ _ _ _ _ _ _ _ _ _ _ _ _ _ _ _ _ _ _ _ _ _ _ _ _ _ _ _ _ _ _ _ _ _ _ _ _ _ _ _ _ _ _ _ _ _ _ _ _ _ _ _ _ _ _ _ _ _ _ _ _ _ _ _ _ _ \npageObjects\\Contact_Page.py:36: in set_all_the_fields\n    self.driver.find_element(By.XPATH, self.CONTACT_EMAIL_TEXT).send_keys(contact_email_text)\n..\\..\\..\\Demo_blaze_Application\\venv\\Lib\\site-packages\\selenium\\webdriver\\remote\\webelement.py:232: in send_keys\n    Command.SEND_KEYS_TO_ELEMENT, {&amp;quot;text&amp;quot;: &amp;quot;&amp;quot;.join(keys_to_typing(value)), &amp;quot;value&amp;quot;: keys_to_typing(value)}\n_ _ _ _ _ _ _ _ _ _ _ _ _ _ _ _ _ _ _ _ _ _ _ _ _ _ _ _ _ _ _ _ _ _ _ _ _ _ _ _ _ _ _ _ _ _ _ _ _ _ _ _ _ _ _ _ _ _ _ _ _ _ _ _ _ _ _ _ _ _ _ _ _ \n\nvalue = (None,)\n\n    def keys_to_typing(value: Iterable[AnyKey]) -&amp;gt; List[str]:\n        &amp;quot;&amp;quot;&amp;quot;Processes the values that will be typed in the element.&amp;quot;&amp;quot;&amp;quot;\n        characters: List[str] = []\n        for val in value:\n            if isinstance(val, Keys):\n                # Todo: Does this even work?\n                characters.append(val)\n            elif isinstance(val, (int, float)):\n                characters.extend(str(val))\n            else:\n&amp;gt;               characters.extend(val)\nE               TypeError: &amp;#x27;NoneType&amp;#x27; object is not iterable\n\n..\\..\\..\\Demo_blaze_Application\\venv\\Lib\\site-packages\\selenium\\webdriver\\common\\utils.py:137: TypeError\n\n------------------------------ Captured log call -------------------------------\nINFO     root:test_Contact_Page.py:586 -----test_case_022_validate_contact_with_email_with_spl_chars_invalid_name_valid_message-----\nINFO     root:test_Contact_Page.py:588 -----Verifying Contact Page-----\n\n&#34;}], &#34;test_Contact_Page.py::TestCase003ContactPage::test_case_023_validate_contact_with_email_with_spl_chars_invalid_name_invalid_message&#34;: [{&#34;extras&#34;: [], &#34;result&#34;: &#34;Failed&#34;, &#34;testId&#34;: &#34;test_Contact_Page.py::TestCase003ContactPage::test_case_023_validate_contact_with_email_with_spl_chars_invalid_name_invalid_message&#34;, &#34;duration&#34;: &#34;00:00:06&#34;, &#34;resultsTableRow&#34;: [&#34;&lt;td class=\&#34;col-result\&#34;&gt;Failed&lt;/td&gt;&#34;, &#34;&lt;td class=\&#34;col-testId\&#34;&gt;test_Contact_Page.py::TestCase003ContactPage::test_case_023_validate_contact_with_email_with_spl_chars_invalid_name_invalid_message&lt;/td&gt;&#34;, &#34;&lt;td class=\&#34;col-duration\&#34;&gt;00:00:06&lt;/td&gt;&#34;, &#34;&lt;td class=\&#34;col-links\&#34;&gt;&lt;/td&gt;&#34;], &#34;log&#34;: &#34;self = &amp;lt;testCases.test_Contact_Page.TestCase003ContactPage object at 0x000001E9AFAF8E30&amp;gt;\nsetup_and_teardown = &amp;lt;selenium.webdriver.chrome.webdriver.WebDriver (session=&amp;quot;4728d2ef7c4f9255d5623b854c00f821&amp;quot;)&amp;gt;\n\n    @pytest.mark.regression\n    @pytest.mark.sanity\n    def test_case_023_validate_contact_with_email_with_spl_chars_invalid_name_invalid_message(self, setup_and_teardown):\n        self.logger.info(\n            &amp;quot;-----test_case_023_validate_contact_with_email_with_spl_chars_invalid_name_invalid_message-----&amp;quot;)\n        self.logger.info(&amp;quot;-----Verifying Contact Page-----&amp;quot;)\n        self.driver = setup_and_teardown\n        self.cnt_page = Contact_page(self.driver)\n&amp;gt;       self.cnt_page.set_all_the_fields(self.email_with_spl_chars, self.invalid_name, self.invalid_message)\n\ntestCases\\test_Contact_Page.py:618: \n_ _ _ _ _ _ _ _ _ _ _ _ _ _ _ _ _ _ _ _ _ _ _ _ _ _ _ _ _ _ _ _ _ _ _ _ _ _ _ _ _ _ _ _ _ _ _ _ _ _ _ _ _ _ _ _ _ _ _ _ _ _ _ _ _ _ _ _ _ _ _ _ _ \npageObjects\\Contact_Page.py:36: in set_all_the_fields\n    self.driver.find_element(By.XPATH, self.CONTACT_EMAIL_TEXT).send_keys(contact_email_text)\n..\\..\\..\\Demo_blaze_Application\\venv\\Lib\\site-packages\\selenium\\webdriver\\remote\\webelement.py:232: in send_keys\n    Command.SEND_KEYS_TO_ELEMENT, {&amp;quot;text&amp;quot;: &amp;quot;&amp;quot;.join(keys_to_typing(value)), &amp;quot;value&amp;quot;: keys_to_typing(value)}\n_ _ _ _ _ _ _ _ _ _ _ _ _ _ _ _ _ _ _ _ _ _ _ _ _ _ _ _ _ _ _ _ _ _ _ _ _ _ _ _ _ _ _ _ _ _ _ _ _ _ _ _ _ _ _ _ _ _ _ _ _ _ _ _ _ _ _ _ _ _ _ _ _ \n\nvalue = (None,)\n\n    def keys_to_typing(value: Iterable[AnyKey]) -&amp;gt; List[str]:\n        &amp;quot;&amp;quot;&amp;quot;Processes the values that will be typed in the element.&amp;quot;&amp;quot;&amp;quot;\n        characters: List[str] = []\n        for val in value:\n            if isinstance(val, Keys):\n                # Todo: Does this even work?\n                characters.append(val)\n            elif isinstance(val, (int, float)):\n                characters.extend(str(val))\n            else:\n&amp;gt;               characters.extend(val)\nE               TypeError: &amp;#x27;NoneType&amp;#x27; object is not iterable\n\n..\\..\\..\\Demo_blaze_Application\\venv\\Lib\\site-packages\\selenium\\webdriver\\common\\utils.py:137: TypeError\n\n------------------------------ Captured log call -------------------------------\nINFO     root:test_Contact_Page.py:613 -----test_case_023_validate_contact_with_email_with_spl_chars_invalid_name_invalid_message-----\nINFO     root:test_Contact_Page.py:615 -----Verifying Contact Page-----\n\n&#34;}], &#34;test_Contact_Page.py::TestCase003ContactPage::test_case_024_validate_contact_with_email_with_spl_chars_invalid_name_no_message&#34;: [{&#34;extras&#34;: [], &#34;result&#34;: &#34;Failed&#34;, &#34;testId&#34;: &#34;test_Contact_Page.py::TestCase003ContactPage::test_case_024_validate_contact_with_email_with_spl_chars_invalid_name_no_message&#34;, &#34;duration&#34;: &#34;00:00:06&#34;, &#34;resultsTableRow&#34;: [&#34;&lt;td class=\&#34;col-result\&#34;&gt;Failed&lt;/td&gt;&#34;, &#34;&lt;td class=\&#34;col-testId\&#34;&gt;test_Contact_Page.py::TestCase003ContactPage::test_case_024_validate_contact_with_email_with_spl_chars_invalid_name_no_message&lt;/td&gt;&#34;, &#34;&lt;td class=\&#34;col-duration\&#34;&gt;00:00:06&lt;/td&gt;&#34;, &#34;&lt;td class=\&#34;col-links\&#34;&gt;&lt;/td&gt;&#34;], &#34;log&#34;: &#34;self = &amp;lt;testCases.test_Contact_Page.TestCase003ContactPage object at 0x000001E9AFAFA540&amp;gt;\nsetup_and_teardown = &amp;lt;selenium.webdriver.chrome.webdriver.WebDriver (session=&amp;quot;d789aae55cfa653c9bc876d5c9e7739d&amp;quot;)&amp;gt;\n\n    @pytest.mark.regression\n    @pytest.mark.sanity\n    def test_case_024_validate_contact_with_email_with_spl_chars_invalid_name_no_message(self, setup_and_teardown):\n        self.logger.info(&amp;quot;-----test_case_024_validate_contact_with_email_with_spl_chars_invalid_name_no_message-----&amp;quot;)\n        self.logger.info(&amp;quot;-----Verifying Contact Page-----&amp;quot;)\n        self.driver = setup_and_teardown\n        self.cnt_page = Contact_page(self.driver)\n&amp;gt;       self.cnt_page.set_all_the_fields(self.email_with_spl_chars, self.invalid_name, self.no_message)\n\ntestCases\\test_Contact_Page.py:644: \n_ _ _ _ _ _ _ _ _ _ _ _ _ _ _ _ _ _ _ _ _ _ _ _ _ _ _ _ _ _ _ _ _ _ _ _ _ _ _ _ _ _ _ _ _ _ _ _ _ _ _ _ _ _ _ _ _ _ _ _ _ _ _ _ _ _ _ _ _ _ _ _ _ \npageObjects\\Contact_Page.py:36: in set_all_the_fields\n    self.driver.find_element(By.XPATH, self.CONTACT_EMAIL_TEXT).send_keys(contact_email_text)\n..\\..\\..\\Demo_blaze_Application\\venv\\Lib\\site-packages\\selenium\\webdriver\\remote\\webelement.py:232: in send_keys\n    Command.SEND_KEYS_TO_ELEMENT, {&amp;quot;text&amp;quot;: &amp;quot;&amp;quot;.join(keys_to_typing(value)), &amp;quot;value&amp;quot;: keys_to_typing(value)}\n_ _ _ _ _ _ _ _ _ _ _ _ _ _ _ _ _ _ _ _ _ _ _ _ _ _ _ _ _ _ _ _ _ _ _ _ _ _ _ _ _ _ _ _ _ _ _ _ _ _ _ _ _ _ _ _ _ _ _ _ _ _ _ _ _ _ _ _ _ _ _ _ _ \n\nvalue = (None,)\n\n    def keys_to_typing(value: Iterable[AnyKey]) -&amp;gt; List[str]:\n        &amp;quot;&amp;quot;&amp;quot;Processes the values that will be typed in the element.&amp;quot;&amp;quot;&amp;quot;\n        characters: List[str] = []\n        for val in value:\n            if isinstance(val, Keys):\n                # Todo: Does this even work?\n                characters.append(val)\n            elif isinstance(val, (int, float)):\n                characters.extend(str(val))\n            else:\n&amp;gt;               characters.extend(val)\nE               TypeError: &amp;#x27;NoneType&amp;#x27; object is not iterable\n\n..\\..\\..\\Demo_blaze_Application\\venv\\Lib\\site-packages\\selenium\\webdriver\\common\\utils.py:137: TypeError\n\n------------------------------ Captured log call -------------------------------\nINFO     root:test_Contact_Page.py:640 -----test_case_024_validate_contact_with_email_with_spl_chars_invalid_name_no_message-----\nINFO     root:test_Contact_Page.py:641 -----Verifying Contact Page-----\n\n&#34;}], &#34;test_Contact_Page.py::TestCase003ContactPage::test_case_025_validate_contact_with_email_with_spl_chars_no_name_valid_message&#34;: [{&#34;extras&#34;: [], &#34;result&#34;: &#34;Failed&#34;, &#34;testId&#34;: &#34;test_Contact_Page.py::TestCase003ContactPage::test_case_025_validate_contact_with_email_with_spl_chars_no_name_valid_message&#34;, &#34;duration&#34;: &#34;00:00:06&#34;, &#34;resultsTableRow&#34;: [&#34;&lt;td class=\&#34;col-result\&#34;&gt;Failed&lt;/td&gt;&#34;, &#34;&lt;td class=\&#34;col-testId\&#34;&gt;test_Contact_Page.py::TestCase003ContactPage::test_case_025_validate_contact_with_email_with_spl_chars_no_name_valid_message&lt;/td&gt;&#34;, &#34;&lt;td class=\&#34;col-duration\&#34;&gt;00:00:06&lt;/td&gt;&#34;, &#34;&lt;td class=\&#34;col-links\&#34;&gt;&lt;/td&gt;&#34;], &#34;log&#34;: &#34;self = &amp;lt;testCases.test_Contact_Page.TestCase003ContactPage object at 0x000001E9AFAFA6F0&amp;gt;\nsetup_and_teardown = &amp;lt;selenium.webdriver.chrome.webdriver.WebDriver (session=&amp;quot;db6dcde61a69f5943ba30ef9e423de61&amp;quot;)&amp;gt;\n\n    @pytest.mark.regression\n    @pytest.mark.sanity\n    def test_case_025_validate_contact_with_email_with_spl_chars_no_name_valid_message(self, setup_and_teardown):\n        self.logger.info(&amp;quot;-----test_case_025_validate_contact_with_email_with_spl_chars_no_name_valid_message-----&amp;quot;)\n        self.logger.info(&amp;quot;-----Verifying Contact Page-----&amp;quot;)\n        self.driver = setup_and_teardown\n        self.cnt_page = Contact_page(self.driver)\n&amp;gt;       self.cnt_page.set_all_the_fields(self.email_with_spl_chars, self.no_name, self.valid_message)\n\ntestCases\\test_Contact_Page.py:670: \n_ _ _ _ _ _ _ _ _ _ _ _ _ _ _ _ _ _ _ _ _ _ _ _ _ _ _ _ _ _ _ _ _ _ _ _ _ _ _ _ _ _ _ _ _ _ _ _ _ _ _ _ _ _ _ _ _ _ _ _ _ _ _ _ _ _ _ _ _ _ _ _ _ \npageObjects\\Contact_Page.py:36: in set_all_the_fields\n    self.driver.find_element(By.XPATH, self.CONTACT_EMAIL_TEXT).send_keys(contact_email_text)\n..\\..\\..\\Demo_blaze_Application\\venv\\Lib\\site-packages\\selenium\\webdriver\\remote\\webelement.py:232: in send_keys\n    Command.SEND_KEYS_TO_ELEMENT, {&amp;quot;text&amp;quot;: &amp;quot;&amp;quot;.join(keys_to_typing(value)), &amp;quot;value&amp;quot;: keys_to_typing(value)}\n_ _ _ _ _ _ _ _ _ _ _ _ _ _ _ _ _ _ _ _ _ _ _ _ _ _ _ _ _ _ _ _ _ _ _ _ _ _ _ _ _ _ _ _ _ _ _ _ _ _ _ _ _ _ _ _ _ _ _ _ _ _ _ _ _ _ _ _ _ _ _ _ _ \n\nvalue = (None,)\n\n    def keys_to_typing(value: Iterable[AnyKey]) -&amp;gt; List[str]:\n        &amp;quot;&amp;quot;&amp;quot;Processes the values that will be typed in the element.&amp;quot;&amp;quot;&amp;quot;\n        characters: List[str] = []\n        for val in value:\n            if isinstance(val, Keys):\n                # Todo: Does this even work?\n                characters.append(val)\n            elif isinstance(val, (int, float)):\n                characters.extend(str(val))\n            else:\n&amp;gt;               characters.extend(val)\nE               TypeError: &amp;#x27;NoneType&amp;#x27; object is not iterable\n\n..\\..\\..\\Demo_blaze_Application\\venv\\Lib\\site-packages\\selenium\\webdriver\\common\\utils.py:137: TypeError\n\n------------------------------ Captured log call -------------------------------\nINFO     root:test_Contact_Page.py:666 -----test_case_025_validate_contact_with_email_with_spl_chars_no_name_valid_message-----\nINFO     root:test_Contact_Page.py:667 -----Verifying Contact Page-----\n\n&#34;}], &#34;test_Contact_Page.py::TestCase003ContactPage::test_case_026_validate_contact_with_email_with_spl_chars_no_name_invalid_message&#34;: [{&#34;extras&#34;: [], &#34;result&#34;: &#34;Failed&#34;, &#34;testId&#34;: &#34;test_Contact_Page.py::TestCase003ContactPage::test_case_026_validate_contact_with_email_with_spl_chars_no_name_invalid_message&#34;, &#34;duration&#34;: &#34;00:00:06&#34;, &#34;resultsTableRow&#34;: [&#34;&lt;td class=\&#34;col-result\&#34;&gt;Failed&lt;/td&gt;&#34;, &#34;&lt;td class=\&#34;col-testId\&#34;&gt;test_Contact_Page.py::TestCase003ContactPage::test_case_026_validate_contact_with_email_with_spl_chars_no_name_invalid_message&lt;/td&gt;&#34;, &#34;&lt;td class=\&#34;col-duration\&#34;&gt;00:00:06&lt;/td&gt;&#34;, &#34;&lt;td class=\&#34;col-links\&#34;&gt;&lt;/td&gt;&#34;], &#34;log&#34;: &#34;self = &amp;lt;testCases.test_Contact_Page.TestCase003ContactPage object at 0x000001E9AFAFA8A0&amp;gt;\nsetup_and_teardown = &amp;lt;selenium.webdriver.chrome.webdriver.WebDriver (session=&amp;quot;e196c835dbf1bd8c0bda6e172f745ef2&amp;quot;)&amp;gt;\n\n    @pytest.mark.regression\n    @pytest.mark.sanity\n    def test_case_026_validate_contact_with_email_with_spl_chars_no_name_invalid_message(self, setup_and_teardown):\n        self.logger.info(&amp;quot;-----test_case_026_validate_contact_with_email_with_spl_chars_no_name_invalid_message-----&amp;quot;)\n        self.logger.info(&amp;quot;-----Verifying Contact Page-----&amp;quot;)\n        self.driver = setup_and_teardown\n        self.cnt_page = Contact_page(self.driver)\n&amp;gt;       self.cnt_page.set_all_the_fields(self.email_with_spl_chars, self.no_name, self.invalid_message)\n\ntestCases\\test_Contact_Page.py:696: \n_ _ _ _ _ _ _ _ _ _ _ _ _ _ _ _ _ _ _ _ _ _ _ _ _ _ _ _ _ _ _ _ _ _ _ _ _ _ _ _ _ _ _ _ _ _ _ _ _ _ _ _ _ _ _ _ _ _ _ _ _ _ _ _ _ _ _ _ _ _ _ _ _ \npageObjects\\Contact_Page.py:36: in set_all_the_fields\n    self.driver.find_element(By.XPATH, self.CONTACT_EMAIL_TEXT).send_keys(contact_email_text)\n..\\..\\..\\Demo_blaze_Application\\venv\\Lib\\site-packages\\selenium\\webdriver\\remote\\webelement.py:232: in send_keys\n    Command.SEND_KEYS_TO_ELEMENT, {&amp;quot;text&amp;quot;: &amp;quot;&amp;quot;.join(keys_to_typing(value)), &amp;quot;value&amp;quot;: keys_to_typing(value)}\n_ _ _ _ _ _ _ _ _ _ _ _ _ _ _ _ _ _ _ _ _ _ _ _ _ _ _ _ _ _ _ _ _ _ _ _ _ _ _ _ _ _ _ _ _ _ _ _ _ _ _ _ _ _ _ _ _ _ _ _ _ _ _ _ _ _ _ _ _ _ _ _ _ \n\nvalue = (None,)\n\n    def keys_to_typing(value: Iterable[AnyKey]) -&amp;gt; List[str]:\n        &amp;quot;&amp;quot;&amp;quot;Processes the values that will be typed in the element.&amp;quot;&amp;quot;&amp;quot;\n        characters: List[str] = []\n        for val in value:\n            if isinstance(val, Keys):\n                # Todo: Does this even work?\n                characters.append(val)\n            elif isinstance(val, (int, float)):\n                characters.extend(str(val))\n            else:\n&amp;gt;               characters.extend(val)\nE               TypeError: &amp;#x27;NoneType&amp;#x27; object is not iterable\n\n..\\..\\..\\Demo_blaze_Application\\venv\\Lib\\site-packages\\selenium\\webdriver\\common\\utils.py:137: TypeError\n\n------------------------------ Captured log call -------------------------------\nINFO     root:test_Contact_Page.py:692 -----test_case_026_validate_contact_with_email_with_spl_chars_no_name_invalid_message-----\nINFO     root:test_Contact_Page.py:693 -----Verifying Contact Page-----\n\n&#34;}], &#34;test_Contact_Page.py::TestCase003ContactPage::test_case_027_validate_contact_with_email_with_spl_chars_no_name_no_message&#34;: [{&#34;extras&#34;: [], &#34;result&#34;: &#34;Failed&#34;, &#34;testId&#34;: &#34;test_Contact_Page.py::TestCase003ContactPage::test_case_027_validate_contact_with_email_with_spl_chars_no_name_no_message&#34;, &#34;duration&#34;: &#34;00:00:06&#34;, &#34;resultsTableRow&#34;: [&#34;&lt;td class=\&#34;col-result\&#34;&gt;Failed&lt;/td&gt;&#34;, &#34;&lt;td class=\&#34;col-testId\&#34;&gt;test_Contact_Page.py::TestCase003ContactPage::test_case_027_validate_contact_with_email_with_spl_chars_no_name_no_message&lt;/td&gt;&#34;, &#34;&lt;td class=\&#34;col-duration\&#34;&gt;00:00:06&lt;/td&gt;&#34;, &#34;&lt;td class=\&#34;col-links\&#34;&gt;&lt;/td&gt;&#34;], &#34;log&#34;: &#34;self = &amp;lt;testCases.test_Contact_Page.TestCase003ContactPage object at 0x000001E9AFAFAA20&amp;gt;\nsetup_and_teardown = &amp;lt;selenium.webdriver.chrome.webdriver.WebDriver (session=&amp;quot;530fdd8eadf2fb43b7e8dfe6cb26110e&amp;quot;)&amp;gt;\n\n    @pytest.mark.regression\n    @pytest.mark.sanity\n    def test_case_027_validate_contact_with_email_with_spl_chars_no_name_no_message(self, setup_and_teardown):\n        self.logger.info(&amp;quot;-----test_case_027_validate_contact_with_email_with_spl_chars_no_name_no_message-----&amp;quot;)\n        self.logger.info(&amp;quot;-----Verifying Contact Page-----&amp;quot;)\n        self.driver = setup_and_teardown\n        self.cnt_page = Contact_page(self.driver)\n&amp;gt;       self.cnt_page.set_all_the_fields(self.email_with_spl_chars, self.no_name, self.no_message)\n\ntestCases\\test_Contact_Page.py:722: \n_ _ _ _ _ _ _ _ _ _ _ _ _ _ _ _ _ _ _ _ _ _ _ _ _ _ _ _ _ _ _ _ _ _ _ _ _ _ _ _ _ _ _ _ _ _ _ _ _ _ _ _ _ _ _ _ _ _ _ _ _ _ _ _ _ _ _ _ _ _ _ _ _ \npageObjects\\Contact_Page.py:36: in set_all_the_fields\n    self.driver.find_element(By.XPATH, self.CONTACT_EMAIL_TEXT).send_keys(contact_email_text)\n..\\..\\..\\Demo_blaze_Application\\venv\\Lib\\site-packages\\selenium\\webdriver\\remote\\webelement.py:232: in send_keys\n    Command.SEND_KEYS_TO_ELEMENT, {&amp;quot;text&amp;quot;: &amp;quot;&amp;quot;.join(keys_to_typing(value)), &amp;quot;value&amp;quot;: keys_to_typing(value)}\n_ _ _ _ _ _ _ _ _ _ _ _ _ _ _ _ _ _ _ _ _ _ _ _ _ _ _ _ _ _ _ _ _ _ _ _ _ _ _ _ _ _ _ _ _ _ _ _ _ _ _ _ _ _ _ _ _ _ _ _ _ _ _ _ _ _ _ _ _ _ _ _ _ \n\nvalue = (None,)\n\n    def keys_to_typing(value: Iterable[AnyKey]) -&amp;gt; List[str]:\n        &amp;quot;&amp;quot;&amp;quot;Processes the values that will be typed in the element.&amp;quot;&amp;quot;&amp;quot;\n        characters: List[str] = []\n        for val in value:\n            if isinstance(val, Keys):\n                # Todo: Does this even work?\n                characters.append(val)\n            elif isinstance(val, (int, float)):\n                characters.extend(str(val))\n            else:\n&amp;gt;               characters.extend(val)\nE               TypeError: &amp;#x27;NoneType&amp;#x27; object is not iterable\n\n..\\..\\..\\Demo_blaze_Application\\venv\\Lib\\site-packages\\selenium\\webdriver\\common\\utils.py:137: TypeError\n\n------------------------------ Captured log call -------------------------------\nINFO     root:test_Contact_Page.py:718 -----test_case_027_validate_contact_with_email_with_spl_chars_no_name_no_message-----\nINFO     root:test_Contact_Page.py:719 -----Verifying Contact Page-----\n\n&#34;}], &#34;test_Contact_Page.py::TestCase003ContactPage::test_case_028_validate_contact_with_no_email_valid_name_valid_message&#34;: [{&#34;extras&#34;: [], &#34;result&#34;: &#34;Failed&#34;, &#34;testId&#34;: &#34;test_Contact_Page.py::TestCase003ContactPage::test_case_028_validate_contact_with_no_email_valid_name_valid_message&#34;, &#34;duration&#34;: &#34;00:00:12&#34;, &#34;resultsTableRow&#34;: [&#34;&lt;td class=\&#34;col-result\&#34;&gt;Failed&lt;/td&gt;&#34;, &#34;&lt;td class=\&#34;col-testId\&#34;&gt;test_Contact_Page.py::TestCase003ContactPage::test_case_028_validate_contact_with_no_email_valid_name_valid_message&lt;/td&gt;&#34;, &#34;&lt;td class=\&#34;col-duration\&#34;&gt;00:00:12&lt;/td&gt;&#34;, &#34;&lt;td class=\&#34;col-links\&#34;&gt;&lt;/td&gt;&#34;], &#34;log&#34;: &#34;self = &amp;lt;testCases.test_Contact_Page.TestCase003ContactPage object at 0x000001E9AFAFABA0&amp;gt;\nsetup_and_teardown = &amp;lt;selenium.webdriver.chrome.webdriver.WebDriver (session=&amp;quot;35fbb5fa6f119e2e940ccea03aa910dc&amp;quot;)&amp;gt;\n\n    @pytest.mark.regression\n    @pytest.mark.sanity\n    def test_case_028_validate_contact_with_no_email_valid_name_valid_message(self, setup_and_teardown):\n        self.logger.info(&amp;quot;-----test_case_028_validate_contact_with_no_email_valid_name_valid_message-----&amp;quot;)\n        self.logger.info(&amp;quot;-----Verifying Contact Page-----&amp;quot;)\n        self.driver = setup_and_teardown\n        self.cnt_page = Contact_page(self.driver)\n        self.cnt_page.set_all_the_fields(self.no_email, self.valid_name, self.valid_message)\n        WebDriverWait(self.driver, 10).until(EC.alert_is_present())\n        al_msg = self.driver.switch_to.alert\n        alert_text = al_msg.text\n        self.driver.switch_to.alert.accept()\n        print(alert_text)\n        try:\n            if alert_text != &amp;quot;Thanks for the message!!&amp;quot;:\n                self.logger.info(&amp;quot;-----test case 028 is Passed-----&amp;quot;)\n                assert True\n            else:\n                time.sleep(5)\n                self.driver.save_screenshot(&amp;quot;.\\\\ScreenShots\\\\&amp;quot; + &amp;quot;test_case_028_contact.png&amp;quot;)\n                self.logger.error(&amp;quot;-----test case 028 is Passed-----&amp;quot;)\n&amp;gt;               assert False\nE               assert False\n\ntestCases\\test_Contact_Page.py:762: AssertionError\n\n------------------------------ Captured log call -------------------------------\nINFO     root:test_Contact_Page.py:744 -----test_case_028_validate_contact_with_no_email_valid_name_valid_message-----\nINFO     root:test_Contact_Page.py:745 -----Verifying Contact Page-----\nERROR    root:test_Contact_Page.py:761 -----test case 028 is Passed-----\n\n&#34;}], &#34;test_Contact_Page.py::TestCase003ContactPage::test_case_029_validate_contact_with_no_email_valid_name_invalid_message&#34;: [{&#34;extras&#34;: [], &#34;result&#34;: &#34;Failed&#34;, &#34;testId&#34;: &#34;test_Contact_Page.py::TestCase003ContactPage::test_case_029_validate_contact_with_no_email_valid_name_invalid_message&#34;, &#34;duration&#34;: &#34;00:00:13&#34;, &#34;resultsTableRow&#34;: [&#34;&lt;td class=\&#34;col-result\&#34;&gt;Failed&lt;/td&gt;&#34;, &#34;&lt;td class=\&#34;col-testId\&#34;&gt;test_Contact_Page.py::TestCase003ContactPage::test_case_029_validate_contact_with_no_email_valid_name_invalid_message&lt;/td&gt;&#34;, &#34;&lt;td class=\&#34;col-duration\&#34;&gt;00:00:13&lt;/td&gt;&#34;, &#34;&lt;td class=\&#34;col-links\&#34;&gt;&lt;/td&gt;&#34;], &#34;log&#34;: &#34;self = &amp;lt;testCases.test_Contact_Page.TestCase003ContactPage object at 0x000001E9AFAFAD20&amp;gt;\nsetup_and_teardown = &amp;lt;selenium.webdriver.chrome.webdriver.WebDriver (session=&amp;quot;d8334889f6a6555dc1b1b3bca7c0508b&amp;quot;)&amp;gt;\n\n    @pytest.mark.regression\n    @pytest.mark.sanity\n    def test_case_029_validate_contact_with_no_email_valid_name_invalid_message(self, setup_and_teardown):\n        self.logger.info(&amp;quot;-----test_case_029_validate_contact_with_no_email_valid_name_invalid_message-----&amp;quot;)\n        self.logger.info(&amp;quot;-----Verifying Contact Page-----&amp;quot;)\n        self.driver = setup_and_teardown\n        self.cnt_page = Contact_page(self.driver)\n        self.cnt_page.set_all_the_fields(self.no_email, self.valid_name, self.invalid_message)\n        WebDriverWait(self.driver, 10).until(EC.alert_is_present())\n        al_msg = self.driver.switch_to.alert\n        alert_text = al_msg.text\n        self.driver.switch_to.alert.accept()\n        print(alert_text)\n        try:\n            if alert_text != &amp;quot;Thanks for the message!!&amp;quot;:\n                self.logger.info(&amp;quot;-----test case 029 is Passed-----&amp;quot;)\n                assert True\n            else:\n                time.sleep(5)\n                self.driver.save_screenshot(&amp;quot;.\\\\ScreenShots\\\\&amp;quot; + &amp;quot;test_case_029_contact.png&amp;quot;)\n                self.logger.error(&amp;quot;-----test case 029 is Passed-----&amp;quot;)\n&amp;gt;               assert False\nE               assert False\n\ntestCases\\test_Contact_Page.py:788: AssertionError\n\n------------------------------ Captured log call -------------------------------\nINFO     root:test_Contact_Page.py:770 -----test_case_029_validate_contact_with_no_email_valid_name_invalid_message-----\nINFO     root:test_Contact_Page.py:771 -----Verifying Contact Page-----\nERROR    root:test_Contact_Page.py:787 -----test case 029 is Passed-----\n\n&#34;}], &#34;test_Contact_Page.py::TestCase003ContactPage::test_case_030_validate_contact_with_no_email_valid_name_no_message&#34;: [{&#34;extras&#34;: [], &#34;result&#34;: &#34;Failed&#34;, &#34;testId&#34;: &#34;test_Contact_Page.py::TestCase003ContactPage::test_case_030_validate_contact_with_no_email_valid_name_no_message&#34;, &#34;duration&#34;: &#34;00:00:12&#34;, &#34;resultsTableRow&#34;: [&#34;&lt;td class=\&#34;col-result\&#34;&gt;Failed&lt;/td&gt;&#34;, &#34;&lt;td class=\&#34;col-testId\&#34;&gt;test_Contact_Page.py::TestCase003ContactPage::test_case_030_validate_contact_with_no_email_valid_name_no_message&lt;/td&gt;&#34;, &#34;&lt;td class=\&#34;col-duration\&#34;&gt;00:00:12&lt;/td&gt;&#34;, &#34;&lt;td class=\&#34;col-links\&#34;&gt;&lt;/td&gt;&#34;], &#34;log&#34;: &#34;self = &amp;lt;testCases.test_Contact_Page.TestCase003ContactPage object at 0x000001E9AFAFAEA0&amp;gt;\nsetup_and_teardown = &amp;lt;selenium.webdriver.chrome.webdriver.WebDriver (session=&amp;quot;2c4266c20a6f59061a9b9735c621228a&amp;quot;)&amp;gt;\n\n    @pytest.mark.regression\n    @pytest.mark.sanity\n    def test_case_030_validate_contact_with_no_email_valid_name_no_message(self, setup_and_teardown):\n        self.logger.info(&amp;quot;-----test_case_030_validate_contact_with_no_email_valid_name_no_message-----&amp;quot;)\n        self.logger.info(&amp;quot;-----Verifying Contact Page-----&amp;quot;)\n        self.driver = setup_and_teardown\n        self.cnt_page = Contact_page(self.driver)\n        self.cnt_page.set_all_the_fields(self.no_email, self.valid_name, self.no_message)\n        WebDriverWait(self.driver, 10).until(EC.alert_is_present())\n        al_msg = self.driver.switch_to.alert\n        alert_text = al_msg.text\n        self.driver.switch_to.alert.accept()\n        print(alert_text)\n        try:\n            if alert_text != &amp;quot;Thanks for the message!!&amp;quot;:\n                self.logger.info(&amp;quot;-----test case 030 is Passed-----&amp;quot;)\n                assert True\n            else:\n                time.sleep(5)\n                self.driver.save_screenshot(&amp;quot;.\\\\ScreenShots\\\\&amp;quot; + &amp;quot;test_case_030_contact.png&amp;quot;)\n                self.logger.error(&amp;quot;-----test case 030 is Passed-----&amp;quot;)\n&amp;gt;               assert False\nE               assert False\n\ntestCases\\test_Contact_Page.py:814: AssertionError\n\n------------------------------ Captured log call -------------------------------\nINFO     root:test_Contact_Page.py:796 -----test_case_030_validate_contact_with_no_email_valid_name_no_message-----\nINFO     root:test_Contact_Page.py:797 -----Verifying Contact Page-----\nERROR    root:test_Contact_Page.py:813 -----test case 030 is Passed-----\n\n&#34;}], &#34;test_Contact_Page.py::TestCase003ContactPage::test_case_031_validate_contact_with_no_email_invalid_name_valid_message&#34;: [{&#34;extras&#34;: [], &#34;result&#34;: &#34;Failed&#34;, &#34;testId&#34;: &#34;test_Contact_Page.py::TestCase003ContactPage::test_case_031_validate_contact_with_no_email_invalid_name_valid_message&#34;, &#34;duration&#34;: &#34;00:00:12&#34;, &#34;resultsTableRow&#34;: [&#34;&lt;td class=\&#34;col-result\&#34;&gt;Failed&lt;/td&gt;&#34;, &#34;&lt;td class=\&#34;col-testId\&#34;&gt;test_Contact_Page.py::TestCase003ContactPage::test_case_031_validate_contact_with_no_email_invalid_name_valid_message&lt;/td&gt;&#34;, &#34;&lt;td class=\&#34;col-duration\&#34;&gt;00:00:12&lt;/td&gt;&#34;, &#34;&lt;td class=\&#34;col-links\&#34;&gt;&lt;/td&gt;&#34;], &#34;log&#34;: &#34;self = &amp;lt;testCases.test_Contact_Page.TestCase003ContactPage object at 0x000001E9AFAFB020&amp;gt;\nsetup_and_teardown = &amp;lt;selenium.webdriver.chrome.webdriver.WebDriver (session=&amp;quot;2f03cf414e3a6bc1fca2065fccc14c6e&amp;quot;)&amp;gt;\n\n    @pytest.mark.regression\n    @pytest.mark.sanity\n    def test_case_031_validate_contact_with_no_email_invalid_name_valid_message(self, setup_and_teardown):\n        self.logger.info(&amp;quot;-----test_case_031_validate_contact_with_no_email_invalid_name_valid_message-----&amp;quot;)\n        self.logger.info(&amp;quot;-----Verifying Contact Page-----&amp;quot;)\n        self.driver = setup_and_teardown\n        self.cnt_page = Contact_page(self.driver)\n        self.cnt_page.set_all_the_fields(self.no_email, self.invalid_name, self.valid_message)\n        WebDriverWait(self.driver, 10).until(EC.alert_is_present())\n        al_msg = self.driver.switch_to.alert\n        alert_text = al_msg.text\n        self.driver.switch_to.alert.accept()\n        print(alert_text)\n        try:\n            if alert_text != &amp;quot;Thanks for the message!!&amp;quot;:\n                self.logger.info(&amp;quot;-----test case 031 is Passed-----&amp;quot;)\n                assert True\n            else:\n                time.sleep(5)\n                self.driver.save_screenshot(&amp;quot;.\\\\ScreenShots\\\\&amp;quot; + &amp;quot;test_case_031_contact.png&amp;quot;)\n                self.logger.error(&amp;quot;-----test case 031 is Passed-----&amp;quot;)\n&amp;gt;               assert False\nE               assert False\n\ntestCases\\test_Contact_Page.py:840: AssertionError\n\n------------------------------ Captured log call -------------------------------\nINFO     root:test_Contact_Page.py:822 -----test_case_031_validate_contact_with_no_email_invalid_name_valid_message-----\nINFO     root:test_Contact_Page.py:823 -----Verifying Contact Page-----\nERROR    root:test_Contact_Page.py:839 -----test case 031 is Passed-----\n\n&#34;}], &#34;test_Contact_Page.py::TestCase003ContactPage::test_case_032_validate_contact_with_no_email_invalid_name_invalid_message&#34;: [{&#34;extras&#34;: [], &#34;result&#34;: &#34;Failed&#34;, &#34;testId&#34;: &#34;test_Contact_Page.py::TestCase003ContactPage::test_case_032_validate_contact_with_no_email_invalid_name_invalid_message&#34;, &#34;duration&#34;: &#34;00:00:13&#34;, &#34;resultsTableRow&#34;: [&#34;&lt;td class=\&#34;col-result\&#34;&gt;Failed&lt;/td&gt;&#34;, &#34;&lt;td class=\&#34;col-testId\&#34;&gt;test_Contact_Page.py::TestCase003ContactPage::test_case_032_validate_contact_with_no_email_invalid_name_invalid_message&lt;/td&gt;&#34;, &#34;&lt;td class=\&#34;col-duration\&#34;&gt;00:00:13&lt;/td&gt;&#34;, &#34;&lt;td class=\&#34;col-links\&#34;&gt;&lt;/td&gt;&#34;], &#34;log&#34;: &#34;self = &amp;lt;testCases.test_Contact_Page.TestCase003ContactPage object at 0x000001E9AFAFB1A0&amp;gt;\nsetup_and_teardown = &amp;lt;selenium.webdriver.chrome.webdriver.WebDriver (session=&amp;quot;5b678ace334c82188844ce3128ece4ba&amp;quot;)&amp;gt;\n\n    @pytest.mark.regression\n    @pytest.mark.sanity\n    def test_case_032_validate_contact_with_no_email_invalid_name_invalid_message(self, setup_and_teardown):\n        self.logger.info(&amp;quot;-----test_case_032_validate_contact_with_no_email_invalid_name_invalid_message-----&amp;quot;)\n        self.logger.info(&amp;quot;-----Verifying Contact Page-----&amp;quot;)\n        self.driver = setup_and_teardown\n        self.cnt_page = Contact_page(self.driver)\n        self.cnt_page.set_all_the_fields(self.no_email, self.invalid_name, self.invalid_message)\n        WebDriverWait(self.driver, 10).until(EC.alert_is_present())\n        al_msg = self.driver.switch_to.alert\n        alert_text = al_msg.text\n        self.driver.switch_to.alert.accept()\n        print(alert_text)\n        try:\n            if alert_text != &amp;quot;Thanks for the message!!&amp;quot;:\n                self.logger.info(&amp;quot;-----test case 032 is Passed-----&amp;quot;)\n                assert True\n            else:\n                time.sleep(5)\n                self.driver.save_screenshot(&amp;quot;.\\\\ScreenShots\\\\&amp;quot; + &amp;quot;test_case_032_contact.png&amp;quot;)\n                self.logger.error(&amp;quot;-----test case 032 is Passed-----&amp;quot;)\n&amp;gt;               assert False\nE               assert False\n\ntestCases\\test_Contact_Page.py:866: AssertionError\n\n------------------------------ Captured log call -------------------------------\nINFO     root:test_Contact_Page.py:848 -----test_case_032_validate_contact_with_no_email_invalid_name_invalid_message-----\nINFO     root:test_Contact_Page.py:849 -----Verifying Contact Page-----\nERROR    root:test_Contact_Page.py:865 -----test case 032 is Passed-----\n\n&#34;}], &#34;test_Contact_Page.py::TestCase003ContactPage::test_case_033_validate_contact_with_no_email_invalid_name_no_message&#34;: [{&#34;extras&#34;: [], &#34;result&#34;: &#34;Failed&#34;, &#34;testId&#34;: &#34;test_Contact_Page.py::TestCase003ContactPage::test_case_033_validate_contact_with_no_email_invalid_name_no_message&#34;, &#34;duration&#34;: &#34;00:00:13&#34;, &#34;resultsTableRow&#34;: [&#34;&lt;td class=\&#34;col-result\&#34;&gt;Failed&lt;/td&gt;&#34;, &#34;&lt;td class=\&#34;col-testId\&#34;&gt;test_Contact_Page.py::TestCase003ContactPage::test_case_033_validate_contact_with_no_email_invalid_name_no_message&lt;/td&gt;&#34;, &#34;&lt;td class=\&#34;col-duration\&#34;&gt;00:00:13&lt;/td&gt;&#34;, &#34;&lt;td class=\&#34;col-links\&#34;&gt;&lt;/td&gt;&#34;], &#34;log&#34;: &#34;self = &amp;lt;testCases.test_Contact_Page.TestCase003ContactPage object at 0x000001E9AFAFB320&amp;gt;\nsetup_and_teardown = &amp;lt;selenium.webdriver.chrome.webdriver.WebDriver (session=&amp;quot;becc629eae60b61c78cb6b76a8f0f5ee&amp;quot;)&amp;gt;\n\n    @pytest.mark.regression\n    @pytest.mark.sanity\n    def test_case_033_validate_contact_with_no_email_invalid_name_no_message(self, setup_and_teardown):\n        self.logger.info(&amp;quot;-----test_case_033_validate_contact_with_no_email_invalid_name_no_message-----&amp;quot;)\n        self.logger.info(&amp;quot;-----Verifying Contact Page-----&amp;quot;)\n        self.driver = setup_and_teardown\n        self.cnt_page = Contact_page(self.driver)\n        self.cnt_page.set_all_the_fields(self.no_email, self.invalid_name, self.no_message)\n        WebDriverWait(self.driver, 10).until(EC.alert_is_present())\n        al_msg = self.driver.switch_to.alert\n        alert_text = al_msg.text\n        self.driver.switch_to.alert.accept()\n        print(alert_text)\n        try:\n            if alert_text != &amp;quot;Thanks for the message!!&amp;quot;:\n                self.logger.info(&amp;quot;-----test case 033 is Passed-----&amp;quot;)\n                assert True\n            else:\n                time.sleep(5)\n                self.driver.save_screenshot(&amp;quot;.\\\\ScreenShots\\\\&amp;quot; + &amp;quot;test_case_033_contact.png&amp;quot;)\n                self.logger.error(&amp;quot;-----test case 033 is Passed-----&amp;quot;)\n&amp;gt;               assert False\nE               assert False\n\ntestCases\\test_Contact_Page.py:892: AssertionError\n\n------------------------------ Captured log call -------------------------------\nINFO     root:test_Contact_Page.py:874 -----test_case_033_validate_contact_with_no_email_invalid_name_no_message-----\nINFO     root:test_Contact_Page.py:875 -----Verifying Contact Page-----\nERROR    root:test_Contact_Page.py:891 -----test case 033 is Passed-----\n\n&#34;}], &#34;test_Contact_Page.py::TestCase003ContactPage::test_case_034_validate_contact_with_no_email_no_name_valid_message&#34;: [{&#34;extras&#34;: [], &#34;result&#34;: &#34;Failed&#34;, &#34;testId&#34;: &#34;test_Contact_Page.py::TestCase003ContactPage::test_case_034_validate_contact_with_no_email_no_name_valid_message&#34;, &#34;duration&#34;: &#34;00:00:13&#34;, &#34;resultsTableRow&#34;: [&#34;&lt;td class=\&#34;col-result\&#34;&gt;Failed&lt;/td&gt;&#34;, &#34;&lt;td class=\&#34;col-testId\&#34;&gt;test_Contact_Page.py::TestCase003ContactPage::test_case_034_validate_contact_with_no_email_no_name_valid_message&lt;/td&gt;&#34;, &#34;&lt;td class=\&#34;col-duration\&#34;&gt;00:00:13&lt;/td&gt;&#34;, &#34;&lt;td class=\&#34;col-links\&#34;&gt;&lt;/td&gt;&#34;], &#34;log&#34;: &#34;self = &amp;lt;testCases.test_Contact_Page.TestCase003ContactPage object at 0x000001E9AFAFB4A0&amp;gt;\nsetup_and_teardown = &amp;lt;selenium.webdriver.chrome.webdriver.WebDriver (session=&amp;quot;bbaac181f3413fa92b34e17667e4bd77&amp;quot;)&amp;gt;\n\n    @pytest.mark.regression\n    @pytest.mark.sanity\n    def test_case_034_validate_contact_with_no_email_no_name_valid_message(self, setup_and_teardown):\n        self.logger.info(&amp;quot;-----test_case_034_validate_contact_with_no_email_no_name_valid_message-----&amp;quot;)\n        self.logger.info(&amp;quot;-----Verifying Contact Page-----&amp;quot;)\n        self.driver = setup_and_teardown\n        self.cnt_page = Contact_page(self.driver)\n        self.cnt_page.set_all_the_fields(self.no_email, self.no_name, self.valid_message)\n        WebDriverWait(self.driver, 10).until(EC.alert_is_present())\n        al_msg = self.driver.switch_to.alert\n        alert_text = al_msg.text\n        self.driver.switch_to.alert.accept()\n        print(alert_text)\n        try:\n            if alert_text != &amp;quot;Thanks for the message!!&amp;quot;:\n                self.logger.info(&amp;quot;-----test case 034 is Passed-----&amp;quot;)\n                assert True\n            else:\n                time.sleep(5)\n                self.driver.save_screenshot(&amp;quot;.\\\\ScreenShots\\\\&amp;quot; + &amp;quot;test_case_034_contact.png&amp;quot;)\n                self.logger.error(&amp;quot;-----test case 034 is Passed-----&amp;quot;)\n&amp;gt;               assert False\nE               assert False\n\ntestCases\\test_Contact_Page.py:918: AssertionError\n\n------------------------------ Captured log call -------------------------------\nINFO     root:test_Contact_Page.py:900 -----test_case_034_validate_contact_with_no_email_no_name_valid_message-----\nINFO     root:test_Contact_Page.py:901 -----Verifying Contact Page-----\nERROR    root:test_Contact_Page.py:917 -----test case 034 is Passed-----\n\n&#34;}], &#34;test_Contact_Page.py::TestCase003ContactPage::test_case_035_validate_contact_with_no_email_no_name_invalid_message&#34;: [{&#34;extras&#34;: [], &#34;result&#34;: &#34;Failed&#34;, &#34;testId&#34;: &#34;test_Contact_Page.py::TestCase003ContactPage::test_case_035_validate_contact_with_no_email_no_name_invalid_message&#34;, &#34;duration&#34;: &#34;00:00:13&#34;, &#34;resultsTableRow&#34;: [&#34;&lt;td class=\&#34;col-result\&#34;&gt;Failed&lt;/td&gt;&#34;, &#34;&lt;td class=\&#34;col-testId\&#34;&gt;test_Contact_Page.py::TestCase003ContactPage::test_case_035_validate_contact_with_no_email_no_name_invalid_message&lt;/td&gt;&#34;, &#34;&lt;td class=\&#34;col-duration\&#34;&gt;00:00:13&lt;/td&gt;&#34;, &#34;&lt;td class=\&#34;col-links\&#34;&gt;&lt;/td&gt;&#34;], &#34;log&#34;: &#34;self = &amp;lt;testCases.test_Contact_Page.TestCase003ContactPage object at 0x000001E9AFAFB620&amp;gt;\nsetup_and_teardown = &amp;lt;selenium.webdriver.chrome.webdriver.WebDriver (session=&amp;quot;05be1445884983e9222c27a415e735a5&amp;quot;)&amp;gt;\n\n    @pytest.mark.regression\n    @pytest.mark.sanity\n    def test_case_035_validate_contact_with_no_email_no_name_invalid_message(self, setup_and_teardown):\n        self.logger.info(&amp;quot;-----test_case_035_validate_contact_with_no_email_no_name_invalid_message-----&amp;quot;)\n        self.logger.info(&amp;quot;-----Verifying Contact Page-----&amp;quot;)\n        self.driver = setup_and_teardown\n        self.cnt_page = Contact_page(self.driver)\n        self.cnt_page.set_all_the_fields(self.no_email, self.no_name, self.invalid_message)\n        WebDriverWait(self.driver, 10).until(EC.alert_is_present())\n        al_msg = self.driver.switch_to.alert\n        alert_text = al_msg.text\n        self.driver.switch_to.alert.accept()\n        print(alert_text)\n        try:\n            if alert_text != &amp;quot;Thanks for the message!!&amp;quot;:\n                self.logger.info(&amp;quot;-----test case 035 is Passed-----&amp;quot;)\n                assert True\n            else:\n                time.sleep(5)\n                self.driver.save_screenshot(&amp;quot;.\\\\ScreenShots\\\\&amp;quot; + &amp;quot;test_case_035_contact.png&amp;quot;)\n                self.logger.error(&amp;quot;-----test case 035 is Passed-----&amp;quot;)\n&amp;gt;               assert False\nE               assert False\n\ntestCases\\test_Contact_Page.py:944: AssertionError\n\n------------------------------ Captured log call -------------------------------\nINFO     root:test_Contact_Page.py:926 -----test_case_035_validate_contact_with_no_email_no_name_invalid_message-----\nINFO     root:test_Contact_Page.py:927 -----Verifying Contact Page-----\nERROR    root:test_Contact_Page.py:943 -----test case 035 is Passed-----\n\n&#34;}], &#34;test_Contact_Page.py::TestCase003ContactPage::test_case_036_validate_contact_with_no_email_no_name_no_message&#34;: [{&#34;extras&#34;: [], &#34;result&#34;: &#34;Failed&#34;, &#34;testId&#34;: &#34;test_Contact_Page.py::TestCase003ContactPage::test_case_036_validate_contact_with_no_email_no_name_no_message&#34;, &#34;duration&#34;: &#34;00:00:13&#34;, &#34;resultsTableRow&#34;: [&#34;&lt;td class=\&#34;col-result\&#34;&gt;Failed&lt;/td&gt;&#34;, &#34;&lt;td class=\&#34;col-testId\&#34;&gt;test_Contact_Page.py::TestCase003ContactPage::test_case_036_validate_contact_with_no_email_no_name_no_message&lt;/td&gt;&#34;, &#34;&lt;td class=\&#34;col-duration\&#34;&gt;00:00:13&lt;/td&gt;&#34;, &#34;&lt;td class=\&#34;col-links\&#34;&gt;&lt;/td&gt;&#34;], &#34;log&#34;: &#34;self = &amp;lt;testCases.test_Contact_Page.TestCase003ContactPage object at 0x000001E9AFAFB7D0&amp;gt;\nsetup_and_teardown = &amp;lt;selenium.webdriver.chrome.webdriver.WebDriver (session=&amp;quot;5430bbd1ca8ecdcff924236904cb9fe8&amp;quot;)&amp;gt;\n\n    @pytest.mark.regression\n    @pytest.mark.sanity\n    def test_case_036_validate_contact_with_no_email_no_name_no_message(self, setup_and_teardown):\n        self.logger.info(&amp;quot;-----test_case_036_validate_contact_with_no_email_no_name_no_message-----&amp;quot;)\n        self.logger.info(&amp;quot;-----Verifying Contact Page-----&amp;quot;)\n        self.driver = setup_and_teardown\n        self.cnt_page = Contact_page(self.driver)\n        self.cnt_page.set_all_the_fields(self.no_email, self.no_name, self.no_message)\n        WebDriverWait(self.driver, 10).until(EC.alert_is_present())\n        al_msg = self.driver.switch_to.alert\n        alert_text = al_msg.text\n        self.driver.switch_to.alert.accept()\n        print(alert_text)\n        try:\n            if alert_text != &amp;quot;Thanks for the message!!&amp;quot;:\n                self.logger.info(&amp;quot;-----test case 036 is Passed-----&amp;quot;)\n                assert True\n            else:\n                time.sleep(5)\n                self.driver.save_screenshot(&amp;quot;.\\\\ScreenShots\\\\&amp;quot; + &amp;quot;test_case_036_contact.png&amp;quot;)\n                self.logger.error(&amp;quot;-----test case 036 is Passed-----&amp;quot;)\n&amp;gt;               assert False\nE               assert False\n\ntestCases\\test_Contact_Page.py:970: AssertionError\n\n------------------------------ Captured log call -------------------------------\nINFO     root:test_Contact_Page.py:952 -----test_case_036_validate_contact_with_no_email_no_name_no_message-----\nINFO     root:test_Contact_Page.py:953 -----Verifying Contact Page-----\nERROR    root:test_Contact_Page.py:969 -----test case 036 is Passed-----\n\n&#34;}], &#34;test_Contact_Page.py::TestCase003ContactPage::test_case_037_click_on_contact_button&#34;: [{&#34;extras&#34;: [], &#34;result&#34;: &#34;Passed&#34;, &#34;testId&#34;: &#34;test_Contact_Page.py::TestCase003ContactPage::test_case_037_click_on_contact_button&#34;, &#34;duration&#34;: &#34;00:00:07&#34;, &#34;resultsTableRow&#34;: [&#34;&lt;td class=\&#34;col-result\&#34;&gt;Passed&lt;/td&gt;&#34;, &#34;&lt;td class=\&#34;col-testId\&#34;&gt;test_Contact_Page.py::TestCase003ContactPage::test_case_037_click_on_contact_button&lt;/td&gt;&#34;, &#34;&lt;td class=\&#34;col-duration\&#34;&gt;00:00:07&lt;/td&gt;&#34;, &#34;&lt;td class=\&#34;col-links\&#34;&gt;&lt;/td&gt;&#34;], &#34;log&#34;: &#34;------------------------------ Captured log call -------------------------------\nINFO     root:test_Contact_Page.py:977 \nINFO     root:test_Contact_Page.py:978 -----Verifying Contact Page-----\nINFO     root:test_Contact_Page.py:990 -----test case 037 is Passed------\n\n&#34;}], &#34;test_Contact_Page.py::TestCase003ContactPage::test_case_038_click_on_contact_close_button&#34;: [{&#34;extras&#34;: [], &#34;result&#34;: &#34;Passed&#34;, &#34;testId&#34;: &#34;test_Contact_Page.py::TestCase003ContactPage::test_case_038_click_on_contact_close_button&#34;, &#34;duration&#34;: &#34;00:00:06&#34;, &#34;resultsTableRow&#34;: [&#34;&lt;td class=\&#34;col-result\&#34;&gt;Passed&lt;/td&gt;&#34;, &#34;&lt;td class=\&#34;col-testId\&#34;&gt;test_Contact_Page.py::TestCase003ContactPage::test_case_038_click_on_contact_close_button&lt;/td&gt;&#34;, &#34;&lt;td class=\&#34;col-duration\&#34;&gt;00:00:06&lt;/td&gt;&#34;, &#34;&lt;td class=\&#34;col-links\&#34;&gt;&lt;/td&gt;&#34;], &#34;log&#34;: &#34;------------------------------ Captured log call -------------------------------\nINFO     root:test_Contact_Page.py:1008 \nINFO     root:test_Contact_Page.py:1009 -----Verifying Contact Page-----\nINFO     root:test_Contact_Page.py:1016 -----test case 038 is Passed------\n\n&#34;}], &#34;test_Contact_Page.py::TestCase003ContactPage::test_case_039_click_on_contact_x_mark&#34;: [{&#34;extras&#34;: [], &#34;result&#34;: &#34;Passed&#34;, &#34;testId&#34;: &#34;test_Contact_Page.py::TestCase003ContactPage::test_case_039_click_on_contact_x_mark&#34;, &#34;duration&#34;: &#34;00:00:06&#34;, &#34;resultsTableRow&#34;: [&#34;&lt;td class=\&#34;col-result\&#34;&gt;Passed&lt;/td&gt;&#34;, &#34;&lt;td class=\&#34;col-testId\&#34;&gt;test_Contact_Page.py::TestCase003ContactPage::test_case_039_click_on_contact_x_mark&lt;/td&gt;&#34;, &#34;&lt;td class=\&#34;col-duration\&#34;&gt;00:00:06&lt;/td&gt;&#34;, &#34;&lt;td class=\&#34;col-links\&#34;&gt;&lt;/td&gt;&#34;], &#34;log&#34;: &#34;------------------------------ Captured log call -------------------------------\nINFO     root:test_Contact_Page.py:1029 \nINFO     root:test_Contact_Page.py:1030 -----Verifying Contact Page-----\nINFO     root:test_Contact_Page.py:1037 -----test case 039 is Passed------\n\n&#34;}]}, &#34;renderCollapsed&#34;: [&#34;passed&#34;], &#34;initialSort&#34;: &#34;result&#34;, &#34;title&#34;: &#34;Contact_Page_Final.html&#34;}"></div>
    <script>
      (function(){function r(e,n,t){function o(i,f){if(!n[i]){if(!e[i]){var c="function"==typeof require&&require;if(!f&&c)return c(i,!0);if(u)return u(i,!0);var a=new Error("Cannot find module '"+i+"'");throw a.code="MODULE_NOT_FOUND",a}var p=n[i]={exports:{}};e[i][0].call(p.exports,function(r){var n=e[i][1][r];return o(n||r)},p,p.exports,r,e,n,t)}return n[i].exports}for(var u="function"==typeof require&&require,i=0;i<t.length;i++)o(t[i]);return o}return r})()({1:[function(require,module,exports){
const { getCollapsedCategory, setCollapsedIds } = require('./storage.js')

class DataManager {
    setManager(data) {
        const collapsedCategories = [...getCollapsedCategory(data.renderCollapsed)]
        const collapsedIds = []
        const tests = Object.values(data.tests).flat().map((test, index) => {
            const collapsed = collapsedCategories.includes(test.result.toLowerCase())
            const id = `test_${index}`
            if (collapsed) {
                collapsedIds.push(id)
            }
            return {
                ...test,
                id,
                collapsed,
            }
        })
        const dataBlob = { ...data, tests }
        this.data = { ...dataBlob }
        this.renderData = { ...dataBlob }
        setCollapsedIds(collapsedIds)
    }

    get allData() {
        return { ...this.data }
    }

    resetRender() {
        this.renderData = { ...this.data }
    }

    setRender(data) {
        this.renderData.tests = [...data]
    }

    toggleCollapsedItem(id) {
        this.renderData.tests = this.renderData.tests.map((test) =>
            test.id === id ? { ...test, collapsed: !test.collapsed } : test,
        )
    }

    set allCollapsed(collapsed) {
        this.renderData = { ...this.renderData, tests: [...this.renderData.tests.map((test) => (
            { ...test, collapsed }
        ))] }
    }

    get testSubset() {
        return [...this.renderData.tests]
    }

    get environment() {
        return this.renderData.environment
    }

    get initialSort() {
        return this.data.initialSort
    }
}

module.exports = {
    manager: new DataManager(),
}

},{"./storage.js":8}],2:[function(require,module,exports){
const mediaViewer = require('./mediaviewer.js')
const templateEnvRow = document.getElementById('template_environment_row')
const templateResult = document.getElementById('template_results-table__tbody')

function htmlToElements(html) {
    const temp = document.createElement('template')
    temp.innerHTML = html
    return temp.content.childNodes
}

const find = (selector, elem) => {
    if (!elem) {
        elem = document
    }
    return elem.querySelector(selector)
}

const findAll = (selector, elem) => {
    if (!elem) {
        elem = document
    }
    return [...elem.querySelectorAll(selector)]
}

const dom = {
    getStaticRow: (key, value) => {
        const envRow = templateEnvRow.content.cloneNode(true)
        const isObj = typeof value === 'object' && value !== null
        const values = isObj ? Object.keys(value).map((k) => `${k}: ${value[k]}`) : null

        const valuesElement = htmlToElements(
            values ? `<ul>${values.map((val) => `<li>${val}</li>`).join('')}<ul>` : `<div>${value}</div>`)[0]
        const td = findAll('td', envRow)
        td[0].textContent = key
        td[1].appendChild(valuesElement)

        return envRow
    },
    getResultTBody: ({ testId, id, log, extras, resultsTableRow, tableHtml, result, collapsed }) => {
        const resultBody = templateResult.content.cloneNode(true)
        resultBody.querySelector('tbody').classList.add(result.toLowerCase())
        resultBody.querySelector('tbody').id = testId
        resultBody.querySelector('.collapsible').dataset.id = id

        resultsTableRow.forEach((html) => {
            const t = document.createElement('template')
            t.innerHTML = html
            resultBody.querySelector('.collapsible').appendChild(t.content)
        })

        if (log) {
            // Wrap lines starting with "E" with span.error to color those lines red
            const wrappedLog = log.replace(/^E.*$/gm, (match) => `<span class="error">${match}</span>`)
            resultBody.querySelector('.log').innerHTML = wrappedLog
        } else {
            resultBody.querySelector('.log').remove()
        }

        if (collapsed) {
            resultBody.querySelector('.collapsible > td')?.classList.add('collapsed')
            resultBody.querySelector('.extras-row').classList.add('hidden')
        } else {
            resultBody.querySelector('.collapsible > td')?.classList.remove('collapsed')
        }

        const media = []
        extras?.forEach(({ name, format_type, content }) => {
            if (['image', 'video'].includes(format_type)) {
                media.push({ path: content, name, format_type })
            }

            if (format_type === 'html') {
                resultBody.querySelector('.extraHTML').insertAdjacentHTML('beforeend', `<div>${content}</div>`)
            }
        })
        mediaViewer.setup(resultBody, media)

        // Add custom html from the pytest_html_results_table_html hook
        tableHtml?.forEach((item) => {
            resultBody.querySelector('td[class="extra"]').insertAdjacentHTML('beforeend', item)
        })

        return resultBody
    },
}

module.exports = {
    dom,
    htmlToElements,
    find,
    findAll,
}

},{"./mediaviewer.js":6}],3:[function(require,module,exports){
const { manager } = require('./datamanager.js')
const { doSort } = require('./sort.js')
const storageModule = require('./storage.js')

const getFilteredSubSet = (filter) =>
    manager.allData.tests.filter(({ result }) => filter.includes(result.toLowerCase()))

const doInitFilter = () => {
    const currentFilter = storageModule.getVisible()
    const filteredSubset = getFilteredSubSet(currentFilter)
    manager.setRender(filteredSubset)
}

const doFilter = (type, show) => {
    if (show) {
        storageModule.showCategory(type)
    } else {
        storageModule.hideCategory(type)
    }

    const currentFilter = storageModule.getVisible()
    const filteredSubset = getFilteredSubSet(currentFilter)
    manager.setRender(filteredSubset)

    const sortColumn = storageModule.getSort()
    doSort(sortColumn, true)
}

module.exports = {
    doFilter,
    doInitFilter,
}

},{"./datamanager.js":1,"./sort.js":7,"./storage.js":8}],4:[function(require,module,exports){
const { redraw, bindEvents, renderStatic } = require('./main.js')
const { doInitFilter } = require('./filter.js')
const { doInitSort } = require('./sort.js')
const { manager } = require('./datamanager.js')
const data = JSON.parse(document.getElementById('data-container').dataset.jsonblob)

function init() {
    manager.setManager(data)
    doInitFilter()
    doInitSort()
    renderStatic()
    redraw()
    bindEvents()
}

init()

},{"./datamanager.js":1,"./filter.js":3,"./main.js":5,"./sort.js":7}],5:[function(require,module,exports){
const { dom, find, findAll } = require('./dom.js')
const { manager } = require('./datamanager.js')
const { doSort } = require('./sort.js')
const { doFilter } = require('./filter.js')
const {
    getVisible,
    getCollapsedIds,
    setCollapsedIds,
    getSort,
    getSortDirection,
    possibleFilters,
} = require('./storage.js')

const removeChildren = (node) => {
    while (node.firstChild) {
        node.removeChild(node.firstChild)
    }
}

const renderStatic = () => {
    const renderEnvironmentTable = () => {
        const environment = manager.environment
        const rows = Object.keys(environment).map((key) => dom.getStaticRow(key, environment[key]))
        const table = document.getElementById('environment')
        removeChildren(table)
        rows.forEach((row) => table.appendChild(row))
    }
    renderEnvironmentTable()
}

const addItemToggleListener = (elem) => {
    elem.addEventListener('click', ({ target }) => {
        const id = target.parentElement.dataset.id
        manager.toggleCollapsedItem(id)

        const collapsedIds = getCollapsedIds()
        if (collapsedIds.includes(id)) {
            const updated = collapsedIds.filter((item) => item !== id)
            setCollapsedIds(updated)
        } else {
            collapsedIds.push(id)
            setCollapsedIds(collapsedIds)
        }
        redraw()
    })
}

const renderContent = (tests) => {
    const sortAttr = getSort(manager.initialSort)
    const sortAsc = JSON.parse(getSortDirection())
    const rows = tests.map(dom.getResultTBody)
    const table = document.getElementById('results-table')
    const tableHeader = document.getElementById('results-table-head')

    const newTable = document.createElement('table')
    newTable.id = 'results-table'

    // remove all sorting classes and set the relevant
    findAll('.sortable', tableHeader).forEach((elem) => elem.classList.remove('asc', 'desc'))
    tableHeader.querySelector(`.sortable[data-column-type="${sortAttr}"]`)?.classList.add(sortAsc ? 'desc' : 'asc')
    newTable.appendChild(tableHeader)

    if (!rows.length) {
        const emptyTable = document.getElementById('template_results-table__body--empty').content.cloneNode(true)
        newTable.appendChild(emptyTable)
    } else {
        rows.forEach((row) => {
            if (!!row) {
                findAll('.collapsible td:not(.col-links', row).forEach(addItemToggleListener)
                find('.logexpander', row).addEventListener('click',
                    (evt) => evt.target.parentNode.classList.toggle('expanded'),
                )
                newTable.appendChild(row)
            }
        })
    }

    table.replaceWith(newTable)
}

const renderDerived = () => {
    const currentFilter = getVisible()
    possibleFilters.forEach((result) => {
        const input = document.querySelector(`input[data-test-result="${result}"]`)
        input.checked = currentFilter.includes(result)
    })
}

const bindEvents = () => {
    const filterColumn = (evt) => {
        const { target: element } = evt
        const { testResult } = element.dataset

        doFilter(testResult, element.checked)
        const collapsedIds = getCollapsedIds()
        const updated = manager.renderData.tests.map((test) => {
            return {
                ...test,
                collapsed: collapsedIds.includes(test.id),
            }
        })
        manager.setRender(updated)
        redraw()
    }

    const header = document.getElementById('environment-header')
    header.addEventListener('click', () => {
        const table = document.getElementById('environment')
        table.classList.toggle('hidden')
        header.classList.toggle('collapsed')
    })

    findAll('input[name="filter_checkbox"]').forEach((elem) => {
        elem.addEventListener('click', filterColumn)
    })

    findAll('.sortable').forEach((elem) => {
        elem.addEventListener('click', (evt) => {
            const { target: element } = evt
            const { columnType } = element.dataset
            doSort(columnType)
            redraw()
        })
    })

    document.getElementById('show_all_details').addEventListener('click', () => {
        manager.allCollapsed = false
        setCollapsedIds([])
        redraw()
    })
    document.getElementById('hide_all_details').addEventListener('click', () => {
        manager.allCollapsed = true
        const allIds = manager.renderData.tests.map((test) => test.id)
        setCollapsedIds(allIds)
        redraw()
    })
}

const redraw = () => {
    const { testSubset } = manager

    renderContent(testSubset)
    renderDerived()
}

module.exports = {
    redraw,
    bindEvents,
    renderStatic,
}

},{"./datamanager.js":1,"./dom.js":2,"./filter.js":3,"./sort.js":7,"./storage.js":8}],6:[function(require,module,exports){
class MediaViewer {
    constructor(assets) {
        this.assets = assets
        this.index = 0
    }

    nextActive() {
        this.index = this.index === this.assets.length - 1 ? 0 : this.index + 1
        return [this.activeFile, this.index]
    }

    prevActive() {
        this.index = this.index === 0 ? this.assets.length - 1 : this.index -1
        return [this.activeFile, this.index]
    }

    get currentIndex() {
        return this.index
    }

    get activeFile() {
        return this.assets[this.index]
    }
}


const setup = (resultBody, assets) => {
    if (!assets.length) {
        resultBody.querySelector('.media').classList.add('hidden')
        return
    }

    const mediaViewer = new MediaViewer(assets)
    const container = resultBody.querySelector('.media-container')
    const leftArrow = resultBody.querySelector('.media-container__nav--left')
    const rightArrow = resultBody.querySelector('.media-container__nav--right')
    const mediaName = resultBody.querySelector('.media__name')
    const counter = resultBody.querySelector('.media__counter')
    const imageEl = resultBody.querySelector('img')
    const sourceEl = resultBody.querySelector('source')
    const videoEl = resultBody.querySelector('video')

    const setImg = (media, index) => {
        if (media?.format_type === 'image') {
            imageEl.src = media.path

            imageEl.classList.remove('hidden')
            videoEl.classList.add('hidden')
        } else if (media?.format_type === 'video') {
            sourceEl.src = media.path

            videoEl.classList.remove('hidden')
            imageEl.classList.add('hidden')
        }

        mediaName.innerText = media?.name
        counter.innerText = `${index + 1} / ${assets.length}`
    }
    setImg(mediaViewer.activeFile, mediaViewer.currentIndex)

    const moveLeft = () => {
        const [media, index] = mediaViewer.prevActive()
        setImg(media, index)
    }
    const doRight = () => {
        const [media, index] = mediaViewer.nextActive()
        setImg(media, index)
    }
    const openImg = () => {
        window.open(mediaViewer.activeFile.path, '_blank')
    }
    if (assets.length === 1) {
        container.classList.add('media-container--fullscreen')
    } else {
        leftArrow.addEventListener('click', moveLeft)
        rightArrow.addEventListener('click', doRight)
    }
    imageEl.addEventListener('click', openImg)
}

module.exports = {
    setup,
}

},{}],7:[function(require,module,exports){
const { manager } = require('./datamanager.js')
const storageModule = require('./storage.js')

const genericSort = (list, key, ascending, customOrder) => {
    let sorted
    if (customOrder) {
        sorted = list.sort((a, b) => {
            const aValue = a.result.toLowerCase()
            const bValue = b.result.toLowerCase()

            const aIndex = customOrder.findIndex((item) => item.toLowerCase() === aValue)
            const bIndex = customOrder.findIndex((item) => item.toLowerCase() === bValue)

            // Compare the indices to determine the sort order
            return aIndex - bIndex
        })
    } else {
        sorted = list.sort((a, b) => a[key] === b[key] ? 0 : a[key] > b[key] ? 1 : -1)
    }

    if (ascending) {
        sorted.reverse()
    }
    return sorted
}

const durationSort = (list, ascending) => {
    const parseDuration = (duration) => {
        if (duration.includes(':')) {
            // If it's in the format "HH:mm:ss"
            const [hours, minutes, seconds] = duration.split(':').map(Number)
            return (hours * 3600 + minutes * 60 + seconds) * 1000
        } else {
            // If it's in the format "nnn ms"
            return parseInt(duration)
        }
    }
    const sorted = list.sort((a, b) => parseDuration(a['duration']) - parseDuration(b['duration']))
    if (ascending) {
        sorted.reverse()
    }
    return sorted
}

const doInitSort = () => {
    const type = storageModule.getSort(manager.initialSort)
    const ascending = storageModule.getSortDirection()
    const list = manager.testSubset
    const initialOrder = ['Error', 'Failed', 'Rerun', 'XFailed', 'XPassed', 'Skipped', 'Passed']

    storageModule.setSort(type)
    storageModule.setSortDirection(ascending)

    if (type?.toLowerCase() === 'original') {
        manager.setRender(list)
    } else {
        let sortedList
        switch (type) {
        case 'duration':
            sortedList = durationSort(list, ascending)
            break
        case 'result':
            sortedList = genericSort(list, type, ascending, initialOrder)
            break
        default:
            sortedList = genericSort(list, type, ascending)
            break
        }
        manager.setRender(sortedList)
    }
}

const doSort = (type, skipDirection) => {
    const newSortType = storageModule.getSort(manager.initialSort) !== type
    const currentAsc = storageModule.getSortDirection()
    let ascending
    if (skipDirection) {
        ascending = currentAsc
    } else {
        ascending = newSortType ? false : !currentAsc
    }
    storageModule.setSort(type)
    storageModule.setSortDirection(ascending)

    const list = manager.testSubset
    const sortedList = type === 'duration' ? durationSort(list, ascending) : genericSort(list, type, ascending)
    manager.setRender(sortedList)
}

module.exports = {
    doInitSort,
    doSort,
}

},{"./datamanager.js":1,"./storage.js":8}],8:[function(require,module,exports){
const possibleFilters = [
    'passed',
    'skipped',
    'failed',
    'error',
    'xfailed',
    'xpassed',
    'rerun',
]

const getVisible = () => {
    const url = new URL(window.location.href)
    const settings = new URLSearchParams(url.search).get('visible')
    const lower = (item) => {
        const lowerItem = item.toLowerCase()
        if (possibleFilters.includes(lowerItem)) {
            return lowerItem
        }
        return null
    }
    return settings === null ?
        possibleFilters :
        [...new Set(settings?.split(',').map(lower).filter((item) => item))]
}

const hideCategory = (categoryToHide) => {
    const url = new URL(window.location.href)
    const visibleParams = new URLSearchParams(url.search).get('visible')
    const currentVisible = visibleParams ? visibleParams.split(',') : [...possibleFilters]
    const settings = [...new Set(currentVisible)].filter((f) => f !== categoryToHide).join(',')

    url.searchParams.set('visible', settings)
    window.history.pushState({}, null, unescape(url.href))
}

const showCategory = (categoryToShow) => {
    if (typeof window === 'undefined') {
        return
    }
    const url = new URL(window.location.href)
    const currentVisible = new URLSearchParams(url.search).get('visible')?.split(',').filter(Boolean) ||
        [...possibleFilters]
    const settings = [...new Set([categoryToShow, ...currentVisible])]
    const noFilter = possibleFilters.length === settings.length || !settings.length

    noFilter ? url.searchParams.delete('visible') : url.searchParams.set('visible', settings.join(','))
    window.history.pushState({}, null, unescape(url.href))
}

const getSort = (initialSort) => {
    const url = new URL(window.location.href)
    let sort = new URLSearchParams(url.search).get('sort')
    if (!sort) {
        sort = initialSort || 'result'
    }
    return sort
}

const setSort = (type) => {
    const url = new URL(window.location.href)
    url.searchParams.set('sort', type)
    window.history.pushState({}, null, unescape(url.href))
}

const getCollapsedCategory = (renderCollapsed) => {
    let categories
    if (typeof window !== 'undefined') {
        const url = new URL(window.location.href)
        const collapsedItems = new URLSearchParams(url.search).get('collapsed')
        switch (true) {
        case !renderCollapsed && collapsedItems === null:
            categories = ['passed']
            break
        case collapsedItems?.length === 0 || /^["']{2}$/.test(collapsedItems):
            categories = []
            break
        case /^all$/.test(collapsedItems) || collapsedItems === null && /^all$/.test(renderCollapsed):
            categories = [...possibleFilters]
            break
        default:
            categories = collapsedItems?.split(',').map((item) => item.toLowerCase()) || renderCollapsed
            break
        }
    } else {
        categories = []
    }
    return categories
}

const getSortDirection = () => JSON.parse(sessionStorage.getItem('sortAsc')) || false
const setSortDirection = (ascending) => sessionStorage.setItem('sortAsc', ascending)

const getCollapsedIds = () => JSON.parse(sessionStorage.getItem('collapsedIds')) || []
const setCollapsedIds = (list) => sessionStorage.setItem('collapsedIds', JSON.stringify(list))

module.exports = {
    getVisible,
    hideCategory,
    showCategory,
    getCollapsedIds,
    setCollapsedIds,
    getSort,
    setSort,
    getSortDirection,
    setSortDirection,
    getCollapsedCategory,
    possibleFilters,
}

},{}]},{},[4]);
    </script>
  </footer>
</html>