<!DOCTYPE html>
<html>
  <head>
    <meta charset="utf-8"/>
    <title id="head-title">New_changes.html</title>
      <link href="assets\style.css" rel="stylesheet" type="text/css"/>
  </head>
  <body>
    <h1 id="title">New_changes.html</h1>
    <p>Report generated on 25-Feb-2024 at 18:14:26 by <a href="https://pypi.python.org/pypi/pytest-html">pytest-html</a>
        v4.1.1</p>
    <div id="environment-header">
      <h2>Environment</h2>
    </div>
    <table id="environment"></table>
    <!-- TEMPLATES -->
      <template id="template_environment_row">
      <tr>
        <td></td>
        <td></td>
      </tr>
    </template>
    <template id="template_results-table__body--empty">
      <tbody class="results-table-row">
        <tr id="not-found-message">
          <td colspan="4">No results found. Check the filters.</th>
        </tr>
    </template>
    <template id="template_results-table__tbody">
      <tbody class="results-table-row">
        <tr class="collapsible">
        </tr>
        <tr class="extras-row">
          <td class="extra" colspan="4">
            <div class="extraHTML"></div>
            <div class="media">
              <div class="media-container">
                  <div class="media-container__nav--left"><</div>
                  <div class="media-container__viewport">
                    <img src="" />
                    <video controls>
                      <source src="" type="video/mp4">
                    </video>
                  </div>
                  <div class="media-container__nav--right">></div>
                </div>
                <div class="media__name"></div>
                <div class="media__counter"></div>
            </div>
            <div class="logwrapper">
              <div class="logexpander"></div>
              <div class="log"></div>
            </div>
          </td>
        </tr>
      </tbody>
    </template>
    <!-- END TEMPLATES -->
    <div class="summary">
      <div class="summary__data">
        <h2>Summary</h2>
        <div class="additional-summary prefix">
        </div>
        <p class="run-count">127 tests took 00:23:23.</p>
        <p class="filter">(Un)check the boxes to filter the results.</p>
        <div class="summary__reload">
          <div class="summary__reload__button hidden" onclick="location.reload()">
            <div>There are still tests running. <br />Reload this page to get the latest results!</div>
          </div>
        </div>
        <div class="summary__spacer"></div>
        <div class="controls">
          <div class="filters">
            <input checked="true" class="filter" name="filter_checkbox" type="checkbox" data-test-result="failed" />
            <span class="failed">36 Failed,</span>
            <input checked="true" class="filter" name="filter_checkbox" type="checkbox" data-test-result="passed" />
            <span class="passed">91 Passed,</span>
            <input checked="true" class="filter" name="filter_checkbox" type="checkbox" data-test-result="skipped" disabled/>
            <span class="skipped">0 Skipped,</span>
            <input checked="true" class="filter" name="filter_checkbox" type="checkbox" data-test-result="xfailed" disabled/>
            <span class="xfailed">0 Expected failures,</span>
            <input checked="true" class="filter" name="filter_checkbox" type="checkbox" data-test-result="xpassed" disabled/>
            <span class="xpassed">0 Unexpected passes,</span>
            <input checked="true" class="filter" name="filter_checkbox" type="checkbox" data-test-result="error" disabled/>
            <span class="error">0 Errors,</span>
            <input checked="true" class="filter" name="filter_checkbox" type="checkbox" data-test-result="rerun" disabled/>
            <span class="rerun">0 Reruns</span>
          </div>
          <div class="collapse">
            <button id="show_all_details">Show all details</button>&nbsp;/&nbsp;<button id="hide_all_details">Hide all details</button>
          </div>
        </div>
      </div>
      <div class="additional-summary summary">
      </div>
      <div class="additional-summary postfix">
      </div>
    </div>
    <table id="results-table">
      <thead id="results-table-head">
        <tr>
          <th class="sortable" data-column-type="result">Result</th>
          <th class="sortable" data-column-type="testId">Test</th>
          <th class="sortable" data-column-type="duration">Duration</th>
          <th>Links</th>
        </tr>
      </thead>
    </table>
  </body>
  <footer>
    <div id="data-container" data-jsonblob="{&#34;environment&#34;: {&#34;Python&#34;: &#34;3.12.0&#34;, &#34;Platform&#34;: &#34;Windows-11-10.0.22621-SP0&#34;, &#34;Packages&#34;: {&#34;pytest&#34;: &#34;8.0.0&#34;, &#34;pluggy&#34;: &#34;1.4.0&#34;}, &#34;Plugins&#34;: {&#34;html&#34;: &#34;4.1.1&#34;, &#34;metadata&#34;: &#34;3.1.0&#34;, &#34;xdist&#34;: &#34;3.5.0&#34;}}, &#34;tests&#34;: {&#34;testCases/test_About_Us_Page.py::TestCase004AboutUsPage::test_case_001_validate_about_us_button&#34;: [{&#34;extras&#34;: [], &#34;result&#34;: &#34;Passed&#34;, &#34;testId&#34;: &#34;testCases/test_About_Us_Page.py::TestCase004AboutUsPage::test_case_001_validate_about_us_button&#34;, &#34;duration&#34;: &#34;00:00:07&#34;, &#34;resultsTableRow&#34;: [&#34;&lt;td class=\&#34;col-result\&#34;&gt;Passed&lt;/td&gt;&#34;, &#34;&lt;td class=\&#34;col-testId\&#34;&gt;testCases/test_About_Us_Page.py::TestCase004AboutUsPage::test_case_001_validate_about_us_button&lt;/td&gt;&#34;, &#34;&lt;td class=\&#34;col-duration\&#34;&gt;00:00:07&lt;/td&gt;&#34;, &#34;&lt;td class=\&#34;col-links\&#34;&gt;&lt;/td&gt;&#34;], &#34;log&#34;: &#34;------------------------------ Captured log call -------------------------------\nINFO     root:test_About_Us_Page.py:35 -----test_case_001_validate_about_us_button--------------\nINFO     root:test_About_Us_Page.py:36 -----Verifying About Us Page----------------\n\n&#34;}], &#34;testCases/test_About_Us_Page.py::TestCase004AboutUsPage::test_case_002_validate_video_close_button&#34;: [{&#34;extras&#34;: [], &#34;result&#34;: &#34;Passed&#34;, &#34;testId&#34;: &#34;testCases/test_About_Us_Page.py::TestCase004AboutUsPage::test_case_002_validate_video_close_button&#34;, &#34;duration&#34;: &#34;00:00:10&#34;, &#34;resultsTableRow&#34;: [&#34;&lt;td class=\&#34;col-result\&#34;&gt;Passed&lt;/td&gt;&#34;, &#34;&lt;td class=\&#34;col-testId\&#34;&gt;testCases/test_About_Us_Page.py::TestCase004AboutUsPage::test_case_002_validate_video_close_button&lt;/td&gt;&#34;, &#34;&lt;td class=\&#34;col-duration\&#34;&gt;00:00:10&lt;/td&gt;&#34;, &#34;&lt;td class=\&#34;col-links\&#34;&gt;&lt;/td&gt;&#34;], &#34;log&#34;: &#34;------------------------------ Captured log call -------------------------------\nINFO     root:test_About_Us_Page.py:61 -----test_case_002_validate_video_close_button--------------\nINFO     root:test_About_Us_Page.py:62 -----Verifying video_close_button----------------\nINFO     root:test_About_Us_Page.py:72 ----- Test case 002 is Passed------------------\n\n&#34;}], &#34;testCases/test_About_Us_Page.py::TestCase004AboutUsPage::test_case_003_validate_video_close_x_mark&#34;: [{&#34;extras&#34;: [], &#34;result&#34;: &#34;Passed&#34;, &#34;testId&#34;: &#34;testCases/test_About_Us_Page.py::TestCase004AboutUsPage::test_case_003_validate_video_close_x_mark&#34;, &#34;duration&#34;: &#34;00:00:10&#34;, &#34;resultsTableRow&#34;: [&#34;&lt;td class=\&#34;col-result\&#34;&gt;Passed&lt;/td&gt;&#34;, &#34;&lt;td class=\&#34;col-testId\&#34;&gt;testCases/test_About_Us_Page.py::TestCase004AboutUsPage::test_case_003_validate_video_close_x_mark&lt;/td&gt;&#34;, &#34;&lt;td class=\&#34;col-duration\&#34;&gt;00:00:10&lt;/td&gt;&#34;, &#34;&lt;td class=\&#34;col-links\&#34;&gt;&lt;/td&gt;&#34;], &#34;log&#34;: &#34;------------------------------ Captured log call -------------------------------\nINFO     root:test_About_Us_Page.py:88 -----test_case_003_validate_video_close_x_mark--------------\nINFO     root:test_About_Us_Page.py:89 -----Verifying validate_video_close_x_mark----------------\nINFO     root:test_About_Us_Page.py:98 ----- Test case 003 is Passed------------------\n\n&#34;}], &#34;testCases/test_About_Us_Page.py::TestCase004AboutUsPage::test_case_004_validate_clicking_on_video_button&#34;: [{&#34;extras&#34;: [], &#34;result&#34;: &#34;Passed&#34;, &#34;testId&#34;: &#34;testCases/test_About_Us_Page.py::TestCase004AboutUsPage::test_case_004_validate_clicking_on_video_button&#34;, &#34;duration&#34;: &#34;00:00:09&#34;, &#34;resultsTableRow&#34;: [&#34;&lt;td class=\&#34;col-result\&#34;&gt;Passed&lt;/td&gt;&#34;, &#34;&lt;td class=\&#34;col-testId\&#34;&gt;testCases/test_About_Us_Page.py::TestCase004AboutUsPage::test_case_004_validate_clicking_on_video_button&lt;/td&gt;&#34;, &#34;&lt;td class=\&#34;col-duration\&#34;&gt;00:00:09&lt;/td&gt;&#34;, &#34;&lt;td class=\&#34;col-links\&#34;&gt;&lt;/td&gt;&#34;], &#34;log&#34;: &#34;------------------------------ Captured log call -------------------------------\nINFO     root:test_About_Us_Page.py:114 -----test_case_004_validate_clicking_on_video_button--------------\nINFO     root:test_About_Us_Page.py:115 -----Verifying clicking_on_video_button----------------\nINFO     root:test_About_Us_Page.py:124 ----- Test case 004 is Passed------------------\n\n&#34;}], &#34;testCases/test_About_Us_Page.py::TestCase004AboutUsPage::test_case_005_validate_video_pause_button&#34;: [{&#34;extras&#34;: [], &#34;result&#34;: &#34;Passed&#34;, &#34;testId&#34;: &#34;testCases/test_About_Us_Page.py::TestCase004AboutUsPage::test_case_005_validate_video_pause_button&#34;, &#34;duration&#34;: &#34;00:00:13&#34;, &#34;resultsTableRow&#34;: [&#34;&lt;td class=\&#34;col-result\&#34;&gt;Passed&lt;/td&gt;&#34;, &#34;&lt;td class=\&#34;col-testId\&#34;&gt;testCases/test_About_Us_Page.py::TestCase004AboutUsPage::test_case_005_validate_video_pause_button&lt;/td&gt;&#34;, &#34;&lt;td class=\&#34;col-duration\&#34;&gt;00:00:13&lt;/td&gt;&#34;, &#34;&lt;td class=\&#34;col-links\&#34;&gt;&lt;/td&gt;&#34;], &#34;log&#34;: &#34;------------------------------ Captured log call -------------------------------\nINFO     root:test_About_Us_Page.py:140 -----test_case_005_validate_video_pause_button--------------\nINFO     root:test_About_Us_Page.py:141 -----Verifying video_pause_button----------------\nINFO     root:test_About_Us_Page.py:149 ----- Test case 005 is Passed-----\n\n&#34;}], &#34;testCases/test_About_Us_Page.py::TestCase004AboutUsPage::test_case_006_validate_video_volume_mute_button&#34;: [{&#34;extras&#34;: [], &#34;result&#34;: &#34;Passed&#34;, &#34;testId&#34;: &#34;testCases/test_About_Us_Page.py::TestCase004AboutUsPage::test_case_006_validate_video_volume_mute_button&#34;, &#34;duration&#34;: &#34;00:00:13&#34;, &#34;resultsTableRow&#34;: [&#34;&lt;td class=\&#34;col-result\&#34;&gt;Passed&lt;/td&gt;&#34;, &#34;&lt;td class=\&#34;col-testId\&#34;&gt;testCases/test_About_Us_Page.py::TestCase004AboutUsPage::test_case_006_validate_video_volume_mute_button&lt;/td&gt;&#34;, &#34;&lt;td class=\&#34;col-duration\&#34;&gt;00:00:13&lt;/td&gt;&#34;, &#34;&lt;td class=\&#34;col-links\&#34;&gt;&lt;/td&gt;&#34;], &#34;log&#34;: &#34;------------------------------ Captured log call -------------------------------\nINFO     root:test_About_Us_Page.py:166 -----test_case_006_validate_video_volume_mute_button--------------\nINFO     root:test_About_Us_Page.py:167 -----Verifying video_volume_mute_button----------------\nINFO     root:test_About_Us_Page.py:178 ----- Test case 006 is Passed-----\n\n&#34;}], &#34;testCases/test_About_Us_Page.py::TestCase004AboutUsPage::test_case_007_validate_video_picture_in_picture_button&#34;: [{&#34;extras&#34;: [], &#34;result&#34;: &#34;Passed&#34;, &#34;testId&#34;: &#34;testCases/test_About_Us_Page.py::TestCase004AboutUsPage::test_case_007_validate_video_picture_in_picture_button&#34;, &#34;duration&#34;: &#34;00:00:14&#34;, &#34;resultsTableRow&#34;: [&#34;&lt;td class=\&#34;col-result\&#34;&gt;Passed&lt;/td&gt;&#34;, &#34;&lt;td class=\&#34;col-testId\&#34;&gt;testCases/test_About_Us_Page.py::TestCase004AboutUsPage::test_case_007_validate_video_picture_in_picture_button&lt;/td&gt;&#34;, &#34;&lt;td class=\&#34;col-duration\&#34;&gt;00:00:14&lt;/td&gt;&#34;, &#34;&lt;td class=\&#34;col-links\&#34;&gt;&lt;/td&gt;&#34;], &#34;log&#34;: &#34;------------------------------ Captured log call -------------------------------\nINFO     root:test_About_Us_Page.py:195 -----test_case_007_validate_video_picture_in_picture_button--------------\nINFO     root:test_About_Us_Page.py:196 -----Verifying video_picture_in_picture_button----------------\nINFO     root:test_About_Us_Page.py:207 ----- Test case 007 is Passed-----\n\n&#34;}], &#34;testCases/test_About_Us_Page.py::TestCase004AboutUsPage::test_case_008_validate_video_full_screen_button&#34;: [{&#34;extras&#34;: [], &#34;result&#34;: &#34;Passed&#34;, &#34;testId&#34;: &#34;testCases/test_About_Us_Page.py::TestCase004AboutUsPage::test_case_008_validate_video_full_screen_button&#34;, &#34;duration&#34;: &#34;00:00:13&#34;, &#34;resultsTableRow&#34;: [&#34;&lt;td class=\&#34;col-result\&#34;&gt;Passed&lt;/td&gt;&#34;, &#34;&lt;td class=\&#34;col-testId\&#34;&gt;testCases/test_About_Us_Page.py::TestCase004AboutUsPage::test_case_008_validate_video_full_screen_button&lt;/td&gt;&#34;, &#34;&lt;td class=\&#34;col-duration\&#34;&gt;00:00:13&lt;/td&gt;&#34;, &#34;&lt;td class=\&#34;col-links\&#34;&gt;&lt;/td&gt;&#34;], &#34;log&#34;: &#34;------------------------------ Captured log call -------------------------------\nINFO     root:test_About_Us_Page.py:224 -----test_case_008_validate_video_full_screen_button--------------\nINFO     root:test_About_Us_Page.py:225 -----Verifying video_full_screen_button----------------\nINFO     root:test_About_Us_Page.py:235 ----- Test case 008 is Passed-----\n\n&#34;}], &#34;testCases/test_Cart_Page.py::TestCase005CartPage::test_case_001_validate_Cart_button&#34;: [{&#34;extras&#34;: [], &#34;result&#34;: &#34;Passed&#34;, &#34;testId&#34;: &#34;testCases/test_Cart_Page.py::TestCase005CartPage::test_case_001_validate_Cart_button&#34;, &#34;duration&#34;: &#34;00:00:07&#34;, &#34;resultsTableRow&#34;: [&#34;&lt;td class=\&#34;col-result\&#34;&gt;Passed&lt;/td&gt;&#34;, &#34;&lt;td class=\&#34;col-testId\&#34;&gt;testCases/test_Cart_Page.py::TestCase005CartPage::test_case_001_validate_Cart_button&lt;/td&gt;&#34;, &#34;&lt;td class=\&#34;col-duration\&#34;&gt;00:00:07&lt;/td&gt;&#34;, &#34;&lt;td class=\&#34;col-links\&#34;&gt;&lt;/td&gt;&#34;], &#34;log&#34;: &#34;------------------------------ Captured log call -------------------------------\nINFO     root:test_Cart_Page.py:44 -----test_case_001_validate_Cart_button-----\nINFO     root:test_Cart_Page.py:45 -----Verifying Cart Page------\nINFO     root:test_Cart_Page.py:56 -----test case 001 is Passed------\n\n&#34;}], &#34;testCases/test_Cart_Page.py::TestCase005CartPage::test_case_002_validate_add_to_cart_button&#34;: [{&#34;extras&#34;: [], &#34;result&#34;: &#34;Passed&#34;, &#34;testId&#34;: &#34;testCases/test_Cart_Page.py::TestCase005CartPage::test_case_002_validate_add_to_cart_button&#34;, &#34;duration&#34;: &#34;00:00:09&#34;, &#34;resultsTableRow&#34;: [&#34;&lt;td class=\&#34;col-result\&#34;&gt;Passed&lt;/td&gt;&#34;, &#34;&lt;td class=\&#34;col-testId\&#34;&gt;testCases/test_Cart_Page.py::TestCase005CartPage::test_case_002_validate_add_to_cart_button&lt;/td&gt;&#34;, &#34;&lt;td class=\&#34;col-duration\&#34;&gt;00:00:09&lt;/td&gt;&#34;, &#34;&lt;td class=\&#34;col-links\&#34;&gt;&lt;/td&gt;&#34;], &#34;log&#34;: &#34;------------------------------ Captured log call -------------------------------\nINFO     root:test_Cart_Page.py:75 -----test_case_002_validate_add_to_cart_button-----\nINFO     root:test_Cart_Page.py:76 -------------------Verifying------------------\nINFO     root:test_Cart_Page.py:89 -----test case 002 is Passed------\n\n&#34;}], &#34;testCases/test_Cart_Page.py::TestCase005CartPage::test_case_003_validate_delete_the_product_button&#34;: [{&#34;extras&#34;: [], &#34;result&#34;: &#34;Passed&#34;, &#34;testId&#34;: &#34;testCases/test_Cart_Page.py::TestCase005CartPage::test_case_003_validate_delete_the_product_button&#34;, &#34;duration&#34;: &#34;00:00:12&#34;, &#34;resultsTableRow&#34;: [&#34;&lt;td class=\&#34;col-result\&#34;&gt;Passed&lt;/td&gt;&#34;, &#34;&lt;td class=\&#34;col-testId\&#34;&gt;testCases/test_Cart_Page.py::TestCase005CartPage::test_case_003_validate_delete_the_product_button&lt;/td&gt;&#34;, &#34;&lt;td class=\&#34;col-duration\&#34;&gt;00:00:12&lt;/td&gt;&#34;, &#34;&lt;td class=\&#34;col-links\&#34;&gt;&lt;/td&gt;&#34;], &#34;log&#34;: &#34;------------------------------ Captured log call -------------------------------\nINFO     root:test_Cart_Page.py:105 -----test_case_003_validate_delete_the_product_button-----\nINFO     root:test_Cart_Page.py:106 -------------------Verifying------------------\nINFO     root:test_Cart_Page.py:117 -----test case 003 is Passed------\n\n&#34;}], &#34;testCases/test_Cart_Page.py::TestCase005CartPage::test_case_004_validate_place_order_button&#34;: [{&#34;extras&#34;: [], &#34;result&#34;: &#34;Passed&#34;, &#34;testId&#34;: &#34;testCases/test_Cart_Page.py::TestCase005CartPage::test_case_004_validate_place_order_button&#34;, &#34;duration&#34;: &#34;00:00:08&#34;, &#34;resultsTableRow&#34;: [&#34;&lt;td class=\&#34;col-result\&#34;&gt;Passed&lt;/td&gt;&#34;, &#34;&lt;td class=\&#34;col-testId\&#34;&gt;testCases/test_Cart_Page.py::TestCase005CartPage::test_case_004_validate_place_order_button&lt;/td&gt;&#34;, &#34;&lt;td class=\&#34;col-duration\&#34;&gt;00:00:08&lt;/td&gt;&#34;, &#34;&lt;td class=\&#34;col-links\&#34;&gt;&lt;/td&gt;&#34;], &#34;log&#34;: &#34;------------------------------ Captured log call -------------------------------\nINFO     root:test_Cart_Page.py:133 -----test_case_004_validate_place_order_button-----\nINFO     root:test_Cart_Page.py:134 -----Verifying Place order button-------\nINFO     root:test_Cart_Page.py:145 -----test case 004 is Passed------\n\n&#34;}], &#34;testCases/test_Cart_Page.py::TestCase005CartPage::test_case_005_validate_place_order_and_set_all_fields_with_adding_product&#34;: [{&#34;extras&#34;: [], &#34;result&#34;: &#34;Passed&#34;, &#34;testId&#34;: &#34;testCases/test_Cart_Page.py::TestCase005CartPage::test_case_005_validate_place_order_and_set_all_fields_with_adding_product&#34;, &#34;duration&#34;: &#34;00:00:12&#34;, &#34;resultsTableRow&#34;: [&#34;&lt;td class=\&#34;col-result\&#34;&gt;Passed&lt;/td&gt;&#34;, &#34;&lt;td class=\&#34;col-testId\&#34;&gt;testCases/test_Cart_Page.py::TestCase005CartPage::test_case_005_validate_place_order_and_set_all_fields_with_adding_product&lt;/td&gt;&#34;, &#34;&lt;td class=\&#34;col-duration\&#34;&gt;00:00:12&lt;/td&gt;&#34;, &#34;&lt;td class=\&#34;col-links\&#34;&gt;&lt;/td&gt;&#34;], &#34;log&#34;: &#34;------------------------------ Captured log call -------------------------------\nINFO     root:test_Cart_Page.py:160 -----test_case_005_validate_place_order_and_set_all_fields_with_adding_product-----\nINFO     root:test_Cart_Page.py:161 -------------------Verifying------------------\nINFO     root:test_Cart_Page.py:172 -----test case 005 is Passed------\n\n&#34;}], &#34;testCases/test_Cart_Page.py::TestCase005CartPage::test_case_006_validate_place_order_and_set_all_fields_without_adding_product&#34;: [{&#34;extras&#34;: [], &#34;result&#34;: &#34;Passed&#34;, &#34;testId&#34;: &#34;testCases/test_Cart_Page.py::TestCase005CartPage::test_case_006_validate_place_order_and_set_all_fields_without_adding_product&#34;, &#34;duration&#34;: &#34;00:00:08&#34;, &#34;resultsTableRow&#34;: [&#34;&lt;td class=\&#34;col-result\&#34;&gt;Passed&lt;/td&gt;&#34;, &#34;&lt;td class=\&#34;col-testId\&#34;&gt;testCases/test_Cart_Page.py::TestCase005CartPage::test_case_006_validate_place_order_and_set_all_fields_without_adding_product&lt;/td&gt;&#34;, &#34;&lt;td class=\&#34;col-duration\&#34;&gt;00:00:08&lt;/td&gt;&#34;, &#34;&lt;td class=\&#34;col-links\&#34;&gt;&lt;/td&gt;&#34;], &#34;log&#34;: &#34;------------------------------ Captured log call -------------------------------\nINFO     root:test_Cart_Page.py:187 -----test_case_006_validate_place_order_and_set_all_fields_without_adding_product-----\nINFO     root:test_Cart_Page.py:188 -------------------Verifying------------------\nINFO     root:test_Cart_Page.py:199 -----test case 006 is Passed------\n\n&#34;}], &#34;testCases/test_Cart_Page.py::TestCase005CartPage::test_case_007_validate_place_order_and_set_no_name_and_with_adding_product&#34;: [{&#34;extras&#34;: [], &#34;result&#34;: &#34;Passed&#34;, &#34;testId&#34;: &#34;testCases/test_Cart_Page.py::TestCase005CartPage::test_case_007_validate_place_order_and_set_no_name_and_with_adding_product&#34;, &#34;duration&#34;: &#34;00:00:12&#34;, &#34;resultsTableRow&#34;: [&#34;&lt;td class=\&#34;col-result\&#34;&gt;Passed&lt;/td&gt;&#34;, &#34;&lt;td class=\&#34;col-testId\&#34;&gt;testCases/test_Cart_Page.py::TestCase005CartPage::test_case_007_validate_place_order_and_set_no_name_and_with_adding_product&lt;/td&gt;&#34;, &#34;&lt;td class=\&#34;col-duration\&#34;&gt;00:00:12&lt;/td&gt;&#34;, &#34;&lt;td class=\&#34;col-links\&#34;&gt;&lt;/td&gt;&#34;], &#34;log&#34;: &#34;------------------------------ Captured log call -------------------------------\nINFO     root:test_Cart_Page.py:214 -----test_case_007_validate_place_order_and_set_no_name_and_with_adding_product-----\nINFO     root:test_Cart_Page.py:215 -------------------Verifying------------------\nINFO     root:test_Cart_Page.py:229 -----test case 007 is Passed------\n\n&#34;}], &#34;testCases/test_Cart_Page.py::TestCase005CartPage::test_case_008_validate_place_order_and_set_no_name_and_without_adding_product&#34;: [{&#34;extras&#34;: [], &#34;result&#34;: &#34;Passed&#34;, &#34;testId&#34;: &#34;testCases/test_Cart_Page.py::TestCase005CartPage::test_case_008_validate_place_order_and_set_no_name_and_without_adding_product&#34;, &#34;duration&#34;: &#34;00:00:08&#34;, &#34;resultsTableRow&#34;: [&#34;&lt;td class=\&#34;col-result\&#34;&gt;Passed&lt;/td&gt;&#34;, &#34;&lt;td class=\&#34;col-testId\&#34;&gt;testCases/test_Cart_Page.py::TestCase005CartPage::test_case_008_validate_place_order_and_set_no_name_and_without_adding_product&lt;/td&gt;&#34;, &#34;&lt;td class=\&#34;col-duration\&#34;&gt;00:00:08&lt;/td&gt;&#34;, &#34;&lt;td class=\&#34;col-links\&#34;&gt;&lt;/td&gt;&#34;], &#34;log&#34;: &#34;------------------------------ Captured log call -------------------------------\nINFO     root:test_Cart_Page.py:244 -----test_case_008_validate_place_order_and_set_no_name_and_without_adding_product-----\nINFO     root:test_Cart_Page.py:245 -------------------Verifying------------------\nINFO     root:test_Cart_Page.py:259 -----test case 008 is Passed------\n\n&#34;}], &#34;testCases/test_Cart_Page.py::TestCase005CartPage::test_case_009_validate_place_order_and_set_no_country_and_with_adding_product&#34;: [{&#34;extras&#34;: [], &#34;result&#34;: &#34;Passed&#34;, &#34;testId&#34;: &#34;testCases/test_Cart_Page.py::TestCase005CartPage::test_case_009_validate_place_order_and_set_no_country_and_with_adding_product&#34;, &#34;duration&#34;: &#34;00:00:12&#34;, &#34;resultsTableRow&#34;: [&#34;&lt;td class=\&#34;col-result\&#34;&gt;Passed&lt;/td&gt;&#34;, &#34;&lt;td class=\&#34;col-testId\&#34;&gt;testCases/test_Cart_Page.py::TestCase005CartPage::test_case_009_validate_place_order_and_set_no_country_and_with_adding_product&lt;/td&gt;&#34;, &#34;&lt;td class=\&#34;col-duration\&#34;&gt;00:00:12&lt;/td&gt;&#34;, &#34;&lt;td class=\&#34;col-links\&#34;&gt;&lt;/td&gt;&#34;], &#34;log&#34;: &#34;------------------------------ Captured log call -------------------------------\nINFO     root:test_Cart_Page.py:274 -----test_case_009_validate_place_order_and_set_no_country_and_with_adding_product-----\nINFO     root:test_Cart_Page.py:275 -------------------Verifying------------------\nINFO     root:test_Cart_Page.py:286 -----test case 009 is Passed------\n\n&#34;}], &#34;testCases/test_Cart_Page.py::TestCase005CartPage::test_case_010_validate_place_order_and_set_no_country_and_without_adding_product&#34;: [{&#34;extras&#34;: [], &#34;result&#34;: &#34;Passed&#34;, &#34;testId&#34;: &#34;testCases/test_Cart_Page.py::TestCase005CartPage::test_case_010_validate_place_order_and_set_no_country_and_without_adding_product&#34;, &#34;duration&#34;: &#34;00:00:09&#34;, &#34;resultsTableRow&#34;: [&#34;&lt;td class=\&#34;col-result\&#34;&gt;Passed&lt;/td&gt;&#34;, &#34;&lt;td class=\&#34;col-testId\&#34;&gt;testCases/test_Cart_Page.py::TestCase005CartPage::test_case_010_validate_place_order_and_set_no_country_and_without_adding_product&lt;/td&gt;&#34;, &#34;&lt;td class=\&#34;col-duration\&#34;&gt;00:00:09&lt;/td&gt;&#34;, &#34;&lt;td class=\&#34;col-links\&#34;&gt;&lt;/td&gt;&#34;], &#34;log&#34;: &#34;------------------------------ Captured log call -------------------------------\nINFO     root:test_Cart_Page.py:301 -----test_case_010_validate_place_order_and_set_no_country_and_without_adding_product-----\nINFO     root:test_Cart_Page.py:302 -------------------Verifying------------------\nINFO     root:test_Cart_Page.py:313 -----test case 010 is Passed------\n\n&#34;}], &#34;testCases/test_Cart_Page.py::TestCase005CartPage::test_case_011_validate_place_order_and_set_no_city_and_with_adding_product&#34;: [{&#34;extras&#34;: [], &#34;result&#34;: &#34;Passed&#34;, &#34;testId&#34;: &#34;testCases/test_Cart_Page.py::TestCase005CartPage::test_case_011_validate_place_order_and_set_no_city_and_with_adding_product&#34;, &#34;duration&#34;: &#34;00:00:12&#34;, &#34;resultsTableRow&#34;: [&#34;&lt;td class=\&#34;col-result\&#34;&gt;Passed&lt;/td&gt;&#34;, &#34;&lt;td class=\&#34;col-testId\&#34;&gt;testCases/test_Cart_Page.py::TestCase005CartPage::test_case_011_validate_place_order_and_set_no_city_and_with_adding_product&lt;/td&gt;&#34;, &#34;&lt;td class=\&#34;col-duration\&#34;&gt;00:00:12&lt;/td&gt;&#34;, &#34;&lt;td class=\&#34;col-links\&#34;&gt;&lt;/td&gt;&#34;], &#34;log&#34;: &#34;------------------------------ Captured log call -------------------------------\nINFO     root:test_Cart_Page.py:328 -----test_case_011_validate_place_order_and_set_no_city_and_with_adding_product-----\nINFO     root:test_Cart_Page.py:329 -------------------Verifying------------------\nINFO     root:test_Cart_Page.py:340 -----test case 011 is Passed------\n\n&#34;}], &#34;testCases/test_Cart_Page.py::TestCase005CartPage::test_case_012_validate_place_order_and_set_no_city_and_without_adding_product&#34;: [{&#34;extras&#34;: [], &#34;result&#34;: &#34;Passed&#34;, &#34;testId&#34;: &#34;testCases/test_Cart_Page.py::TestCase005CartPage::test_case_012_validate_place_order_and_set_no_city_and_without_adding_product&#34;, &#34;duration&#34;: &#34;00:00:09&#34;, &#34;resultsTableRow&#34;: [&#34;&lt;td class=\&#34;col-result\&#34;&gt;Passed&lt;/td&gt;&#34;, &#34;&lt;td class=\&#34;col-testId\&#34;&gt;testCases/test_Cart_Page.py::TestCase005CartPage::test_case_012_validate_place_order_and_set_no_city_and_without_adding_product&lt;/td&gt;&#34;, &#34;&lt;td class=\&#34;col-duration\&#34;&gt;00:00:09&lt;/td&gt;&#34;, &#34;&lt;td class=\&#34;col-links\&#34;&gt;&lt;/td&gt;&#34;], &#34;log&#34;: &#34;------------------------------ Captured log call -------------------------------\nINFO     root:test_Cart_Page.py:355 -----test_case_012_validate_place_order_and_set_no_city_and_without_adding_product-----\nINFO     root:test_Cart_Page.py:356 -------------------Verifying------------------\nINFO     root:test_Cart_Page.py:367 -----test case 012 is Passed------\n\n&#34;}], &#34;testCases/test_Cart_Page.py::TestCase005CartPage::test_case_013_validate_place_order_and_set_no_credit_card_and_with_adding_product&#34;: [{&#34;extras&#34;: [], &#34;result&#34;: &#34;Passed&#34;, &#34;testId&#34;: &#34;testCases/test_Cart_Page.py::TestCase005CartPage::test_case_013_validate_place_order_and_set_no_credit_card_and_with_adding_product&#34;, &#34;duration&#34;: &#34;00:00:12&#34;, &#34;resultsTableRow&#34;: [&#34;&lt;td class=\&#34;col-result\&#34;&gt;Passed&lt;/td&gt;&#34;, &#34;&lt;td class=\&#34;col-testId\&#34;&gt;testCases/test_Cart_Page.py::TestCase005CartPage::test_case_013_validate_place_order_and_set_no_credit_card_and_with_adding_product&lt;/td&gt;&#34;, &#34;&lt;td class=\&#34;col-duration\&#34;&gt;00:00:12&lt;/td&gt;&#34;, &#34;&lt;td class=\&#34;col-links\&#34;&gt;&lt;/td&gt;&#34;], &#34;log&#34;: &#34;------------------------------ Captured log call -------------------------------\nINFO     root:test_Cart_Page.py:382 -----test_case_013_validate_place_order_and_set_no_credit_card_and_with_adding_product-----\nINFO     root:test_Cart_Page.py:383 -------------------Verifying------------------\nINFO     root:test_Cart_Page.py:397 -----test case 013 is Passed------\n\n&#34;}], &#34;testCases/test_Cart_Page.py::TestCase005CartPage::test_case_014_validate_place_order_and_set_no_credit_card_and_without_adding_product&#34;: [{&#34;extras&#34;: [], &#34;result&#34;: &#34;Passed&#34;, &#34;testId&#34;: &#34;testCases/test_Cart_Page.py::TestCase005CartPage::test_case_014_validate_place_order_and_set_no_credit_card_and_without_adding_product&#34;, &#34;duration&#34;: &#34;00:00:08&#34;, &#34;resultsTableRow&#34;: [&#34;&lt;td class=\&#34;col-result\&#34;&gt;Passed&lt;/td&gt;&#34;, &#34;&lt;td class=\&#34;col-testId\&#34;&gt;testCases/test_Cart_Page.py::TestCase005CartPage::test_case_014_validate_place_order_and_set_no_credit_card_and_without_adding_product&lt;/td&gt;&#34;, &#34;&lt;td class=\&#34;col-duration\&#34;&gt;00:00:08&lt;/td&gt;&#34;, &#34;&lt;td class=\&#34;col-links\&#34;&gt;&lt;/td&gt;&#34;], &#34;log&#34;: &#34;------------------------------ Captured log call -------------------------------\nINFO     root:test_Cart_Page.py:412 -----test_case_014_validate_place_order_and_set_no_country_and_without_adding_product-----\nINFO     root:test_Cart_Page.py:413 -------------------Verifying------------------\nINFO     root:test_Cart_Page.py:427 -----test case 014 is Passed------\n\n&#34;}], &#34;testCases/test_Cart_Page.py::TestCase005CartPage::test_case_015_validate_place_order_and_set_no_month_and_with_adding_product&#34;: [{&#34;extras&#34;: [], &#34;result&#34;: &#34;Passed&#34;, &#34;testId&#34;: &#34;testCases/test_Cart_Page.py::TestCase005CartPage::test_case_015_validate_place_order_and_set_no_month_and_with_adding_product&#34;, &#34;duration&#34;: &#34;00:00:12&#34;, &#34;resultsTableRow&#34;: [&#34;&lt;td class=\&#34;col-result\&#34;&gt;Passed&lt;/td&gt;&#34;, &#34;&lt;td class=\&#34;col-testId\&#34;&gt;testCases/test_Cart_Page.py::TestCase005CartPage::test_case_015_validate_place_order_and_set_no_month_and_with_adding_product&lt;/td&gt;&#34;, &#34;&lt;td class=\&#34;col-duration\&#34;&gt;00:00:12&lt;/td&gt;&#34;, &#34;&lt;td class=\&#34;col-links\&#34;&gt;&lt;/td&gt;&#34;], &#34;log&#34;: &#34;------------------------------ Captured log call -------------------------------\nINFO     root:test_Cart_Page.py:442 -----test_case_015_validate_place_order_and_set_no_month_and_with_adding_product-----\nINFO     root:test_Cart_Page.py:443 -------------------Verifying------------------\nINFO     root:test_Cart_Page.py:454 -----test case 015 is Passed------\n\n&#34;}], &#34;testCases/test_Cart_Page.py::TestCase005CartPage::test_case_016_validate_place_order_and_set_no_month_and_without_adding_product&#34;: [{&#34;extras&#34;: [], &#34;result&#34;: &#34;Passed&#34;, &#34;testId&#34;: &#34;testCases/test_Cart_Page.py::TestCase005CartPage::test_case_016_validate_place_order_and_set_no_month_and_without_adding_product&#34;, &#34;duration&#34;: &#34;00:00:08&#34;, &#34;resultsTableRow&#34;: [&#34;&lt;td class=\&#34;col-result\&#34;&gt;Passed&lt;/td&gt;&#34;, &#34;&lt;td class=\&#34;col-testId\&#34;&gt;testCases/test_Cart_Page.py::TestCase005CartPage::test_case_016_validate_place_order_and_set_no_month_and_without_adding_product&lt;/td&gt;&#34;, &#34;&lt;td class=\&#34;col-duration\&#34;&gt;00:00:08&lt;/td&gt;&#34;, &#34;&lt;td class=\&#34;col-links\&#34;&gt;&lt;/td&gt;&#34;], &#34;log&#34;: &#34;------------------------------ Captured log call -------------------------------\nINFO     root:test_Cart_Page.py:469 -----test_case_016_validate_place_order_and_set_no_month_and_without_adding_product-----\nINFO     root:test_Cart_Page.py:470 -------------------Verifying------------------\nINFO     root:test_Cart_Page.py:481 -----test case 016 is Passed------\n\n&#34;}], &#34;testCases/test_Cart_Page.py::TestCase005CartPage::test_case_017_validate_place_order_and_set_no_year_and_with_adding_product&#34;: [{&#34;extras&#34;: [], &#34;result&#34;: &#34;Passed&#34;, &#34;testId&#34;: &#34;testCases/test_Cart_Page.py::TestCase005CartPage::test_case_017_validate_place_order_and_set_no_year_and_with_adding_product&#34;, &#34;duration&#34;: &#34;00:00:12&#34;, &#34;resultsTableRow&#34;: [&#34;&lt;td class=\&#34;col-result\&#34;&gt;Passed&lt;/td&gt;&#34;, &#34;&lt;td class=\&#34;col-testId\&#34;&gt;testCases/test_Cart_Page.py::TestCase005CartPage::test_case_017_validate_place_order_and_set_no_year_and_with_adding_product&lt;/td&gt;&#34;, &#34;&lt;td class=\&#34;col-duration\&#34;&gt;00:00:12&lt;/td&gt;&#34;, &#34;&lt;td class=\&#34;col-links\&#34;&gt;&lt;/td&gt;&#34;], &#34;log&#34;: &#34;------------------------------ Captured log call -------------------------------\nINFO     root:test_Cart_Page.py:496 -----test_case_017_validate_place_order_and_set_no_year_and_with_adding_product-----\nINFO     root:test_Cart_Page.py:497 -------------------Verifying------------------\nINFO     root:test_Cart_Page.py:508 -----test case 017 is Passed------\n\n&#34;}], &#34;testCases/test_Cart_Page.py::TestCase005CartPage::test_case_018_validate_place_order_and_set_no_year_and_without_adding_product&#34;: [{&#34;extras&#34;: [], &#34;result&#34;: &#34;Passed&#34;, &#34;testId&#34;: &#34;testCases/test_Cart_Page.py::TestCase005CartPage::test_case_018_validate_place_order_and_set_no_year_and_without_adding_product&#34;, &#34;duration&#34;: &#34;00:00:08&#34;, &#34;resultsTableRow&#34;: [&#34;&lt;td class=\&#34;col-result\&#34;&gt;Passed&lt;/td&gt;&#34;, &#34;&lt;td class=\&#34;col-testId\&#34;&gt;testCases/test_Cart_Page.py::TestCase005CartPage::test_case_018_validate_place_order_and_set_no_year_and_without_adding_product&lt;/td&gt;&#34;, &#34;&lt;td class=\&#34;col-duration\&#34;&gt;00:00:08&lt;/td&gt;&#34;, &#34;&lt;td class=\&#34;col-links\&#34;&gt;&lt;/td&gt;&#34;], &#34;log&#34;: &#34;------------------------------ Captured log call -------------------------------\nINFO     root:test_Cart_Page.py:523 -----test_case_018_validate_place_order_and_set_no_year_and_without_adding_product-----\nINFO     root:test_Cart_Page.py:524 -------------------Verifying------------------\nINFO     root:test_Cart_Page.py:535 -----test case 018 is Passed------\n\n&#34;}], &#34;testCases/test_Cart_Page.py::TestCase005CartPage::test_case_019_validate_place_order_and_not_setting_any_field_and_with_adding_product&#34;: [{&#34;extras&#34;: [], &#34;result&#34;: &#34;Passed&#34;, &#34;testId&#34;: &#34;testCases/test_Cart_Page.py::TestCase005CartPage::test_case_019_validate_place_order_and_not_setting_any_field_and_with_adding_product&#34;, &#34;duration&#34;: &#34;00:00:12&#34;, &#34;resultsTableRow&#34;: [&#34;&lt;td class=\&#34;col-result\&#34;&gt;Passed&lt;/td&gt;&#34;, &#34;&lt;td class=\&#34;col-testId\&#34;&gt;testCases/test_Cart_Page.py::TestCase005CartPage::test_case_019_validate_place_order_and_not_setting_any_field_and_with_adding_product&lt;/td&gt;&#34;, &#34;&lt;td class=\&#34;col-duration\&#34;&gt;00:00:12&lt;/td&gt;&#34;, &#34;&lt;td class=\&#34;col-links\&#34;&gt;&lt;/td&gt;&#34;], &#34;log&#34;: &#34;------------------------------ Captured log call -------------------------------\nINFO     root:test_Cart_Page.py:550 -----test_case_019_validate_place_order_and_not_setting_any_field_and_with_adding_product---\nINFO     root:test_Cart_Page.py:551 -------------------Verifying------------------\nINFO     root:test_Cart_Page.py:565 -----test case 019 is Passed------\n\n&#34;}], &#34;testCases/test_Cart_Page.py::TestCase005CartPage::test_case_020_validate_place_order_not_setting_any_field_and_without_adding_product&#34;: [{&#34;extras&#34;: [], &#34;result&#34;: &#34;Passed&#34;, &#34;testId&#34;: &#34;testCases/test_Cart_Page.py::TestCase005CartPage::test_case_020_validate_place_order_not_setting_any_field_and_without_adding_product&#34;, &#34;duration&#34;: &#34;00:00:08&#34;, &#34;resultsTableRow&#34;: [&#34;&lt;td class=\&#34;col-result\&#34;&gt;Passed&lt;/td&gt;&#34;, &#34;&lt;td class=\&#34;col-testId\&#34;&gt;testCases/test_Cart_Page.py::TestCase005CartPage::test_case_020_validate_place_order_not_setting_any_field_and_without_adding_product&lt;/td&gt;&#34;, &#34;&lt;td class=\&#34;col-duration\&#34;&gt;00:00:08&lt;/td&gt;&#34;, &#34;&lt;td class=\&#34;col-links\&#34;&gt;&lt;/td&gt;&#34;], &#34;log&#34;: &#34;------------------------------ Captured log call -------------------------------\nINFO     root:test_Cart_Page.py:580 -----test_case_020_validate_place_order_not_setting_any_field_and_without_adding_product---\nINFO     root:test_Cart_Page.py:581 -------------------Verifying------------------\nINFO     root:test_Cart_Page.py:595 -----test case 020 is Passed------\n\n&#34;}], &#34;testCases/test_Cart_Page.py::TestCase005CartPage::test_case_021_validate_click_on_place_order_x_mark&#34;: [{&#34;extras&#34;: [], &#34;result&#34;: &#34;Passed&#34;, &#34;testId&#34;: &#34;testCases/test_Cart_Page.py::TestCase005CartPage::test_case_021_validate_click_on_place_order_x_mark&#34;, &#34;duration&#34;: &#34;00:00:07&#34;, &#34;resultsTableRow&#34;: [&#34;&lt;td class=\&#34;col-result\&#34;&gt;Passed&lt;/td&gt;&#34;, &#34;&lt;td class=\&#34;col-testId\&#34;&gt;testCases/test_Cart_Page.py::TestCase005CartPage::test_case_021_validate_click_on_place_order_x_mark&lt;/td&gt;&#34;, &#34;&lt;td class=\&#34;col-duration\&#34;&gt;00:00:07&lt;/td&gt;&#34;, &#34;&lt;td class=\&#34;col-links\&#34;&gt;&lt;/td&gt;&#34;], &#34;log&#34;: &#34;------------------------------ Captured log call -------------------------------\nINFO     root:test_Cart_Page.py:610 -----test_case_021_validate_click_on_place_order_x_mark-----\nINFO     root:test_Cart_Page.py:611 -----Verifying Place order form x mark button-------\nINFO     root:test_Cart_Page.py:620 -----test case 021 is Passed------\n\n&#34;}], &#34;testCases/test_Cart_Page.py::TestCase005CartPage::test_case_022_validate_close_button_and_set_all_fields&#34;: [{&#34;extras&#34;: [], &#34;result&#34;: &#34;Passed&#34;, &#34;testId&#34;: &#34;testCases/test_Cart_Page.py::TestCase005CartPage::test_case_022_validate_close_button_and_set_all_fields&#34;, &#34;duration&#34;: &#34;00:00:08&#34;, &#34;resultsTableRow&#34;: [&#34;&lt;td class=\&#34;col-result\&#34;&gt;Passed&lt;/td&gt;&#34;, &#34;&lt;td class=\&#34;col-testId\&#34;&gt;testCases/test_Cart_Page.py::TestCase005CartPage::test_case_022_validate_close_button_and_set_all_fields&lt;/td&gt;&#34;, &#34;&lt;td class=\&#34;col-duration\&#34;&gt;00:00:08&lt;/td&gt;&#34;, &#34;&lt;td class=\&#34;col-links\&#34;&gt;&lt;/td&gt;&#34;], &#34;log&#34;: &#34;------------------------------ Captured log call -------------------------------\nINFO     root:test_Cart_Page.py:635 -----test_case_022_validate_close_button_and_set_all_fields-----\nINFO     root:test_Cart_Page.py:636 -----Verifying Place order form x mark button-------\nINFO     root:test_Cart_Page.py:648 -----test case 022 is Passed------\n\n&#34;}], &#34;testCases/test_Contact_Page.py::TestCase003ContactPage::test_case_001_validate_contact_with_valid_email_valid_name_valid_message&#34;: [{&#34;extras&#34;: [], &#34;result&#34;: &#34;Passed&#34;, &#34;testId&#34;: &#34;testCases/test_Contact_Page.py::TestCase003ContactPage::test_case_001_validate_contact_with_valid_email_valid_name_valid_message&#34;, &#34;duration&#34;: &#34;00:00:07&#34;, &#34;resultsTableRow&#34;: [&#34;&lt;td class=\&#34;col-result\&#34;&gt;Passed&lt;/td&gt;&#34;, &#34;&lt;td class=\&#34;col-testId\&#34;&gt;testCases/test_Contact_Page.py::TestCase003ContactPage::test_case_001_validate_contact_with_valid_email_valid_name_valid_message&lt;/td&gt;&#34;, &#34;&lt;td class=\&#34;col-duration\&#34;&gt;00:00:07&lt;/td&gt;&#34;, &#34;&lt;td class=\&#34;col-links\&#34;&gt;&lt;/td&gt;&#34;], &#34;log&#34;: &#34;------------------------------ Captured log call -------------------------------\nINFO     root:test_Contact_Page.py:42 -----test_case_001_validate_contact_with_valid_email_valid_name_valid_message-----\nINFO     root:test_Contact_Page.py:43 -----Verifying Contact Page-----\nINFO     root:test_Contact_Page.py:54 -----test case 001 is Passed-----\n\n&#34;}], &#34;testCases/test_Contact_Page.py::TestCase003ContactPage::test_case_002_validate_contact_with_valid_email_valid_name_invalid_message&#34;: [{&#34;extras&#34;: [], &#34;result&#34;: &#34;Failed&#34;, &#34;testId&#34;: &#34;testCases/test_Contact_Page.py::TestCase003ContactPage::test_case_002_validate_contact_with_valid_email_valid_name_invalid_message&#34;, &#34;duration&#34;: &#34;00:00:13&#34;, &#34;resultsTableRow&#34;: [&#34;&lt;td class=\&#34;col-result\&#34;&gt;Failed&lt;/td&gt;&#34;, &#34;&lt;td class=\&#34;col-testId\&#34;&gt;testCases/test_Contact_Page.py::TestCase003ContactPage::test_case_002_validate_contact_with_valid_email_valid_name_invalid_message&lt;/td&gt;&#34;, &#34;&lt;td class=\&#34;col-duration\&#34;&gt;00:00:13&lt;/td&gt;&#34;, &#34;&lt;td class=\&#34;col-links\&#34;&gt;&lt;/td&gt;&#34;], &#34;log&#34;: &#34;self = &amp;lt;testCases.test_Contact_Page.TestCase003ContactPage object at 0x0000027E9EF8F290&amp;gt;\nsetup_and_teardown = &amp;lt;selenium.webdriver.chrome.webdriver.WebDriver (session=&amp;quot;1666e724fa04935bc94d9a7e51b64664&amp;quot;)&amp;gt;\n\n    @pytest.mark.regression\n    @pytest.mark.sanity\n    def test_case_002_validate_contact_with_valid_email_valid_name_invalid_message(self, setup_and_teardown):\n        self.logger.info(&amp;quot;-----test_case_002_validate_contact_with_valid_email_valid_name_invalid_message-----&amp;quot;)\n        self.logger.info(&amp;quot;-----Verifying Contact Page-----&amp;quot;)\n        self.driver = setup_and_teardown\n        self.cnt_page = Contact_page(self.driver)\n        self.cnt_page.set_all_the_fields(self.valid_email, self.valid_name, self.invalid_message)\n        WebDriverWait(self.driver, 10).until(EC.alert_is_present())\n        al_msg = self.driver.switch_to.alert\n        alert_text = al_msg.text\n        self.driver.switch_to.alert.accept()\n        print(alert_text)\n        try:\n            if alert_text != &amp;quot;Thanks for the message!!&amp;quot;:\n                self.logger.info(&amp;quot;-----test case 002 is Passed-----&amp;quot;)\n                assert True\n            else:\n                time.sleep(5)\n                self.driver.save_screenshot(&amp;quot;.\\\\ScreenShots\\\\&amp;quot; + &amp;quot;test_case_002_contact.png&amp;quot;)\n                self.logger.error(&amp;quot;-----test case 002 is Failed-----&amp;quot;)\n&amp;gt;               assert False\nE               assert False\n\ntestCases\\test_Contact_Page.py:86: AssertionError\n\n------------------------------ Captured log call -------------------------------\nINFO     root:test_Contact_Page.py:68 -----test_case_002_validate_contact_with_valid_email_valid_name_invalid_message-----\nINFO     root:test_Contact_Page.py:69 -----Verifying Contact Page-----\nERROR    root:test_Contact_Page.py:85 -----test case 002 is Failed-----\n\n&#34;}], &#34;testCases/test_Contact_Page.py::TestCase003ContactPage::test_case_003_validate_contact_with_valid_email_valid_name_no_message&#34;: [{&#34;extras&#34;: [], &#34;result&#34;: &#34;Failed&#34;, &#34;testId&#34;: &#34;testCases/test_Contact_Page.py::TestCase003ContactPage::test_case_003_validate_contact_with_valid_email_valid_name_no_message&#34;, &#34;duration&#34;: &#34;00:00:12&#34;, &#34;resultsTableRow&#34;: [&#34;&lt;td class=\&#34;col-result\&#34;&gt;Failed&lt;/td&gt;&#34;, &#34;&lt;td class=\&#34;col-testId\&#34;&gt;testCases/test_Contact_Page.py::TestCase003ContactPage::test_case_003_validate_contact_with_valid_email_valid_name_no_message&lt;/td&gt;&#34;, &#34;&lt;td class=\&#34;col-duration\&#34;&gt;00:00:12&lt;/td&gt;&#34;, &#34;&lt;td class=\&#34;col-links\&#34;&gt;&lt;/td&gt;&#34;], &#34;log&#34;: &#34;self = &amp;lt;testCases.test_Contact_Page.TestCase003ContactPage object at 0x0000027E9EF8F3B0&amp;gt;\nsetup_and_teardown = &amp;lt;selenium.webdriver.chrome.webdriver.WebDriver (session=&amp;quot;f841f66423308653c90d0b3d248216fe&amp;quot;)&amp;gt;\n\n    @pytest.mark.regression\n    @pytest.mark.sanity\n    def test_case_003_validate_contact_with_valid_email_valid_name_no_message(self, setup_and_teardown):\n        self.logger.info(&amp;quot;-----test_case_003_validate_contact_with_valid_email_valid_name_no_message-----&amp;quot;)\n        self.logger.info(&amp;quot;-----Verifying Contact Page-----&amp;quot;)\n        self.driver = setup_and_teardown\n        self.cnt_page = Contact_page(self.driver)\n        self.cnt_page.set_all_the_fields(self.valid_email, self.valid_name, self.no_message)\n        WebDriverWait(self.driver, 10).until(EC.alert_is_present())\n        al_msg = self.driver.switch_to.alert\n        alert_text = al_msg.text\n        self.driver.switch_to.alert.accept()\n        print(alert_text)\n        try:\n            if alert_text != &amp;quot;Thanks for the message!!&amp;quot;:\n                self.logger.info(&amp;quot;-----test case 003 is Passed-----&amp;quot;)\n                assert True\n            else:\n                time.sleep(5)\n                self.driver.save_screenshot(&amp;quot;.\\\\ScreenShots\\\\&amp;quot; + &amp;quot;test_case_003_contact.png&amp;quot;)\n                self.logger.error(&amp;quot;-----test case 003 is Passed-----&amp;quot;)\n&amp;gt;               assert False\nE               assert False\n\ntestCases\\test_Contact_Page.py:112: AssertionError\n\n------------------------------ Captured log call -------------------------------\nINFO     root:test_Contact_Page.py:94 -----test_case_003_validate_contact_with_valid_email_valid_name_no_message-----\nINFO     root:test_Contact_Page.py:95 -----Verifying Contact Page-----\nERROR    root:test_Contact_Page.py:111 -----test case 003 is Passed-----\n\n&#34;}], &#34;testCases/test_Contact_Page.py::TestCase003ContactPage::test_case_004_validate_contact_with_valid_email_invalid_name_valid_message&#34;: [{&#34;extras&#34;: [], &#34;result&#34;: &#34;Failed&#34;, &#34;testId&#34;: &#34;testCases/test_Contact_Page.py::TestCase003ContactPage::test_case_004_validate_contact_with_valid_email_invalid_name_valid_message&#34;, &#34;duration&#34;: &#34;00:00:12&#34;, &#34;resultsTableRow&#34;: [&#34;&lt;td class=\&#34;col-result\&#34;&gt;Failed&lt;/td&gt;&#34;, &#34;&lt;td class=\&#34;col-testId\&#34;&gt;testCases/test_Contact_Page.py::TestCase003ContactPage::test_case_004_validate_contact_with_valid_email_invalid_name_valid_message&lt;/td&gt;&#34;, &#34;&lt;td class=\&#34;col-duration\&#34;&gt;00:00:12&lt;/td&gt;&#34;, &#34;&lt;td class=\&#34;col-links\&#34;&gt;&lt;/td&gt;&#34;], &#34;log&#34;: &#34;self = &amp;lt;testCases.test_Contact_Page.TestCase003ContactPage object at 0x0000027E9EF8F530&amp;gt;\nsetup_and_teardown = &amp;lt;selenium.webdriver.chrome.webdriver.WebDriver (session=&amp;quot;6996f6f4fc5fb1dcf989dbdc156298ae&amp;quot;)&amp;gt;\n\n    @pytest.mark.regression\n    @pytest.mark.sanity\n    def test_case_004_validate_contact_with_valid_email_invalid_name_valid_message(self, setup_and_teardown):\n        self.logger.info(&amp;quot;-----test_case_004_validate_contact_with_valid_email_invalid_name_valid_message-----&amp;quot;)\n        self.logger.info(&amp;quot;-----Verifying Contact Page-----&amp;quot;)\n        self.driver = setup_and_teardown\n        self.cnt_page = Contact_page(self.driver)\n        self.cnt_page.set_all_the_fields(self.valid_email, self.invalid_name, self.valid_message)\n        WebDriverWait(self.driver, 10).until(EC.alert_is_present())\n        al_msg = self.driver.switch_to.alert\n        alert_text = al_msg.text\n        self.driver.switch_to.alert.accept()\n        print(alert_text)\n        try:\n            if alert_text != &amp;quot;Thanks for the message!!&amp;quot;:\n                self.logger.info(&amp;quot;-----test case 004 is Passed-----&amp;quot;)\n                assert True\n            else:\n                time.sleep(5)\n                self.driver.save_screenshot(&amp;quot;.\\\\ScreenShots\\\\&amp;quot; + &amp;quot;test_case_004_contact.png&amp;quot;)\n                self.logger.error(&amp;quot;-----test case 004 is Passed-----&amp;quot;)\n&amp;gt;               assert False\nE               assert False\n\ntestCases\\test_Contact_Page.py:138: AssertionError\n\n------------------------------ Captured log call -------------------------------\nINFO     root:test_Contact_Page.py:120 -----test_case_004_validate_contact_with_valid_email_invalid_name_valid_message-----\nINFO     root:test_Contact_Page.py:121 -----Verifying Contact Page-----\nERROR    root:test_Contact_Page.py:137 -----test case 004 is Passed-----\n\n&#34;}], &#34;testCases/test_Contact_Page.py::TestCase003ContactPage::test_case_005_validate_contact_with_valid_email_invalid_name_invalid_message&#34;: [{&#34;extras&#34;: [], &#34;result&#34;: &#34;Failed&#34;, &#34;testId&#34;: &#34;testCases/test_Contact_Page.py::TestCase003ContactPage::test_case_005_validate_contact_with_valid_email_invalid_name_invalid_message&#34;, &#34;duration&#34;: &#34;00:00:12&#34;, &#34;resultsTableRow&#34;: [&#34;&lt;td class=\&#34;col-result\&#34;&gt;Failed&lt;/td&gt;&#34;, &#34;&lt;td class=\&#34;col-testId\&#34;&gt;testCases/test_Contact_Page.py::TestCase003ContactPage::test_case_005_validate_contact_with_valid_email_invalid_name_invalid_message&lt;/td&gt;&#34;, &#34;&lt;td class=\&#34;col-duration\&#34;&gt;00:00:12&lt;/td&gt;&#34;, &#34;&lt;td class=\&#34;col-links\&#34;&gt;&lt;/td&gt;&#34;], &#34;log&#34;: &#34;self = &amp;lt;testCases.test_Contact_Page.TestCase003ContactPage object at 0x0000027E9EF8F6B0&amp;gt;\nsetup_and_teardown = &amp;lt;selenium.webdriver.chrome.webdriver.WebDriver (session=&amp;quot;0f8a1b3b09a460cd608797d4e181f868&amp;quot;)&amp;gt;\n\n    @pytest.mark.regression\n    @pytest.mark.sanity\n    def test_case_005_validate_contact_with_valid_email_invalid_name_invalid_message(self, setup_and_teardown):\n        self.logger.info(&amp;quot;-----test_case_005_validate_contact_with_valid_email_invalid_name_invalid_message-----&amp;quot;)\n        self.logger.info(&amp;quot;-----Verifying Contact Page-----&amp;quot;)\n        self.driver = setup_and_teardown\n        self.cnt_page = Contact_page(self.driver)\n        self.cnt_page.set_all_the_fields(self.valid_email, self.invalid_name, self.invalid_message)\n        WebDriverWait(self.driver, 10).until(EC.alert_is_present())\n        al_msg = self.driver.switch_to.alert\n        alert_text = al_msg.text\n        self.driver.switch_to.alert.accept()\n        print(alert_text)\n        try:\n            if alert_text != &amp;quot;Thanks for the message!!&amp;quot;:\n                self.logger.info(&amp;quot;-----test case 005 is Passed-----&amp;quot;)\n                assert True\n            else:\n                time.sleep(5)\n                self.driver.save_screenshot(&amp;quot;.\\\\ScreenShots\\\\&amp;quot; + &amp;quot;test_case_005_contact.png&amp;quot;)\n                self.logger.error(&amp;quot;-----test case 005 is Passed-----&amp;quot;)\n&amp;gt;               assert False\nE               assert False\n\ntestCases\\test_Contact_Page.py:164: AssertionError\n\n------------------------------ Captured log call -------------------------------\nINFO     root:test_Contact_Page.py:146 -----test_case_005_validate_contact_with_valid_email_invalid_name_invalid_message-----\nINFO     root:test_Contact_Page.py:147 -----Verifying Contact Page-----\nERROR    root:test_Contact_Page.py:163 -----test case 005 is Passed-----\n\n&#34;}], &#34;testCases/test_Contact_Page.py::TestCase003ContactPage::test_case_006_validate_contact_with_valid_email_invalid_name_no_message&#34;: [{&#34;extras&#34;: [], &#34;result&#34;: &#34;Failed&#34;, &#34;testId&#34;: &#34;testCases/test_Contact_Page.py::TestCase003ContactPage::test_case_006_validate_contact_with_valid_email_invalid_name_no_message&#34;, &#34;duration&#34;: &#34;00:00:13&#34;, &#34;resultsTableRow&#34;: [&#34;&lt;td class=\&#34;col-result\&#34;&gt;Failed&lt;/td&gt;&#34;, &#34;&lt;td class=\&#34;col-testId\&#34;&gt;testCases/test_Contact_Page.py::TestCase003ContactPage::test_case_006_validate_contact_with_valid_email_invalid_name_no_message&lt;/td&gt;&#34;, &#34;&lt;td class=\&#34;col-duration\&#34;&gt;00:00:13&lt;/td&gt;&#34;, &#34;&lt;td class=\&#34;col-links\&#34;&gt;&lt;/td&gt;&#34;], &#34;log&#34;: &#34;self = &amp;lt;testCases.test_Contact_Page.TestCase003ContactPage object at 0x0000027E9EF8F830&amp;gt;\nsetup_and_teardown = &amp;lt;selenium.webdriver.chrome.webdriver.WebDriver (session=&amp;quot;234e7ce090cb1ba1fe9a85c198e7f537&amp;quot;)&amp;gt;\n\n    @pytest.mark.regression\n    @pytest.mark.sanity\n    def test_case_006_validate_contact_with_valid_email_invalid_name_no_message(self, setup_and_teardown):\n        self.logger.info(&amp;quot;-----test_case_006_validate_contact_with_valid_email_invalid_name_no_message-----&amp;quot;)\n        self.logger.info(&amp;quot;-----Verifying Contact Page-----&amp;quot;)\n        self.driver = setup_and_teardown\n        self.cnt_page = Contact_page(self.driver)\n        self.cnt_page.set_all_the_fields(self.valid_email, self.invalid_name, self.no_message)\n        WebDriverWait(self.driver, 10).until(EC.alert_is_present())\n        al_msg = self.driver.switch_to.alert\n        alert_text = al_msg.text\n        self.driver.switch_to.alert.accept()\n        print(alert_text)\n        try:\n            if alert_text != &amp;quot;Thanks for the message!!&amp;quot;:\n                self.logger.info(&amp;quot;-----test case 006 is Passed-----&amp;quot;)\n                assert True\n            else:\n                time.sleep(5)\n                self.driver.save_screenshot(&amp;quot;.\\\\ScreenShots\\\\&amp;quot; + &amp;quot;test_case_006_contact.png&amp;quot;)\n                self.logger.error(&amp;quot;-----test case 006 is Passed-----&amp;quot;)\n&amp;gt;               assert False\nE               assert False\n\ntestCases\\test_Contact_Page.py:190: AssertionError\n\n------------------------------ Captured log call -------------------------------\nINFO     root:test_Contact_Page.py:172 -----test_case_006_validate_contact_with_valid_email_invalid_name_no_message-----\nINFO     root:test_Contact_Page.py:173 -----Verifying Contact Page-----\nERROR    root:test_Contact_Page.py:189 -----test case 006 is Passed-----\n\n&#34;}], &#34;testCases/test_Contact_Page.py::TestCase003ContactPage::test_case_007_validate_contact_with_valid_email_no_name_valid_message&#34;: [{&#34;extras&#34;: [], &#34;result&#34;: &#34;Failed&#34;, &#34;testId&#34;: &#34;testCases/test_Contact_Page.py::TestCase003ContactPage::test_case_007_validate_contact_with_valid_email_no_name_valid_message&#34;, &#34;duration&#34;: &#34;00:00:12&#34;, &#34;resultsTableRow&#34;: [&#34;&lt;td class=\&#34;col-result\&#34;&gt;Failed&lt;/td&gt;&#34;, &#34;&lt;td class=\&#34;col-testId\&#34;&gt;testCases/test_Contact_Page.py::TestCase003ContactPage::test_case_007_validate_contact_with_valid_email_no_name_valid_message&lt;/td&gt;&#34;, &#34;&lt;td class=\&#34;col-duration\&#34;&gt;00:00:12&lt;/td&gt;&#34;, &#34;&lt;td class=\&#34;col-links\&#34;&gt;&lt;/td&gt;&#34;], &#34;log&#34;: &#34;self = &amp;lt;testCases.test_Contact_Page.TestCase003ContactPage object at 0x0000027E9EF8F9B0&amp;gt;\nsetup_and_teardown = &amp;lt;selenium.webdriver.chrome.webdriver.WebDriver (session=&amp;quot;9ddf7731b1bd928f94c9a7c70866b2d8&amp;quot;)&amp;gt;\n\n    @pytest.mark.regression\n    @pytest.mark.sanity\n    def test_case_007_validate_contact_with_valid_email_no_name_valid_message(self, setup_and_teardown):\n        self.logger.info(&amp;quot;-----test_case_007_validate_contact_with_valid_email_no_name_valid_message-----&amp;quot;)\n        self.logger.info(&amp;quot;-----Verifying Contact Page-----&amp;quot;)\n        self.driver = setup_and_teardown\n        self.cnt_page = Contact_page(self.driver)\n        self.cnt_page.set_all_the_fields(self.valid_email, self.no_name, self.valid_message)\n        WebDriverWait(self.driver, 10).until(EC.alert_is_present())\n        al_msg = self.driver.switch_to.alert\n        alert_text = al_msg.text\n        self.driver.switch_to.alert.accept()\n        print(alert_text)\n        try:\n            if alert_text != &amp;quot;Thanks for the message!!&amp;quot;:\n                self.logger.info(&amp;quot;-----test case 007 is Passed-----&amp;quot;)\n                assert True\n            else:\n                time.sleep(5)\n                self.driver.save_screenshot(&amp;quot;.\\\\ScreenShots\\\\&amp;quot; + &amp;quot;test_case_007_contact.png&amp;quot;)\n                self.logger.error(&amp;quot;-----test case 007 is Passed-----&amp;quot;)\n&amp;gt;               assert False\nE               assert False\n\ntestCases\\test_Contact_Page.py:216: AssertionError\n\n------------------------------ Captured log call -------------------------------\nINFO     root:test_Contact_Page.py:198 -----test_case_007_validate_contact_with_valid_email_no_name_valid_message-----\nINFO     root:test_Contact_Page.py:199 -----Verifying Contact Page-----\nERROR    root:test_Contact_Page.py:215 -----test case 007 is Passed-----\n\n&#34;}], &#34;testCases/test_Contact_Page.py::TestCase003ContactPage::test_case_008_validate_contact_with_valid_email_no_name_invalid_message&#34;: [{&#34;extras&#34;: [], &#34;result&#34;: &#34;Failed&#34;, &#34;testId&#34;: &#34;testCases/test_Contact_Page.py::TestCase003ContactPage::test_case_008_validate_contact_with_valid_email_no_name_invalid_message&#34;, &#34;duration&#34;: &#34;00:00:12&#34;, &#34;resultsTableRow&#34;: [&#34;&lt;td class=\&#34;col-result\&#34;&gt;Failed&lt;/td&gt;&#34;, &#34;&lt;td class=\&#34;col-testId\&#34;&gt;testCases/test_Contact_Page.py::TestCase003ContactPage::test_case_008_validate_contact_with_valid_email_no_name_invalid_message&lt;/td&gt;&#34;, &#34;&lt;td class=\&#34;col-duration\&#34;&gt;00:00:12&lt;/td&gt;&#34;, &#34;&lt;td class=\&#34;col-links\&#34;&gt;&lt;/td&gt;&#34;], &#34;log&#34;: &#34;self = &amp;lt;testCases.test_Contact_Page.TestCase003ContactPage object at 0x0000027E9EF8FB30&amp;gt;\nsetup_and_teardown = &amp;lt;selenium.webdriver.chrome.webdriver.WebDriver (session=&amp;quot;169cc485ef0bf48dbe43bbc3bc316a5e&amp;quot;)&amp;gt;\n\n    @pytest.mark.regression\n    @pytest.mark.sanity\n    def test_case_008_validate_contact_with_valid_email_no_name_invalid_message(self, setup_and_teardown):\n        self.logger.info(&amp;quot;-----test_case_008_validate_contact_with_valid_email_no_name_invalid_message-----&amp;quot;)\n        self.logger.info(&amp;quot;-----Verifying Contact Page-----&amp;quot;)\n        self.driver = setup_and_teardown\n        self.cnt_page = Contact_page(self.driver)\n        self.cnt_page.set_all_the_fields(self.valid_email, self.no_name, self.invalid_message)\n        WebDriverWait(self.driver, 10).until(EC.alert_is_present())\n        al_msg = self.driver.switch_to.alert\n        alert_text = al_msg.text\n        self.driver.switch_to.alert.accept()\n        print(alert_text)\n        try:\n            if alert_text != &amp;quot;Thanks for the message!!&amp;quot;:\n                self.logger.info(&amp;quot;-----test case 008 is Passed-----&amp;quot;)\n                assert True\n            else:\n                time.sleep(5)\n                self.driver.save_screenshot(&amp;quot;.\\\\ScreenShots\\\\&amp;quot; + &amp;quot;test_case_008_contact.png&amp;quot;)\n                self.logger.error(&amp;quot;-----test case 008 is Passed-----&amp;quot;)\n&amp;gt;               assert False\nE               assert False\n\ntestCases\\test_Contact_Page.py:242: AssertionError\n\n------------------------------ Captured log call -------------------------------\nINFO     root:test_Contact_Page.py:224 -----test_case_008_validate_contact_with_valid_email_no_name_invalid_message-----\nINFO     root:test_Contact_Page.py:225 -----Verifying Contact Page-----\nERROR    root:test_Contact_Page.py:241 -----test case 008 is Passed-----\n\n&#34;}], &#34;testCases/test_Contact_Page.py::TestCase003ContactPage::test_case_009_validate_contact_with_valid_email_no_name_no_message&#34;: [{&#34;extras&#34;: [], &#34;result&#34;: &#34;Failed&#34;, &#34;testId&#34;: &#34;testCases/test_Contact_Page.py::TestCase003ContactPage::test_case_009_validate_contact_with_valid_email_no_name_no_message&#34;, &#34;duration&#34;: &#34;00:00:12&#34;, &#34;resultsTableRow&#34;: [&#34;&lt;td class=\&#34;col-result\&#34;&gt;Failed&lt;/td&gt;&#34;, &#34;&lt;td class=\&#34;col-testId\&#34;&gt;testCases/test_Contact_Page.py::TestCase003ContactPage::test_case_009_validate_contact_with_valid_email_no_name_no_message&lt;/td&gt;&#34;, &#34;&lt;td class=\&#34;col-duration\&#34;&gt;00:00:12&lt;/td&gt;&#34;, &#34;&lt;td class=\&#34;col-links\&#34;&gt;&lt;/td&gt;&#34;], &#34;log&#34;: &#34;self = &amp;lt;testCases.test_Contact_Page.TestCase003ContactPage object at 0x0000027E9EF8FCB0&amp;gt;\nsetup_and_teardown = &amp;lt;selenium.webdriver.chrome.webdriver.WebDriver (session=&amp;quot;6a7af405c18f6796492d48c1a126e610&amp;quot;)&amp;gt;\n\n    @pytest.mark.regression\n    @pytest.mark.sanity\n    def test_case_009_validate_contact_with_valid_email_no_name_no_message(self, setup_and_teardown):\n        self.logger.info(&amp;quot;-----test_case_009_validate_contact_with_valid_email_no_name_no_message-----&amp;quot;)\n        self.logger.info(&amp;quot;-----Verifying Contact Page-----&amp;quot;)\n        self.driver = setup_and_teardown\n        self.cnt_page = Contact_page(self.driver)\n        self.cnt_page.set_all_the_fields(self.valid_email, self.no_name, self.no_message)\n        WebDriverWait(self.driver, 10).until(EC.alert_is_present())\n        al_msg = self.driver.switch_to.alert\n        alert_text = al_msg.text\n        self.driver.switch_to.alert.accept()\n        print(alert_text)\n        try:\n            if alert_text != &amp;quot;Thanks for the message!!&amp;quot;:\n                self.logger.info(&amp;quot;-----test case 009 is Passed-----&amp;quot;)\n                assert True\n            else:\n                time.sleep(5)\n                self.driver.save_screenshot(&amp;quot;.\\\\ScreenShots\\\\&amp;quot; + &amp;quot;test_case_009_contact.png&amp;quot;)\n                self.logger.error(&amp;quot;-----test case 009 is Passed-----&amp;quot;)\n&amp;gt;               assert False\nE               assert False\n\ntestCases\\test_Contact_Page.py:268: AssertionError\n\n------------------------------ Captured log call -------------------------------\nINFO     root:test_Contact_Page.py:250 -----test_case_009_validate_contact_with_valid_email_no_name_no_message-----\nINFO     root:test_Contact_Page.py:251 -----Verifying Contact Page-----\nERROR    root:test_Contact_Page.py:267 -----test case 009 is Passed-----\n\n&#34;}], &#34;testCases/test_Contact_Page.py::TestCase003ContactPage::test_case_010_validate_contact_with_invalid_email_valid_name_valid_message&#34;: [{&#34;extras&#34;: [], &#34;result&#34;: &#34;Failed&#34;, &#34;testId&#34;: &#34;testCases/test_Contact_Page.py::TestCase003ContactPage::test_case_010_validate_contact_with_invalid_email_valid_name_valid_message&#34;, &#34;duration&#34;: &#34;00:00:13&#34;, &#34;resultsTableRow&#34;: [&#34;&lt;td class=\&#34;col-result\&#34;&gt;Failed&lt;/td&gt;&#34;, &#34;&lt;td class=\&#34;col-testId\&#34;&gt;testCases/test_Contact_Page.py::TestCase003ContactPage::test_case_010_validate_contact_with_invalid_email_valid_name_valid_message&lt;/td&gt;&#34;, &#34;&lt;td class=\&#34;col-duration\&#34;&gt;00:00:13&lt;/td&gt;&#34;, &#34;&lt;td class=\&#34;col-links\&#34;&gt;&lt;/td&gt;&#34;], &#34;log&#34;: &#34;self = &amp;lt;testCases.test_Contact_Page.TestCase003ContactPage object at 0x0000027E9EF8FE30&amp;gt;\nsetup_and_teardown = &amp;lt;selenium.webdriver.chrome.webdriver.WebDriver (session=&amp;quot;134cf1adbb3abeb155bcd499e48ae4d2&amp;quot;)&amp;gt;\n\n    @pytest.mark.regression\n    @pytest.mark.sanity\n    def test_case_010_validate_contact_with_invalid_email_valid_name_valid_message(self, setup_and_teardown):\n        self.logger.info(&amp;quot;-----test_case_010_validate_contact_with_invalid_email_valid_name_valid_message-----&amp;quot;)\n        self.logger.info(&amp;quot;-----Verifying Contact Page-----&amp;quot;)\n        self.driver = setup_and_teardown\n        self.cnt_page = Contact_page(self.driver)\n        self.cnt_page.set_all_the_fields(self.invalid_email, self.valid_name, self.valid_message)\n        WebDriverWait(self.driver, 10).until(EC.alert_is_present())\n        al_msg = self.driver.switch_to.alert\n        alert_text = al_msg.text\n        self.driver.switch_to.alert.accept()\n        print(alert_text)\n        try:\n            if alert_text != &amp;quot;Thanks for the message!!&amp;quot;:\n                self.logger.info(&amp;quot;-----test case 010 is Passed-----&amp;quot;)\n                assert True\n            else:\n                time.sleep(5)\n                self.driver.save_screenshot(&amp;quot;.\\\\ScreenShots\\\\&amp;quot; + &amp;quot;test_case_010_contact.png&amp;quot;)\n                self.logger.error(&amp;quot;-----test case 010 is Passed-----&amp;quot;)\n&amp;gt;               assert False\nE               assert False\n\ntestCases\\test_Contact_Page.py:294: AssertionError\n\n------------------------------ Captured log call -------------------------------\nINFO     root:test_Contact_Page.py:276 -----test_case_010_validate_contact_with_invalid_email_valid_name_valid_message-----\nINFO     root:test_Contact_Page.py:277 -----Verifying Contact Page-----\nERROR    root:test_Contact_Page.py:293 -----test case 010 is Passed-----\n\n&#34;}], &#34;testCases/test_Contact_Page.py::TestCase003ContactPage::test_case_011_validate_contact_with_invalid_email_valid_name_invalid_message&#34;: [{&#34;extras&#34;: [], &#34;result&#34;: &#34;Failed&#34;, &#34;testId&#34;: &#34;testCases/test_Contact_Page.py::TestCase003ContactPage::test_case_011_validate_contact_with_invalid_email_valid_name_invalid_message&#34;, &#34;duration&#34;: &#34;00:00:12&#34;, &#34;resultsTableRow&#34;: [&#34;&lt;td class=\&#34;col-result\&#34;&gt;Failed&lt;/td&gt;&#34;, &#34;&lt;td class=\&#34;col-testId\&#34;&gt;testCases/test_Contact_Page.py::TestCase003ContactPage::test_case_011_validate_contact_with_invalid_email_valid_name_invalid_message&lt;/td&gt;&#34;, &#34;&lt;td class=\&#34;col-duration\&#34;&gt;00:00:12&lt;/td&gt;&#34;, &#34;&lt;td class=\&#34;col-links\&#34;&gt;&lt;/td&gt;&#34;], &#34;log&#34;: &#34;self = &amp;lt;testCases.test_Contact_Page.TestCase003ContactPage object at 0x0000027E9EF8FFB0&amp;gt;\nsetup_and_teardown = &amp;lt;selenium.webdriver.chrome.webdriver.WebDriver (session=&amp;quot;1f9932f4114e892ec2f3de5aaa526292&amp;quot;)&amp;gt;\n\n    @pytest.mark.regression\n    @pytest.mark.sanity\n    def test_case_011_validate_contact_with_invalid_email_valid_name_invalid_message(self, setup_and_teardown):\n        self.logger.info(&amp;quot;-----test_case_011_validate_contact_with_invalid_email_valid_name_invalid_message-----&amp;quot;)\n        self.logger.info(&amp;quot;-----Verifying Contact Page-----&amp;quot;)\n        self.driver = setup_and_teardown\n        self.cnt_page = Contact_page(self.driver)\n        self.cnt_page.set_all_the_fields(self.invalid_email, self.valid_name, self.invalid_message)\n        WebDriverWait(self.driver, 10).until(EC.alert_is_present())\n        al_msg = self.driver.switch_to.alert\n        alert_text = al_msg.text\n        self.driver.switch_to.alert.accept()\n        print(alert_text)\n        try:\n            if alert_text != &amp;quot;Thanks for the message!!&amp;quot;:\n                self.logger.info(&amp;quot;-----test case 011 is Passed-----&amp;quot;)\n                assert True\n            else:\n                time.sleep(5)\n                self.driver.save_screenshot(&amp;quot;.\\\\ScreenShots\\\\&amp;quot; + &amp;quot;test_case_011_contact.png&amp;quot;)\n                self.logger.error(&amp;quot;-----test case 011 is Passed-----&amp;quot;)\n&amp;gt;               assert False\nE               assert False\n\ntestCases\\test_Contact_Page.py:320: AssertionError\n\n------------------------------ Captured log call -------------------------------\nINFO     root:test_Contact_Page.py:302 -----test_case_011_validate_contact_with_invalid_email_valid_name_invalid_message-----\nINFO     root:test_Contact_Page.py:303 -----Verifying Contact Page-----\nERROR    root:test_Contact_Page.py:319 -----test case 011 is Passed-----\n\n&#34;}], &#34;testCases/test_Contact_Page.py::TestCase003ContactPage::test_case_012_validate_contact_with_invalid_email_valid_name_no_message&#34;: [{&#34;extras&#34;: [], &#34;result&#34;: &#34;Failed&#34;, &#34;testId&#34;: &#34;testCases/test_Contact_Page.py::TestCase003ContactPage::test_case_012_validate_contact_with_invalid_email_valid_name_no_message&#34;, &#34;duration&#34;: &#34;00:00:12&#34;, &#34;resultsTableRow&#34;: [&#34;&lt;td class=\&#34;col-result\&#34;&gt;Failed&lt;/td&gt;&#34;, &#34;&lt;td class=\&#34;col-testId\&#34;&gt;testCases/test_Contact_Page.py::TestCase003ContactPage::test_case_012_validate_contact_with_invalid_email_valid_name_no_message&lt;/td&gt;&#34;, &#34;&lt;td class=\&#34;col-duration\&#34;&gt;00:00:12&lt;/td&gt;&#34;, &#34;&lt;td class=\&#34;col-links\&#34;&gt;&lt;/td&gt;&#34;], &#34;log&#34;: &#34;self = &amp;lt;testCases.test_Contact_Page.TestCase003ContactPage object at 0x0000027E9F178170&amp;gt;\nsetup_and_teardown = &amp;lt;selenium.webdriver.chrome.webdriver.WebDriver (session=&amp;quot;13e2c02226dba09ff99594483c34fc4e&amp;quot;)&amp;gt;\n\n    @pytest.mark.regression\n    @pytest.mark.sanity\n    def test_case_012_validate_contact_with_invalid_email_valid_name_no_message(self, setup_and_teardown):\n        self.logger.info(&amp;quot;-----test_case_012_validate_contact_with_invalid_email_valid_name_no_message-----&amp;quot;)\n        self.logger.info(&amp;quot;-----Verifying Contact Page-----&amp;quot;)\n        self.driver = setup_and_teardown\n        self.cnt_page = Contact_page(self.driver)\n        self.cnt_page.set_all_the_fields(self.invalid_email, self.valid_name, self.no_message)\n        WebDriverWait(self.driver, 10).until(EC.alert_is_present())\n        al_msg = self.driver.switch_to.alert\n        alert_text = al_msg.text\n        self.driver.switch_to.alert.accept()\n        print(alert_text)\n        try:\n            if alert_text != &amp;quot;Thanks for the message!!&amp;quot;:\n                self.logger.info(&amp;quot;-----test case 012 is Passed-----&amp;quot;)\n                assert True\n            else:\n                time.sleep(5)\n                self.driver.save_screenshot(&amp;quot;.\\\\ScreenShots\\\\&amp;quot; + &amp;quot;test_case_012_contact.png&amp;quot;)\n                self.logger.error(&amp;quot;-----test case 012 is Passed-----&amp;quot;)\n&amp;gt;               assert False\nE               assert False\n\ntestCases\\test_Contact_Page.py:346: AssertionError\n\n------------------------------ Captured log call -------------------------------\nINFO     root:test_Contact_Page.py:328 -----test_case_012_validate_contact_with_invalid_email_valid_name_no_message-----\nINFO     root:test_Contact_Page.py:329 -----Verifying Contact Page-----\nERROR    root:test_Contact_Page.py:345 -----test case 012 is Passed-----\n\n&#34;}], &#34;testCases/test_Contact_Page.py::TestCase003ContactPage::test_case_013_validate_contact_with_invalid_email_invalid_name_valid_message&#34;: [{&#34;extras&#34;: [], &#34;result&#34;: &#34;Failed&#34;, &#34;testId&#34;: &#34;testCases/test_Contact_Page.py::TestCase003ContactPage::test_case_013_validate_contact_with_invalid_email_invalid_name_valid_message&#34;, &#34;duration&#34;: &#34;00:00:13&#34;, &#34;resultsTableRow&#34;: [&#34;&lt;td class=\&#34;col-result\&#34;&gt;Failed&lt;/td&gt;&#34;, &#34;&lt;td class=\&#34;col-testId\&#34;&gt;testCases/test_Contact_Page.py::TestCase003ContactPage::test_case_013_validate_contact_with_invalid_email_invalid_name_valid_message&lt;/td&gt;&#34;, &#34;&lt;td class=\&#34;col-duration\&#34;&gt;00:00:13&lt;/td&gt;&#34;, &#34;&lt;td class=\&#34;col-links\&#34;&gt;&lt;/td&gt;&#34;], &#34;log&#34;: &#34;self = &amp;lt;testCases.test_Contact_Page.TestCase003ContactPage object at 0x0000027E9F1782F0&amp;gt;\nsetup_and_teardown = &amp;lt;selenium.webdriver.chrome.webdriver.WebDriver (session=&amp;quot;acc594380fe8fb4570d734698a8544b6&amp;quot;)&amp;gt;\n\n    @pytest.mark.regression\n    @pytest.mark.sanity\n    def test_case_013_validate_contact_with_invalid_email_invalid_name_valid_message(self, setup_and_teardown):\n        self.logger.info(&amp;quot;-----test_case_013_validate_contact_with_invalid_email_invalid_name_valid_message-----&amp;quot;)\n        self.logger.info(&amp;quot;-----Verifying Contact Page-----&amp;quot;)\n        self.driver = setup_and_teardown\n        self.cnt_page = Contact_page(self.driver)\n        self.cnt_page.set_all_the_fields(self.invalid_email, self.invalid_name, self.valid_message)\n        WebDriverWait(self.driver, 10).until(EC.alert_is_present())\n        al_msg = self.driver.switch_to.alert\n        alert_text = al_msg.text\n        self.driver.switch_to.alert.accept()\n        print(alert_text)\n        try:\n            if alert_text != &amp;quot;Thanks for the message!!&amp;quot;:\n                self.logger.info(&amp;quot;-----test case 013 is Passed-----&amp;quot;)\n                assert True\n            else:\n                time.sleep(5)\n                self.driver.save_screenshot(&amp;quot;.\\\\ScreenShots\\\\&amp;quot; + &amp;quot;test_case_013_contact.png&amp;quot;)\n                self.logger.error(&amp;quot;-----test case 013 is Passed-----&amp;quot;)\n&amp;gt;               assert False\nE               assert False\n\ntestCases\\test_Contact_Page.py:372: AssertionError\n\n------------------------------ Captured log call -------------------------------\nINFO     root:test_Contact_Page.py:354 -----test_case_013_validate_contact_with_invalid_email_invalid_name_valid_message-----\nINFO     root:test_Contact_Page.py:355 -----Verifying Contact Page-----\nERROR    root:test_Contact_Page.py:371 -----test case 013 is Passed-----\n\n&#34;}], &#34;testCases/test_Contact_Page.py::TestCase003ContactPage::test_case_014_validate_contact_with_invalid_email_invalid_name_invalid_message&#34;: [{&#34;extras&#34;: [], &#34;result&#34;: &#34;Failed&#34;, &#34;testId&#34;: &#34;testCases/test_Contact_Page.py::TestCase003ContactPage::test_case_014_validate_contact_with_invalid_email_invalid_name_invalid_message&#34;, &#34;duration&#34;: &#34;00:00:12&#34;, &#34;resultsTableRow&#34;: [&#34;&lt;td class=\&#34;col-result\&#34;&gt;Failed&lt;/td&gt;&#34;, &#34;&lt;td class=\&#34;col-testId\&#34;&gt;testCases/test_Contact_Page.py::TestCase003ContactPage::test_case_014_validate_contact_with_invalid_email_invalid_name_invalid_message&lt;/td&gt;&#34;, &#34;&lt;td class=\&#34;col-duration\&#34;&gt;00:00:12&lt;/td&gt;&#34;, &#34;&lt;td class=\&#34;col-links\&#34;&gt;&lt;/td&gt;&#34;], &#34;log&#34;: &#34;self = &amp;lt;testCases.test_Contact_Page.TestCase003ContactPage object at 0x0000027E9F178470&amp;gt;\nsetup_and_teardown = &amp;lt;selenium.webdriver.chrome.webdriver.WebDriver (session=&amp;quot;04848d4866259e5cccdd7db0d381b707&amp;quot;)&amp;gt;\n\n    @pytest.mark.regression\n    @pytest.mark.sanity\n    def test_case_014_validate_contact_with_invalid_email_invalid_name_invalid_message(self, setup_and_teardown):\n        self.logger.info(&amp;quot;-----test_case_014_validate_contact_with_invalid_email_invalid_name_invalid_message-----&amp;quot;)\n        self.logger.info(&amp;quot;-----Verifying Contact Page-----&amp;quot;)\n        self.driver = setup_and_teardown\n        self.cnt_page = Contact_page(self.driver)\n        self.cnt_page.set_all_the_fields(self.invalid_email, self.invalid_name, self.invalid_message)\n        WebDriverWait(self.driver, 10).until(EC.alert_is_present())\n        al_msg = self.driver.switch_to.alert\n        alert_text = al_msg.text\n        self.driver.switch_to.alert.accept()\n        print(alert_text)\n        try:\n            if alert_text != &amp;quot;Thanks for the message!!&amp;quot;:\n                self.logger.info(&amp;quot;-----test case 013 is Passed-----&amp;quot;)\n                assert True\n            else:\n                time.sleep(5)\n                self.driver.save_screenshot(&amp;quot;.\\\\ScreenShots\\\\&amp;quot; + &amp;quot;test_case_013_contact.png&amp;quot;)\n                self.logger.error(&amp;quot;-----test case 013 is Passed-----&amp;quot;)\n&amp;gt;               assert False\nE               assert False\n\ntestCases\\test_Contact_Page.py:398: AssertionError\n\n------------------------------ Captured log call -------------------------------\nINFO     root:test_Contact_Page.py:380 -----test_case_014_validate_contact_with_invalid_email_invalid_name_invalid_message-----\nINFO     root:test_Contact_Page.py:381 -----Verifying Contact Page-----\nERROR    root:test_Contact_Page.py:397 -----test case 013 is Passed-----\n\n&#34;}], &#34;testCases/test_Contact_Page.py::TestCase003ContactPage::test_case_015_validate_contact_with_invalid_email_invalid_name_no_message&#34;: [{&#34;extras&#34;: [], &#34;result&#34;: &#34;Failed&#34;, &#34;testId&#34;: &#34;testCases/test_Contact_Page.py::TestCase003ContactPage::test_case_015_validate_contact_with_invalid_email_invalid_name_no_message&#34;, &#34;duration&#34;: &#34;00:00:13&#34;, &#34;resultsTableRow&#34;: [&#34;&lt;td class=\&#34;col-result\&#34;&gt;Failed&lt;/td&gt;&#34;, &#34;&lt;td class=\&#34;col-testId\&#34;&gt;testCases/test_Contact_Page.py::TestCase003ContactPage::test_case_015_validate_contact_with_invalid_email_invalid_name_no_message&lt;/td&gt;&#34;, &#34;&lt;td class=\&#34;col-duration\&#34;&gt;00:00:13&lt;/td&gt;&#34;, &#34;&lt;td class=\&#34;col-links\&#34;&gt;&lt;/td&gt;&#34;], &#34;log&#34;: &#34;self = &amp;lt;testCases.test_Contact_Page.TestCase003ContactPage object at 0x0000027E9F1785F0&amp;gt;\nsetup_and_teardown = &amp;lt;selenium.webdriver.chrome.webdriver.WebDriver (session=&amp;quot;4b935c26b12c34c48181ee21edfc2e80&amp;quot;)&amp;gt;\n\n    @pytest.mark.regression\n    @pytest.mark.sanity\n    def test_case_015_validate_contact_with_invalid_email_invalid_name_no_message(self, setup_and_teardown):\n        self.logger.info(&amp;quot;-----test_case_015_validate_contact_with_invalid_email_invalid_name_no_message-----&amp;quot;)\n        self.logger.info(&amp;quot;-----Verifying Contact Page-----&amp;quot;)\n        self.driver = setup_and_teardown\n        self.cnt_page = Contact_page(self.driver)\n        self.cnt_page.set_all_the_fields(self.invalid_email, self.invalid_name, self.no_message)\n        WebDriverWait(self.driver, 10).until(EC.alert_is_present())\n        al_msg = self.driver.switch_to.alert\n        alert_text = al_msg.text\n        self.driver.switch_to.alert.accept()\n        print(alert_text)\n        try:\n            if alert_text != &amp;quot;Thanks for the message!!&amp;quot;:\n                self.logger.info(&amp;quot;-----test case 015 is Passed-----&amp;quot;)\n                assert True\n            else:\n                time.sleep(5)\n                self.driver.save_screenshot(&amp;quot;.\\\\ScreenShots\\\\&amp;quot; + &amp;quot;test_case_015_contact.png&amp;quot;)\n                self.logger.error(&amp;quot;-----test case 015 is Passed-----&amp;quot;)\n&amp;gt;               assert False\nE               assert False\n\ntestCases\\test_Contact_Page.py:424: AssertionError\n\n------------------------------ Captured log call -------------------------------\nINFO     root:test_Contact_Page.py:406 -----test_case_015_validate_contact_with_invalid_email_invalid_name_no_message-----\nINFO     root:test_Contact_Page.py:407 -----Verifying Contact Page-----\nERROR    root:test_Contact_Page.py:423 -----test case 015 is Passed-----\n\n&#34;}], &#34;testCases/test_Contact_Page.py::TestCase003ContactPage::test_case_016_validate_contact_with_invalid_email_no_name_valid_message&#34;: [{&#34;extras&#34;: [], &#34;result&#34;: &#34;Failed&#34;, &#34;testId&#34;: &#34;testCases/test_Contact_Page.py::TestCase003ContactPage::test_case_016_validate_contact_with_invalid_email_no_name_valid_message&#34;, &#34;duration&#34;: &#34;00:00:12&#34;, &#34;resultsTableRow&#34;: [&#34;&lt;td class=\&#34;col-result\&#34;&gt;Failed&lt;/td&gt;&#34;, &#34;&lt;td class=\&#34;col-testId\&#34;&gt;testCases/test_Contact_Page.py::TestCase003ContactPage::test_case_016_validate_contact_with_invalid_email_no_name_valid_message&lt;/td&gt;&#34;, &#34;&lt;td class=\&#34;col-duration\&#34;&gt;00:00:12&lt;/td&gt;&#34;, &#34;&lt;td class=\&#34;col-links\&#34;&gt;&lt;/td&gt;&#34;], &#34;log&#34;: &#34;self = &amp;lt;testCases.test_Contact_Page.TestCase003ContactPage object at 0x0000027E9F178770&amp;gt;\nsetup_and_teardown = &amp;lt;selenium.webdriver.chrome.webdriver.WebDriver (session=&amp;quot;e29d73089c12db55112bbd1070af8a4f&amp;quot;)&amp;gt;\n\n    @pytest.mark.regression\n    @pytest.mark.sanity\n    def test_case_016_validate_contact_with_invalid_email_no_name_valid_message(self, setup_and_teardown):\n        self.logger.info(&amp;quot;-----test_case_016_validate_contact_with_invalid_email_no_name_valid_message-----&amp;quot;)\n        self.logger.info(&amp;quot;-----Verifying Contact Page-----&amp;quot;)\n        self.driver = setup_and_teardown\n        self.cnt_page = Contact_page(self.driver)\n        self.cnt_page.set_all_the_fields(self.invalid_email, self.no_name, self.valid_message)\n        WebDriverWait(self.driver, 10).until(EC.alert_is_present())\n        al_msg = self.driver.switch_to.alert\n        alert_text = al_msg.text\n        self.driver.switch_to.alert.accept()\n        print(alert_text)\n        try:\n            if alert_text != &amp;quot;Thanks for the message!!&amp;quot;:\n                self.logger.info(&amp;quot;-----test case 016 is Passed-----&amp;quot;)\n                assert True\n            else:\n                time.sleep(5)\n                self.driver.save_screenshot(&amp;quot;.\\\\ScreenShots\\\\&amp;quot; + &amp;quot;test_case_016_contact.png&amp;quot;)\n                self.logger.error(&amp;quot;-----test case 016 is Passed-----&amp;quot;)\n&amp;gt;               assert False\nE               assert False\n\ntestCases\\test_Contact_Page.py:450: AssertionError\n\n------------------------------ Captured log call -------------------------------\nINFO     root:test_Contact_Page.py:432 -----test_case_016_validate_contact_with_invalid_email_no_name_valid_message-----\nINFO     root:test_Contact_Page.py:433 -----Verifying Contact Page-----\nERROR    root:test_Contact_Page.py:449 -----test case 016 is Passed-----\n\n&#34;}], &#34;testCases/test_Contact_Page.py::TestCase003ContactPage::test_case_017_validate_contact_with_invalid_email_no_name_invalid_message&#34;: [{&#34;extras&#34;: [], &#34;result&#34;: &#34;Failed&#34;, &#34;testId&#34;: &#34;testCases/test_Contact_Page.py::TestCase003ContactPage::test_case_017_validate_contact_with_invalid_email_no_name_invalid_message&#34;, &#34;duration&#34;: &#34;00:00:12&#34;, &#34;resultsTableRow&#34;: [&#34;&lt;td class=\&#34;col-result\&#34;&gt;Failed&lt;/td&gt;&#34;, &#34;&lt;td class=\&#34;col-testId\&#34;&gt;testCases/test_Contact_Page.py::TestCase003ContactPage::test_case_017_validate_contact_with_invalid_email_no_name_invalid_message&lt;/td&gt;&#34;, &#34;&lt;td class=\&#34;col-duration\&#34;&gt;00:00:12&lt;/td&gt;&#34;, &#34;&lt;td class=\&#34;col-links\&#34;&gt;&lt;/td&gt;&#34;], &#34;log&#34;: &#34;self = &amp;lt;testCases.test_Contact_Page.TestCase003ContactPage object at 0x0000027E9F1788F0&amp;gt;\nsetup_and_teardown = &amp;lt;selenium.webdriver.chrome.webdriver.WebDriver (session=&amp;quot;bfda9c0b092a0b762474b2246202e913&amp;quot;)&amp;gt;\n\n    @pytest.mark.regression\n    @pytest.mark.sanity\n    def test_case_017_validate_contact_with_invalid_email_no_name_invalid_message(self, setup_and_teardown):\n        self.logger.info(&amp;quot;-----test_case_017_validate_contact_with_invalid_email_no_name_invalid_message-----&amp;quot;)\n        self.logger.info(&amp;quot;-----Verifying Contact Page-----&amp;quot;)\n        self.driver = setup_and_teardown\n        self.cnt_page = Contact_page(self.driver)\n        self.cnt_page.set_all_the_fields(self.invalid_email, self.no_name, self.invalid_message)\n        WebDriverWait(self.driver, 10).until(EC.alert_is_present())\n        al_msg = self.driver.switch_to.alert\n        alert_text = al_msg.text\n        self.driver.switch_to.alert.accept()\n        print(alert_text)\n        try:\n            if alert_text != &amp;quot;Thanks for the message!!&amp;quot;:\n                self.logger.info(&amp;quot;-----test case 017 is Passed-----&amp;quot;)\n                assert True\n            else:\n                time.sleep(5)\n                self.driver.save_screenshot(&amp;quot;.\\\\ScreenShots\\\\&amp;quot; + &amp;quot;test_case_017_contact.png&amp;quot;)\n                self.logger.error(&amp;quot;-----test case 017 is Passed-----&amp;quot;)\n&amp;gt;               assert False\nE               assert False\n\ntestCases\\test_Contact_Page.py:476: AssertionError\n\n------------------------------ Captured log call -------------------------------\nINFO     root:test_Contact_Page.py:458 -----test_case_017_validate_contact_with_invalid_email_no_name_invalid_message-----\nINFO     root:test_Contact_Page.py:459 -----Verifying Contact Page-----\nERROR    root:test_Contact_Page.py:475 -----test case 017 is Passed-----\n\n&#34;}], &#34;testCases/test_Contact_Page.py::TestCase003ContactPage::test_case_018_validate_contact_with_invalid_email_no_name_no_message&#34;: [{&#34;extras&#34;: [], &#34;result&#34;: &#34;Failed&#34;, &#34;testId&#34;: &#34;testCases/test_Contact_Page.py::TestCase003ContactPage::test_case_018_validate_contact_with_invalid_email_no_name_no_message&#34;, &#34;duration&#34;: &#34;00:00:12&#34;, &#34;resultsTableRow&#34;: [&#34;&lt;td class=\&#34;col-result\&#34;&gt;Failed&lt;/td&gt;&#34;, &#34;&lt;td class=\&#34;col-testId\&#34;&gt;testCases/test_Contact_Page.py::TestCase003ContactPage::test_case_018_validate_contact_with_invalid_email_no_name_no_message&lt;/td&gt;&#34;, &#34;&lt;td class=\&#34;col-duration\&#34;&gt;00:00:12&lt;/td&gt;&#34;, &#34;&lt;td class=\&#34;col-links\&#34;&gt;&lt;/td&gt;&#34;], &#34;log&#34;: &#34;self = &amp;lt;testCases.test_Contact_Page.TestCase003ContactPage object at 0x0000027E9F178A70&amp;gt;\nsetup_and_teardown = &amp;lt;selenium.webdriver.chrome.webdriver.WebDriver (session=&amp;quot;e275d314b58d4d3ddae8e42ca3652c31&amp;quot;)&amp;gt;\n\n    @pytest.mark.regression\n    @pytest.mark.sanity\n    def test_case_018_validate_contact_with_invalid_email_no_name_no_message(self, setup_and_teardown):\n        self.logger.info(&amp;quot;-----test_case_018_validate_contact_with_invalid_email_no_name_no_message-----&amp;quot;)\n        self.logger.info(&amp;quot;-----Verifying Contact Page-----&amp;quot;)\n        self.driver = setup_and_teardown\n        self.cnt_page = Contact_page(self.driver)\n        self.cnt_page.set_all_the_fields(self.invalid_email, self.no_name, self.no_message)\n        WebDriverWait(self.driver, 10).until(EC.alert_is_present())\n        al_msg = self.driver.switch_to.alert\n        alert_text = al_msg.text\n        self.driver.switch_to.alert.accept()\n        print(alert_text)\n        try:\n            if alert_text != &amp;quot;Thanks for the message!!&amp;quot;:\n                self.logger.info(&amp;quot;-----test case 018 is Passed-----&amp;quot;)\n                assert True\n            else:\n                time.sleep(5)\n                self.driver.save_screenshot(&amp;quot;.\\\\ScreenShots\\\\&amp;quot; + &amp;quot;test_case_018_contact.png&amp;quot;)\n                self.logger.error(&amp;quot;-----test case 018 is Passed-----&amp;quot;)\n&amp;gt;               assert False\nE               assert False\n\ntestCases\\test_Contact_Page.py:502: AssertionError\n\n------------------------------ Captured log call -------------------------------\nINFO     root:test_Contact_Page.py:484 -----test_case_018_validate_contact_with_invalid_email_no_name_no_message-----\nINFO     root:test_Contact_Page.py:485 -----Verifying Contact Page-----\nERROR    root:test_Contact_Page.py:501 -----test case 018 is Passed-----\n\n&#34;}], &#34;testCases/test_Contact_Page.py::TestCase003ContactPage::test_case_019_validate_contact_with_email_with_spl_chars_valid_name_valid_message&#34;: [{&#34;extras&#34;: [], &#34;result&#34;: &#34;Failed&#34;, &#34;testId&#34;: &#34;testCases/test_Contact_Page.py::TestCase003ContactPage::test_case_019_validate_contact_with_email_with_spl_chars_valid_name_valid_message&#34;, &#34;duration&#34;: &#34;00:00:12&#34;, &#34;resultsTableRow&#34;: [&#34;&lt;td class=\&#34;col-result\&#34;&gt;Failed&lt;/td&gt;&#34;, &#34;&lt;td class=\&#34;col-testId\&#34;&gt;testCases/test_Contact_Page.py::TestCase003ContactPage::test_case_019_validate_contact_with_email_with_spl_chars_valid_name_valid_message&lt;/td&gt;&#34;, &#34;&lt;td class=\&#34;col-duration\&#34;&gt;00:00:12&lt;/td&gt;&#34;, &#34;&lt;td class=\&#34;col-links\&#34;&gt;&lt;/td&gt;&#34;], &#34;log&#34;: &#34;self = &amp;lt;testCases.test_Contact_Page.TestCase003ContactPage object at 0x0000027E9F178BF0&amp;gt;\nsetup_and_teardown = &amp;lt;selenium.webdriver.chrome.webdriver.WebDriver (session=&amp;quot;2a1e4d7016b6aa70683a0117517182bb&amp;quot;)&amp;gt;\n\n    @pytest.mark.regression\n    @pytest.mark.sanity\n    def test_case_019_validate_contact_with_email_with_spl_chars_valid_name_valid_message(self, setup_and_teardown):\n        self.logger.info(&amp;quot;-----test_case_019_validate_contact_with_email_with_spl_chars_valid_name_valid_message-----&amp;quot;)\n        self.logger.info(&amp;quot;-----Verifying Contact Page-----&amp;quot;)\n        self.driver = setup_and_teardown\n        self.cnt_page = Contact_page(self.driver)\n        self.cnt_page.set_all_the_fields(self.email_with_spl_chars, self.valid_name, self.valid_message)\n        WebDriverWait(self.driver, 10).until(EC.alert_is_present())\n        al_msg = self.driver.switch_to.alert\n        alert_text = al_msg.text\n        self.driver.switch_to.alert.accept()\n        print(alert_text)\n        try:\n            if alert_text != &amp;quot;Thanks for the message!!&amp;quot;:\n                self.logger.info(&amp;quot;-----test case 019 is Passed-----&amp;quot;)\n                assert True\n            else:\n                time.sleep(5)\n                self.driver.save_screenshot(&amp;quot;.\\\\ScreenShots\\\\&amp;quot; + &amp;quot;test_case_019_contact.png&amp;quot;)\n                self.logger.error(&amp;quot;-----test case 019 is Passed-----&amp;quot;)\n&amp;gt;               assert False\nE               assert False\n\ntestCases\\test_Contact_Page.py:528: AssertionError\n\n------------------------------ Captured log call -------------------------------\nINFO     root:test_Contact_Page.py:510 -----test_case_019_validate_contact_with_email_with_spl_chars_valid_name_valid_message-----\nINFO     root:test_Contact_Page.py:511 -----Verifying Contact Page-----\nERROR    root:test_Contact_Page.py:527 -----test case 019 is Passed-----\n\n&#34;}], &#34;testCases/test_Contact_Page.py::TestCase003ContactPage::test_case_020_validate_contact_with_email_with_spl_chars_valid_name_invalid_message&#34;: [{&#34;extras&#34;: [], &#34;result&#34;: &#34;Failed&#34;, &#34;testId&#34;: &#34;testCases/test_Contact_Page.py::TestCase003ContactPage::test_case_020_validate_contact_with_email_with_spl_chars_valid_name_invalid_message&#34;, &#34;duration&#34;: &#34;00:00:12&#34;, &#34;resultsTableRow&#34;: [&#34;&lt;td class=\&#34;col-result\&#34;&gt;Failed&lt;/td&gt;&#34;, &#34;&lt;td class=\&#34;col-testId\&#34;&gt;testCases/test_Contact_Page.py::TestCase003ContactPage::test_case_020_validate_contact_with_email_with_spl_chars_valid_name_invalid_message&lt;/td&gt;&#34;, &#34;&lt;td class=\&#34;col-duration\&#34;&gt;00:00:12&lt;/td&gt;&#34;, &#34;&lt;td class=\&#34;col-links\&#34;&gt;&lt;/td&gt;&#34;], &#34;log&#34;: &#34;self = &amp;lt;testCases.test_Contact_Page.TestCase003ContactPage object at 0x0000027E9F178D70&amp;gt;\nsetup_and_teardown = &amp;lt;selenium.webdriver.chrome.webdriver.WebDriver (session=&amp;quot;143d9392bf3ec4f0452755fbabf61493&amp;quot;)&amp;gt;\n\n    @pytest.mark.regression\n    @pytest.mark.sanity\n    def test_case_020_validate_contact_with_email_with_spl_chars_valid_name_invalid_message(self, setup_and_teardown):\n        self.logger.info(\n            &amp;quot;-----test_case_020_validate_contact_with_email_with_spl_chars_valid_name_invalid_message-----&amp;quot;)\n        self.logger.info(&amp;quot;-----Verifying Contact Page-----&amp;quot;)\n        self.driver = setup_and_teardown\n        self.cnt_page = Contact_page(self.driver)\n        self.cnt_page.set_all_the_fields(self.email_with_spl_chars, self.valid_name, self.invalid_message)\n        WebDriverWait(self.driver, 10).until(EC.alert_is_present())\n        al_msg = self.driver.switch_to.alert\n        alert_text = al_msg.text\n        self.driver.switch_to.alert.accept()\n        print(alert_text)\n        try:\n            if alert_text != &amp;quot;Thanks for the message!!&amp;quot;:\n                self.logger.info(&amp;quot;-----test case 020 is Passed-----&amp;quot;)\n                assert True\n            else:\n                time.sleep(5)\n                self.driver.save_screenshot(&amp;quot;.\\\\ScreenShots\\\\&amp;quot; + &amp;quot;test_case_020_contact.png&amp;quot;)\n                self.logger.error(&amp;quot;-----test case 020 is Passed-----&amp;quot;)\n&amp;gt;               assert False\nE               assert False\n\ntestCases\\test_Contact_Page.py:555: AssertionError\n\n------------------------------ Captured log call -------------------------------\nINFO     root:test_Contact_Page.py:536 -----test_case_020_validate_contact_with_email_with_spl_chars_valid_name_invalid_message-----\nINFO     root:test_Contact_Page.py:538 -----Verifying Contact Page-----\nERROR    root:test_Contact_Page.py:554 -----test case 020 is Passed-----\n\n&#34;}], &#34;testCases/test_Contact_Page.py::TestCase003ContactPage::test_case_021_validate_contact_with_email_with_spl_chars_valid_name_no_message&#34;: [{&#34;extras&#34;: [], &#34;result&#34;: &#34;Failed&#34;, &#34;testId&#34;: &#34;testCases/test_Contact_Page.py::TestCase003ContactPage::test_case_021_validate_contact_with_email_with_spl_chars_valid_name_no_message&#34;, &#34;duration&#34;: &#34;00:00:12&#34;, &#34;resultsTableRow&#34;: [&#34;&lt;td class=\&#34;col-result\&#34;&gt;Failed&lt;/td&gt;&#34;, &#34;&lt;td class=\&#34;col-testId\&#34;&gt;testCases/test_Contact_Page.py::TestCase003ContactPage::test_case_021_validate_contact_with_email_with_spl_chars_valid_name_no_message&lt;/td&gt;&#34;, &#34;&lt;td class=\&#34;col-duration\&#34;&gt;00:00:12&lt;/td&gt;&#34;, &#34;&lt;td class=\&#34;col-links\&#34;&gt;&lt;/td&gt;&#34;], &#34;log&#34;: &#34;self = &amp;lt;testCases.test_Contact_Page.TestCase003ContactPage object at 0x0000027E9F178EF0&amp;gt;\nsetup_and_teardown = &amp;lt;selenium.webdriver.chrome.webdriver.WebDriver (session=&amp;quot;f811d02db7aad45e47caa55cc89ca8d5&amp;quot;)&amp;gt;\n\n    @pytest.mark.regression\n    @pytest.mark.sanity\n    def test_case_021_validate_contact_with_email_with_spl_chars_valid_name_no_message(self, setup_and_teardown):\n        self.logger.info(&amp;quot;-----test_case_021_validate_contact_with_email_with_spl_chars_valid_name_no_message-----&amp;quot;)\n        self.logger.info(&amp;quot;-----Verifying Contact Page-----&amp;quot;)\n        self.driver = setup_and_teardown\n        self.cnt_page = Contact_page(self.driver)\n        self.cnt_page.set_all_the_fields(self.email_with_spl_chars, self.valid_name, self.no_message)\n        WebDriverWait(self.driver, 10).until(EC.alert_is_present())\n        al_msg = self.driver.switch_to.alert\n        alert_text = al_msg.text\n        self.driver.switch_to.alert.accept()\n        print(alert_text)\n        try:\n            if alert_text != &amp;quot;Thanks for the message!!&amp;quot;:\n                self.logger.info(&amp;quot;-----test case 021 is Passed-----&amp;quot;)\n                assert True\n            else:\n                time.sleep(5)\n                self.driver.save_screenshot(&amp;quot;.\\\\ScreenShots\\\\&amp;quot; + &amp;quot;test_case_021_contact.png&amp;quot;)\n                self.logger.error(&amp;quot;-----test case 021 is Passed-----&amp;quot;)\n&amp;gt;               assert False\nE               assert False\n\ntestCases\\test_Contact_Page.py:581: AssertionError\n\n------------------------------ Captured log call -------------------------------\nINFO     root:test_Contact_Page.py:563 -----test_case_021_validate_contact_with_email_with_spl_chars_valid_name_no_message-----\nINFO     root:test_Contact_Page.py:564 -----Verifying Contact Page-----\nERROR    root:test_Contact_Page.py:580 -----test case 021 is Passed-----\n\n&#34;}], &#34;testCases/test_Contact_Page.py::TestCase003ContactPage::test_case_022_validate_contact_with_email_with_spl_chars_invalid_name_valid_message&#34;: [{&#34;extras&#34;: [], &#34;result&#34;: &#34;Failed&#34;, &#34;testId&#34;: &#34;testCases/test_Contact_Page.py::TestCase003ContactPage::test_case_022_validate_contact_with_email_with_spl_chars_invalid_name_valid_message&#34;, &#34;duration&#34;: &#34;00:00:13&#34;, &#34;resultsTableRow&#34;: [&#34;&lt;td class=\&#34;col-result\&#34;&gt;Failed&lt;/td&gt;&#34;, &#34;&lt;td class=\&#34;col-testId\&#34;&gt;testCases/test_Contact_Page.py::TestCase003ContactPage::test_case_022_validate_contact_with_email_with_spl_chars_invalid_name_valid_message&lt;/td&gt;&#34;, &#34;&lt;td class=\&#34;col-duration\&#34;&gt;00:00:13&lt;/td&gt;&#34;, &#34;&lt;td class=\&#34;col-links\&#34;&gt;&lt;/td&gt;&#34;], &#34;log&#34;: &#34;self = &amp;lt;testCases.test_Contact_Page.TestCase003ContactPage object at 0x0000027E9F179070&amp;gt;\nsetup_and_teardown = &amp;lt;selenium.webdriver.chrome.webdriver.WebDriver (session=&amp;quot;c741cce13c8fd414c48692597e546327&amp;quot;)&amp;gt;\n\n    @pytest.mark.regression\n    @pytest.mark.sanity\n    def test_case_022_validate_contact_with_email_with_spl_chars_invalid_name_valid_message(self, setup_and_teardown):\n        self.logger.info(\n            &amp;quot;-----test_case_022_validate_contact_with_email_with_spl_chars_invalid_name_valid_message-----&amp;quot;)\n        self.logger.info(&amp;quot;-----Verifying Contact Page-----&amp;quot;)\n        self.driver = setup_and_teardown\n        self.cnt_page = Contact_page(self.driver)\n        self.cnt_page.set_all_the_fields(self.email_with_spl_chars, self.invalid_name, self.valid_message)\n        WebDriverWait(self.driver, 10).until(EC.alert_is_present())\n        al_msg = self.driver.switch_to.alert\n        alert_text = al_msg.text\n        self.driver.switch_to.alert.accept()\n        print(alert_text)\n        try:\n            if alert_text != &amp;quot;Thanks for the message!!&amp;quot;:\n                self.logger.info(&amp;quot;-----test case 022 is Passed-----&amp;quot;)\n                assert True\n            else:\n                time.sleep(5)\n                self.driver.save_screenshot(&amp;quot;.\\\\ScreenShots\\\\&amp;quot; + &amp;quot;test_case_022_contact.png&amp;quot;)\n                self.logger.error(&amp;quot;-----test case 022 is Passed-----&amp;quot;)\n&amp;gt;               assert False\nE               assert False\n\ntestCases\\test_Contact_Page.py:608: AssertionError\n\n------------------------------ Captured log call -------------------------------\nINFO     root:test_Contact_Page.py:589 -----test_case_022_validate_contact_with_email_with_spl_chars_invalid_name_valid_message-----\nINFO     root:test_Contact_Page.py:591 -----Verifying Contact Page-----\nERROR    root:test_Contact_Page.py:607 -----test case 022 is Passed-----\n\n&#34;}], &#34;testCases/test_Contact_Page.py::TestCase003ContactPage::test_case_023_validate_contact_with_email_with_spl_chars_invalid_name_invalid_message&#34;: [{&#34;extras&#34;: [], &#34;result&#34;: &#34;Failed&#34;, &#34;testId&#34;: &#34;testCases/test_Contact_Page.py::TestCase003ContactPage::test_case_023_validate_contact_with_email_with_spl_chars_invalid_name_invalid_message&#34;, &#34;duration&#34;: &#34;00:00:13&#34;, &#34;resultsTableRow&#34;: [&#34;&lt;td class=\&#34;col-result\&#34;&gt;Failed&lt;/td&gt;&#34;, &#34;&lt;td class=\&#34;col-testId\&#34;&gt;testCases/test_Contact_Page.py::TestCase003ContactPage::test_case_023_validate_contact_with_email_with_spl_chars_invalid_name_invalid_message&lt;/td&gt;&#34;, &#34;&lt;td class=\&#34;col-duration\&#34;&gt;00:00:13&lt;/td&gt;&#34;, &#34;&lt;td class=\&#34;col-links\&#34;&gt;&lt;/td&gt;&#34;], &#34;log&#34;: &#34;self = &amp;lt;testCases.test_Contact_Page.TestCase003ContactPage object at 0x0000027E9EF8FD70&amp;gt;\nsetup_and_teardown = &amp;lt;selenium.webdriver.chrome.webdriver.WebDriver (session=&amp;quot;e9f659bb1ec8276a0e5765bd1c6b12ba&amp;quot;)&amp;gt;\n\n    @pytest.mark.regression\n    @pytest.mark.sanity\n    def test_case_023_validate_contact_with_email_with_spl_chars_invalid_name_invalid_message(self, setup_and_teardown):\n        self.logger.info(\n            &amp;quot;-----test_case_023_validate_contact_with_email_with_spl_chars_invalid_name_invalid_message-----&amp;quot;)\n        self.logger.info(&amp;quot;-----Verifying Contact Page-----&amp;quot;)\n        self.driver = setup_and_teardown\n        self.cnt_page = Contact_page(self.driver)\n        self.cnt_page.set_all_the_fields(self.email_with_spl_chars, self.invalid_name, self.invalid_message)\n        WebDriverWait(self.driver, 10).until(EC.alert_is_present())\n        al_msg = self.driver.switch_to.alert\n        alert_text = al_msg.text\n        self.driver.switch_to.alert.accept()\n        print(alert_text)\n        try:\n            if alert_text != &amp;quot;Thanks for the message!!&amp;quot;:\n                self.logger.info(&amp;quot;-----test case 023 is Passed-----&amp;quot;)\n                assert True\n            else:\n                time.sleep(5)\n                self.driver.save_screenshot(&amp;quot;.\\\\ScreenShots\\\\&amp;quot; + &amp;quot;test_case_023_contact.png&amp;quot;)\n                self.logger.error(&amp;quot;-----test case 023 is Passed-----&amp;quot;)\n&amp;gt;               assert False\nE               assert False\n\ntestCases\\test_Contact_Page.py:635: AssertionError\n\n------------------------------ Captured log call -------------------------------\nINFO     root:test_Contact_Page.py:616 -----test_case_023_validate_contact_with_email_with_spl_chars_invalid_name_invalid_message-----\nINFO     root:test_Contact_Page.py:618 -----Verifying Contact Page-----\nERROR    root:test_Contact_Page.py:634 -----test case 023 is Passed-----\n\n&#34;}], &#34;testCases/test_Contact_Page.py::TestCase003ContactPage::test_case_024_validate_contact_with_email_with_spl_chars_invalid_name_no_message&#34;: [{&#34;extras&#34;: [], &#34;result&#34;: &#34;Failed&#34;, &#34;testId&#34;: &#34;testCases/test_Contact_Page.py::TestCase003ContactPage::test_case_024_validate_contact_with_email_with_spl_chars_invalid_name_no_message&#34;, &#34;duration&#34;: &#34;00:00:14&#34;, &#34;resultsTableRow&#34;: [&#34;&lt;td class=\&#34;col-result\&#34;&gt;Failed&lt;/td&gt;&#34;, &#34;&lt;td class=\&#34;col-testId\&#34;&gt;testCases/test_Contact_Page.py::TestCase003ContactPage::test_case_024_validate_contact_with_email_with_spl_chars_invalid_name_no_message&lt;/td&gt;&#34;, &#34;&lt;td class=\&#34;col-duration\&#34;&gt;00:00:14&lt;/td&gt;&#34;, &#34;&lt;td class=\&#34;col-links\&#34;&gt;&lt;/td&gt;&#34;], &#34;log&#34;: &#34;self = &amp;lt;testCases.test_Contact_Page.TestCase003ContactPage object at 0x0000027E9EF8F770&amp;gt;\nsetup_and_teardown = &amp;lt;selenium.webdriver.chrome.webdriver.WebDriver (session=&amp;quot;76a13b6b9d5a9da7e6529a3d671ed506&amp;quot;)&amp;gt;\n\n    @pytest.mark.regression\n    @pytest.mark.sanity\n    def test_case_024_validate_contact_with_email_with_spl_chars_invalid_name_no_message(self, setup_and_teardown):\n        self.logger.info(&amp;quot;-----test_case_024_validate_contact_with_email_with_spl_chars_invalid_name_no_message-----&amp;quot;)\n        self.logger.info(&amp;quot;-----Verifying Contact Page-----&amp;quot;)\n        self.driver = setup_and_teardown\n        self.cnt_page = Contact_page(self.driver)\n        self.cnt_page.set_all_the_fields(self.email_with_spl_chars, self.invalid_name, self.no_message)\n        WebDriverWait(self.driver, 10).until(EC.alert_is_present())\n        al_msg = self.driver.switch_to.alert\n        alert_text = al_msg.text\n        self.driver.switch_to.alert.accept()\n        print(alert_text)\n        try:\n            if alert_text != &amp;quot;Thanks for the message!!&amp;quot;:\n                self.logger.info(&amp;quot;-----test case 024 is Passed-----&amp;quot;)\n                assert True\n            else:\n                time.sleep(5)\n                self.driver.save_screenshot(&amp;quot;.\\\\ScreenShots\\\\&amp;quot; + &amp;quot;test_case_024_contact.png&amp;quot;)\n                self.logger.error(&amp;quot;-----test case 024 is Passed-----&amp;quot;)\n&amp;gt;               assert False\nE               assert False\n\ntestCases\\test_Contact_Page.py:661: AssertionError\n\n------------------------------ Captured log call -------------------------------\nINFO     root:test_Contact_Page.py:643 -----test_case_024_validate_contact_with_email_with_spl_chars_invalid_name_no_message-----\nINFO     root:test_Contact_Page.py:644 -----Verifying Contact Page-----\nERROR    root:test_Contact_Page.py:660 -----test case 024 is Passed-----\n\n&#34;}], &#34;testCases/test_Contact_Page.py::TestCase003ContactPage::test_case_025_validate_contact_with_email_with_spl_chars_no_name_valid_message&#34;: [{&#34;extras&#34;: [], &#34;result&#34;: &#34;Failed&#34;, &#34;testId&#34;: &#34;testCases/test_Contact_Page.py::TestCase003ContactPage::test_case_025_validate_contact_with_email_with_spl_chars_no_name_valid_message&#34;, &#34;duration&#34;: &#34;00:00:12&#34;, &#34;resultsTableRow&#34;: [&#34;&lt;td class=\&#34;col-result\&#34;&gt;Failed&lt;/td&gt;&#34;, &#34;&lt;td class=\&#34;col-testId\&#34;&gt;testCases/test_Contact_Page.py::TestCase003ContactPage::test_case_025_validate_contact_with_email_with_spl_chars_no_name_valid_message&lt;/td&gt;&#34;, &#34;&lt;td class=\&#34;col-duration\&#34;&gt;00:00:12&lt;/td&gt;&#34;, &#34;&lt;td class=\&#34;col-links\&#34;&gt;&lt;/td&gt;&#34;], &#34;log&#34;: &#34;self = &amp;lt;testCases.test_Contact_Page.TestCase003ContactPage object at 0x0000027E9F178E90&amp;gt;\nsetup_and_teardown = &amp;lt;selenium.webdriver.chrome.webdriver.WebDriver (session=&amp;quot;96a7a267d711e07e549febfa4e1b65f8&amp;quot;)&amp;gt;\n\n    @pytest.mark.regression\n    @pytest.mark.sanity\n    def test_case_025_validate_contact_with_email_with_spl_chars_no_name_valid_message(self, setup_and_teardown):\n        self.logger.info(&amp;quot;-----test_case_025_validate_contact_with_email_with_spl_chars_no_name_valid_message-----&amp;quot;)\n        self.logger.info(&amp;quot;-----Verifying Contact Page-----&amp;quot;)\n        self.driver = setup_and_teardown\n        self.cnt_page = Contact_page(self.driver)\n        self.cnt_page.set_all_the_fields(self.email_with_spl_chars, self.no_name, self.valid_message)\n        WebDriverWait(self.driver, 10).until(EC.alert_is_present())\n        al_msg = self.driver.switch_to.alert\n        alert_text = al_msg.text\n        self.driver.switch_to.alert.accept()\n        print(alert_text)\n        try:\n            if alert_text != &amp;quot;Thanks for the message!!&amp;quot;:\n                self.logger.info(&amp;quot;-----test case 025 is Passed-----&amp;quot;)\n                assert True\n            else:\n                time.sleep(5)\n                self.driver.save_screenshot(&amp;quot;.\\\\ScreenShots\\\\&amp;quot; + &amp;quot;test_case_025_contact.png&amp;quot;)\n                self.logger.error(&amp;quot;-----test case 025 is Passed-----&amp;quot;)\n&amp;gt;               assert False\nE               assert False\n\ntestCases\\test_Contact_Page.py:687: AssertionError\n\n------------------------------ Captured log call -------------------------------\nINFO     root:test_Contact_Page.py:669 -----test_case_025_validate_contact_with_email_with_spl_chars_no_name_valid_message-----\nINFO     root:test_Contact_Page.py:670 -----Verifying Contact Page-----\nERROR    root:test_Contact_Page.py:686 -----test case 025 is Passed-----\n\n&#34;}], &#34;testCases/test_Contact_Page.py::TestCase003ContactPage::test_case_026_validate_contact_with_email_with_spl_chars_no_name_invalid_message&#34;: [{&#34;extras&#34;: [], &#34;result&#34;: &#34;Failed&#34;, &#34;testId&#34;: &#34;testCases/test_Contact_Page.py::TestCase003ContactPage::test_case_026_validate_contact_with_email_with_spl_chars_no_name_invalid_message&#34;, &#34;duration&#34;: &#34;00:00:12&#34;, &#34;resultsTableRow&#34;: [&#34;&lt;td class=\&#34;col-result\&#34;&gt;Failed&lt;/td&gt;&#34;, &#34;&lt;td class=\&#34;col-testId\&#34;&gt;testCases/test_Contact_Page.py::TestCase003ContactPage::test_case_026_validate_contact_with_email_with_spl_chars_no_name_invalid_message&lt;/td&gt;&#34;, &#34;&lt;td class=\&#34;col-duration\&#34;&gt;00:00:12&lt;/td&gt;&#34;, &#34;&lt;td class=\&#34;col-links\&#34;&gt;&lt;/td&gt;&#34;], &#34;log&#34;: &#34;self = &amp;lt;testCases.test_Contact_Page.TestCase003ContactPage object at 0x0000027E9F178830&amp;gt;\nsetup_and_teardown = &amp;lt;selenium.webdriver.chrome.webdriver.WebDriver (session=&amp;quot;79b9e566d9b5d76c007c9e0ac7804566&amp;quot;)&amp;gt;\n\n    @pytest.mark.regression\n    @pytest.mark.sanity\n    def test_case_026_validate_contact_with_email_with_spl_chars_no_name_invalid_message(self, setup_and_teardown):\n        self.logger.info(&amp;quot;-----test_case_026_validate_contact_with_email_with_spl_chars_no_name_invalid_message-----&amp;quot;)\n        self.logger.info(&amp;quot;-----Verifying Contact Page-----&amp;quot;)\n        self.driver = setup_and_teardown\n        self.cnt_page = Contact_page(self.driver)\n        self.cnt_page.set_all_the_fields(self.email_with_spl_chars, self.no_name, self.invalid_message)\n        WebDriverWait(self.driver, 10).until(EC.alert_is_present())\n        al_msg = self.driver.switch_to.alert\n        alert_text = al_msg.text\n        self.driver.switch_to.alert.accept()\n        print(alert_text)\n        try:\n            if alert_text != &amp;quot;Thanks for the message!!&amp;quot;:\n                self.logger.info(&amp;quot;-----test case 026 is Passed-----&amp;quot;)\n                assert True\n            else:\n                time.sleep(5)\n                self.driver.save_screenshot(&amp;quot;.\\\\ScreenShots\\\\&amp;quot; + &amp;quot;test_case_026_contact.png&amp;quot;)\n                self.logger.error(&amp;quot;-----test case 026 is Passed-----&amp;quot;)\n&amp;gt;               assert False\nE               assert False\n\ntestCases\\test_Contact_Page.py:713: AssertionError\n\n------------------------------ Captured log call -------------------------------\nINFO     root:test_Contact_Page.py:695 -----test_case_026_validate_contact_with_email_with_spl_chars_no_name_invalid_message-----\nINFO     root:test_Contact_Page.py:696 -----Verifying Contact Page-----\nERROR    root:test_Contact_Page.py:712 -----test case 026 is Passed-----\n\n&#34;}], &#34;testCases/test_Contact_Page.py::TestCase003ContactPage::test_case_027_validate_contact_with_email_with_spl_chars_no_name_no_message&#34;: [{&#34;extras&#34;: [], &#34;result&#34;: &#34;Failed&#34;, &#34;testId&#34;: &#34;testCases/test_Contact_Page.py::TestCase003ContactPage::test_case_027_validate_contact_with_email_with_spl_chars_no_name_no_message&#34;, &#34;duration&#34;: &#34;00:00:12&#34;, &#34;resultsTableRow&#34;: [&#34;&lt;td class=\&#34;col-result\&#34;&gt;Failed&lt;/td&gt;&#34;, &#34;&lt;td class=\&#34;col-testId\&#34;&gt;testCases/test_Contact_Page.py::TestCase003ContactPage::test_case_027_validate_contact_with_email_with_spl_chars_no_name_no_message&lt;/td&gt;&#34;, &#34;&lt;td class=\&#34;col-duration\&#34;&gt;00:00:12&lt;/td&gt;&#34;, &#34;&lt;td class=\&#34;col-links\&#34;&gt;&lt;/td&gt;&#34;], &#34;log&#34;: &#34;self = &amp;lt;testCases.test_Contact_Page.TestCase003ContactPage object at 0x0000027E9F178230&amp;gt;\nsetup_and_teardown = &amp;lt;selenium.webdriver.chrome.webdriver.WebDriver (session=&amp;quot;48babd63861786cc5d6572e7a9ec4661&amp;quot;)&amp;gt;\n\n    @pytest.mark.regression\n    @pytest.mark.sanity\n    def test_case_027_validate_contact_with_email_with_spl_chars_no_name_no_message(self, setup_and_teardown):\n        self.logger.info(&amp;quot;-----test_case_027_validate_contact_with_email_with_spl_chars_no_name_no_message-----&amp;quot;)\n        self.logger.info(&amp;quot;-----Verifying Contact Page-----&amp;quot;)\n        self.driver = setup_and_teardown\n        self.cnt_page = Contact_page(self.driver)\n        self.cnt_page.set_all_the_fields(self.email_with_spl_chars, self.no_name, self.no_message)\n        WebDriverWait(self.driver, 10).until(EC.alert_is_present())\n        al_msg = self.driver.switch_to.alert\n        alert_text = al_msg.text\n        self.driver.switch_to.alert.accept()\n        print(alert_text)\n        try:\n            if alert_text != &amp;quot;Thanks for the message!!&amp;quot;:\n                self.logger.info(&amp;quot;-----test case 027 is Passed-----&amp;quot;)\n                assert True\n            else:\n                time.sleep(5)\n                self.driver.save_screenshot(&amp;quot;.\\\\ScreenShots\\\\&amp;quot; + &amp;quot;test_case_027_contact.png&amp;quot;)\n                self.logger.error(&amp;quot;-----test case 027 is Passed-----&amp;quot;)\n&amp;gt;               assert False\nE               assert False\n\ntestCases\\test_Contact_Page.py:739: AssertionError\n\n------------------------------ Captured log call -------------------------------\nINFO     root:test_Contact_Page.py:721 -----test_case_027_validate_contact_with_email_with_spl_chars_no_name_no_message-----\nINFO     root:test_Contact_Page.py:722 -----Verifying Contact Page-----\nERROR    root:test_Contact_Page.py:738 -----test case 027 is Passed-----\n\n&#34;}], &#34;testCases/test_Contact_Page.py::TestCase003ContactPage::test_case_028_validate_contact_with_no_email_valid_name_valid_message&#34;: [{&#34;extras&#34;: [], &#34;result&#34;: &#34;Failed&#34;, &#34;testId&#34;: &#34;testCases/test_Contact_Page.py::TestCase003ContactPage::test_case_028_validate_contact_with_no_email_valid_name_valid_message&#34;, &#34;duration&#34;: &#34;00:00:13&#34;, &#34;resultsTableRow&#34;: [&#34;&lt;td class=\&#34;col-result\&#34;&gt;Failed&lt;/td&gt;&#34;, &#34;&lt;td class=\&#34;col-testId\&#34;&gt;testCases/test_Contact_Page.py::TestCase003ContactPage::test_case_028_validate_contact_with_no_email_valid_name_valid_message&lt;/td&gt;&#34;, &#34;&lt;td class=\&#34;col-duration\&#34;&gt;00:00:13&lt;/td&gt;&#34;, &#34;&lt;td class=\&#34;col-links\&#34;&gt;&lt;/td&gt;&#34;], &#34;log&#34;: &#34;self = &amp;lt;testCases.test_Contact_Page.TestCase003ContactPage object at 0x0000027E9F1792B0&amp;gt;\nsetup_and_teardown = &amp;lt;selenium.webdriver.chrome.webdriver.WebDriver (session=&amp;quot;8b6c54648574088b8220ba69a40b701d&amp;quot;)&amp;gt;\n\n    @pytest.mark.regression\n    @pytest.mark.sanity\n    def test_case_028_validate_contact_with_no_email_valid_name_valid_message(self, setup_and_teardown):\n        self.logger.info(&amp;quot;-----test_case_028_validate_contact_with_no_email_valid_name_valid_message-----&amp;quot;)\n        self.logger.info(&amp;quot;-----Verifying Contact Page-----&amp;quot;)\n        self.driver = setup_and_teardown\n        self.cnt_page = Contact_page(self.driver)\n        self.cnt_page.set_all_the_fields(self.no_email, self.valid_name, self.valid_message)\n        WebDriverWait(self.driver, 10).until(EC.alert_is_present())\n        al_msg = self.driver.switch_to.alert\n        alert_text = al_msg.text\n        self.driver.switch_to.alert.accept()\n        print(alert_text)\n        try:\n            if alert_text != &amp;quot;Thanks for the message!!&amp;quot;:\n                self.logger.info(&amp;quot;-----test case 028 is Passed-----&amp;quot;)\n                assert True\n            else:\n                time.sleep(5)\n                self.driver.save_screenshot(&amp;quot;.\\\\ScreenShots\\\\&amp;quot; + &amp;quot;test_case_028_contact.png&amp;quot;)\n                self.logger.error(&amp;quot;-----test case 028 is Passed-----&amp;quot;)\n&amp;gt;               assert False\nE               assert False\n\ntestCases\\test_Contact_Page.py:765: AssertionError\n\n------------------------------ Captured log call -------------------------------\nINFO     root:test_Contact_Page.py:747 -----test_case_028_validate_contact_with_no_email_valid_name_valid_message-----\nINFO     root:test_Contact_Page.py:748 -----Verifying Contact Page-----\nERROR    root:test_Contact_Page.py:764 -----test case 028 is Passed-----\n\n&#34;}], &#34;testCases/test_Contact_Page.py::TestCase003ContactPage::test_case_029_validate_contact_with_no_email_valid_name_invalid_message&#34;: [{&#34;extras&#34;: [], &#34;result&#34;: &#34;Failed&#34;, &#34;testId&#34;: &#34;testCases/test_Contact_Page.py::TestCase003ContactPage::test_case_029_validate_contact_with_no_email_valid_name_invalid_message&#34;, &#34;duration&#34;: &#34;00:00:12&#34;, &#34;resultsTableRow&#34;: [&#34;&lt;td class=\&#34;col-result\&#34;&gt;Failed&lt;/td&gt;&#34;, &#34;&lt;td class=\&#34;col-testId\&#34;&gt;testCases/test_Contact_Page.py::TestCase003ContactPage::test_case_029_validate_contact_with_no_email_valid_name_invalid_message&lt;/td&gt;&#34;, &#34;&lt;td class=\&#34;col-duration\&#34;&gt;00:00:12&lt;/td&gt;&#34;, &#34;&lt;td class=\&#34;col-links\&#34;&gt;&lt;/td&gt;&#34;], &#34;log&#34;: &#34;self = &amp;lt;testCases.test_Contact_Page.TestCase003ContactPage object at 0x0000027E9F179430&amp;gt;\nsetup_and_teardown = &amp;lt;selenium.webdriver.chrome.webdriver.WebDriver (session=&amp;quot;42765bb3eb65e7975e65d2fdf2805763&amp;quot;)&amp;gt;\n\n    @pytest.mark.regression\n    @pytest.mark.sanity\n    def test_case_029_validate_contact_with_no_email_valid_name_invalid_message(self, setup_and_teardown):\n        self.logger.info(&amp;quot;-----test_case_029_validate_contact_with_no_email_valid_name_invalid_message-----&amp;quot;)\n        self.logger.info(&amp;quot;-----Verifying Contact Page-----&amp;quot;)\n        self.driver = setup_and_teardown\n        self.cnt_page = Contact_page(self.driver)\n        self.cnt_page.set_all_the_fields(self.no_email, self.valid_name, self.invalid_message)\n        WebDriverWait(self.driver, 10).until(EC.alert_is_present())\n        al_msg = self.driver.switch_to.alert\n        alert_text = al_msg.text\n        self.driver.switch_to.alert.accept()\n        print(alert_text)\n        try:\n            if alert_text != &amp;quot;Thanks for the message!!&amp;quot;:\n                self.logger.info(&amp;quot;-----test case 029 is Passed-----&amp;quot;)\n                assert True\n            else:\n                time.sleep(5)\n                self.driver.save_screenshot(&amp;quot;.\\\\ScreenShots\\\\&amp;quot; + &amp;quot;test_case_029_contact.png&amp;quot;)\n                self.logger.error(&amp;quot;-----test case 029 is Passed-----&amp;quot;)\n&amp;gt;               assert False\nE               assert False\n\ntestCases\\test_Contact_Page.py:791: AssertionError\n\n------------------------------ Captured log call -------------------------------\nINFO     root:test_Contact_Page.py:773 -----test_case_029_validate_contact_with_no_email_valid_name_invalid_message-----\nINFO     root:test_Contact_Page.py:774 -----Verifying Contact Page-----\nERROR    root:test_Contact_Page.py:790 -----test case 029 is Passed-----\n\n&#34;}], &#34;testCases/test_Contact_Page.py::TestCase003ContactPage::test_case_030_validate_contact_with_no_email_valid_name_no_message&#34;: [{&#34;extras&#34;: [], &#34;result&#34;: &#34;Failed&#34;, &#34;testId&#34;: &#34;testCases/test_Contact_Page.py::TestCase003ContactPage::test_case_030_validate_contact_with_no_email_valid_name_no_message&#34;, &#34;duration&#34;: &#34;00:00:12&#34;, &#34;resultsTableRow&#34;: [&#34;&lt;td class=\&#34;col-result\&#34;&gt;Failed&lt;/td&gt;&#34;, &#34;&lt;td class=\&#34;col-testId\&#34;&gt;testCases/test_Contact_Page.py::TestCase003ContactPage::test_case_030_validate_contact_with_no_email_valid_name_no_message&lt;/td&gt;&#34;, &#34;&lt;td class=\&#34;col-duration\&#34;&gt;00:00:12&lt;/td&gt;&#34;, &#34;&lt;td class=\&#34;col-links\&#34;&gt;&lt;/td&gt;&#34;], &#34;log&#34;: &#34;self = &amp;lt;testCases.test_Contact_Page.TestCase003ContactPage object at 0x0000027E9F1795B0&amp;gt;\nsetup_and_teardown = &amp;lt;selenium.webdriver.chrome.webdriver.WebDriver (session=&amp;quot;b6a91eb41b60a2c0570fa5da6f38fecf&amp;quot;)&amp;gt;\n\n    @pytest.mark.regression\n    @pytest.mark.sanity\n    def test_case_030_validate_contact_with_no_email_valid_name_no_message(self, setup_and_teardown):\n        self.logger.info(&amp;quot;-----test_case_030_validate_contact_with_no_email_valid_name_no_message-----&amp;quot;)\n        self.logger.info(&amp;quot;-----Verifying Contact Page-----&amp;quot;)\n        self.driver = setup_and_teardown\n        self.cnt_page = Contact_page(self.driver)\n        self.cnt_page.set_all_the_fields(self.no_email, self.valid_name, self.no_message)\n        WebDriverWait(self.driver, 10).until(EC.alert_is_present())\n        al_msg = self.driver.switch_to.alert\n        alert_text = al_msg.text\n        self.driver.switch_to.alert.accept()\n        print(alert_text)\n        try:\n            if alert_text != &amp;quot;Thanks for the message!!&amp;quot;:\n                self.logger.info(&amp;quot;-----test case 030 is Passed-----&amp;quot;)\n                assert True\n            else:\n                time.sleep(5)\n                self.driver.save_screenshot(&amp;quot;.\\\\ScreenShots\\\\&amp;quot; + &amp;quot;test_case_030_contact.png&amp;quot;)\n                self.logger.error(&amp;quot;-----test case 030 is Passed-----&amp;quot;)\n&amp;gt;               assert False\nE               assert False\n\ntestCases\\test_Contact_Page.py:817: AssertionError\n\n------------------------------ Captured log call -------------------------------\nINFO     root:test_Contact_Page.py:799 -----test_case_030_validate_contact_with_no_email_valid_name_no_message-----\nINFO     root:test_Contact_Page.py:800 -----Verifying Contact Page-----\nERROR    root:test_Contact_Page.py:816 -----test case 030 is Passed-----\n\n&#34;}], &#34;testCases/test_Contact_Page.py::TestCase003ContactPage::test_case_031_validate_contact_with_no_email_invalid_name_valid_message&#34;: [{&#34;extras&#34;: [], &#34;result&#34;: &#34;Failed&#34;, &#34;testId&#34;: &#34;testCases/test_Contact_Page.py::TestCase003ContactPage::test_case_031_validate_contact_with_no_email_invalid_name_valid_message&#34;, &#34;duration&#34;: &#34;00:00:12&#34;, &#34;resultsTableRow&#34;: [&#34;&lt;td class=\&#34;col-result\&#34;&gt;Failed&lt;/td&gt;&#34;, &#34;&lt;td class=\&#34;col-testId\&#34;&gt;testCases/test_Contact_Page.py::TestCase003ContactPage::test_case_031_validate_contact_with_no_email_invalid_name_valid_message&lt;/td&gt;&#34;, &#34;&lt;td class=\&#34;col-duration\&#34;&gt;00:00:12&lt;/td&gt;&#34;, &#34;&lt;td class=\&#34;col-links\&#34;&gt;&lt;/td&gt;&#34;], &#34;log&#34;: &#34;self = &amp;lt;testCases.test_Contact_Page.TestCase003ContactPage object at 0x0000027E9F179730&amp;gt;\nsetup_and_teardown = &amp;lt;selenium.webdriver.chrome.webdriver.WebDriver (session=&amp;quot;06b6b592361fb9affef8430445ca09a7&amp;quot;)&amp;gt;\n\n    @pytest.mark.regression\n    @pytest.mark.sanity\n    def test_case_031_validate_contact_with_no_email_invalid_name_valid_message(self, setup_and_teardown):\n        self.logger.info(&amp;quot;-----test_case_031_validate_contact_with_no_email_invalid_name_valid_message-----&amp;quot;)\n        self.logger.info(&amp;quot;-----Verifying Contact Page-----&amp;quot;)\n        self.driver = setup_and_teardown\n        self.cnt_page = Contact_page(self.driver)\n        self.cnt_page.set_all_the_fields(self.no_email, self.invalid_name, self.valid_message)\n        WebDriverWait(self.driver, 10).until(EC.alert_is_present())\n        al_msg = self.driver.switch_to.alert\n        alert_text = al_msg.text\n        self.driver.switch_to.alert.accept()\n        print(alert_text)\n        try:\n            if alert_text != &amp;quot;Thanks for the message!!&amp;quot;:\n                self.logger.info(&amp;quot;-----test case 031 is Passed-----&amp;quot;)\n                assert True\n            else:\n                time.sleep(5)\n                self.driver.save_screenshot(&amp;quot;.\\\\ScreenShots\\\\&amp;quot; + &amp;quot;test_case_031_contact.png&amp;quot;)\n                self.logger.error(&amp;quot;-----test case 031 is Passed-----&amp;quot;)\n&amp;gt;               assert False\nE               assert False\n\ntestCases\\test_Contact_Page.py:843: AssertionError\n\n------------------------------ Captured log call -------------------------------\nINFO     root:test_Contact_Page.py:825 -----test_case_031_validate_contact_with_no_email_invalid_name_valid_message-----\nINFO     root:test_Contact_Page.py:826 -----Verifying Contact Page-----\nERROR    root:test_Contact_Page.py:842 -----test case 031 is Passed-----\n\n&#34;}], &#34;testCases/test_Contact_Page.py::TestCase003ContactPage::test_case_032_validate_contact_with_no_email_invalid_name_invalid_message&#34;: [{&#34;extras&#34;: [], &#34;result&#34;: &#34;Failed&#34;, &#34;testId&#34;: &#34;testCases/test_Contact_Page.py::TestCase003ContactPage::test_case_032_validate_contact_with_no_email_invalid_name_invalid_message&#34;, &#34;duration&#34;: &#34;00:00:12&#34;, &#34;resultsTableRow&#34;: [&#34;&lt;td class=\&#34;col-result\&#34;&gt;Failed&lt;/td&gt;&#34;, &#34;&lt;td class=\&#34;col-testId\&#34;&gt;testCases/test_Contact_Page.py::TestCase003ContactPage::test_case_032_validate_contact_with_no_email_invalid_name_invalid_message&lt;/td&gt;&#34;, &#34;&lt;td class=\&#34;col-duration\&#34;&gt;00:00:12&lt;/td&gt;&#34;, &#34;&lt;td class=\&#34;col-links\&#34;&gt;&lt;/td&gt;&#34;], &#34;log&#34;: &#34;self = &amp;lt;testCases.test_Contact_Page.TestCase003ContactPage object at 0x0000027E9F1798B0&amp;gt;\nsetup_and_teardown = &amp;lt;selenium.webdriver.chrome.webdriver.WebDriver (session=&amp;quot;7ede0f7716146812452f91ce0bb0a723&amp;quot;)&amp;gt;\n\n    @pytest.mark.regression\n    @pytest.mark.sanity\n    def test_case_032_validate_contact_with_no_email_invalid_name_invalid_message(self, setup_and_teardown):\n        self.logger.info(&amp;quot;-----test_case_032_validate_contact_with_no_email_invalid_name_invalid_message-----&amp;quot;)\n        self.logger.info(&amp;quot;-----Verifying Contact Page-----&amp;quot;)\n        self.driver = setup_and_teardown\n        self.cnt_page = Contact_page(self.driver)\n        self.cnt_page.set_all_the_fields(self.no_email, self.invalid_name, self.invalid_message)\n        WebDriverWait(self.driver, 10).until(EC.alert_is_present())\n        al_msg = self.driver.switch_to.alert\n        alert_text = al_msg.text\n        self.driver.switch_to.alert.accept()\n        print(alert_text)\n        try:\n            if alert_text != &amp;quot;Thanks for the message!!&amp;quot;:\n                self.logger.info(&amp;quot;-----test case 032 is Passed-----&amp;quot;)\n                assert True\n            else:\n                time.sleep(5)\n                self.driver.save_screenshot(&amp;quot;.\\\\ScreenShots\\\\&amp;quot; + &amp;quot;test_case_032_contact.png&amp;quot;)\n                self.logger.error(&amp;quot;-----test case 032 is Passed-----&amp;quot;)\n&amp;gt;               assert False\nE               assert False\n\ntestCases\\test_Contact_Page.py:869: AssertionError\n\n------------------------------ Captured log call -------------------------------\nINFO     root:test_Contact_Page.py:851 -----test_case_032_validate_contact_with_no_email_invalid_name_invalid_message-----\nINFO     root:test_Contact_Page.py:852 -----Verifying Contact Page-----\nERROR    root:test_Contact_Page.py:868 -----test case 032 is Passed-----\n\n&#34;}], &#34;testCases/test_Contact_Page.py::TestCase003ContactPage::test_case_033_validate_contact_with_no_email_invalid_name_no_message&#34;: [{&#34;extras&#34;: [], &#34;result&#34;: &#34;Failed&#34;, &#34;testId&#34;: &#34;testCases/test_Contact_Page.py::TestCase003ContactPage::test_case_033_validate_contact_with_no_email_invalid_name_no_message&#34;, &#34;duration&#34;: &#34;00:00:12&#34;, &#34;resultsTableRow&#34;: [&#34;&lt;td class=\&#34;col-result\&#34;&gt;Failed&lt;/td&gt;&#34;, &#34;&lt;td class=\&#34;col-testId\&#34;&gt;testCases/test_Contact_Page.py::TestCase003ContactPage::test_case_033_validate_contact_with_no_email_invalid_name_no_message&lt;/td&gt;&#34;, &#34;&lt;td class=\&#34;col-duration\&#34;&gt;00:00:12&lt;/td&gt;&#34;, &#34;&lt;td class=\&#34;col-links\&#34;&gt;&lt;/td&gt;&#34;], &#34;log&#34;: &#34;self = &amp;lt;testCases.test_Contact_Page.TestCase003ContactPage object at 0x0000027E9F179A30&amp;gt;\nsetup_and_teardown = &amp;lt;selenium.webdriver.chrome.webdriver.WebDriver (session=&amp;quot;6c5b3dcb3ec1050587e6a4c32bafacaa&amp;quot;)&amp;gt;\n\n    @pytest.mark.regression\n    @pytest.mark.sanity\n    def test_case_033_validate_contact_with_no_email_invalid_name_no_message(self, setup_and_teardown):\n        self.logger.info(&amp;quot;-----test_case_033_validate_contact_with_no_email_invalid_name_no_message-----&amp;quot;)\n        self.logger.info(&amp;quot;-----Verifying Contact Page-----&amp;quot;)\n        self.driver = setup_and_teardown\n        self.cnt_page = Contact_page(self.driver)\n        self.cnt_page.set_all_the_fields(self.no_email, self.invalid_name, self.no_message)\n        WebDriverWait(self.driver, 10).until(EC.alert_is_present())\n        al_msg = self.driver.switch_to.alert\n        alert_text = al_msg.text\n        self.driver.switch_to.alert.accept()\n        print(alert_text)\n        try:\n            if alert_text != &amp;quot;Thanks for the message!!&amp;quot;:\n                self.logger.info(&amp;quot;-----test case 033 is Passed-----&amp;quot;)\n                assert True\n            else:\n                time.sleep(5)\n                self.driver.save_screenshot(&amp;quot;.\\\\ScreenShots\\\\&amp;quot; + &amp;quot;test_case_033_contact.png&amp;quot;)\n                self.logger.error(&amp;quot;-----test case 033 is Passed-----&amp;quot;)\n&amp;gt;               assert False\nE               assert False\n\ntestCases\\test_Contact_Page.py:895: AssertionError\n\n------------------------------ Captured log call -------------------------------\nINFO     root:test_Contact_Page.py:877 -----test_case_033_validate_contact_with_no_email_invalid_name_no_message-----\nINFO     root:test_Contact_Page.py:878 -----Verifying Contact Page-----\nERROR    root:test_Contact_Page.py:894 -----test case 033 is Passed-----\n\n&#34;}], &#34;testCases/test_Contact_Page.py::TestCase003ContactPage::test_case_034_validate_contact_with_no_email_no_name_valid_message&#34;: [{&#34;extras&#34;: [], &#34;result&#34;: &#34;Failed&#34;, &#34;testId&#34;: &#34;testCases/test_Contact_Page.py::TestCase003ContactPage::test_case_034_validate_contact_with_no_email_no_name_valid_message&#34;, &#34;duration&#34;: &#34;00:00:12&#34;, &#34;resultsTableRow&#34;: [&#34;&lt;td class=\&#34;col-result\&#34;&gt;Failed&lt;/td&gt;&#34;, &#34;&lt;td class=\&#34;col-testId\&#34;&gt;testCases/test_Contact_Page.py::TestCase003ContactPage::test_case_034_validate_contact_with_no_email_no_name_valid_message&lt;/td&gt;&#34;, &#34;&lt;td class=\&#34;col-duration\&#34;&gt;00:00:12&lt;/td&gt;&#34;, &#34;&lt;td class=\&#34;col-links\&#34;&gt;&lt;/td&gt;&#34;], &#34;log&#34;: &#34;self = &amp;lt;testCases.test_Contact_Page.TestCase003ContactPage object at 0x0000027E9F179BB0&amp;gt;\nsetup_and_teardown = &amp;lt;selenium.webdriver.chrome.webdriver.WebDriver (session=&amp;quot;93afa66dc5f191a282a24982282b696e&amp;quot;)&amp;gt;\n\n    @pytest.mark.regression\n    @pytest.mark.sanity\n    def test_case_034_validate_contact_with_no_email_no_name_valid_message(self, setup_and_teardown):\n        self.logger.info(&amp;quot;-----test_case_034_validate_contact_with_no_email_no_name_valid_message-----&amp;quot;)\n        self.logger.info(&amp;quot;-----Verifying Contact Page-----&amp;quot;)\n        self.driver = setup_and_teardown\n        self.cnt_page = Contact_page(self.driver)\n        self.cnt_page.set_all_the_fields(self.no_email, self.no_name, self.valid_message)\n        WebDriverWait(self.driver, 10).until(EC.alert_is_present())\n        al_msg = self.driver.switch_to.alert\n        alert_text = al_msg.text\n        self.driver.switch_to.alert.accept()\n        print(alert_text)\n        try:\n            if alert_text != &amp;quot;Thanks for the message!!&amp;quot;:\n                self.logger.info(&amp;quot;-----test case 034 is Passed-----&amp;quot;)\n                assert True\n            else:\n                time.sleep(5)\n                self.driver.save_screenshot(&amp;quot;.\\\\ScreenShots\\\\&amp;quot; + &amp;quot;test_case_034_contact.png&amp;quot;)\n                self.logger.error(&amp;quot;-----test case 034 is Passed-----&amp;quot;)\n&amp;gt;               assert False\nE               assert False\n\ntestCases\\test_Contact_Page.py:921: AssertionError\n\n------------------------------ Captured log call -------------------------------\nINFO     root:test_Contact_Page.py:903 -----test_case_034_validate_contact_with_no_email_no_name_valid_message-----\nINFO     root:test_Contact_Page.py:904 -----Verifying Contact Page-----\nERROR    root:test_Contact_Page.py:920 -----test case 034 is Passed-----\n\n&#34;}], &#34;testCases/test_Contact_Page.py::TestCase003ContactPage::test_case_035_validate_contact_with_no_email_no_name_invalid_message&#34;: [{&#34;extras&#34;: [], &#34;result&#34;: &#34;Failed&#34;, &#34;testId&#34;: &#34;testCases/test_Contact_Page.py::TestCase003ContactPage::test_case_035_validate_contact_with_no_email_no_name_invalid_message&#34;, &#34;duration&#34;: &#34;00:00:12&#34;, &#34;resultsTableRow&#34;: [&#34;&lt;td class=\&#34;col-result\&#34;&gt;Failed&lt;/td&gt;&#34;, &#34;&lt;td class=\&#34;col-testId\&#34;&gt;testCases/test_Contact_Page.py::TestCase003ContactPage::test_case_035_validate_contact_with_no_email_no_name_invalid_message&lt;/td&gt;&#34;, &#34;&lt;td class=\&#34;col-duration\&#34;&gt;00:00:12&lt;/td&gt;&#34;, &#34;&lt;td class=\&#34;col-links\&#34;&gt;&lt;/td&gt;&#34;], &#34;log&#34;: &#34;self = &amp;lt;testCases.test_Contact_Page.TestCase003ContactPage object at 0x0000027E9F179D30&amp;gt;\nsetup_and_teardown = &amp;lt;selenium.webdriver.chrome.webdriver.WebDriver (session=&amp;quot;1222d384aa4c0551c97bbdeabd355988&amp;quot;)&amp;gt;\n\n    @pytest.mark.regression\n    @pytest.mark.sanity\n    def test_case_035_validate_contact_with_no_email_no_name_invalid_message(self, setup_and_teardown):\n        self.logger.info(&amp;quot;-----test_case_035_validate_contact_with_no_email_no_name_invalid_message-----&amp;quot;)\n        self.logger.info(&amp;quot;-----Verifying Contact Page-----&amp;quot;)\n        self.driver = setup_and_teardown\n        self.cnt_page = Contact_page(self.driver)\n        self.cnt_page.set_all_the_fields(self.no_email, self.no_name, self.invalid_message)\n        WebDriverWait(self.driver, 10).until(EC.alert_is_present())\n        al_msg = self.driver.switch_to.alert\n        alert_text = al_msg.text\n        self.driver.switch_to.alert.accept()\n        print(alert_text)\n        try:\n            if alert_text != &amp;quot;Thanks for the message!!&amp;quot;:\n                self.logger.info(&amp;quot;-----test case 035 is Passed-----&amp;quot;)\n                assert True\n            else:\n                time.sleep(5)\n                self.driver.save_screenshot(&amp;quot;.\\\\ScreenShots\\\\&amp;quot; + &amp;quot;test_case_035_contact.png&amp;quot;)\n                self.logger.error(&amp;quot;-----test case 035 is Passed-----&amp;quot;)\n&amp;gt;               assert False\nE               assert False\n\ntestCases\\test_Contact_Page.py:947: AssertionError\n\n------------------------------ Captured log call -------------------------------\nINFO     root:test_Contact_Page.py:929 -----test_case_035_validate_contact_with_no_email_no_name_invalid_message-----\nINFO     root:test_Contact_Page.py:930 -----Verifying Contact Page-----\nERROR    root:test_Contact_Page.py:946 -----test case 035 is Passed-----\n\n&#34;}], &#34;testCases/test_Contact_Page.py::TestCase003ContactPage::test_case_036_validate_contact_with_no_email_no_name_no_message&#34;: [{&#34;extras&#34;: [], &#34;result&#34;: &#34;Failed&#34;, &#34;testId&#34;: &#34;testCases/test_Contact_Page.py::TestCase003ContactPage::test_case_036_validate_contact_with_no_email_no_name_no_message&#34;, &#34;duration&#34;: &#34;00:00:13&#34;, &#34;resultsTableRow&#34;: [&#34;&lt;td class=\&#34;col-result\&#34;&gt;Failed&lt;/td&gt;&#34;, &#34;&lt;td class=\&#34;col-testId\&#34;&gt;testCases/test_Contact_Page.py::TestCase003ContactPage::test_case_036_validate_contact_with_no_email_no_name_no_message&lt;/td&gt;&#34;, &#34;&lt;td class=\&#34;col-duration\&#34;&gt;00:00:13&lt;/td&gt;&#34;, &#34;&lt;td class=\&#34;col-links\&#34;&gt;&lt;/td&gt;&#34;], &#34;log&#34;: &#34;self = &amp;lt;testCases.test_Contact_Page.TestCase003ContactPage object at 0x0000027E9F179EB0&amp;gt;\nsetup_and_teardown = &amp;lt;selenium.webdriver.chrome.webdriver.WebDriver (session=&amp;quot;199aa4f50e2cae37b2efcd8e05126c99&amp;quot;)&amp;gt;\n\n    @pytest.mark.regression\n    @pytest.mark.sanity\n    def test_case_036_validate_contact_with_no_email_no_name_no_message(self, setup_and_teardown):\n        self.logger.info(&amp;quot;-----test_case_036_validate_contact_with_no_email_no_name_no_message-----&amp;quot;)\n        self.logger.info(&amp;quot;-----Verifying Contact Page-----&amp;quot;)\n        self.driver = setup_and_teardown\n        self.cnt_page = Contact_page(self.driver)\n        self.cnt_page.set_all_the_fields(self.no_email, self.no_name, self.no_message)\n        WebDriverWait(self.driver, 10).until(EC.alert_is_present())\n        al_msg = self.driver.switch_to.alert\n        alert_text = al_msg.text\n        self.driver.switch_to.alert.accept()\n        print(alert_text)\n        try:\n            if alert_text != &amp;quot;Thanks for the message!!&amp;quot;:\n                self.logger.info(&amp;quot;-----test case 036 is Passed-----&amp;quot;)\n                assert True\n            else:\n                time.sleep(5)\n                self.driver.save_screenshot(&amp;quot;.\\\\ScreenShots\\\\&amp;quot; + &amp;quot;test_case_036_contact.png&amp;quot;)\n                self.logger.error(&amp;quot;-----test case 036 is Passed-----&amp;quot;)\n&amp;gt;               assert False\nE               assert False\n\ntestCases\\test_Contact_Page.py:973: AssertionError\n\n------------------------------ Captured log call -------------------------------\nINFO     root:test_Contact_Page.py:955 -----test_case_036_validate_contact_with_no_email_no_name_no_message-----\nINFO     root:test_Contact_Page.py:956 -----Verifying Contact Page-----\nERROR    root:test_Contact_Page.py:972 -----test case 036 is Passed-----\n\n&#34;}], &#34;testCases/test_Contact_Page.py::TestCase003ContactPage::test_case_037_click_on_contact_button&#34;: [{&#34;extras&#34;: [], &#34;result&#34;: &#34;Passed&#34;, &#34;testId&#34;: &#34;testCases/test_Contact_Page.py::TestCase003ContactPage::test_case_037_click_on_contact_button&#34;, &#34;duration&#34;: &#34;00:00:07&#34;, &#34;resultsTableRow&#34;: [&#34;&lt;td class=\&#34;col-result\&#34;&gt;Passed&lt;/td&gt;&#34;, &#34;&lt;td class=\&#34;col-testId\&#34;&gt;testCases/test_Contact_Page.py::TestCase003ContactPage::test_case_037_click_on_contact_button&lt;/td&gt;&#34;, &#34;&lt;td class=\&#34;col-duration\&#34;&gt;00:00:07&lt;/td&gt;&#34;, &#34;&lt;td class=\&#34;col-links\&#34;&gt;&lt;/td&gt;&#34;], &#34;log&#34;: &#34;------------------------------ Captured log call -------------------------------\nINFO     root:test_Contact_Page.py:980 \nINFO     root:test_Contact_Page.py:981 -----Verifying Contact Page-----\nINFO     root:test_Contact_Page.py:993 -----test case 037 is Passed------\n\n&#34;}], &#34;testCases/test_Contact_Page.py::TestCase003ContactPage::test_case_038_click_on_contact_close_button&#34;: [{&#34;extras&#34;: [], &#34;result&#34;: &#34;Passed&#34;, &#34;testId&#34;: &#34;testCases/test_Contact_Page.py::TestCase003ContactPage::test_case_038_click_on_contact_close_button&#34;, &#34;duration&#34;: &#34;00:00:07&#34;, &#34;resultsTableRow&#34;: [&#34;&lt;td class=\&#34;col-result\&#34;&gt;Passed&lt;/td&gt;&#34;, &#34;&lt;td class=\&#34;col-testId\&#34;&gt;testCases/test_Contact_Page.py::TestCase003ContactPage::test_case_038_click_on_contact_close_button&lt;/td&gt;&#34;, &#34;&lt;td class=\&#34;col-duration\&#34;&gt;00:00:07&lt;/td&gt;&#34;, &#34;&lt;td class=\&#34;col-links\&#34;&gt;&lt;/td&gt;&#34;], &#34;log&#34;: &#34;------------------------------ Captured log call -------------------------------\nINFO     root:test_Contact_Page.py:1011 \nINFO     root:test_Contact_Page.py:1012 -----Verifying Contact Page-----\nINFO     root:test_Contact_Page.py:1019 -----test case 038 is Passed------\n\n&#34;}], &#34;testCases/test_Contact_Page.py::TestCase003ContactPage::test_case_039_click_on_contact_x_mark&#34;: [{&#34;extras&#34;: [], &#34;result&#34;: &#34;Passed&#34;, &#34;testId&#34;: &#34;testCases/test_Contact_Page.py::TestCase003ContactPage::test_case_039_click_on_contact_x_mark&#34;, &#34;duration&#34;: &#34;00:00:06&#34;, &#34;resultsTableRow&#34;: [&#34;&lt;td class=\&#34;col-result\&#34;&gt;Passed&lt;/td&gt;&#34;, &#34;&lt;td class=\&#34;col-testId\&#34;&gt;testCases/test_Contact_Page.py::TestCase003ContactPage::test_case_039_click_on_contact_x_mark&lt;/td&gt;&#34;, &#34;&lt;td class=\&#34;col-duration\&#34;&gt;00:00:06&lt;/td&gt;&#34;, &#34;&lt;td class=\&#34;col-links\&#34;&gt;&lt;/td&gt;&#34;], &#34;log&#34;: &#34;------------------------------ Captured log call -------------------------------\nINFO     root:test_Contact_Page.py:1032 \nINFO     root:test_Contact_Page.py:1033 -----Verifying Contact Page-----\nINFO     root:test_Contact_Page.py:1040 -----test case 039 is Passed------\n\n&#34;}], &#34;testCases/test_Home_Page.py::TestCase002HomePage::test_case_001_validate_homepage_button&#34;: [{&#34;extras&#34;: [], &#34;result&#34;: &#34;Passed&#34;, &#34;testId&#34;: &#34;testCases/test_Home_Page.py::TestCase002HomePage::test_case_001_validate_homepage_button&#34;, &#34;duration&#34;: &#34;00:00:07&#34;, &#34;resultsTableRow&#34;: [&#34;&lt;td class=\&#34;col-result\&#34;&gt;Passed&lt;/td&gt;&#34;, &#34;&lt;td class=\&#34;col-testId\&#34;&gt;testCases/test_Home_Page.py::TestCase002HomePage::test_case_001_validate_homepage_button&lt;/td&gt;&#34;, &#34;&lt;td class=\&#34;col-duration\&#34;&gt;00:00:07&lt;/td&gt;&#34;, &#34;&lt;td class=\&#34;col-links\&#34;&gt;&lt;/td&gt;&#34;], &#34;log&#34;: &#34;------------------------------ Captured log call -------------------------------\nINFO     root:test_Home_Page.py:24 -----test_case_001_validate_homepage_button-----\nINFO     root:test_Home_Page.py:25 -----Verifying Home Page-----\nINFO     root:test_Home_Page.py:34 -----Test case 001 Passed-----\n\n&#34;}], &#34;testCases/test_Home_Page.py::TestCase002HomePage::test_case_002_validate_homepage_logo_button&#34;: [{&#34;extras&#34;: [], &#34;result&#34;: &#34;Passed&#34;, &#34;testId&#34;: &#34;testCases/test_Home_Page.py::TestCase002HomePage::test_case_002_validate_homepage_logo_button&#34;, &#34;duration&#34;: &#34;00:00:07&#34;, &#34;resultsTableRow&#34;: [&#34;&lt;td class=\&#34;col-result\&#34;&gt;Passed&lt;/td&gt;&#34;, &#34;&lt;td class=\&#34;col-testId\&#34;&gt;testCases/test_Home_Page.py::TestCase002HomePage::test_case_002_validate_homepage_logo_button&lt;/td&gt;&#34;, &#34;&lt;td class=\&#34;col-duration\&#34;&gt;00:00:07&lt;/td&gt;&#34;, &#34;&lt;td class=\&#34;col-links\&#34;&gt;&lt;/td&gt;&#34;], &#34;log&#34;: &#34;------------------------------ Captured log call -------------------------------\nINFO     root:test_Home_Page.py:49 -----test_case_002_validate_homepage_logo_button-----\nINFO     root:test_Home_Page.py:50 -----Verifying Home Page-----\nINFO     root:test_Home_Page.py:59 -----Test case 002 Passed-----\n\n&#34;}], &#34;testCases/test_Home_Page.py::TestCase002HomePage::test_case_003_validate_next_and_previous_slide_buttons_in_homepage&#34;: [{&#34;extras&#34;: [], &#34;result&#34;: &#34;Passed&#34;, &#34;testId&#34;: &#34;testCases/test_Home_Page.py::TestCase002HomePage::test_case_003_validate_next_and_previous_slide_buttons_in_homepage&#34;, &#34;duration&#34;: &#34;00:00:06&#34;, &#34;resultsTableRow&#34;: [&#34;&lt;td class=\&#34;col-result\&#34;&gt;Passed&lt;/td&gt;&#34;, &#34;&lt;td class=\&#34;col-testId\&#34;&gt;testCases/test_Home_Page.py::TestCase002HomePage::test_case_003_validate_next_and_previous_slide_buttons_in_homepage&lt;/td&gt;&#34;, &#34;&lt;td class=\&#34;col-duration\&#34;&gt;00:00:06&lt;/td&gt;&#34;, &#34;&lt;td class=\&#34;col-links\&#34;&gt;&lt;/td&gt;&#34;], &#34;log&#34;: &#34;------------------------------ Captured log call -------------------------------\nINFO     root:test_Home_Page.py:74 -----test_case_003_validate_next_and_previous_slide_buttons_in_homepage-----\nINFO     root:test_Home_Page.py:75 -----Verifying Home Page-----\nINFO     root:test_Home_Page.py:84 -----Test case 003 Passed-----\n\n&#34;}], &#34;testCases/test_Home_Page.py::TestCase002HomePage::test_case_004_validate_next_and_previous_buttons_at_below_the_homepage&#34;: [{&#34;extras&#34;: [], &#34;result&#34;: &#34;Passed&#34;, &#34;testId&#34;: &#34;testCases/test_Home_Page.py::TestCase002HomePage::test_case_004_validate_next_and_previous_buttons_at_below_the_homepage&#34;, &#34;duration&#34;: &#34;00:00:06&#34;, &#34;resultsTableRow&#34;: [&#34;&lt;td class=\&#34;col-result\&#34;&gt;Passed&lt;/td&gt;&#34;, &#34;&lt;td class=\&#34;col-testId\&#34;&gt;testCases/test_Home_Page.py::TestCase002HomePage::test_case_004_validate_next_and_previous_buttons_at_below_the_homepage&lt;/td&gt;&#34;, &#34;&lt;td class=\&#34;col-duration\&#34;&gt;00:00:06&lt;/td&gt;&#34;, &#34;&lt;td class=\&#34;col-links\&#34;&gt;&lt;/td&gt;&#34;], &#34;log&#34;: &#34;------------------------------ Captured log call -------------------------------\nINFO     root:test_Home_Page.py:99 -----test_case_004_validate_next_and_previous_buttons_at_below_the_homepage-----\nINFO     root:test_Home_Page.py:100 -----Verifying Home Page-----\nINFO     root:test_Home_Page.py:109 -----Test case 004 Passed-----\n\n&#34;}], &#34;testCases/test_Home_Page.py::TestCase002HomePage::test_case_005_validate_categories_button_in_homepage&#34;: [{&#34;extras&#34;: [], &#34;result&#34;: &#34;Passed&#34;, &#34;testId&#34;: &#34;testCases/test_Home_Page.py::TestCase002HomePage::test_case_005_validate_categories_button_in_homepage&#34;, &#34;duration&#34;: &#34;00:00:06&#34;, &#34;resultsTableRow&#34;: [&#34;&lt;td class=\&#34;col-result\&#34;&gt;Passed&lt;/td&gt;&#34;, &#34;&lt;td class=\&#34;col-testId\&#34;&gt;testCases/test_Home_Page.py::TestCase002HomePage::test_case_005_validate_categories_button_in_homepage&lt;/td&gt;&#34;, &#34;&lt;td class=\&#34;col-duration\&#34;&gt;00:00:06&lt;/td&gt;&#34;, &#34;&lt;td class=\&#34;col-links\&#34;&gt;&lt;/td&gt;&#34;], &#34;log&#34;: &#34;------------------------------ Captured log call -------------------------------\nINFO     root:test_Home_Page.py:125 -----test_case_005_validate_categories_button_in_homepage-----\nINFO     root:test_Home_Page.py:126 -----Verifying Home Page-----\nINFO     root:test_Home_Page.py:135 -----Test case 005 Passed-----\n\n&#34;}], &#34;testCases/test_Home_Page.py::TestCase002HomePage::test_case_006_validate_phones_in_categories_button_at_homepage&#34;: [{&#34;extras&#34;: [], &#34;result&#34;: &#34;Passed&#34;, &#34;testId&#34;: &#34;testCases/test_Home_Page.py::TestCase002HomePage::test_case_006_validate_phones_in_categories_button_at_homepage&#34;, &#34;duration&#34;: &#34;00:00:06&#34;, &#34;resultsTableRow&#34;: [&#34;&lt;td class=\&#34;col-result\&#34;&gt;Passed&lt;/td&gt;&#34;, &#34;&lt;td class=\&#34;col-testId\&#34;&gt;testCases/test_Home_Page.py::TestCase002HomePage::test_case_006_validate_phones_in_categories_button_at_homepage&lt;/td&gt;&#34;, &#34;&lt;td class=\&#34;col-duration\&#34;&gt;00:00:06&lt;/td&gt;&#34;, &#34;&lt;td class=\&#34;col-links\&#34;&gt;&lt;/td&gt;&#34;], &#34;log&#34;: &#34;------------------------------ Captured log call -------------------------------\nINFO     root:test_Home_Page.py:151 -----test_case_006_validate_phones_in_categories_button_at_homepage-----\nINFO     root:test_Home_Page.py:152 -----Verifying Home Page-----\nINFO     root:test_Home_Page.py:161 -----Test case 006 Passed-----\n\n&#34;}], &#34;testCases/test_Home_Page.py::TestCase002HomePage::test_case_007_validate_Laptops_in_categories_button_at_homepage&#34;: [{&#34;extras&#34;: [], &#34;result&#34;: &#34;Passed&#34;, &#34;testId&#34;: &#34;testCases/test_Home_Page.py::TestCase002HomePage::test_case_007_validate_Laptops_in_categories_button_at_homepage&#34;, &#34;duration&#34;: &#34;00:00:06&#34;, &#34;resultsTableRow&#34;: [&#34;&lt;td class=\&#34;col-result\&#34;&gt;Passed&lt;/td&gt;&#34;, &#34;&lt;td class=\&#34;col-testId\&#34;&gt;testCases/test_Home_Page.py::TestCase002HomePage::test_case_007_validate_Laptops_in_categories_button_at_homepage&lt;/td&gt;&#34;, &#34;&lt;td class=\&#34;col-duration\&#34;&gt;00:00:06&lt;/td&gt;&#34;, &#34;&lt;td class=\&#34;col-links\&#34;&gt;&lt;/td&gt;&#34;], &#34;log&#34;: &#34;------------------------------ Captured log call -------------------------------\nINFO     root:test_Home_Page.py:177 -----test_case_007_validate_Laptops_in_categories_button_at_homepage-----\nINFO     root:test_Home_Page.py:178 -----Verifying Home Page-----\nINFO     root:test_Home_Page.py:187 -----Test case 007 Passed-----\n\n&#34;}], &#34;testCases/test_Home_Page.py::TestCase002HomePage::test_case_008_validate_Monitors_in_categories_button_at_homepage&#34;: [{&#34;extras&#34;: [], &#34;result&#34;: &#34;Passed&#34;, &#34;testId&#34;: &#34;testCases/test_Home_Page.py::TestCase002HomePage::test_case_008_validate_Monitors_in_categories_button_at_homepage&#34;, &#34;duration&#34;: &#34;00:00:07&#34;, &#34;resultsTableRow&#34;: [&#34;&lt;td class=\&#34;col-result\&#34;&gt;Passed&lt;/td&gt;&#34;, &#34;&lt;td class=\&#34;col-testId\&#34;&gt;testCases/test_Home_Page.py::TestCase002HomePage::test_case_008_validate_Monitors_in_categories_button_at_homepage&lt;/td&gt;&#34;, &#34;&lt;td class=\&#34;col-duration\&#34;&gt;00:00:07&lt;/td&gt;&#34;, &#34;&lt;td class=\&#34;col-links\&#34;&gt;&lt;/td&gt;&#34;], &#34;log&#34;: &#34;------------------------------ Captured log call -------------------------------\nINFO     root:test_Home_Page.py:203 -----test_case_008_validate_Monitors_in_categories_button_at_homepage-----\nINFO     root:test_Home_Page.py:204 -----Verifying Home Page-----\nINFO     root:test_Home_Page.py:213 -----Test case 008 Passed-----\n\n&#34;}], &#34;testCases/test_Home_Page.py::TestCase002HomePage::test_case_009_validate_phones_and_add_to_cart_the_products&#34;: [{&#34;extras&#34;: [], &#34;result&#34;: &#34;Passed&#34;, &#34;testId&#34;: &#34;testCases/test_Home_Page.py::TestCase002HomePage::test_case_009_validate_phones_and_add_to_cart_the_products&#34;, &#34;duration&#34;: &#34;00:00:27&#34;, &#34;resultsTableRow&#34;: [&#34;&lt;td class=\&#34;col-result\&#34;&gt;Passed&lt;/td&gt;&#34;, &#34;&lt;td class=\&#34;col-testId\&#34;&gt;testCases/test_Home_Page.py::TestCase002HomePage::test_case_009_validate_phones_and_add_to_cart_the_products&lt;/td&gt;&#34;, &#34;&lt;td class=\&#34;col-duration\&#34;&gt;00:00:27&lt;/td&gt;&#34;, &#34;&lt;td class=\&#34;col-links\&#34;&gt;&lt;/td&gt;&#34;], &#34;log&#34;: &#34;------------------------------ Captured log call -------------------------------\nINFO     root:test_Home_Page.py:229 -----test_case_009_validate_phones_and_add_to_cart_the_products-----\nINFO     root:test_Home_Page.py:230 -----Verifying Phones and add to cart-----\nINFO     root:test_Home_Page.py:245 -----Samsung_galaxy_s6 added-----\nINFO     root:test_Home_Page.py:267 -----Nokia_lumia_1520 added-----\nINFO     root:test_Home_Page.py:289 -----Nexus_6 added-----\nINFO     root:test_Home_Page.py:311 -----Samsung_galaxy_s7 added-----\nINFO     root:test_Home_Page.py:333 -----Iphone_6_32_gb added-----\nINFO     root:test_Home_Page.py:355 -----Sony_xperia_z5 added-----\nINFO     root:test_Home_Page.py:377 -----HTC_One_M9 added-----\nINFO     root:test_Home_Page.py:390 -----Phones add to cart test case 009 is Passed-----\n\n&#34;}], &#34;testCases/test_Home_Page.py::TestCase002HomePage::test_case_010_validate_Laptops_add_to_cart_the_products&#34;: [{&#34;extras&#34;: [], &#34;result&#34;: &#34;Passed&#34;, &#34;testId&#34;: &#34;testCases/test_Home_Page.py::TestCase002HomePage::test_case_010_validate_Laptops_add_to_cart_the_products&#34;, &#34;duration&#34;: &#34;00:00:25&#34;, &#34;resultsTableRow&#34;: [&#34;&lt;td class=\&#34;col-result\&#34;&gt;Passed&lt;/td&gt;&#34;, &#34;&lt;td class=\&#34;col-testId\&#34;&gt;testCases/test_Home_Page.py::TestCase002HomePage::test_case_010_validate_Laptops_add_to_cart_the_products&lt;/td&gt;&#34;, &#34;&lt;td class=\&#34;col-duration\&#34;&gt;00:00:25&lt;/td&gt;&#34;, &#34;&lt;td class=\&#34;col-links\&#34;&gt;&lt;/td&gt;&#34;], &#34;log&#34;: &#34;------------------------------ Captured log call -------------------------------\nINFO     root:test_Home_Page.py:401 -----test_case_010_validate_Laptops_add_to_cart_the_products-----\nINFO     root:test_Home_Page.py:402 -----Verifying Laptops in Home page-----\nINFO     root:test_Home_Page.py:417 -----Sony_vaio_i5 added-----\nINFO     root:test_Home_Page.py:439 -----Sony_vaio_i7 added-----\nINFO     root:test_Home_Page.py:461 -----MacBook_air added-----\nINFO     root:test_Home_Page.py:484 -----Dell_i7_8_gb added-----\nINFO     root:test_Home_Page.py:506 -----2017_Dell_15_6_Inch added-----\nINFO     root:test_Home_Page.py:528 -----MacBook_Pro added-----\nINFO     root:test_Home_Page.py:541 -----Laptops add to cart test case 010 is Passed-----\n\n&#34;}], &#34;testCases/test_Home_Page.py::TestCase002HomePage::test_case_011_validate_monitors_add_to_cart_the_products&#34;: [{&#34;extras&#34;: [], &#34;result&#34;: &#34;Passed&#34;, &#34;testId&#34;: &#34;testCases/test_Home_Page.py::TestCase002HomePage::test_case_011_validate_monitors_add_to_cart_the_products&#34;, &#34;duration&#34;: &#34;00:00:12&#34;, &#34;resultsTableRow&#34;: [&#34;&lt;td class=\&#34;col-result\&#34;&gt;Passed&lt;/td&gt;&#34;, &#34;&lt;td class=\&#34;col-testId\&#34;&gt;testCases/test_Home_Page.py::TestCase002HomePage::test_case_011_validate_monitors_add_to_cart_the_products&lt;/td&gt;&#34;, &#34;&lt;td class=\&#34;col-duration\&#34;&gt;00:00:12&lt;/td&gt;&#34;, &#34;&lt;td class=\&#34;col-links\&#34;&gt;&lt;/td&gt;&#34;], &#34;log&#34;: &#34;------------------------------ Captured log call -------------------------------\nINFO     root:test_Home_Page.py:552 -----test_case_011_validate_monitors_add_to_cart_the_products-----\nINFO     root:test_Home_Page.py:553 -----Verifying Laptops in Home page-----\nINFO     root:test_Home_Page.py:568 -----Apple_monitor_24 added-----\nINFO     root:test_Home_Page.py:591 -----ASUS_Full_HD added-----\nINFO     root:test_Home_Page.py:604 -----Monitors add to cart test case 011 is Passed-----\n\n&#34;}], &#34;testCases/test_Login_Page.py::TestCase001LoginPage::test_case_001_validate_login_with_valid_username_valid_password&#34;: [{&#34;extras&#34;: [], &#34;result&#34;: &#34;Passed&#34;, &#34;testId&#34;: &#34;testCases/test_Login_Page.py::TestCase001LoginPage::test_case_001_validate_login_with_valid_username_valid_password&#34;, &#34;duration&#34;: &#34;00:00:07&#34;, &#34;resultsTableRow&#34;: [&#34;&lt;td class=\&#34;col-result\&#34;&gt;Passed&lt;/td&gt;&#34;, &#34;&lt;td class=\&#34;col-testId\&#34;&gt;testCases/test_Login_Page.py::TestCase001LoginPage::test_case_001_validate_login_with_valid_username_valid_password&lt;/td&gt;&#34;, &#34;&lt;td class=\&#34;col-duration\&#34;&gt;00:00:07&lt;/td&gt;&#34;, &#34;&lt;td class=\&#34;col-links\&#34;&gt;&lt;/td&gt;&#34;], &#34;log&#34;: &#34;------------------------------ Captured log call -------------------------------\nINFO     root:test_Login_Page.py:45 -----test_case_001_validate_login_with_valid_username_valid_password-----------\nINFO     root:test_Login_Page.py:46 -----Verifying Login functionality--------\nINFO     root:test_Login_Page.py:55 -----Test case 001 is Passed---------\n\n&#34;}], &#34;testCases/test_Login_Page.py::TestCase001LoginPage::test_case_002_validate_login_with_valid_username_invalid_password&#34;: [{&#34;extras&#34;: [], &#34;result&#34;: &#34;Passed&#34;, &#34;testId&#34;: &#34;testCases/test_Login_Page.py::TestCase001LoginPage::test_case_002_validate_login_with_valid_username_invalid_password&#34;, &#34;duration&#34;: &#34;00:00:08&#34;, &#34;resultsTableRow&#34;: [&#34;&lt;td class=\&#34;col-result\&#34;&gt;Passed&lt;/td&gt;&#34;, &#34;&lt;td class=\&#34;col-testId\&#34;&gt;testCases/test_Login_Page.py::TestCase001LoginPage::test_case_002_validate_login_with_valid_username_invalid_password&lt;/td&gt;&#34;, &#34;&lt;td class=\&#34;col-duration\&#34;&gt;00:00:08&lt;/td&gt;&#34;, &#34;&lt;td class=\&#34;col-links\&#34;&gt;&lt;/td&gt;&#34;], &#34;log&#34;: &#34;------------------------------ Captured log call -------------------------------\nINFO     root:test_Login_Page.py:67 -----test_case_002_validate_login_with_valid_username_invalid_password-----------\nINFO     root:test_Login_Page.py:68 -----Verifying Login functionality--------\nINFO     root:test_Login_Page.py:81 -----Test case 002 is Passed--------------\n\n&#34;}], &#34;testCases/test_Login_Page.py::TestCase001LoginPage::test_case_003_validate_login_with_valid_username_password_with_spl_chars&#34;: [{&#34;extras&#34;: [], &#34;result&#34;: &#34;Passed&#34;, &#34;testId&#34;: &#34;testCases/test_Login_Page.py::TestCase001LoginPage::test_case_003_validate_login_with_valid_username_password_with_spl_chars&#34;, &#34;duration&#34;: &#34;00:00:08&#34;, &#34;resultsTableRow&#34;: [&#34;&lt;td class=\&#34;col-result\&#34;&gt;Passed&lt;/td&gt;&#34;, &#34;&lt;td class=\&#34;col-testId\&#34;&gt;testCases/test_Login_Page.py::TestCase001LoginPage::test_case_003_validate_login_with_valid_username_password_with_spl_chars&lt;/td&gt;&#34;, &#34;&lt;td class=\&#34;col-duration\&#34;&gt;00:00:08&lt;/td&gt;&#34;, &#34;&lt;td class=\&#34;col-links\&#34;&gt;&lt;/td&gt;&#34;], &#34;log&#34;: &#34;------------------------------ Captured log call -------------------------------\nINFO     root:test_Login_Page.py:94 -----test_case_003_validate_login_with_valid_username_password_with_spl_chars-----------\nINFO     root:test_Login_Page.py:95 -----Verifying Login functionality--------\nINFO     root:test_Login_Page.py:108 -----Test case 003 is Passed-----------\n\n&#34;}], &#34;testCases/test_Login_Page.py::TestCase001LoginPage::test_case_004_validate_login_with_valid_username_password_with_numbers&#34;: [{&#34;extras&#34;: [], &#34;result&#34;: &#34;Passed&#34;, &#34;testId&#34;: &#34;testCases/test_Login_Page.py::TestCase001LoginPage::test_case_004_validate_login_with_valid_username_password_with_numbers&#34;, &#34;duration&#34;: &#34;00:00:08&#34;, &#34;resultsTableRow&#34;: [&#34;&lt;td class=\&#34;col-result\&#34;&gt;Passed&lt;/td&gt;&#34;, &#34;&lt;td class=\&#34;col-testId\&#34;&gt;testCases/test_Login_Page.py::TestCase001LoginPage::test_case_004_validate_login_with_valid_username_password_with_numbers&lt;/td&gt;&#34;, &#34;&lt;td class=\&#34;col-duration\&#34;&gt;00:00:08&lt;/td&gt;&#34;, &#34;&lt;td class=\&#34;col-links\&#34;&gt;&lt;/td&gt;&#34;], &#34;log&#34;: &#34;------------------------------ Captured log call -------------------------------\nINFO     root:test_Login_Page.py:121 -----test_case_004_validate_login_with_valid_username_password_with_numbers-----------\nINFO     root:test_Login_Page.py:122 -----Verifying Login functionality--------\nINFO     root:test_Login_Page.py:135 ------Test case 004 is Passed--------------\n\n&#34;}], &#34;testCases/test_Login_Page.py::TestCase001LoginPage::test_case_005_validate_login_with_valid_username_password_with_space&#34;: [{&#34;extras&#34;: [], &#34;result&#34;: &#34;Passed&#34;, &#34;testId&#34;: &#34;testCases/test_Login_Page.py::TestCase001LoginPage::test_case_005_validate_login_with_valid_username_password_with_space&#34;, &#34;duration&#34;: &#34;00:00:08&#34;, &#34;resultsTableRow&#34;: [&#34;&lt;td class=\&#34;col-result\&#34;&gt;Passed&lt;/td&gt;&#34;, &#34;&lt;td class=\&#34;col-testId\&#34;&gt;testCases/test_Login_Page.py::TestCase001LoginPage::test_case_005_validate_login_with_valid_username_password_with_space&lt;/td&gt;&#34;, &#34;&lt;td class=\&#34;col-duration\&#34;&gt;00:00:08&lt;/td&gt;&#34;, &#34;&lt;td class=\&#34;col-links\&#34;&gt;&lt;/td&gt;&#34;], &#34;log&#34;: &#34;------------------------------ Captured log call -------------------------------\nINFO     root:test_Login_Page.py:148 -----test_case_005_validate_login_with_valid_username_password_with_space-----------\nINFO     root:test_Login_Page.py:149 -----Verifying Login functionality--------\nINFO     root:test_Login_Page.py:162 -----Test case 005 is Passed--------------\n\n&#34;}], &#34;testCases/test_Login_Page.py::TestCase001LoginPage::test_case_006_validate_login_with_valid_username_no_password&#34;: [{&#34;extras&#34;: [], &#34;result&#34;: &#34;Passed&#34;, &#34;testId&#34;: &#34;testCases/test_Login_Page.py::TestCase001LoginPage::test_case_006_validate_login_with_valid_username_no_password&#34;, &#34;duration&#34;: &#34;00:00:07&#34;, &#34;resultsTableRow&#34;: [&#34;&lt;td class=\&#34;col-result\&#34;&gt;Passed&lt;/td&gt;&#34;, &#34;&lt;td class=\&#34;col-testId\&#34;&gt;testCases/test_Login_Page.py::TestCase001LoginPage::test_case_006_validate_login_with_valid_username_no_password&lt;/td&gt;&#34;, &#34;&lt;td class=\&#34;col-duration\&#34;&gt;00:00:07&lt;/td&gt;&#34;, &#34;&lt;td class=\&#34;col-links\&#34;&gt;&lt;/td&gt;&#34;], &#34;log&#34;: &#34;------------------------------ Captured log call -------------------------------\nINFO     root:test_Login_Page.py:175 -----test_case_006_validate_login_with_valid_username_no_password-----------\nINFO     root:test_Login_Page.py:176 -----Verifying Login functionality--------\nINFO     root:test_Login_Page.py:189 -----Test case 006 is Passed--------------\n\n&#34;}], &#34;testCases/test_Login_Page.py::TestCase001LoginPage::test_case_007_validate_login_with_invalid_username_valid_password&#34;: [{&#34;extras&#34;: [], &#34;result&#34;: &#34;Passed&#34;, &#34;testId&#34;: &#34;testCases/test_Login_Page.py::TestCase001LoginPage::test_case_007_validate_login_with_invalid_username_valid_password&#34;, &#34;duration&#34;: &#34;00:00:08&#34;, &#34;resultsTableRow&#34;: [&#34;&lt;td class=\&#34;col-result\&#34;&gt;Passed&lt;/td&gt;&#34;, &#34;&lt;td class=\&#34;col-testId\&#34;&gt;testCases/test_Login_Page.py::TestCase001LoginPage::test_case_007_validate_login_with_invalid_username_valid_password&lt;/td&gt;&#34;, &#34;&lt;td class=\&#34;col-duration\&#34;&gt;00:00:08&lt;/td&gt;&#34;, &#34;&lt;td class=\&#34;col-links\&#34;&gt;&lt;/td&gt;&#34;], &#34;log&#34;: &#34;------------------------------ Captured log call -------------------------------\nINFO     root:test_Login_Page.py:202 -----test_case_007_validate_login_with_invalid_username_valid_password-----------\nINFO     root:test_Login_Page.py:203 -----Verifying Login functionality--------\nINFO     root:test_Login_Page.py:216 -----Test case 007 is Passed--------------\n\n&#34;}], &#34;testCases/test_Login_Page.py::TestCase001LoginPage::test_case_008_validate_login_invalid_username_and_invalid_password&#34;: [{&#34;extras&#34;: [], &#34;result&#34;: &#34;Passed&#34;, &#34;testId&#34;: &#34;testCases/test_Login_Page.py::TestCase001LoginPage::test_case_008_validate_login_invalid_username_and_invalid_password&#34;, &#34;duration&#34;: &#34;00:00:08&#34;, &#34;resultsTableRow&#34;: [&#34;&lt;td class=\&#34;col-result\&#34;&gt;Passed&lt;/td&gt;&#34;, &#34;&lt;td class=\&#34;col-testId\&#34;&gt;testCases/test_Login_Page.py::TestCase001LoginPage::test_case_008_validate_login_invalid_username_and_invalid_password&lt;/td&gt;&#34;, &#34;&lt;td class=\&#34;col-duration\&#34;&gt;00:00:08&lt;/td&gt;&#34;, &#34;&lt;td class=\&#34;col-links\&#34;&gt;&lt;/td&gt;&#34;], &#34;log&#34;: &#34;------------------------------ Captured log call -------------------------------\nINFO     root:test_Login_Page.py:229 -----test_case_008_validate_login_invalid_username_and_invalid_password-----------\nINFO     root:test_Login_Page.py:230 -----Verifying Login functionality--------\nINFO     root:test_Login_Page.py:243 -----Test case 008 is Passed--------------\n\n&#34;}], &#34;testCases/test_Login_Page.py::TestCase001LoginPage::test_case_009_validate_login_with_invalid_username_and_password_with_spl_chars&#34;: [{&#34;extras&#34;: [], &#34;result&#34;: &#34;Passed&#34;, &#34;testId&#34;: &#34;testCases/test_Login_Page.py::TestCase001LoginPage::test_case_009_validate_login_with_invalid_username_and_password_with_spl_chars&#34;, &#34;duration&#34;: &#34;00:00:07&#34;, &#34;resultsTableRow&#34;: [&#34;&lt;td class=\&#34;col-result\&#34;&gt;Passed&lt;/td&gt;&#34;, &#34;&lt;td class=\&#34;col-testId\&#34;&gt;testCases/test_Login_Page.py::TestCase001LoginPage::test_case_009_validate_login_with_invalid_username_and_password_with_spl_chars&lt;/td&gt;&#34;, &#34;&lt;td class=\&#34;col-duration\&#34;&gt;00:00:07&lt;/td&gt;&#34;, &#34;&lt;td class=\&#34;col-links\&#34;&gt;&lt;/td&gt;&#34;], &#34;log&#34;: &#34;------------------------------ Captured log call -------------------------------\nINFO     root:test_Login_Page.py:256 -----test_case_009_validate_login_with_invalid_username_and_password_with_spl_chars--------\nINFO     root:test_Login_Page.py:257 -----Verifying Login functionality--------\nINFO     root:test_Login_Page.py:270 -----Test case 009 is Passed----------\n\n&#34;}], &#34;testCases/test_Login_Page.py::TestCase001LoginPage::test_case_010_validate_login_invalid_username_and_password_with_numbers&#34;: [{&#34;extras&#34;: [], &#34;result&#34;: &#34;Passed&#34;, &#34;testId&#34;: &#34;testCases/test_Login_Page.py::TestCase001LoginPage::test_case_010_validate_login_invalid_username_and_password_with_numbers&#34;, &#34;duration&#34;: &#34;00:00:08&#34;, &#34;resultsTableRow&#34;: [&#34;&lt;td class=\&#34;col-result\&#34;&gt;Passed&lt;/td&gt;&#34;, &#34;&lt;td class=\&#34;col-testId\&#34;&gt;testCases/test_Login_Page.py::TestCase001LoginPage::test_case_010_validate_login_invalid_username_and_password_with_numbers&lt;/td&gt;&#34;, &#34;&lt;td class=\&#34;col-duration\&#34;&gt;00:00:08&lt;/td&gt;&#34;, &#34;&lt;td class=\&#34;col-links\&#34;&gt;&lt;/td&gt;&#34;], &#34;log&#34;: &#34;------------------------------ Captured log call -------------------------------\nINFO     root:test_Login_Page.py:283 -----test_case_010_validate_login_invalid_username_and_password_with_numbers-----------\nINFO     root:test_Login_Page.py:284 -----Verifying Login functionality--------\nINFO     root:test_Login_Page.py:297 -----Test case 010 is Passed-----------\n\n&#34;}], &#34;testCases/test_Login_Page.py::TestCase001LoginPage::test_case_011_validate_login_with_invalid_username_and_password_with_space&#34;: [{&#34;extras&#34;: [], &#34;result&#34;: &#34;Passed&#34;, &#34;testId&#34;: &#34;testCases/test_Login_Page.py::TestCase001LoginPage::test_case_011_validate_login_with_invalid_username_and_password_with_space&#34;, &#34;duration&#34;: &#34;00:00:08&#34;, &#34;resultsTableRow&#34;: [&#34;&lt;td class=\&#34;col-result\&#34;&gt;Passed&lt;/td&gt;&#34;, &#34;&lt;td class=\&#34;col-testId\&#34;&gt;testCases/test_Login_Page.py::TestCase001LoginPage::test_case_011_validate_login_with_invalid_username_and_password_with_space&lt;/td&gt;&#34;, &#34;&lt;td class=\&#34;col-duration\&#34;&gt;00:00:08&lt;/td&gt;&#34;, &#34;&lt;td class=\&#34;col-links\&#34;&gt;&lt;/td&gt;&#34;], &#34;log&#34;: &#34;------------------------------ Captured log call -------------------------------\nINFO     root:test_Login_Page.py:311 -----test_case_011_validate_login_with_valid_username_and_password_with_space-----------\nINFO     root:test_Login_Page.py:312 -----Verifying Login functionality--------\nINFO     root:test_Login_Page.py:325 -----Test case 011 is Passed--------------\n\n&#34;}], &#34;testCases/test_Login_Page.py::TestCase001LoginPage::test_case_012_validate_login_with_invalid_username_and_no_password&#34;: [{&#34;extras&#34;: [], &#34;result&#34;: &#34;Passed&#34;, &#34;testId&#34;: &#34;testCases/test_Login_Page.py::TestCase001LoginPage::test_case_012_validate_login_with_invalid_username_and_no_password&#34;, &#34;duration&#34;: &#34;00:00:07&#34;, &#34;resultsTableRow&#34;: [&#34;&lt;td class=\&#34;col-result\&#34;&gt;Passed&lt;/td&gt;&#34;, &#34;&lt;td class=\&#34;col-testId\&#34;&gt;testCases/test_Login_Page.py::TestCase001LoginPage::test_case_012_validate_login_with_invalid_username_and_no_password&lt;/td&gt;&#34;, &#34;&lt;td class=\&#34;col-duration\&#34;&gt;00:00:07&lt;/td&gt;&#34;, &#34;&lt;td class=\&#34;col-links\&#34;&gt;&lt;/td&gt;&#34;], &#34;log&#34;: &#34;------------------------------ Captured log call -------------------------------\nINFO     root:test_Login_Page.py:338 -----test_case_012_validate_login_with_invalid_username_and_no_password-----------\nINFO     root:test_Login_Page.py:339 -----Verifying Login functionality--------\nINFO     root:test_Login_Page.py:352 -----Test case 012 is Passed--------------\n\n&#34;}], &#34;testCases/test_Login_Page.py::TestCase001LoginPage::test_case_013_validate_login_with_username_with_space_and_valid_password&#34;: [{&#34;extras&#34;: [], &#34;result&#34;: &#34;Passed&#34;, &#34;testId&#34;: &#34;testCases/test_Login_Page.py::TestCase001LoginPage::test_case_013_validate_login_with_username_with_space_and_valid_password&#34;, &#34;duration&#34;: &#34;00:00:08&#34;, &#34;resultsTableRow&#34;: [&#34;&lt;td class=\&#34;col-result\&#34;&gt;Passed&lt;/td&gt;&#34;, &#34;&lt;td class=\&#34;col-testId\&#34;&gt;testCases/test_Login_Page.py::TestCase001LoginPage::test_case_013_validate_login_with_username_with_space_and_valid_password&lt;/td&gt;&#34;, &#34;&lt;td class=\&#34;col-duration\&#34;&gt;00:00:08&lt;/td&gt;&#34;, &#34;&lt;td class=\&#34;col-links\&#34;&gt;&lt;/td&gt;&#34;], &#34;log&#34;: &#34;------------------------------ Captured log call -------------------------------\nINFO     root:test_Login_Page.py:365 -----test_case_013_validate_login_with_username_with_space_and_valid_password-----------\nINFO     root:test_Login_Page.py:366 -----Verifying Login functionality--------\nINFO     root:test_Login_Page.py:379 -----Test case 013 is Passed--------------\n\n&#34;}], &#34;testCases/test_Login_Page.py::TestCase001LoginPage::test_case_014_validate_login_with_username_with_space_and_invalid_password&#34;: [{&#34;extras&#34;: [], &#34;result&#34;: &#34;Passed&#34;, &#34;testId&#34;: &#34;testCases/test_Login_Page.py::TestCase001LoginPage::test_case_014_validate_login_with_username_with_space_and_invalid_password&#34;, &#34;duration&#34;: &#34;00:00:08&#34;, &#34;resultsTableRow&#34;: [&#34;&lt;td class=\&#34;col-result\&#34;&gt;Passed&lt;/td&gt;&#34;, &#34;&lt;td class=\&#34;col-testId\&#34;&gt;testCases/test_Login_Page.py::TestCase001LoginPage::test_case_014_validate_login_with_username_with_space_and_invalid_password&lt;/td&gt;&#34;, &#34;&lt;td class=\&#34;col-duration\&#34;&gt;00:00:08&lt;/td&gt;&#34;, &#34;&lt;td class=\&#34;col-links\&#34;&gt;&lt;/td&gt;&#34;], &#34;log&#34;: &#34;------------------------------ Captured log call -------------------------------\nINFO     root:test_Login_Page.py:392 -----test_case_014_validate_login_with_username_with_invalid_password-----------\nINFO     root:test_Login_Page.py:393 -----Verifying Login functionality--------\nINFO     root:test_Login_Page.py:406 -----Test case 014 is Passed--------------\n\n&#34;}], &#34;testCases/test_Login_Page.py::TestCase001LoginPage::test_case_015_validate_login_with_username_with_space_and_password_with_spl_chars&#34;: [{&#34;extras&#34;: [], &#34;result&#34;: &#34;Passed&#34;, &#34;testId&#34;: &#34;testCases/test_Login_Page.py::TestCase001LoginPage::test_case_015_validate_login_with_username_with_space_and_password_with_spl_chars&#34;, &#34;duration&#34;: &#34;00:00:07&#34;, &#34;resultsTableRow&#34;: [&#34;&lt;td class=\&#34;col-result\&#34;&gt;Passed&lt;/td&gt;&#34;, &#34;&lt;td class=\&#34;col-testId\&#34;&gt;testCases/test_Login_Page.py::TestCase001LoginPage::test_case_015_validate_login_with_username_with_space_and_password_with_spl_chars&lt;/td&gt;&#34;, &#34;&lt;td class=\&#34;col-duration\&#34;&gt;00:00:07&lt;/td&gt;&#34;, &#34;&lt;td class=\&#34;col-links\&#34;&gt;&lt;/td&gt;&#34;], &#34;log&#34;: &#34;------------------------------ Captured log call -------------------------------\nINFO     root:test_Login_Page.py:419 -----test_case_015_validate_login_with_username_with_space_and_password_with_spl_chars------\nINFO     root:test_Login_Page.py:420 -----Verifying Login functionality--------\nINFO     root:test_Login_Page.py:433 -------Test case 015 is Passed------------\n\n&#34;}], &#34;testCases/test_Login_Page.py::TestCase001LoginPage::test_case_016_validate_login_with_username_with_space_and_password_with_numbers&#34;: [{&#34;extras&#34;: [], &#34;result&#34;: &#34;Passed&#34;, &#34;testId&#34;: &#34;testCases/test_Login_Page.py::TestCase001LoginPage::test_case_016_validate_login_with_username_with_space_and_password_with_numbers&#34;, &#34;duration&#34;: &#34;00:00:08&#34;, &#34;resultsTableRow&#34;: [&#34;&lt;td class=\&#34;col-result\&#34;&gt;Passed&lt;/td&gt;&#34;, &#34;&lt;td class=\&#34;col-testId\&#34;&gt;testCases/test_Login_Page.py::TestCase001LoginPage::test_case_016_validate_login_with_username_with_space_and_password_with_numbers&lt;/td&gt;&#34;, &#34;&lt;td class=\&#34;col-duration\&#34;&gt;00:00:08&lt;/td&gt;&#34;, &#34;&lt;td class=\&#34;col-links\&#34;&gt;&lt;/td&gt;&#34;], &#34;log&#34;: &#34;------------------------------ Captured log call -------------------------------\nINFO     root:test_Login_Page.py:446 -----test_case_016_validate_login_with_username_with_space_and_password_with_numbers--------\nINFO     root:test_Login_Page.py:447 -----Verifying Login functionality--------\nINFO     root:test_Login_Page.py:460 -----Test case 016 is Passed--------------\n\n&#34;}], &#34;testCases/test_Login_Page.py::TestCase001LoginPage::test_case_017_validate_login_with_username_with_space_and_password_with_space&#34;: [{&#34;extras&#34;: [], &#34;result&#34;: &#34;Passed&#34;, &#34;testId&#34;: &#34;testCases/test_Login_Page.py::TestCase001LoginPage::test_case_017_validate_login_with_username_with_space_and_password_with_space&#34;, &#34;duration&#34;: &#34;00:00:08&#34;, &#34;resultsTableRow&#34;: [&#34;&lt;td class=\&#34;col-result\&#34;&gt;Passed&lt;/td&gt;&#34;, &#34;&lt;td class=\&#34;col-testId\&#34;&gt;testCases/test_Login_Page.py::TestCase001LoginPage::test_case_017_validate_login_with_username_with_space_and_password_with_space&lt;/td&gt;&#34;, &#34;&lt;td class=\&#34;col-duration\&#34;&gt;00:00:08&lt;/td&gt;&#34;, &#34;&lt;td class=\&#34;col-links\&#34;&gt;&lt;/td&gt;&#34;], &#34;log&#34;: &#34;------------------------------ Captured log call -------------------------------\nINFO     root:test_Login_Page.py:473 -----test_case_017_validate_login_with_username_with_space_and_password_with_space-----------\nINFO     root:test_Login_Page.py:474 -----Verifying Login functionality--------\nINFO     root:test_Login_Page.py:487 -----Test case 017 is Passed--------------\n\n&#34;}], &#34;testCases/test_Login_Page.py::TestCase001LoginPage::test_case_018_validate_login_with_username_with_space_and_no_password&#34;: [{&#34;extras&#34;: [], &#34;result&#34;: &#34;Passed&#34;, &#34;testId&#34;: &#34;testCases/test_Login_Page.py::TestCase001LoginPage::test_case_018_validate_login_with_username_with_space_and_no_password&#34;, &#34;duration&#34;: &#34;00:00:07&#34;, &#34;resultsTableRow&#34;: [&#34;&lt;td class=\&#34;col-result\&#34;&gt;Passed&lt;/td&gt;&#34;, &#34;&lt;td class=\&#34;col-testId\&#34;&gt;testCases/test_Login_Page.py::TestCase001LoginPage::test_case_018_validate_login_with_username_with_space_and_no_password&lt;/td&gt;&#34;, &#34;&lt;td class=\&#34;col-duration\&#34;&gt;00:00:07&lt;/td&gt;&#34;, &#34;&lt;td class=\&#34;col-links\&#34;&gt;&lt;/td&gt;&#34;], &#34;log&#34;: &#34;------------------------------ Captured log call -------------------------------\nINFO     root:test_Login_Page.py:500 -----test_case_018_validate_login_with_username_with_space_and_no_password-----------\nINFO     root:test_Login_Page.py:501 -----Verifying Login functionality--------\nINFO     root:test_Login_Page.py:514 -----Test case 018 is Passed--------------\n\n&#34;}], &#34;testCases/test_Login_Page.py::TestCase001LoginPage::test_case_019_validate_login_username_with_spl_chars_and_valid_password&#34;: [{&#34;extras&#34;: [], &#34;result&#34;: &#34;Passed&#34;, &#34;testId&#34;: &#34;testCases/test_Login_Page.py::TestCase001LoginPage::test_case_019_validate_login_username_with_spl_chars_and_valid_password&#34;, &#34;duration&#34;: &#34;00:00:08&#34;, &#34;resultsTableRow&#34;: [&#34;&lt;td class=\&#34;col-result\&#34;&gt;Passed&lt;/td&gt;&#34;, &#34;&lt;td class=\&#34;col-testId\&#34;&gt;testCases/test_Login_Page.py::TestCase001LoginPage::test_case_019_validate_login_username_with_spl_chars_and_valid_password&lt;/td&gt;&#34;, &#34;&lt;td class=\&#34;col-duration\&#34;&gt;00:00:08&lt;/td&gt;&#34;, &#34;&lt;td class=\&#34;col-links\&#34;&gt;&lt;/td&gt;&#34;], &#34;log&#34;: &#34;------------------------------ Captured log call -------------------------------\nINFO     root:test_Login_Page.py:527 -----test_case_019_validate_login_username_with_spl_chars_and_valid_password-----------\nINFO     root:test_Login_Page.py:528 -----Verifying Login functionality--------\nINFO     root:test_Login_Page.py:541 -----Test case 019 is Passed-----------\n\n&#34;}], &#34;testCases/test_Login_Page.py::TestCase001LoginPage::test_case_020_validate_login_username_with_spl_chars_and_invalid_password&#34;: [{&#34;extras&#34;: [], &#34;result&#34;: &#34;Passed&#34;, &#34;testId&#34;: &#34;testCases/test_Login_Page.py::TestCase001LoginPage::test_case_020_validate_login_username_with_spl_chars_and_invalid_password&#34;, &#34;duration&#34;: &#34;00:00:09&#34;, &#34;resultsTableRow&#34;: [&#34;&lt;td class=\&#34;col-result\&#34;&gt;Passed&lt;/td&gt;&#34;, &#34;&lt;td class=\&#34;col-testId\&#34;&gt;testCases/test_Login_Page.py::TestCase001LoginPage::test_case_020_validate_login_username_with_spl_chars_and_invalid_password&lt;/td&gt;&#34;, &#34;&lt;td class=\&#34;col-duration\&#34;&gt;00:00:09&lt;/td&gt;&#34;, &#34;&lt;td class=\&#34;col-links\&#34;&gt;&lt;/td&gt;&#34;], &#34;log&#34;: &#34;------------------------------ Captured log call -------------------------------\nINFO     root:test_Login_Page.py:554 -----test_case_020_validate_login_username_with_spl_chars_and_invalid_password-----------\nINFO     root:test_Login_Page.py:555 -----Verifying Login functionality--------\nINFO     root:test_Login_Page.py:568 -----Test case 020 is Passed---------\n\n&#34;}], &#34;testCases/test_Login_Page.py::TestCase001LoginPage::test_case_021_validate_login_username_with_spl_chars_and_password_with_spl_chars&#34;: [{&#34;extras&#34;: [], &#34;result&#34;: &#34;Passed&#34;, &#34;testId&#34;: &#34;testCases/test_Login_Page.py::TestCase001LoginPage::test_case_021_validate_login_username_with_spl_chars_and_password_with_spl_chars&#34;, &#34;duration&#34;: &#34;00:00:07&#34;, &#34;resultsTableRow&#34;: [&#34;&lt;td class=\&#34;col-result\&#34;&gt;Passed&lt;/td&gt;&#34;, &#34;&lt;td class=\&#34;col-testId\&#34;&gt;testCases/test_Login_Page.py::TestCase001LoginPage::test_case_021_validate_login_username_with_spl_chars_and_password_with_spl_chars&lt;/td&gt;&#34;, &#34;&lt;td class=\&#34;col-duration\&#34;&gt;00:00:07&lt;/td&gt;&#34;, &#34;&lt;td class=\&#34;col-links\&#34;&gt;&lt;/td&gt;&#34;], &#34;log&#34;: &#34;------------------------------ Captured log call -------------------------------\nINFO     root:test_Login_Page.py:581 -----test_case_021_validate_login_username_with_spl_chars_and_password_with_spl_chars------\nINFO     root:test_Login_Page.py:582 -----Verifying Login functionality--------\nINFO     root:test_Login_Page.py:595 -----Test case 021 is Passed-----\n\n&#34;}], &#34;testCases/test_Login_Page.py::TestCase001LoginPage::test_case_022_validate_login_username_with_spl_chars_and_password_with_numbers&#34;: [{&#34;extras&#34;: [], &#34;result&#34;: &#34;Passed&#34;, &#34;testId&#34;: &#34;testCases/test_Login_Page.py::TestCase001LoginPage::test_case_022_validate_login_username_with_spl_chars_and_password_with_numbers&#34;, &#34;duration&#34;: &#34;00:00:08&#34;, &#34;resultsTableRow&#34;: [&#34;&lt;td class=\&#34;col-result\&#34;&gt;Passed&lt;/td&gt;&#34;, &#34;&lt;td class=\&#34;col-testId\&#34;&gt;testCases/test_Login_Page.py::TestCase001LoginPage::test_case_022_validate_login_username_with_spl_chars_and_password_with_numbers&lt;/td&gt;&#34;, &#34;&lt;td class=\&#34;col-duration\&#34;&gt;00:00:08&lt;/td&gt;&#34;, &#34;&lt;td class=\&#34;col-links\&#34;&gt;&lt;/td&gt;&#34;], &#34;log&#34;: &#34;------------------------------ Captured log call -------------------------------\nINFO     root:test_Login_Page.py:608 -----test_case_022_validate_login_username_with_spl_chars_and_password_with_numbers---------\nINFO     root:test_Login_Page.py:609 -----Verifying Login functionality--------\nINFO     root:test_Login_Page.py:622 -----Test case 022 is Passed---------\n\n&#34;}], &#34;testCases/test_Login_Page.py::TestCase001LoginPage::test_case_023_validate_login_username_with_spl_chars_and_password_with_space&#34;: [{&#34;extras&#34;: [], &#34;result&#34;: &#34;Passed&#34;, &#34;testId&#34;: &#34;testCases/test_Login_Page.py::TestCase001LoginPage::test_case_023_validate_login_username_with_spl_chars_and_password_with_space&#34;, &#34;duration&#34;: &#34;00:00:08&#34;, &#34;resultsTableRow&#34;: [&#34;&lt;td class=\&#34;col-result\&#34;&gt;Passed&lt;/td&gt;&#34;, &#34;&lt;td class=\&#34;col-testId\&#34;&gt;testCases/test_Login_Page.py::TestCase001LoginPage::test_case_023_validate_login_username_with_spl_chars_and_password_with_space&lt;/td&gt;&#34;, &#34;&lt;td class=\&#34;col-duration\&#34;&gt;00:00:08&lt;/td&gt;&#34;, &#34;&lt;td class=\&#34;col-links\&#34;&gt;&lt;/td&gt;&#34;], &#34;log&#34;: &#34;------------------------------ Captured log call -------------------------------\nINFO     root:test_Login_Page.py:635 -----test_case_023_validate_login_username_with_spl_chars_and_password_with_space------\nINFO     root:test_Login_Page.py:636 -----Verifying Login functionality--------\nINFO     root:test_Login_Page.py:649 -----Test case 023 is Passed---------\n\n&#34;}], &#34;testCases/test_Login_Page.py::TestCase001LoginPage::test_case_024_validate_login_username_with_spl_chars_and_no_password&#34;: [{&#34;extras&#34;: [], &#34;result&#34;: &#34;Passed&#34;, &#34;testId&#34;: &#34;testCases/test_Login_Page.py::TestCase001LoginPage::test_case_024_validate_login_username_with_spl_chars_and_no_password&#34;, &#34;duration&#34;: &#34;00:00:07&#34;, &#34;resultsTableRow&#34;: [&#34;&lt;td class=\&#34;col-result\&#34;&gt;Passed&lt;/td&gt;&#34;, &#34;&lt;td class=\&#34;col-testId\&#34;&gt;testCases/test_Login_Page.py::TestCase001LoginPage::test_case_024_validate_login_username_with_spl_chars_and_no_password&lt;/td&gt;&#34;, &#34;&lt;td class=\&#34;col-duration\&#34;&gt;00:00:07&lt;/td&gt;&#34;, &#34;&lt;td class=\&#34;col-links\&#34;&gt;&lt;/td&gt;&#34;], &#34;log&#34;: &#34;------------------------------ Captured log call -------------------------------\nINFO     root:test_Login_Page.py:662 -----test_case_024_validate_login_username_with_spl_chars_and_no_password-----------\nINFO     root:test_Login_Page.py:663 -----Verifying Login functionality--------\nINFO     root:test_Login_Page.py:676 -----Test case 024 is Passed--------------\n\n&#34;}], &#34;testCases/test_Login_Page.py::TestCase001LoginPage::test_case_025_validate_login_username_with_numbers_and_valid_password&#34;: [{&#34;extras&#34;: [], &#34;result&#34;: &#34;Passed&#34;, &#34;testId&#34;: &#34;testCases/test_Login_Page.py::TestCase001LoginPage::test_case_025_validate_login_username_with_numbers_and_valid_password&#34;, &#34;duration&#34;: &#34;00:00:09&#34;, &#34;resultsTableRow&#34;: [&#34;&lt;td class=\&#34;col-result\&#34;&gt;Passed&lt;/td&gt;&#34;, &#34;&lt;td class=\&#34;col-testId\&#34;&gt;testCases/test_Login_Page.py::TestCase001LoginPage::test_case_025_validate_login_username_with_numbers_and_valid_password&lt;/td&gt;&#34;, &#34;&lt;td class=\&#34;col-duration\&#34;&gt;00:00:09&lt;/td&gt;&#34;, &#34;&lt;td class=\&#34;col-links\&#34;&gt;&lt;/td&gt;&#34;], &#34;log&#34;: &#34;------------------------------ Captured log call -------------------------------\nINFO     root:test_Login_Page.py:689 -----test_case_025_validate_login_username_with_numbers_and_valid_password-----------\nINFO     root:test_Login_Page.py:690 -----Verifying Login functionality--------\nINFO     root:test_Login_Page.py:703 -----Test case 025 is Passed---------\n\n&#34;}], &#34;testCases/test_Login_Page.py::TestCase001LoginPage::test_case_026_validate_login_username_with_numbers_and_invalid_password&#34;: [{&#34;extras&#34;: [], &#34;result&#34;: &#34;Passed&#34;, &#34;testId&#34;: &#34;testCases/test_Login_Page.py::TestCase001LoginPage::test_case_026_validate_login_username_with_numbers_and_invalid_password&#34;, &#34;duration&#34;: &#34;00:00:08&#34;, &#34;resultsTableRow&#34;: [&#34;&lt;td class=\&#34;col-result\&#34;&gt;Passed&lt;/td&gt;&#34;, &#34;&lt;td class=\&#34;col-testId\&#34;&gt;testCases/test_Login_Page.py::TestCase001LoginPage::test_case_026_validate_login_username_with_numbers_and_invalid_password&lt;/td&gt;&#34;, &#34;&lt;td class=\&#34;col-duration\&#34;&gt;00:00:08&lt;/td&gt;&#34;, &#34;&lt;td class=\&#34;col-links\&#34;&gt;&lt;/td&gt;&#34;], &#34;log&#34;: &#34;------------------------------ Captured log call -------------------------------\nINFO     root:test_Login_Page.py:716 -----test_case_026_validate_login_username_with_numbers_and_invalid_password-----------\nINFO     root:test_Login_Page.py:717 -----Verifying Login functionality--------\nINFO     root:test_Login_Page.py:730 -----Test case 026 is Passed---------\n\n&#34;}], &#34;testCases/test_Login_Page.py::TestCase001LoginPage::test_case_027_validate_login_username_with_numbers_and_password_with_spl_chars&#34;: [{&#34;extras&#34;: [], &#34;result&#34;: &#34;Passed&#34;, &#34;testId&#34;: &#34;testCases/test_Login_Page.py::TestCase001LoginPage::test_case_027_validate_login_username_with_numbers_and_password_with_spl_chars&#34;, &#34;duration&#34;: &#34;00:00:08&#34;, &#34;resultsTableRow&#34;: [&#34;&lt;td class=\&#34;col-result\&#34;&gt;Passed&lt;/td&gt;&#34;, &#34;&lt;td class=\&#34;col-testId\&#34;&gt;testCases/test_Login_Page.py::TestCase001LoginPage::test_case_027_validate_login_username_with_numbers_and_password_with_spl_chars&lt;/td&gt;&#34;, &#34;&lt;td class=\&#34;col-duration\&#34;&gt;00:00:08&lt;/td&gt;&#34;, &#34;&lt;td class=\&#34;col-links\&#34;&gt;&lt;/td&gt;&#34;], &#34;log&#34;: &#34;------------------------------ Captured log call -------------------------------\nINFO     root:test_Login_Page.py:743 -----test_case_027_validate_login_username_with_numbers_and_password_with_spl_chars--------\nINFO     root:test_Login_Page.py:744 -----Verifying Login functionality--------\nINFO     root:test_Login_Page.py:757 -----Test case 027 is Passed---------\n\n&#34;}], &#34;testCases/test_Login_Page.py::TestCase001LoginPage::test_case_028_validate_login_username_with_numbers_and_password_with_numbers&#34;: [{&#34;extras&#34;: [], &#34;result&#34;: &#34;Passed&#34;, &#34;testId&#34;: &#34;testCases/test_Login_Page.py::TestCase001LoginPage::test_case_028_validate_login_username_with_numbers_and_password_with_numbers&#34;, &#34;duration&#34;: &#34;00:00:08&#34;, &#34;resultsTableRow&#34;: [&#34;&lt;td class=\&#34;col-result\&#34;&gt;Passed&lt;/td&gt;&#34;, &#34;&lt;td class=\&#34;col-testId\&#34;&gt;testCases/test_Login_Page.py::TestCase001LoginPage::test_case_028_validate_login_username_with_numbers_and_password_with_numbers&lt;/td&gt;&#34;, &#34;&lt;td class=\&#34;col-duration\&#34;&gt;00:00:08&lt;/td&gt;&#34;, &#34;&lt;td class=\&#34;col-links\&#34;&gt;&lt;/td&gt;&#34;], &#34;log&#34;: &#34;------------------------------ Captured log call -------------------------------\nINFO     root:test_Login_Page.py:770 -----test_case_028_validate_login_username_with_numbers_and_password_with_numbers-----------\nINFO     root:test_Login_Page.py:771 -----Verifying Login functionality--------\nINFO     root:test_Login_Page.py:784 -----Test case 028 is Passed---------\n\n&#34;}], &#34;testCases/test_Login_Page.py::TestCase001LoginPage::test_case_029_validate_login_username_with_numbers_and_password_with_space&#34;: [{&#34;extras&#34;: [], &#34;result&#34;: &#34;Passed&#34;, &#34;testId&#34;: &#34;testCases/test_Login_Page.py::TestCase001LoginPage::test_case_029_validate_login_username_with_numbers_and_password_with_space&#34;, &#34;duration&#34;: &#34;00:00:08&#34;, &#34;resultsTableRow&#34;: [&#34;&lt;td class=\&#34;col-result\&#34;&gt;Passed&lt;/td&gt;&#34;, &#34;&lt;td class=\&#34;col-testId\&#34;&gt;testCases/test_Login_Page.py::TestCase001LoginPage::test_case_029_validate_login_username_with_numbers_and_password_with_space&lt;/td&gt;&#34;, &#34;&lt;td class=\&#34;col-duration\&#34;&gt;00:00:08&lt;/td&gt;&#34;, &#34;&lt;td class=\&#34;col-links\&#34;&gt;&lt;/td&gt;&#34;], &#34;log&#34;: &#34;------------------------------ Captured log call -------------------------------\nINFO     root:test_Login_Page.py:797 -----test_case_029_validate_login_username_with_numbers_and_password_with_space-----------\nINFO     root:test_Login_Page.py:798 -----Verifying Login functionality--------\nINFO     root:test_Login_Page.py:811 -----Test case 029 is Passed---------\n\n&#34;}], &#34;testCases/test_Login_Page.py::TestCase001LoginPage::test_case_030_validate_login_username_with_numbers_and_no_password&#34;: [{&#34;extras&#34;: [], &#34;result&#34;: &#34;Passed&#34;, &#34;testId&#34;: &#34;testCases/test_Login_Page.py::TestCase001LoginPage::test_case_030_validate_login_username_with_numbers_and_no_password&#34;, &#34;duration&#34;: &#34;00:00:07&#34;, &#34;resultsTableRow&#34;: [&#34;&lt;td class=\&#34;col-result\&#34;&gt;Passed&lt;/td&gt;&#34;, &#34;&lt;td class=\&#34;col-testId\&#34;&gt;testCases/test_Login_Page.py::TestCase001LoginPage::test_case_030_validate_login_username_with_numbers_and_no_password&lt;/td&gt;&#34;, &#34;&lt;td class=\&#34;col-duration\&#34;&gt;00:00:07&lt;/td&gt;&#34;, &#34;&lt;td class=\&#34;col-links\&#34;&gt;&lt;/td&gt;&#34;], &#34;log&#34;: &#34;------------------------------ Captured log call -------------------------------\nINFO     root:test_Login_Page.py:824 -----test_case_030_validate_login_username_with_numbers_and_no_password-----------\nINFO     root:test_Login_Page.py:825 -----Verifying Login functionality--------\nINFO     root:test_Login_Page.py:838 -----Test case 030 is Passed---------\n\n&#34;}], &#34;testCases/test_Login_Page.py::TestCase001LoginPage::test_case_031_validate_login_with_no_username_and_valid_password&#34;: [{&#34;extras&#34;: [], &#34;result&#34;: &#34;Passed&#34;, &#34;testId&#34;: &#34;testCases/test_Login_Page.py::TestCase001LoginPage::test_case_031_validate_login_with_no_username_and_valid_password&#34;, &#34;duration&#34;: &#34;00:00:07&#34;, &#34;resultsTableRow&#34;: [&#34;&lt;td class=\&#34;col-result\&#34;&gt;Passed&lt;/td&gt;&#34;, &#34;&lt;td class=\&#34;col-testId\&#34;&gt;testCases/test_Login_Page.py::TestCase001LoginPage::test_case_031_validate_login_with_no_username_and_valid_password&lt;/td&gt;&#34;, &#34;&lt;td class=\&#34;col-duration\&#34;&gt;00:00:07&lt;/td&gt;&#34;, &#34;&lt;td class=\&#34;col-links\&#34;&gt;&lt;/td&gt;&#34;], &#34;log&#34;: &#34;------------------------------ Captured log call -------------------------------\nINFO     root:test_Login_Page.py:851 -----test_case_031_validate_login_with_no_username_and_valid_password-----------\nINFO     root:test_Login_Page.py:852 -----Verifying Login functionality--------\nINFO     root:test_Login_Page.py:865 -----Test case 031 is Passed---------\n\n&#34;}], &#34;testCases/test_Login_Page.py::TestCase001LoginPage::test_case_032_validate_login_with_no_username_and_invalid_password&#34;: [{&#34;extras&#34;: [], &#34;result&#34;: &#34;Passed&#34;, &#34;testId&#34;: &#34;testCases/test_Login_Page.py::TestCase001LoginPage::test_case_032_validate_login_with_no_username_and_invalid_password&#34;, &#34;duration&#34;: &#34;00:00:07&#34;, &#34;resultsTableRow&#34;: [&#34;&lt;td class=\&#34;col-result\&#34;&gt;Passed&lt;/td&gt;&#34;, &#34;&lt;td class=\&#34;col-testId\&#34;&gt;testCases/test_Login_Page.py::TestCase001LoginPage::test_case_032_validate_login_with_no_username_and_invalid_password&lt;/td&gt;&#34;, &#34;&lt;td class=\&#34;col-duration\&#34;&gt;00:00:07&lt;/td&gt;&#34;, &#34;&lt;td class=\&#34;col-links\&#34;&gt;&lt;/td&gt;&#34;], &#34;log&#34;: &#34;------------------------------ Captured log call -------------------------------\nINFO     root:test_Login_Page.py:878 -----test_case_032_validate_login_with_no_username_and_invalid_password-----------\nINFO     root:test_Login_Page.py:879 -----Verifying Login functionality--------\nINFO     root:test_Login_Page.py:892 -----Test case 032 is Passed---------\n\n&#34;}], &#34;testCases/test_Login_Page.py::TestCase001LoginPage::test_case_033_validate_login_with_no_username_and_password_with_spl_chars&#34;: [{&#34;extras&#34;: [], &#34;result&#34;: &#34;Passed&#34;, &#34;testId&#34;: &#34;testCases/test_Login_Page.py::TestCase001LoginPage::test_case_033_validate_login_with_no_username_and_password_with_spl_chars&#34;, &#34;duration&#34;: &#34;00:00:07&#34;, &#34;resultsTableRow&#34;: [&#34;&lt;td class=\&#34;col-result\&#34;&gt;Passed&lt;/td&gt;&#34;, &#34;&lt;td class=\&#34;col-testId\&#34;&gt;testCases/test_Login_Page.py::TestCase001LoginPage::test_case_033_validate_login_with_no_username_and_password_with_spl_chars&lt;/td&gt;&#34;, &#34;&lt;td class=\&#34;col-duration\&#34;&gt;00:00:07&lt;/td&gt;&#34;, &#34;&lt;td class=\&#34;col-links\&#34;&gt;&lt;/td&gt;&#34;], &#34;log&#34;: &#34;------------------------------ Captured log call -------------------------------\nINFO     root:test_Login_Page.py:905 -----test_case_033_validate_login_with_no_username_and_password_with_spl_chars-----------\nINFO     root:test_Login_Page.py:906 -----Verifying Login functionality--------\nINFO     root:test_Login_Page.py:919 -----Test case 033 is Passed---------\n\n&#34;}], &#34;testCases/test_Login_Page.py::TestCase001LoginPage::test_case_034_validate_login_with_no_username_and_password_with_numbers&#34;: [{&#34;extras&#34;: [], &#34;result&#34;: &#34;Passed&#34;, &#34;testId&#34;: &#34;testCases/test_Login_Page.py::TestCase001LoginPage::test_case_034_validate_login_with_no_username_and_password_with_numbers&#34;, &#34;duration&#34;: &#34;00:00:08&#34;, &#34;resultsTableRow&#34;: [&#34;&lt;td class=\&#34;col-result\&#34;&gt;Passed&lt;/td&gt;&#34;, &#34;&lt;td class=\&#34;col-testId\&#34;&gt;testCases/test_Login_Page.py::TestCase001LoginPage::test_case_034_validate_login_with_no_username_and_password_with_numbers&lt;/td&gt;&#34;, &#34;&lt;td class=\&#34;col-duration\&#34;&gt;00:00:08&lt;/td&gt;&#34;, &#34;&lt;td class=\&#34;col-links\&#34;&gt;&lt;/td&gt;&#34;], &#34;log&#34;: &#34;------------------------------ Captured log call -------------------------------\nINFO     root:test_Login_Page.py:932 -----test_case_034_validate_login_with_no_username_and_password_with_numbers-----------\nINFO     root:test_Login_Page.py:933 -----Verifying Login functionality--------\nINFO     root:test_Login_Page.py:946 -----Test case 034 is Passed---------\n\n&#34;}], &#34;testCases/test_Login_Page.py::TestCase001LoginPage::test_case_035_validate_login_with_no_username_and_password_with_space&#34;: [{&#34;extras&#34;: [], &#34;result&#34;: &#34;Passed&#34;, &#34;testId&#34;: &#34;testCases/test_Login_Page.py::TestCase001LoginPage::test_case_035_validate_login_with_no_username_and_password_with_space&#34;, &#34;duration&#34;: &#34;00:00:07&#34;, &#34;resultsTableRow&#34;: [&#34;&lt;td class=\&#34;col-result\&#34;&gt;Passed&lt;/td&gt;&#34;, &#34;&lt;td class=\&#34;col-testId\&#34;&gt;testCases/test_Login_Page.py::TestCase001LoginPage::test_case_035_validate_login_with_no_username_and_password_with_space&lt;/td&gt;&#34;, &#34;&lt;td class=\&#34;col-duration\&#34;&gt;00:00:07&lt;/td&gt;&#34;, &#34;&lt;td class=\&#34;col-links\&#34;&gt;&lt;/td&gt;&#34;], &#34;log&#34;: &#34;------------------------------ Captured log call -------------------------------\nINFO     root:test_Login_Page.py:959 -----test_case_035_validate_login_with_no_username_and_password_with_space-----------\nINFO     root:test_Login_Page.py:960 -----Verifying Login functionality--------\nINFO     root:test_Login_Page.py:973 -----Test case 035 is Passed---------\n\n&#34;}], &#34;testCases/test_Login_Page.py::TestCase001LoginPage::test_case_036_validate_login_with_no_username_and_no_password&#34;: [{&#34;extras&#34;: [], &#34;result&#34;: &#34;Passed&#34;, &#34;testId&#34;: &#34;testCases/test_Login_Page.py::TestCase001LoginPage::test_case_036_validate_login_with_no_username_and_no_password&#34;, &#34;duration&#34;: &#34;00:00:07&#34;, &#34;resultsTableRow&#34;: [&#34;&lt;td class=\&#34;col-result\&#34;&gt;Passed&lt;/td&gt;&#34;, &#34;&lt;td class=\&#34;col-testId\&#34;&gt;testCases/test_Login_Page.py::TestCase001LoginPage::test_case_036_validate_login_with_no_username_and_no_password&lt;/td&gt;&#34;, &#34;&lt;td class=\&#34;col-duration\&#34;&gt;00:00:07&lt;/td&gt;&#34;, &#34;&lt;td class=\&#34;col-links\&#34;&gt;&lt;/td&gt;&#34;], &#34;log&#34;: &#34;------------------------------ Captured log call -------------------------------\nINFO     root:test_Login_Page.py:986 -----test_case_036_validate_login_with_no_username_and_no_password-----------\nINFO     root:test_Login_Page.py:987 -----Verifying Login functionality--------\nINFO     root:test_Login_Page.py:1000 -----Test case 036 is Passed---------\n\n&#34;}], &#34;testCases/test_Login_Page.py::TestCase001LoginPage::test_case_037_validate_logout_button&#34;: [{&#34;extras&#34;: [], &#34;result&#34;: &#34;Passed&#34;, &#34;testId&#34;: &#34;testCases/test_Login_Page.py::TestCase001LoginPage::test_case_037_validate_logout_button&#34;, &#34;duration&#34;: &#34;00:00:07&#34;, &#34;resultsTableRow&#34;: [&#34;&lt;td class=\&#34;col-result\&#34;&gt;Passed&lt;/td&gt;&#34;, &#34;&lt;td class=\&#34;col-testId\&#34;&gt;testCases/test_Login_Page.py::TestCase001LoginPage::test_case_037_validate_logout_button&lt;/td&gt;&#34;, &#34;&lt;td class=\&#34;col-duration\&#34;&gt;00:00:07&lt;/td&gt;&#34;, &#34;&lt;td class=\&#34;col-links\&#34;&gt;&lt;/td&gt;&#34;], &#34;log&#34;: &#34;------------------------------ Captured log call -------------------------------\nINFO     root:test_Login_Page.py:1013 -----test_case_037_validate_logout_button-----------\nINFO     root:test_Login_Page.py:1014 -----Verifying Logout functionality--------\n\n&#34;}], &#34;testCases/test_Login_Page_DataDrivenTest.py::Test_case_001_DDT::test_case_001_login_data_driven_test&#34;: [{&#34;extras&#34;: [], &#34;result&#34;: &#34;Passed&#34;, &#34;testId&#34;: &#34;testCases/test_Login_Page_DataDrivenTest.py::Test_case_001_DDT::test_case_001_login_data_driven_test&#34;, &#34;duration&#34;: &#34;00:02:51&#34;, &#34;resultsTableRow&#34;: [&#34;&lt;td class=\&#34;col-result\&#34;&gt;Passed&lt;/td&gt;&#34;, &#34;&lt;td class=\&#34;col-testId\&#34;&gt;testCases/test_Login_Page_DataDrivenTest.py::Test_case_001_DDT::test_case_001_login_data_driven_test&lt;/td&gt;&#34;, &#34;&lt;td class=\&#34;col-duration\&#34;&gt;00:02:51&lt;/td&gt;&#34;, &#34;&lt;td class=\&#34;col-links\&#34;&gt;&lt;/td&gt;&#34;], &#34;log&#34;: &#34;------------------------------ Captured log call -------------------------------\nINFO     root:test_Login_Page_DataDrivenTest.py:31 -----test_case_001_login_data_driven_test-----\nINFO     root:test_Login_Page_DataDrivenTest.py:32 -----Verifying log in functionality-----\nINFO     root:test_Login_Page_DataDrivenTest.py:55 -----Login successful and test case Passed----\nINFO     root:test_Login_Page_DataDrivenTest.py:99 -----Login test DDT is Passed-----\n\n&#34;}], &#34;testCases/test_Sign_Up_Page.py::TestCase006SignUpPage::test_cse_001_validate_sign_up_button&#34;: [{&#34;extras&#34;: [], &#34;result&#34;: &#34;Passed&#34;, &#34;testId&#34;: &#34;testCases/test_Sign_Up_Page.py::TestCase006SignUpPage::test_cse_001_validate_sign_up_button&#34;, &#34;duration&#34;: &#34;00:00:07&#34;, &#34;resultsTableRow&#34;: [&#34;&lt;td class=\&#34;col-result\&#34;&gt;Passed&lt;/td&gt;&#34;, &#34;&lt;td class=\&#34;col-testId\&#34;&gt;testCases/test_Sign_Up_Page.py::TestCase006SignUpPage::test_cse_001_validate_sign_up_button&lt;/td&gt;&#34;, &#34;&lt;td class=\&#34;col-duration\&#34;&gt;00:00:07&lt;/td&gt;&#34;, &#34;&lt;td class=\&#34;col-links\&#34;&gt;&lt;/td&gt;&#34;], &#34;log&#34;: &#34;------------------------------ Captured log call -------------------------------\nINFO     root:test_Sign_Up_Page.py:47 -----test_cse_001_validate_sign_up_button------\nINFO     root:test_Sign_Up_Page.py:48 -----Verifying Sign Up Page------\nINFO     root:test_Sign_Up_Page.py:58 -----test case 001 is Passed------\n\n&#34;}], &#34;testCases/test_Sign_Up_Page.py::TestCase006SignUpPage::test_case_002_validate_sign_up_with_valid_username_valid_password&#34;: [{&#34;extras&#34;: [], &#34;result&#34;: &#34;Passed&#34;, &#34;testId&#34;: &#34;testCases/test_Sign_Up_Page.py::TestCase006SignUpPage::test_case_002_validate_sign_up_with_valid_username_valid_password&#34;, &#34;duration&#34;: &#34;00:00:08&#34;, &#34;resultsTableRow&#34;: [&#34;&lt;td class=\&#34;col-result\&#34;&gt;Passed&lt;/td&gt;&#34;, &#34;&lt;td class=\&#34;col-testId\&#34;&gt;testCases/test_Sign_Up_Page.py::TestCase006SignUpPage::test_case_002_validate_sign_up_with_valid_username_valid_password&lt;/td&gt;&#34;, &#34;&lt;td class=\&#34;col-duration\&#34;&gt;00:00:08&lt;/td&gt;&#34;, &#34;&lt;td class=\&#34;col-links\&#34;&gt;&lt;/td&gt;&#34;], &#34;log&#34;: &#34;------------------------------ Captured log call -------------------------------\nINFO     root:test_Sign_Up_Page.py:79 -----test_case_002_validate_sign_up_with_valid_username_valid_password------\nINFO     root:test_Sign_Up_Page.py:80 -----Verifying Sign Up Page------\nINFO     root:test_Sign_Up_Page.py:93 --------test case 002 is Passed---------\n\n&#34;}], &#34;testCases/test_Sign_Up_Page.py::TestCase006SignUpPage::test_case_003_validate_sign_up_with_invalid_username_invalid_password&#34;: [{&#34;extras&#34;: [], &#34;result&#34;: &#34;Passed&#34;, &#34;testId&#34;: &#34;testCases/test_Sign_Up_Page.py::TestCase006SignUpPage::test_case_003_validate_sign_up_with_invalid_username_invalid_password&#34;, &#34;duration&#34;: &#34;00:00:08&#34;, &#34;resultsTableRow&#34;: [&#34;&lt;td class=\&#34;col-result\&#34;&gt;Passed&lt;/td&gt;&#34;, &#34;&lt;td class=\&#34;col-testId\&#34;&gt;testCases/test_Sign_Up_Page.py::TestCase006SignUpPage::test_case_003_validate_sign_up_with_invalid_username_invalid_password&lt;/td&gt;&#34;, &#34;&lt;td class=\&#34;col-duration\&#34;&gt;00:00:08&lt;/td&gt;&#34;, &#34;&lt;td class=\&#34;col-links\&#34;&gt;&lt;/td&gt;&#34;], &#34;log&#34;: &#34;------------------------------ Captured log call -------------------------------\nINFO     root:test_Sign_Up_Page.py:109 -----test_case_003_validate_sign_up_with_invalid_username_invalid_password------\nINFO     root:test_Sign_Up_Page.py:110 -----Verifying Sign Up Page------\nINFO     root:test_Sign_Up_Page.py:122 --------test case 003 is Passed---------\n\n&#34;}], &#34;testCases/test_Sign_Up_Page.py::TestCase006SignUpPage::test_case_004_validate_sign_up_username_with_space_and_password_with_space&#34;: [{&#34;extras&#34;: [], &#34;result&#34;: &#34;Failed&#34;, &#34;testId&#34;: &#34;testCases/test_Sign_Up_Page.py::TestCase006SignUpPage::test_case_004_validate_sign_up_username_with_space_and_password_with_space&#34;, &#34;duration&#34;: &#34;00:00:14&#34;, &#34;resultsTableRow&#34;: [&#34;&lt;td class=\&#34;col-result\&#34;&gt;Failed&lt;/td&gt;&#34;, &#34;&lt;td class=\&#34;col-testId\&#34;&gt;testCases/test_Sign_Up_Page.py::TestCase006SignUpPage::test_case_004_validate_sign_up_username_with_space_and_password_with_space&lt;/td&gt;&#34;, &#34;&lt;td class=\&#34;col-duration\&#34;&gt;00:00:14&lt;/td&gt;&#34;, &#34;&lt;td class=\&#34;col-links\&#34;&gt;&lt;/td&gt;&#34;], &#34;log&#34;: &#34;self = &amp;lt;testCases.test_Sign_Up_Page.TestCase006SignUpPage object at 0x0000027EAD719B80&amp;gt;\nsetup_and_teardown = &amp;lt;selenium.webdriver.chrome.webdriver.WebDriver (session=&amp;quot;326cc9fec3b3f4f15d2899f6a3350c9f&amp;quot;)&amp;gt;\n\n    @pytest.mark.regression\n    @pytest.mark.sanity\n    def test_case_004_validate_sign_up_username_with_space_and_password_with_space(self, setup_and_teardown):\n        self.logger.info(&amp;quot;-----test_case_004_validate_sign_up_username_with_space_and_password_with_space------&amp;quot;)\n        self.logger.info(&amp;quot;-----Verifying Sign Up Page------&amp;quot;)\n        self.driver = setup_and_teardown\n        self.sg_page = Sign_Up_Page(self.driver)\n        self.sg_page.set_sign_up_username_and_password(self.username_with_space, self.password_with_space)\n        WebDriverWait(self.driver, 10).until(EC.alert_is_present())\n        act_text = self.driver.switch_to.alert\n        actual_message = act_text.text\n        print(actual_message)\n        self.driver.switch_to.alert.accept()\n        expected_message = &amp;quot;Sign up successful.&amp;quot;\n        try:\n            if actual_message != expected_message:\n                self.logger.info(&amp;quot;--------test case 004 is Passed---------&amp;quot;)\n                assert True\n            else:\n                time.sleep(5)\n                self.driver.save_screenshot(&amp;quot;.\\\\ScreenShots\\\\Sign_Up_Page\\\\&amp;quot; + &amp;quot;test_case_004.png&amp;quot;)\n                self.logger.error(&amp;quot;--------test case 004 is Failed--------&amp;quot;)\n&amp;gt;               assert False\nE               assert False\n\ntestCases\\test_Sign_Up_Page.py:157: AssertionError\n\nDuring handling of the above exception, another exception occurred:\n\nself = &amp;lt;testCases.test_Sign_Up_Page.TestCase006SignUpPage object at 0x0000027EAD719B80&amp;gt;\nsetup_and_teardown = &amp;lt;selenium.webdriver.chrome.webdriver.WebDriver (session=&amp;quot;326cc9fec3b3f4f15d2899f6a3350c9f&amp;quot;)&amp;gt;\n\n    @pytest.mark.regression\n    @pytest.mark.sanity\n    def test_case_004_validate_sign_up_username_with_space_and_password_with_space(self, setup_and_teardown):\n        self.logger.info(&amp;quot;-----test_case_004_validate_sign_up_username_with_space_and_password_with_space------&amp;quot;)\n        self.logger.info(&amp;quot;-----Verifying Sign Up Page------&amp;quot;)\n        self.driver = setup_and_teardown\n        self.sg_page = Sign_Up_Page(self.driver)\n        self.sg_page.set_sign_up_username_and_password(self.username_with_space, self.password_with_space)\n        WebDriverWait(self.driver, 10).until(EC.alert_is_present())\n        act_text = self.driver.switch_to.alert\n        actual_message = act_text.text\n        print(actual_message)\n        self.driver.switch_to.alert.accept()\n        expected_message = &amp;quot;Sign up successful.&amp;quot;\n        try:\n            if actual_message != expected_message:\n                self.logger.info(&amp;quot;--------test case 004 is Passed---------&amp;quot;)\n                assert True\n            else:\n                time.sleep(5)\n                self.driver.save_screenshot(&amp;quot;.\\\\ScreenShots\\\\Sign_Up_Page\\\\&amp;quot; + &amp;quot;test_case_004.png&amp;quot;)\n                self.logger.error(&amp;quot;--------test case 004 is Failed--------&amp;quot;)\n                assert False\n        except Exception as e:\n            print(e)\n            self.driver.save_screenshot(&amp;quot;.\\\\ScreenShots\\\\Sign_Up_Page\\\\&amp;quot; + &amp;quot;test_case_004.png&amp;quot;)\n            self.logger.error(&amp;quot;--------Sign up username with space and password with space is Failed---------&amp;quot;)\n&amp;gt;           assert False\nE           assert False\n\ntestCases\\test_Sign_Up_Page.py:162: AssertionError\n\n------------------------------ Captured log call -------------------------------\nINFO     root:test_Sign_Up_Page.py:138 -----test_case_004_validate_sign_up_username_with_space_and_password_with_space------\nINFO     root:test_Sign_Up_Page.py:139 -----Verifying Sign Up Page------\nERROR    root:test_Sign_Up_Page.py:156 --------test case 004 is Failed--------\nERROR    root:test_Sign_Up_Page.py:161 --------Sign up username with space and password with space is Failed---------\n\n&#34;}], &#34;testCases/test_Sign_Up_Page.py::TestCase006SignUpPage::test_case_005_validate_sign_up_username_with_spl_chars_and_password_with_spl_chars&#34;: [{&#34;extras&#34;: [], &#34;result&#34;: &#34;Passed&#34;, &#34;testId&#34;: &#34;testCases/test_Sign_Up_Page.py::TestCase006SignUpPage::test_case_005_validate_sign_up_username_with_spl_chars_and_password_with_spl_chars&#34;, &#34;duration&#34;: &#34;00:00:08&#34;, &#34;resultsTableRow&#34;: [&#34;&lt;td class=\&#34;col-result\&#34;&gt;Passed&lt;/td&gt;&#34;, &#34;&lt;td class=\&#34;col-testId\&#34;&gt;testCases/test_Sign_Up_Page.py::TestCase006SignUpPage::test_case_005_validate_sign_up_username_with_spl_chars_and_password_with_spl_chars&lt;/td&gt;&#34;, &#34;&lt;td class=\&#34;col-duration\&#34;&gt;00:00:08&lt;/td&gt;&#34;, &#34;&lt;td class=\&#34;col-links\&#34;&gt;&lt;/td&gt;&#34;], &#34;log&#34;: &#34;------------------------------ Captured log call -------------------------------\nINFO     root:test_Sign_Up_Page.py:167 -----test_case_005_validate_sign_up_username_with_spl_chars_and_password_with_spl_chars----\nINFO     root:test_Sign_Up_Page.py:168 -----Verifying Sign Up Page------\nINFO     root:test_Sign_Up_Page.py:180 --------test case 005 is Passed---------\n\n&#34;}], &#34;testCases/test_Sign_Up_Page.py::TestCase006SignUpPage::test_case_006_validate_sign_up_username_with_numbers_and_password_with_numbers&#34;: [{&#34;extras&#34;: [], &#34;result&#34;: &#34;Passed&#34;, &#34;testId&#34;: &#34;testCases/test_Sign_Up_Page.py::TestCase006SignUpPage::test_case_006_validate_sign_up_username_with_numbers_and_password_with_numbers&#34;, &#34;duration&#34;: &#34;00:00:08&#34;, &#34;resultsTableRow&#34;: [&#34;&lt;td class=\&#34;col-result\&#34;&gt;Passed&lt;/td&gt;&#34;, &#34;&lt;td class=\&#34;col-testId\&#34;&gt;testCases/test_Sign_Up_Page.py::TestCase006SignUpPage::test_case_006_validate_sign_up_username_with_numbers_and_password_with_numbers&lt;/td&gt;&#34;, &#34;&lt;td class=\&#34;col-duration\&#34;&gt;00:00:08&lt;/td&gt;&#34;, &#34;&lt;td class=\&#34;col-links\&#34;&gt;&lt;/td&gt;&#34;], &#34;log&#34;: &#34;------------------------------ Captured log call -------------------------------\nINFO     root:test_Sign_Up_Page.py:197 -----test_case_006_validate_sign_up_username_with_numbers_and_password_with_numbers------\nINFO     root:test_Sign_Up_Page.py:198 -----Verifying Sign Up Page------\nINFO     root:test_Sign_Up_Page.py:210 --------test case 006 is Passed---------\n\n&#34;}], &#34;testCases/test_Sign_Up_Page.py::TestCase006SignUpPage::test_case_007_validate_sign_up_with_no_username_and_no_password&#34;: [{&#34;extras&#34;: [], &#34;result&#34;: &#34;Passed&#34;, &#34;testId&#34;: &#34;testCases/test_Sign_Up_Page.py::TestCase006SignUpPage::test_case_007_validate_sign_up_with_no_username_and_no_password&#34;, &#34;duration&#34;: &#34;00:00:07&#34;, &#34;resultsTableRow&#34;: [&#34;&lt;td class=\&#34;col-result\&#34;&gt;Passed&lt;/td&gt;&#34;, &#34;&lt;td class=\&#34;col-testId\&#34;&gt;testCases/test_Sign_Up_Page.py::TestCase006SignUpPage::test_case_007_validate_sign_up_with_no_username_and_no_password&lt;/td&gt;&#34;, &#34;&lt;td class=\&#34;col-duration\&#34;&gt;00:00:07&lt;/td&gt;&#34;, &#34;&lt;td class=\&#34;col-links\&#34;&gt;&lt;/td&gt;&#34;], &#34;log&#34;: &#34;------------------------------ Captured log call -------------------------------\nINFO     root:test_Sign_Up_Page.py:226 -----test_case_007_validate_sign_up_with_no_username_and_no_password------\nINFO     root:test_Sign_Up_Page.py:227 -----Verifying Sign Up Page------\nINFO     root:test_Sign_Up_Page.py:239 --------test case 007 is Passed---------\n\n&#34;}], &#34;testCases/test_Sign_Up_Page.py::TestCase006SignUpPage::test_cse_008_validate_clicking_on_sign_up_close_button&#34;: [{&#34;extras&#34;: [], &#34;result&#34;: &#34;Passed&#34;, &#34;testId&#34;: &#34;testCases/test_Sign_Up_Page.py::TestCase006SignUpPage::test_cse_008_validate_clicking_on_sign_up_close_button&#34;, &#34;duration&#34;: &#34;00:00:06&#34;, &#34;resultsTableRow&#34;: [&#34;&lt;td class=\&#34;col-result\&#34;&gt;Passed&lt;/td&gt;&#34;, &#34;&lt;td class=\&#34;col-testId\&#34;&gt;testCases/test_Sign_Up_Page.py::TestCase006SignUpPage::test_cse_008_validate_clicking_on_sign_up_close_button&lt;/td&gt;&#34;, &#34;&lt;td class=\&#34;col-duration\&#34;&gt;00:00:06&lt;/td&gt;&#34;, &#34;&lt;td class=\&#34;col-links\&#34;&gt;&lt;/td&gt;&#34;], &#34;log&#34;: &#34;------------------------------ Captured log call -------------------------------\nINFO     root:test_Sign_Up_Page.py:255 -----test_cse_008_validate_clicking_on_sign_up_close_button------\nINFO     root:test_Sign_Up_Page.py:256 -----Verifying Sign Up Page------\nINFO     root:test_Sign_Up_Page.py:264 --------test case 008 is Passed---------\n\n&#34;}], &#34;testCases/test_Sign_Up_Page.py::TestCase006SignUpPage::test_cse_009_validate_clicking_on_sign_up_x_mark&#34;: [{&#34;extras&#34;: [], &#34;result&#34;: &#34;Passed&#34;, &#34;testId&#34;: &#34;testCases/test_Sign_Up_Page.py::TestCase006SignUpPage::test_cse_009_validate_clicking_on_sign_up_x_mark&#34;, &#34;duration&#34;: &#34;00:00:06&#34;, &#34;resultsTableRow&#34;: [&#34;&lt;td class=\&#34;col-result\&#34;&gt;Passed&lt;/td&gt;&#34;, &#34;&lt;td class=\&#34;col-testId\&#34;&gt;testCases/test_Sign_Up_Page.py::TestCase006SignUpPage::test_cse_009_validate_clicking_on_sign_up_x_mark&lt;/td&gt;&#34;, &#34;&lt;td class=\&#34;col-duration\&#34;&gt;00:00:06&lt;/td&gt;&#34;, &#34;&lt;td class=\&#34;col-links\&#34;&gt;&lt;/td&gt;&#34;], &#34;log&#34;: &#34;------------------------------ Captured log call -------------------------------\nINFO     root:test_Sign_Up_Page.py:280 -----test_cse_009_validate_clicking_on_sign_up_x_mark------\nINFO     root:test_Sign_Up_Page.py:281 -----Verifying Sign Up Page------\nINFO     root:test_Sign_Up_Page.py:289 --------test case 009 is Passed---------\n\n&#34;}]}, &#34;renderCollapsed&#34;: [&#34;passed&#34;], &#34;initialSort&#34;: &#34;result&#34;, &#34;title&#34;: &#34;New_changes.html&#34;}"></div>
    <script>
      (function(){function r(e,n,t){function o(i,f){if(!n[i]){if(!e[i]){var c="function"==typeof require&&require;if(!f&&c)return c(i,!0);if(u)return u(i,!0);var a=new Error("Cannot find module '"+i+"'");throw a.code="MODULE_NOT_FOUND",a}var p=n[i]={exports:{}};e[i][0].call(p.exports,function(r){var n=e[i][1][r];return o(n||r)},p,p.exports,r,e,n,t)}return n[i].exports}for(var u="function"==typeof require&&require,i=0;i<t.length;i++)o(t[i]);return o}return r})()({1:[function(require,module,exports){
const { getCollapsedCategory, setCollapsedIds } = require('./storage.js')

class DataManager {
    setManager(data) {
        const collapsedCategories = [...getCollapsedCategory(data.renderCollapsed)]
        const collapsedIds = []
        const tests = Object.values(data.tests).flat().map((test, index) => {
            const collapsed = collapsedCategories.includes(test.result.toLowerCase())
            const id = `test_${index}`
            if (collapsed) {
                collapsedIds.push(id)
            }
            return {
                ...test,
                id,
                collapsed,
            }
        })
        const dataBlob = { ...data, tests }
        this.data = { ...dataBlob }
        this.renderData = { ...dataBlob }
        setCollapsedIds(collapsedIds)
    }

    get allData() {
        return { ...this.data }
    }

    resetRender() {
        this.renderData = { ...this.data }
    }

    setRender(data) {
        this.renderData.tests = [...data]
    }

    toggleCollapsedItem(id) {
        this.renderData.tests = this.renderData.tests.map((test) =>
            test.id === id ? { ...test, collapsed: !test.collapsed } : test,
        )
    }

    set allCollapsed(collapsed) {
        this.renderData = { ...this.renderData, tests: [...this.renderData.tests.map((test) => (
            { ...test, collapsed }
        ))] }
    }

    get testSubset() {
        return [...this.renderData.tests]
    }

    get environment() {
        return this.renderData.environment
    }

    get initialSort() {
        return this.data.initialSort
    }
}

module.exports = {
    manager: new DataManager(),
}

},{"./storage.js":8}],2:[function(require,module,exports){
const mediaViewer = require('./mediaviewer.js')
const templateEnvRow = document.getElementById('template_environment_row')
const templateResult = document.getElementById('template_results-table__tbody')

function htmlToElements(html) {
    const temp = document.createElement('template')
    temp.innerHTML = html
    return temp.content.childNodes
}

const find = (selector, elem) => {
    if (!elem) {
        elem = document
    }
    return elem.querySelector(selector)
}

const findAll = (selector, elem) => {
    if (!elem) {
        elem = document
    }
    return [...elem.querySelectorAll(selector)]
}

const dom = {
    getStaticRow: (key, value) => {
        const envRow = templateEnvRow.content.cloneNode(true)
        const isObj = typeof value === 'object' && value !== null
        const values = isObj ? Object.keys(value).map((k) => `${k}: ${value[k]}`) : null

        const valuesElement = htmlToElements(
            values ? `<ul>${values.map((val) => `<li>${val}</li>`).join('')}<ul>` : `<div>${value}</div>`)[0]
        const td = findAll('td', envRow)
        td[0].textContent = key
        td[1].appendChild(valuesElement)

        return envRow
    },
    getResultTBody: ({ testId, id, log, extras, resultsTableRow, tableHtml, result, collapsed }) => {
        const resultBody = templateResult.content.cloneNode(true)
        resultBody.querySelector('tbody').classList.add(result.toLowerCase())
        resultBody.querySelector('tbody').id = testId
        resultBody.querySelector('.collapsible').dataset.id = id

        resultsTableRow.forEach((html) => {
            const t = document.createElement('template')
            t.innerHTML = html
            resultBody.querySelector('.collapsible').appendChild(t.content)
        })

        if (log) {
            // Wrap lines starting with "E" with span.error to color those lines red
            const wrappedLog = log.replace(/^E.*$/gm, (match) => `<span class="error">${match}</span>`)
            resultBody.querySelector('.log').innerHTML = wrappedLog
        } else {
            resultBody.querySelector('.log').remove()
        }

        if (collapsed) {
            resultBody.querySelector('.collapsible > td')?.classList.add('collapsed')
            resultBody.querySelector('.extras-row').classList.add('hidden')
        } else {
            resultBody.querySelector('.collapsible > td')?.classList.remove('collapsed')
        }

        const media = []
        extras?.forEach(({ name, format_type, content }) => {
            if (['image', 'video'].includes(format_type)) {
                media.push({ path: content, name, format_type })
            }

            if (format_type === 'html') {
                resultBody.querySelector('.extraHTML').insertAdjacentHTML('beforeend', `<div>${content}</div>`)
            }
        })
        mediaViewer.setup(resultBody, media)

        // Add custom html from the pytest_html_results_table_html hook
        tableHtml?.forEach((item) => {
            resultBody.querySelector('td[class="extra"]').insertAdjacentHTML('beforeend', item)
        })

        return resultBody
    },
}

module.exports = {
    dom,
    htmlToElements,
    find,
    findAll,
}

},{"./mediaviewer.js":6}],3:[function(require,module,exports){
const { manager } = require('./datamanager.js')
const { doSort } = require('./sort.js')
const storageModule = require('./storage.js')

const getFilteredSubSet = (filter) =>
    manager.allData.tests.filter(({ result }) => filter.includes(result.toLowerCase()))

const doInitFilter = () => {
    const currentFilter = storageModule.getVisible()
    const filteredSubset = getFilteredSubSet(currentFilter)
    manager.setRender(filteredSubset)
}

const doFilter = (type, show) => {
    if (show) {
        storageModule.showCategory(type)
    } else {
        storageModule.hideCategory(type)
    }

    const currentFilter = storageModule.getVisible()
    const filteredSubset = getFilteredSubSet(currentFilter)
    manager.setRender(filteredSubset)

    const sortColumn = storageModule.getSort()
    doSort(sortColumn, true)
}

module.exports = {
    doFilter,
    doInitFilter,
}

},{"./datamanager.js":1,"./sort.js":7,"./storage.js":8}],4:[function(require,module,exports){
const { redraw, bindEvents, renderStatic } = require('./main.js')
const { doInitFilter } = require('./filter.js')
const { doInitSort } = require('./sort.js')
const { manager } = require('./datamanager.js')
const data = JSON.parse(document.getElementById('data-container').dataset.jsonblob)

function init() {
    manager.setManager(data)
    doInitFilter()
    doInitSort()
    renderStatic()
    redraw()
    bindEvents()
}

init()

},{"./datamanager.js":1,"./filter.js":3,"./main.js":5,"./sort.js":7}],5:[function(require,module,exports){
const { dom, find, findAll } = require('./dom.js')
const { manager } = require('./datamanager.js')
const { doSort } = require('./sort.js')
const { doFilter } = require('./filter.js')
const {
    getVisible,
    getCollapsedIds,
    setCollapsedIds,
    getSort,
    getSortDirection,
    possibleFilters,
} = require('./storage.js')

const removeChildren = (node) => {
    while (node.firstChild) {
        node.removeChild(node.firstChild)
    }
}

const renderStatic = () => {
    const renderEnvironmentTable = () => {
        const environment = manager.environment
        const rows = Object.keys(environment).map((key) => dom.getStaticRow(key, environment[key]))
        const table = document.getElementById('environment')
        removeChildren(table)
        rows.forEach((row) => table.appendChild(row))
    }
    renderEnvironmentTable()
}

const addItemToggleListener = (elem) => {
    elem.addEventListener('click', ({ target }) => {
        const id = target.parentElement.dataset.id
        manager.toggleCollapsedItem(id)

        const collapsedIds = getCollapsedIds()
        if (collapsedIds.includes(id)) {
            const updated = collapsedIds.filter((item) => item !== id)
            setCollapsedIds(updated)
        } else {
            collapsedIds.push(id)
            setCollapsedIds(collapsedIds)
        }
        redraw()
    })
}

const renderContent = (tests) => {
    const sortAttr = getSort(manager.initialSort)
    const sortAsc = JSON.parse(getSortDirection())
    const rows = tests.map(dom.getResultTBody)
    const table = document.getElementById('results-table')
    const tableHeader = document.getElementById('results-table-head')

    const newTable = document.createElement('table')
    newTable.id = 'results-table'

    // remove all sorting classes and set the relevant
    findAll('.sortable', tableHeader).forEach((elem) => elem.classList.remove('asc', 'desc'))
    tableHeader.querySelector(`.sortable[data-column-type="${sortAttr}"]`)?.classList.add(sortAsc ? 'desc' : 'asc')
    newTable.appendChild(tableHeader)

    if (!rows.length) {
        const emptyTable = document.getElementById('template_results-table__body--empty').content.cloneNode(true)
        newTable.appendChild(emptyTable)
    } else {
        rows.forEach((row) => {
            if (!!row) {
                findAll('.collapsible td:not(.col-links', row).forEach(addItemToggleListener)
                find('.logexpander', row).addEventListener('click',
                    (evt) => evt.target.parentNode.classList.toggle('expanded'),
                )
                newTable.appendChild(row)
            }
        })
    }

    table.replaceWith(newTable)
}

const renderDerived = () => {
    const currentFilter = getVisible()
    possibleFilters.forEach((result) => {
        const input = document.querySelector(`input[data-test-result="${result}"]`)
        input.checked = currentFilter.includes(result)
    })
}

const bindEvents = () => {
    const filterColumn = (evt) => {
        const { target: element } = evt
        const { testResult } = element.dataset

        doFilter(testResult, element.checked)
        const collapsedIds = getCollapsedIds()
        const updated = manager.renderData.tests.map((test) => {
            return {
                ...test,
                collapsed: collapsedIds.includes(test.id),
            }
        })
        manager.setRender(updated)
        redraw()
    }

    const header = document.getElementById('environment-header')
    header.addEventListener('click', () => {
        const table = document.getElementById('environment')
        table.classList.toggle('hidden')
        header.classList.toggle('collapsed')
    })

    findAll('input[name="filter_checkbox"]').forEach((elem) => {
        elem.addEventListener('click', filterColumn)
    })

    findAll('.sortable').forEach((elem) => {
        elem.addEventListener('click', (evt) => {
            const { target: element } = evt
            const { columnType } = element.dataset
            doSort(columnType)
            redraw()
        })
    })

    document.getElementById('show_all_details').addEventListener('click', () => {
        manager.allCollapsed = false
        setCollapsedIds([])
        redraw()
    })
    document.getElementById('hide_all_details').addEventListener('click', () => {
        manager.allCollapsed = true
        const allIds = manager.renderData.tests.map((test) => test.id)
        setCollapsedIds(allIds)
        redraw()
    })
}

const redraw = () => {
    const { testSubset } = manager

    renderContent(testSubset)
    renderDerived()
}

module.exports = {
    redraw,
    bindEvents,
    renderStatic,
}

},{"./datamanager.js":1,"./dom.js":2,"./filter.js":3,"./sort.js":7,"./storage.js":8}],6:[function(require,module,exports){
class MediaViewer {
    constructor(assets) {
        this.assets = assets
        this.index = 0
    }

    nextActive() {
        this.index = this.index === this.assets.length - 1 ? 0 : this.index + 1
        return [this.activeFile, this.index]
    }

    prevActive() {
        this.index = this.index === 0 ? this.assets.length - 1 : this.index -1
        return [this.activeFile, this.index]
    }

    get currentIndex() {
        return this.index
    }

    get activeFile() {
        return this.assets[this.index]
    }
}


const setup = (resultBody, assets) => {
    if (!assets.length) {
        resultBody.querySelector('.media').classList.add('hidden')
        return
    }

    const mediaViewer = new MediaViewer(assets)
    const container = resultBody.querySelector('.media-container')
    const leftArrow = resultBody.querySelector('.media-container__nav--left')
    const rightArrow = resultBody.querySelector('.media-container__nav--right')
    const mediaName = resultBody.querySelector('.media__name')
    const counter = resultBody.querySelector('.media__counter')
    const imageEl = resultBody.querySelector('img')
    const sourceEl = resultBody.querySelector('source')
    const videoEl = resultBody.querySelector('video')

    const setImg = (media, index) => {
        if (media?.format_type === 'image') {
            imageEl.src = media.path

            imageEl.classList.remove('hidden')
            videoEl.classList.add('hidden')
        } else if (media?.format_type === 'video') {
            sourceEl.src = media.path

            videoEl.classList.remove('hidden')
            imageEl.classList.add('hidden')
        }

        mediaName.innerText = media?.name
        counter.innerText = `${index + 1} / ${assets.length}`
    }
    setImg(mediaViewer.activeFile, mediaViewer.currentIndex)

    const moveLeft = () => {
        const [media, index] = mediaViewer.prevActive()
        setImg(media, index)
    }
    const doRight = () => {
        const [media, index] = mediaViewer.nextActive()
        setImg(media, index)
    }
    const openImg = () => {
        window.open(mediaViewer.activeFile.path, '_blank')
    }
    if (assets.length === 1) {
        container.classList.add('media-container--fullscreen')
    } else {
        leftArrow.addEventListener('click', moveLeft)
        rightArrow.addEventListener('click', doRight)
    }
    imageEl.addEventListener('click', openImg)
}

module.exports = {
    setup,
}

},{}],7:[function(require,module,exports){
const { manager } = require('./datamanager.js')
const storageModule = require('./storage.js')

const genericSort = (list, key, ascending, customOrder) => {
    let sorted
    if (customOrder) {
        sorted = list.sort((a, b) => {
            const aValue = a.result.toLowerCase()
            const bValue = b.result.toLowerCase()

            const aIndex = customOrder.findIndex((item) => item.toLowerCase() === aValue)
            const bIndex = customOrder.findIndex((item) => item.toLowerCase() === bValue)

            // Compare the indices to determine the sort order
            return aIndex - bIndex
        })
    } else {
        sorted = list.sort((a, b) => a[key] === b[key] ? 0 : a[key] > b[key] ? 1 : -1)
    }

    if (ascending) {
        sorted.reverse()
    }
    return sorted
}

const durationSort = (list, ascending) => {
    const parseDuration = (duration) => {
        if (duration.includes(':')) {
            // If it's in the format "HH:mm:ss"
            const [hours, minutes, seconds] = duration.split(':').map(Number)
            return (hours * 3600 + minutes * 60 + seconds) * 1000
        } else {
            // If it's in the format "nnn ms"
            return parseInt(duration)
        }
    }
    const sorted = list.sort((a, b) => parseDuration(a['duration']) - parseDuration(b['duration']))
    if (ascending) {
        sorted.reverse()
    }
    return sorted
}

const doInitSort = () => {
    const type = storageModule.getSort(manager.initialSort)
    const ascending = storageModule.getSortDirection()
    const list = manager.testSubset
    const initialOrder = ['Error', 'Failed', 'Rerun', 'XFailed', 'XPassed', 'Skipped', 'Passed']

    storageModule.setSort(type)
    storageModule.setSortDirection(ascending)

    if (type?.toLowerCase() === 'original') {
        manager.setRender(list)
    } else {
        let sortedList
        switch (type) {
        case 'duration':
            sortedList = durationSort(list, ascending)
            break
        case 'result':
            sortedList = genericSort(list, type, ascending, initialOrder)
            break
        default:
            sortedList = genericSort(list, type, ascending)
            break
        }
        manager.setRender(sortedList)
    }
}

const doSort = (type, skipDirection) => {
    const newSortType = storageModule.getSort(manager.initialSort) !== type
    const currentAsc = storageModule.getSortDirection()
    let ascending
    if (skipDirection) {
        ascending = currentAsc
    } else {
        ascending = newSortType ? false : !currentAsc
    }
    storageModule.setSort(type)
    storageModule.setSortDirection(ascending)

    const list = manager.testSubset
    const sortedList = type === 'duration' ? durationSort(list, ascending) : genericSort(list, type, ascending)
    manager.setRender(sortedList)
}

module.exports = {
    doInitSort,
    doSort,
}

},{"./datamanager.js":1,"./storage.js":8}],8:[function(require,module,exports){
const possibleFilters = [
    'passed',
    'skipped',
    'failed',
    'error',
    'xfailed',
    'xpassed',
    'rerun',
]

const getVisible = () => {
    const url = new URL(window.location.href)
    const settings = new URLSearchParams(url.search).get('visible')
    const lower = (item) => {
        const lowerItem = item.toLowerCase()
        if (possibleFilters.includes(lowerItem)) {
            return lowerItem
        }
        return null
    }
    return settings === null ?
        possibleFilters :
        [...new Set(settings?.split(',').map(lower).filter((item) => item))]
}

const hideCategory = (categoryToHide) => {
    const url = new URL(window.location.href)
    const visibleParams = new URLSearchParams(url.search).get('visible')
    const currentVisible = visibleParams ? visibleParams.split(',') : [...possibleFilters]
    const settings = [...new Set(currentVisible)].filter((f) => f !== categoryToHide).join(',')

    url.searchParams.set('visible', settings)
    window.history.pushState({}, null, unescape(url.href))
}

const showCategory = (categoryToShow) => {
    if (typeof window === 'undefined') {
        return
    }
    const url = new URL(window.location.href)
    const currentVisible = new URLSearchParams(url.search).get('visible')?.split(',').filter(Boolean) ||
        [...possibleFilters]
    const settings = [...new Set([categoryToShow, ...currentVisible])]
    const noFilter = possibleFilters.length === settings.length || !settings.length

    noFilter ? url.searchParams.delete('visible') : url.searchParams.set('visible', settings.join(','))
    window.history.pushState({}, null, unescape(url.href))
}

const getSort = (initialSort) => {
    const url = new URL(window.location.href)
    let sort = new URLSearchParams(url.search).get('sort')
    if (!sort) {
        sort = initialSort || 'result'
    }
    return sort
}

const setSort = (type) => {
    const url = new URL(window.location.href)
    url.searchParams.set('sort', type)
    window.history.pushState({}, null, unescape(url.href))
}

const getCollapsedCategory = (renderCollapsed) => {
    let categories
    if (typeof window !== 'undefined') {
        const url = new URL(window.location.href)
        const collapsedItems = new URLSearchParams(url.search).get('collapsed')
        switch (true) {
        case !renderCollapsed && collapsedItems === null:
            categories = ['passed']
            break
        case collapsedItems?.length === 0 || /^["']{2}$/.test(collapsedItems):
            categories = []
            break
        case /^all$/.test(collapsedItems) || collapsedItems === null && /^all$/.test(renderCollapsed):
            categories = [...possibleFilters]
            break
        default:
            categories = collapsedItems?.split(',').map((item) => item.toLowerCase()) || renderCollapsed
            break
        }
    } else {
        categories = []
    }
    return categories
}

const getSortDirection = () => JSON.parse(sessionStorage.getItem('sortAsc')) || false
const setSortDirection = (ascending) => sessionStorage.setItem('sortAsc', ascending)

const getCollapsedIds = () => JSON.parse(sessionStorage.getItem('collapsedIds')) || []
const setCollapsedIds = (list) => sessionStorage.setItem('collapsedIds', JSON.stringify(list))

module.exports = {
    getVisible,
    hideCategory,
    showCategory,
    getCollapsedIds,
    setCollapsedIds,
    getSort,
    setSort,
    getSortDirection,
    setSortDirection,
    getCollapsedCategory,
    possibleFilters,
}

},{}]},{},[4]);
    </script>
  </footer>
</html>